<html>
<head>
<title>TestNG:  Vikram</title>
<link href="../testng.css" rel="stylesheet" type="text/css" />
<link href="../my-testng.css" rel="stylesheet" type="text/css" />

<style type="text/css">
.log { display: none;} 
.stack-trace { display: none;} 
</style>
<script type="text/javascript">
<!--
function flip(e) {
  current = e.style.display;
  if (current == 'block') {
    e.style.display = 'none';
    return 0;
  }
  else {
    e.style.display = 'block';
    return 1;
  }
}

function toggleBox(szDivId, elem, msg1, msg2)
{
  var res = -1;  if (document.getElementById) {
    res = flip(document.getElementById(szDivId));
  }
  else if (document.all) {
    // this is the way old msie versions work
    res = flip(document.all[szDivId]);
  }
  if(elem) {
    if(res == 0) elem.innerHTML = msg1; else elem.innerHTML = msg2;
  }

}

function toggleAllBoxes() {
  if (document.getElementsByTagName) {
    d = document.getElementsByTagName('div');
    for (i = 0; i < d.length; i++) {
      if (d[i].className == 'log') {
        flip(d[i]);
      }
    }
  }
}

// -->
</script>

</head>
<body>
<h2 align='center'>Vikram</h2><table border='1' align="center">
<tr>
<td>Tests passed/Failed/Skipped:</td><td>37/31/0</td>
</tr><tr>
<td>Started on:</td><td>Fri May 01 15:52:46 IST 2020</td>
</tr>
<tr><td>Total time:</td><td>3260 seconds (3260504 ms)</td>
</tr><tr>
<td>Included groups:</td><td></td>
</tr><tr>
<td>Excluded groups:</td><td></td>
</tr>
</table><p/>
<small><i>(Hover the method name to see the test class name)</i></small><p/>
<table width='100%' border='1' class='invocation-failed'>
<tr><td colspan='4' align='center'><b>FAILED TESTS</b></td></tr>
<tr><td><b>Test method</b></td>
<td width="30%"><b>Exception</b></td>
<td width="10%"><b>Time (seconds)</b></td>
<td><b>Instance</b></td>
</tr>
<tr>
<td title='testcases.paycreditcard.TC22PayCreditCardNoAccountstoSelectWhilePayingCreditCard.NoAccountstoSelectWhilePayingCreditCard()'><b>NoAccountstoSelectWhilePayingCreditCard</b><br>Test class: testcases.paycreditcard.TC22PayCreditCardNoAccountstoSelectWhilePayingCreditCard</td>
<td><div><pre>java.lang.RuntimeException: FAILED
	at utils.Reporter.reportStep(Reporter.java:29)
	at wrappers.GenericWrappers.verifyTextByXpath(GenericWrappers.java:474)
	at pages.PayCreditCardPage.verifyWelcomeUserName(PayCreditCardPage.java:52)
	at testcases.paycreditcard.TC22PayCreditCardNoAccountstoSelectWhilePayingCreditCard.NoAccountstoSelectWhilePayingCreditCard(TC22PayCreditCardNoAccountstoSelectWhilePayingCreditCard.java:43)
	at java.util.ArrayList.forEach(Unknown Source)
... Removed 27 stack frames</pre></div><a href='#' onClick='toggleBox("stack-trace1899458851", this, "Click to show all stack frames", "Click to hide stack frames")'>Click to show all stack frames</a>
<div class='stack-trace' id='stack-trace1899458851'><pre>java.lang.RuntimeException: FAILED
	at utils.Reporter.reportStep(Reporter.java:29)
	at wrappers.GenericWrappers.verifyTextByXpath(GenericWrappers.java:474)
	at pages.PayCreditCardPage.verifyWelcomeUserName(PayCreditCardPage.java:52)
	at testcases.paycreditcard.TC22PayCreditCardNoAccountstoSelectWhilePayingCreditCard.NoAccountstoSelectWhilePayingCreditCard(TC22PayCreditCardNoAccountstoSelectWhilePayingCreditCard.java:43)
	at sun.reflect.NativeMethodAccessorImpl.invoke0(Native Method)
	at sun.reflect.NativeMethodAccessorImpl.invoke(Unknown Source)
	at sun.reflect.DelegatingMethodAccessorImpl.invoke(Unknown Source)
	at java.lang.reflect.Method.invoke(Unknown Source)
	at org.testng.internal.MethodInvocationHelper.invokeMethod(MethodInvocationHelper.java:134)
	at org.testng.internal.TestInvoker.invokeMethod(TestInvoker.java:597)
	at org.testng.internal.TestInvoker.invokeTestMethod(TestInvoker.java:173)
	at org.testng.internal.MethodRunner.runInSequence(MethodRunner.java:46)
	at org.testng.internal.TestInvoker$MethodInvocationAgent.invoke(TestInvoker.java:816)
	at org.testng.internal.TestInvoker.invokeTestMethods(TestInvoker.java:146)
	at org.testng.internal.TestMethodWorker.invokeTestMethods(TestMethodWorker.java:146)
	at org.testng.internal.TestMethodWorker.run(TestMethodWorker.java:128)
	at java.util.ArrayList.forEach(Unknown Source)
	at org.testng.TestRunner.privateRun(TestRunner.java:766)
	at org.testng.TestRunner.run(TestRunner.java:587)
	at org.testng.SuiteRunner.runTest(SuiteRunner.java:384)
	at org.testng.SuiteRunner.runSequentially(SuiteRunner.java:378)
	at org.testng.SuiteRunner.privateRun(SuiteRunner.java:337)
	at org.testng.SuiteRunner.run(SuiteRunner.java:286)
	at org.testng.SuiteRunnerWorker.runSuite(SuiteRunnerWorker.java:53)
	at org.testng.SuiteRunnerWorker.run(SuiteRunnerWorker.java:96)
	at org.testng.TestNG.runSuitesSequentially(TestNG.java:1187)
	at org.testng.TestNG.runSuitesLocally(TestNG.java:1109)
	at org.testng.TestNG.runSuites(TestNG.java:1039)
	at org.testng.TestNG.run(TestNG.java:1007)
	at org.testng.remote.AbstractRemoteTestNG.run(AbstractRemoteTestNG.java:115)
	at org.testng.remote.RemoteTestNG.initAndRun(RemoteTestNG.java:251)
	at org.testng.remote.RemoteTestNG.main(RemoteTestNG.java:77)
</pre></div></td>
<td>30</td>
<td>testcases.paycreditcard.TC22PayCreditCardNoAccountstoSelectWhilePayingCreditCard@5579bb86</td></tr>
<tr>
<td title='testcases.paycreditcard.TC55PayCreditCardPayEnteredtheAmountDecimalCheck.OtherAmountvalidation()'><b>OtherAmountvalidation</b><br>Test class: testcases.paycreditcard.TC55PayCreditCardPayEnteredtheAmountDecimalCheck</td>
<td><div><pre>java.lang.RuntimeException: FAILED
	at utils.Reporter.reportStep(Reporter.java:29)
	at wrappers.GenericWrappers.verifyTextByXpath(GenericWrappers.java:474)
	at pages.PayCreditCardPage.verifyWelcomeUserName(PayCreditCardPage.java:52)
	at testcases.paycreditcard.TC55PayCreditCardPayEnteredtheAmountDecimalCheck.OtherAmountvalidation(TC55PayCreditCardPayEnteredtheAmountDecimalCheck.java:43)
	at java.util.ArrayList.forEach(Unknown Source)
... Removed 27 stack frames</pre></div><a href='#' onClick='toggleBox("stack-trace1173673058", this, "Click to show all stack frames", "Click to hide stack frames")'>Click to show all stack frames</a>
<div class='stack-trace' id='stack-trace1173673058'><pre>java.lang.RuntimeException: FAILED
	at utils.Reporter.reportStep(Reporter.java:29)
	at wrappers.GenericWrappers.verifyTextByXpath(GenericWrappers.java:474)
	at pages.PayCreditCardPage.verifyWelcomeUserName(PayCreditCardPage.java:52)
	at testcases.paycreditcard.TC55PayCreditCardPayEnteredtheAmountDecimalCheck.OtherAmountvalidation(TC55PayCreditCardPayEnteredtheAmountDecimalCheck.java:43)
	at sun.reflect.NativeMethodAccessorImpl.invoke0(Native Method)
	at sun.reflect.NativeMethodAccessorImpl.invoke(Unknown Source)
	at sun.reflect.DelegatingMethodAccessorImpl.invoke(Unknown Source)
	at java.lang.reflect.Method.invoke(Unknown Source)
	at org.testng.internal.MethodInvocationHelper.invokeMethod(MethodInvocationHelper.java:134)
	at org.testng.internal.TestInvoker.invokeMethod(TestInvoker.java:597)
	at org.testng.internal.TestInvoker.invokeTestMethod(TestInvoker.java:173)
	at org.testng.internal.MethodRunner.runInSequence(MethodRunner.java:46)
	at org.testng.internal.TestInvoker$MethodInvocationAgent.invoke(TestInvoker.java:816)
	at org.testng.internal.TestInvoker.invokeTestMethods(TestInvoker.java:146)
	at org.testng.internal.TestMethodWorker.invokeTestMethods(TestMethodWorker.java:146)
	at org.testng.internal.TestMethodWorker.run(TestMethodWorker.java:128)
	at java.util.ArrayList.forEach(Unknown Source)
	at org.testng.TestRunner.privateRun(TestRunner.java:766)
	at org.testng.TestRunner.run(TestRunner.java:587)
	at org.testng.SuiteRunner.runTest(SuiteRunner.java:384)
	at org.testng.SuiteRunner.runSequentially(SuiteRunner.java:378)
	at org.testng.SuiteRunner.privateRun(SuiteRunner.java:337)
	at org.testng.SuiteRunner.run(SuiteRunner.java:286)
	at org.testng.SuiteRunnerWorker.runSuite(SuiteRunnerWorker.java:53)
	at org.testng.SuiteRunnerWorker.run(SuiteRunnerWorker.java:96)
	at org.testng.TestNG.runSuitesSequentially(TestNG.java:1187)
	at org.testng.TestNG.runSuitesLocally(TestNG.java:1109)
	at org.testng.TestNG.runSuites(TestNG.java:1039)
	at org.testng.TestNG.run(TestNG.java:1007)
	at org.testng.remote.AbstractRemoteTestNG.run(AbstractRemoteTestNG.java:115)
	at org.testng.remote.RemoteTestNG.initAndRun(RemoteTestNG.java:251)
	at org.testng.remote.RemoteTestNG.main(RemoteTestNG.java:77)
</pre></div></td>
<td>23</td>
<td>testcases.paycreditcard.TC55PayCreditCardPayEnteredtheAmountDecimalCheck@7e9a5fbe</td></tr>
<tr>
<td title='testcases.paycreditcard.TC57PayCreditCardPayEnteredtheWrongAmountTwice.OtherAmountvalidation()'><b>OtherAmountvalidation</b><br>Test class: testcases.paycreditcard.TC57PayCreditCardPayEnteredtheWrongAmountTwice</td>
<td><div><pre>java.lang.RuntimeException: FAILED
	at utils.Reporter.reportStep(Reporter.java:29)
	at wrappers.GenericWrappers.verifyTextByXpath(GenericWrappers.java:474)
	at pages.PayCreditCardPage.verifyWelcomeUserName(PayCreditCardPage.java:52)
	at testcases.paycreditcard.TC57PayCreditCardPayEnteredtheWrongAmountTwice.OtherAmountvalidation(TC57PayCreditCardPayEnteredtheWrongAmountTwice.java:43)
	at java.util.ArrayList.forEach(Unknown Source)
... Removed 27 stack frames</pre></div><a href='#' onClick='toggleBox("stack-trace1034902119", this, "Click to show all stack frames", "Click to hide stack frames")'>Click to show all stack frames</a>
<div class='stack-trace' id='stack-trace1034902119'><pre>java.lang.RuntimeException: FAILED
	at utils.Reporter.reportStep(Reporter.java:29)
	at wrappers.GenericWrappers.verifyTextByXpath(GenericWrappers.java:474)
	at pages.PayCreditCardPage.verifyWelcomeUserName(PayCreditCardPage.java:52)
	at testcases.paycreditcard.TC57PayCreditCardPayEnteredtheWrongAmountTwice.OtherAmountvalidation(TC57PayCreditCardPayEnteredtheWrongAmountTwice.java:43)
	at sun.reflect.NativeMethodAccessorImpl.invoke0(Native Method)
	at sun.reflect.NativeMethodAccessorImpl.invoke(Unknown Source)
	at sun.reflect.DelegatingMethodAccessorImpl.invoke(Unknown Source)
	at java.lang.reflect.Method.invoke(Unknown Source)
	at org.testng.internal.MethodInvocationHelper.invokeMethod(MethodInvocationHelper.java:134)
	at org.testng.internal.TestInvoker.invokeMethod(TestInvoker.java:597)
	at org.testng.internal.TestInvoker.invokeTestMethod(TestInvoker.java:173)
	at org.testng.internal.MethodRunner.runInSequence(MethodRunner.java:46)
	at org.testng.internal.TestInvoker$MethodInvocationAgent.invoke(TestInvoker.java:816)
	at org.testng.internal.TestInvoker.invokeTestMethods(TestInvoker.java:146)
	at org.testng.internal.TestMethodWorker.invokeTestMethods(TestMethodWorker.java:146)
	at org.testng.internal.TestMethodWorker.run(TestMethodWorker.java:128)
	at java.util.ArrayList.forEach(Unknown Source)
	at org.testng.TestRunner.privateRun(TestRunner.java:766)
	at org.testng.TestRunner.run(TestRunner.java:587)
	at org.testng.SuiteRunner.runTest(SuiteRunner.java:384)
	at org.testng.SuiteRunner.runSequentially(SuiteRunner.java:378)
	at org.testng.SuiteRunner.privateRun(SuiteRunner.java:337)
	at org.testng.SuiteRunner.run(SuiteRunner.java:286)
	at org.testng.SuiteRunnerWorker.runSuite(SuiteRunnerWorker.java:53)
	at org.testng.SuiteRunnerWorker.run(SuiteRunnerWorker.java:96)
	at org.testng.TestNG.runSuitesSequentially(TestNG.java:1187)
	at org.testng.TestNG.runSuitesLocally(TestNG.java:1109)
	at org.testng.TestNG.runSuites(TestNG.java:1039)
	at org.testng.TestNG.run(TestNG.java:1007)
	at org.testng.remote.AbstractRemoteTestNG.run(AbstractRemoteTestNG.java:115)
	at org.testng.remote.RemoteTestNG.initAndRun(RemoteTestNG.java:251)
	at org.testng.remote.RemoteTestNG.main(RemoteTestNG.java:77)
</pre></div></td>
<td>24</td>
<td>testcases.paycreditcard.TC57PayCreditCardPayEnteredtheWrongAmountTwice@71623278</td></tr>
<tr>
<td title='testcases.paycreditcard.TC01PayCreditCardIconCheck.PayCreditCardIconCheck()'><b>PayCreditCardIconCheck</b><br>Test class: testcases.paycreditcard.TC01PayCreditCardIconCheck</td>
<td><div><pre>java.lang.RuntimeException: FAILED
	at utils.Reporter.reportStep(Reporter.java:29)
	at wrappers.GenericWrappers.clickWrapper(GenericWrappers.java:376)
	at wrappers.GenericWrappers.clickByXpath(GenericWrappers.java:760)
	at pages.PayCreditCardPage.ClickLoginButton(PayCreditCardPage.java:29)
	at testcases.paycreditcard.TC01PayCreditCardIconCheck.PayCreditCardIconCheck(TC01PayCreditCardIconCheck.java:35)
	at java.util.ArrayList.forEach(Unknown Source)
... Removed 27 stack frames</pre></div><a href='#' onClick='toggleBox("stack-trace1964847681", this, "Click to show all stack frames", "Click to hide stack frames")'>Click to show all stack frames</a>
<div class='stack-trace' id='stack-trace1964847681'><pre>java.lang.RuntimeException: FAILED
	at utils.Reporter.reportStep(Reporter.java:29)
	at wrappers.GenericWrappers.clickWrapper(GenericWrappers.java:376)
	at wrappers.GenericWrappers.clickByXpath(GenericWrappers.java:760)
	at pages.PayCreditCardPage.ClickLoginButton(PayCreditCardPage.java:29)
	at testcases.paycreditcard.TC01PayCreditCardIconCheck.PayCreditCardIconCheck(TC01PayCreditCardIconCheck.java:35)
	at sun.reflect.NativeMethodAccessorImpl.invoke0(Native Method)
	at sun.reflect.NativeMethodAccessorImpl.invoke(Unknown Source)
	at sun.reflect.DelegatingMethodAccessorImpl.invoke(Unknown Source)
	at java.lang.reflect.Method.invoke(Unknown Source)
	at org.testng.internal.MethodInvocationHelper.invokeMethod(MethodInvocationHelper.java:134)
	at org.testng.internal.TestInvoker.invokeMethod(TestInvoker.java:597)
	at org.testng.internal.TestInvoker.invokeTestMethod(TestInvoker.java:173)
	at org.testng.internal.MethodRunner.runInSequence(MethodRunner.java:46)
	at org.testng.internal.TestInvoker$MethodInvocationAgent.invoke(TestInvoker.java:816)
	at org.testng.internal.TestInvoker.invokeTestMethods(TestInvoker.java:146)
	at org.testng.internal.TestMethodWorker.invokeTestMethods(TestMethodWorker.java:146)
	at org.testng.internal.TestMethodWorker.run(TestMethodWorker.java:128)
	at java.util.ArrayList.forEach(Unknown Source)
	at org.testng.TestRunner.privateRun(TestRunner.java:766)
	at org.testng.TestRunner.run(TestRunner.java:587)
	at org.testng.SuiteRunner.runTest(SuiteRunner.java:384)
	at org.testng.SuiteRunner.runSequentially(SuiteRunner.java:378)
	at org.testng.SuiteRunner.privateRun(SuiteRunner.java:337)
	at org.testng.SuiteRunner.run(SuiteRunner.java:286)
	at org.testng.SuiteRunnerWorker.runSuite(SuiteRunnerWorker.java:53)
	at org.testng.SuiteRunnerWorker.run(SuiteRunnerWorker.java:96)
	at org.testng.TestNG.runSuitesSequentially(TestNG.java:1187)
	at org.testng.TestNG.runSuitesLocally(TestNG.java:1109)
	at org.testng.TestNG.runSuites(TestNG.java:1039)
	at org.testng.TestNG.run(TestNG.java:1007)
	at org.testng.remote.AbstractRemoteTestNG.run(AbstractRemoteTestNG.java:115)
	at org.testng.remote.RemoteTestNG.initAndRun(RemoteTestNG.java:251)
	at org.testng.remote.RemoteTestNG.main(RemoteTestNG.java:77)
</pre></div></td>
<td>38</td>
<td>testcases.paycreditcard.TC01PayCreditCardIconCheck@646007f4</td></tr>
<tr>
<td title='testcases.paycreditcard.TC34PayCreditCardPayUtteranceBasedOnAmountType.PayCreditCardPayPlatinumRewardsOtherAmount()'><b>PayCreditCardPayPlatinumRewardsOtherAmount</b><br>Test class: testcases.paycreditcard.TC34PayCreditCardPayUtteranceBasedOnAmountType</td>
<td><div><pre>java.lang.RuntimeException: FAILED
	at utils.Reporter.reportStep(Reporter.java:29)
	at wrappers.GenericWrappers.verifyTextByXpath(GenericWrappers.java:474)
	at pages.PayCreditCardPage.verifyWelcomeUserName(PayCreditCardPage.java:52)
	at testcases.paycreditcard.TC34PayCreditCardPayUtteranceBasedOnAmountType.PayCreditCardPayPlatinumRewardsOtherAmount(TC34PayCreditCardPayUtteranceBasedOnAmountType.java:61)
	at java.util.ArrayList.forEach(Unknown Source)
... Removed 27 stack frames</pre></div><a href='#' onClick='toggleBox("stack-trace687039010", this, "Click to show all stack frames", "Click to hide stack frames")'>Click to show all stack frames</a>
<div class='stack-trace' id='stack-trace687039010'><pre>java.lang.RuntimeException: FAILED
	at utils.Reporter.reportStep(Reporter.java:29)
	at wrappers.GenericWrappers.verifyTextByXpath(GenericWrappers.java:474)
	at pages.PayCreditCardPage.verifyWelcomeUserName(PayCreditCardPage.java:52)
	at testcases.paycreditcard.TC34PayCreditCardPayUtteranceBasedOnAmountType.PayCreditCardPayPlatinumRewardsOtherAmount(TC34PayCreditCardPayUtteranceBasedOnAmountType.java:61)
	at sun.reflect.NativeMethodAccessorImpl.invoke0(Native Method)
	at sun.reflect.NativeMethodAccessorImpl.invoke(Unknown Source)
	at sun.reflect.DelegatingMethodAccessorImpl.invoke(Unknown Source)
	at java.lang.reflect.Method.invoke(Unknown Source)
	at org.testng.internal.MethodInvocationHelper.invokeMethod(MethodInvocationHelper.java:134)
	at org.testng.internal.TestInvoker.invokeMethod(TestInvoker.java:597)
	at org.testng.internal.TestInvoker.invokeTestMethod(TestInvoker.java:173)
	at org.testng.internal.MethodRunner.runInSequence(MethodRunner.java:46)
	at org.testng.internal.TestInvoker$MethodInvocationAgent.invoke(TestInvoker.java:816)
	at org.testng.internal.TestInvoker.invokeTestMethods(TestInvoker.java:146)
	at org.testng.internal.TestMethodWorker.invokeTestMethods(TestMethodWorker.java:146)
	at org.testng.internal.TestMethodWorker.run(TestMethodWorker.java:128)
	at java.util.ArrayList.forEach(Unknown Source)
	at org.testng.TestRunner.privateRun(TestRunner.java:766)
	at org.testng.TestRunner.run(TestRunner.java:587)
	at org.testng.SuiteRunner.runTest(SuiteRunner.java:384)
	at org.testng.SuiteRunner.runSequentially(SuiteRunner.java:378)
	at org.testng.SuiteRunner.privateRun(SuiteRunner.java:337)
	at org.testng.SuiteRunner.run(SuiteRunner.java:286)
	at org.testng.SuiteRunnerWorker.runSuite(SuiteRunnerWorker.java:53)
	at org.testng.SuiteRunnerWorker.run(SuiteRunnerWorker.java:96)
	at org.testng.TestNG.runSuitesSequentially(TestNG.java:1187)
	at org.testng.TestNG.runSuitesLocally(TestNG.java:1109)
	at org.testng.TestNG.runSuites(TestNG.java:1039)
	at org.testng.TestNG.run(TestNG.java:1007)
	at org.testng.remote.AbstractRemoteTestNG.run(AbstractRemoteTestNG.java:115)
	at org.testng.remote.RemoteTestNG.initAndRun(RemoteTestNG.java:251)
	at org.testng.remote.RemoteTestNG.main(RemoteTestNG.java:77)
</pre></div></td>
<td>25</td>
<td>testcases.paycreditcard.TC34PayCreditCardPayUtteranceBasedOnAmountType@10d59286</td></tr>
<tr>
<td title='testcases.paycreditcard.TC37PayCreditCardPayUtteranceBasedOnAccountType.PayCreditCardPayPlatinumRewardsOtherAmount()'><b>PayCreditCardPayPlatinumRewardsOtherAmount</b><br>Test class: testcases.paycreditcard.TC37PayCreditCardPayUtteranceBasedOnAccountType</td>
<td><div><pre>java.lang.RuntimeException: FAILED
	at utils.Reporter.reportStep(Reporter.java:29)
	at wrappers.GenericWrappers.verifyTextByXpath(GenericWrappers.java:474)
	at pages.PayCreditCardPage.verifyWelcomeUserName(PayCreditCardPage.java:52)
	at testcases.paycreditcard.TC37PayCreditCardPayUtteranceBasedOnAccountType.PayCreditCardPayPlatinumRewardsOtherAmount(TC37PayCreditCardPayUtteranceBasedOnAccountType.java:42)
	at java.util.ArrayList.forEach(Unknown Source)
... Removed 27 stack frames</pre></div><a href='#' onClick='toggleBox("stack-trace1362619939", this, "Click to show all stack frames", "Click to hide stack frames")'>Click to show all stack frames</a>
<div class='stack-trace' id='stack-trace1362619939'><pre>java.lang.RuntimeException: FAILED
	at utils.Reporter.reportStep(Reporter.java:29)
	at wrappers.GenericWrappers.verifyTextByXpath(GenericWrappers.java:474)
	at pages.PayCreditCardPage.verifyWelcomeUserName(PayCreditCardPage.java:52)
	at testcases.paycreditcard.TC37PayCreditCardPayUtteranceBasedOnAccountType.PayCreditCardPayPlatinumRewardsOtherAmount(TC37PayCreditCardPayUtteranceBasedOnAccountType.java:42)
	at sun.reflect.NativeMethodAccessorImpl.invoke0(Native Method)
	at sun.reflect.NativeMethodAccessorImpl.invoke(Unknown Source)
	at sun.reflect.DelegatingMethodAccessorImpl.invoke(Unknown Source)
	at java.lang.reflect.Method.invoke(Unknown Source)
	at org.testng.internal.MethodInvocationHelper.invokeMethod(MethodInvocationHelper.java:134)
	at org.testng.internal.TestInvoker.invokeMethod(TestInvoker.java:597)
	at org.testng.internal.TestInvoker.invokeTestMethod(TestInvoker.java:173)
	at org.testng.internal.MethodRunner.runInSequence(MethodRunner.java:46)
	at org.testng.internal.TestInvoker$MethodInvocationAgent.invoke(TestInvoker.java:816)
	at org.testng.internal.TestInvoker.invokeTestMethods(TestInvoker.java:146)
	at org.testng.internal.TestMethodWorker.invokeTestMethods(TestMethodWorker.java:146)
	at org.testng.internal.TestMethodWorker.run(TestMethodWorker.java:128)
	at java.util.ArrayList.forEach(Unknown Source)
	at org.testng.TestRunner.privateRun(TestRunner.java:766)
	at org.testng.TestRunner.run(TestRunner.java:587)
	at org.testng.SuiteRunner.runTest(SuiteRunner.java:384)
	at org.testng.SuiteRunner.runSequentially(SuiteRunner.java:378)
	at org.testng.SuiteRunner.privateRun(SuiteRunner.java:337)
	at org.testng.SuiteRunner.run(SuiteRunner.java:286)
	at org.testng.SuiteRunnerWorker.runSuite(SuiteRunnerWorker.java:53)
	at org.testng.SuiteRunnerWorker.run(SuiteRunnerWorker.java:96)
	at org.testng.TestNG.runSuitesSequentially(TestNG.java:1187)
	at org.testng.TestNG.runSuitesLocally(TestNG.java:1109)
	at org.testng.TestNG.runSuites(TestNG.java:1039)
	at org.testng.TestNG.run(TestNG.java:1007)
	at org.testng.remote.AbstractRemoteTestNG.run(AbstractRemoteTestNG.java:115)
	at org.testng.remote.RemoteTestNG.initAndRun(RemoteTestNG.java:251)
	at org.testng.remote.RemoteTestNG.main(RemoteTestNG.java:77)
</pre></div></td>
<td>25</td>
<td>testcases.paycreditcard.TC37PayCreditCardPayUtteranceBasedOnAccountType@6dde5c8c</td></tr>
<tr>
<td title='testcases.paycreditcard.TC38PayCreditCardPayUtteranceBase.PayCreditCardPayUtteranceBase()'><b>PayCreditCardPayUtteranceBase</b><br>Test class: testcases.paycreditcard.TC38PayCreditCardPayUtteranceBase</td>
<td><div><pre>java.lang.RuntimeException: FAILED
	at utils.Reporter.reportStep(Reporter.java:29)
	at wrappers.GenericWrappers.verifyTextByXpath(GenericWrappers.java:474)
	at pages.PayCreditCardPage.verifyWelcomeUserName(PayCreditCardPage.java:52)
	at testcases.paycreditcard.TC38PayCreditCardPayUtteranceBase.PayCreditCardPayUtteranceBase(TC38PayCreditCardPayUtteranceBase.java:42)
	at java.util.ArrayList.forEach(Unknown Source)
... Removed 27 stack frames</pre></div><a href='#' onClick='toggleBox("stack-trace607209795", this, "Click to show all stack frames", "Click to hide stack frames")'>Click to show all stack frames</a>
<div class='stack-trace' id='stack-trace607209795'><pre>java.lang.RuntimeException: FAILED
	at utils.Reporter.reportStep(Reporter.java:29)
	at wrappers.GenericWrappers.verifyTextByXpath(GenericWrappers.java:474)
	at pages.PayCreditCardPage.verifyWelcomeUserName(PayCreditCardPage.java:52)
	at testcases.paycreditcard.TC38PayCreditCardPayUtteranceBase.PayCreditCardPayUtteranceBase(TC38PayCreditCardPayUtteranceBase.java:42)
	at sun.reflect.NativeMethodAccessorImpl.invoke0(Native Method)
	at sun.reflect.NativeMethodAccessorImpl.invoke(Unknown Source)
	at sun.reflect.DelegatingMethodAccessorImpl.invoke(Unknown Source)
	at java.lang.reflect.Method.invoke(Unknown Source)
	at org.testng.internal.MethodInvocationHelper.invokeMethod(MethodInvocationHelper.java:134)
	at org.testng.internal.TestInvoker.invokeMethod(TestInvoker.java:597)
	at org.testng.internal.TestInvoker.invokeTestMethod(TestInvoker.java:173)
	at org.testng.internal.MethodRunner.runInSequence(MethodRunner.java:46)
	at org.testng.internal.TestInvoker$MethodInvocationAgent.invoke(TestInvoker.java:816)
	at org.testng.internal.TestInvoker.invokeTestMethods(TestInvoker.java:146)
	at org.testng.internal.TestMethodWorker.invokeTestMethods(TestMethodWorker.java:146)
	at org.testng.internal.TestMethodWorker.run(TestMethodWorker.java:128)
	at java.util.ArrayList.forEach(Unknown Source)
	at org.testng.TestRunner.privateRun(TestRunner.java:766)
	at org.testng.TestRunner.run(TestRunner.java:587)
	at org.testng.SuiteRunner.runTest(SuiteRunner.java:384)
	at org.testng.SuiteRunner.runSequentially(SuiteRunner.java:378)
	at org.testng.SuiteRunner.privateRun(SuiteRunner.java:337)
	at org.testng.SuiteRunner.run(SuiteRunner.java:286)
	at org.testng.SuiteRunnerWorker.runSuite(SuiteRunnerWorker.java:53)
	at org.testng.SuiteRunnerWorker.run(SuiteRunnerWorker.java:96)
	at org.testng.TestNG.runSuitesSequentially(TestNG.java:1187)
	at org.testng.TestNG.runSuitesLocally(TestNG.java:1109)
	at org.testng.TestNG.runSuites(TestNG.java:1039)
	at org.testng.TestNG.run(TestNG.java:1007)
	at org.testng.remote.AbstractRemoteTestNG.run(AbstractRemoteTestNG.java:115)
	at org.testng.remote.RemoteTestNG.initAndRun(RemoteTestNG.java:251)
	at org.testng.remote.RemoteTestNG.main(RemoteTestNG.java:77)
</pre></div></td>
<td>23</td>
<td>testcases.paycreditcard.TC38PayCreditCardPayUtteranceBase@5123a213</td></tr>
<tr>
<td title='testcases.paycreditcard.TC39PayCreditCardPayUtteranceBase.PayCreditCardPayUtteranceBase()'><b>PayCreditCardPayUtteranceBase</b><br>Test class: testcases.paycreditcard.TC39PayCreditCardPayUtteranceBase</td>
<td><div><pre>java.lang.RuntimeException: FAILED
	at utils.Reporter.reportStep(Reporter.java:29)
	at wrappers.GenericWrappers.verifyTextByXpath(GenericWrappers.java:474)
	at pages.PayCreditCardPage.VerifyClientResponseMessage(PayCreditCardPage.java:90)
	at testcases.paycreditcard.TC39PayCreditCardPayUtteranceBase.PayCreditCardPayUtteranceBase(TC39PayCreditCardPayUtteranceBase.java:44)
	at java.util.ArrayList.forEach(Unknown Source)
... Removed 27 stack frames</pre></div><a href='#' onClick='toggleBox("stack-trace820398268", this, "Click to show all stack frames", "Click to hide stack frames")'>Click to show all stack frames</a>
<div class='stack-trace' id='stack-trace820398268'><pre>java.lang.RuntimeException: FAILED
	at utils.Reporter.reportStep(Reporter.java:29)
	at wrappers.GenericWrappers.verifyTextByXpath(GenericWrappers.java:474)
	at pages.PayCreditCardPage.VerifyClientResponseMessage(PayCreditCardPage.java:90)
	at testcases.paycreditcard.TC39PayCreditCardPayUtteranceBase.PayCreditCardPayUtteranceBase(TC39PayCreditCardPayUtteranceBase.java:44)
	at sun.reflect.NativeMethodAccessorImpl.invoke0(Native Method)
	at sun.reflect.NativeMethodAccessorImpl.invoke(Unknown Source)
	at sun.reflect.DelegatingMethodAccessorImpl.invoke(Unknown Source)
	at java.lang.reflect.Method.invoke(Unknown Source)
	at org.testng.internal.MethodInvocationHelper.invokeMethod(MethodInvocationHelper.java:134)
	at org.testng.internal.TestInvoker.invokeMethod(TestInvoker.java:597)
	at org.testng.internal.TestInvoker.invokeTestMethod(TestInvoker.java:173)
	at org.testng.internal.MethodRunner.runInSequence(MethodRunner.java:46)
	at org.testng.internal.TestInvoker$MethodInvocationAgent.invoke(TestInvoker.java:816)
	at org.testng.internal.TestInvoker.invokeTestMethods(TestInvoker.java:146)
	at org.testng.internal.TestMethodWorker.invokeTestMethods(TestMethodWorker.java:146)
	at org.testng.internal.TestMethodWorker.run(TestMethodWorker.java:128)
	at java.util.ArrayList.forEach(Unknown Source)
	at org.testng.TestRunner.privateRun(TestRunner.java:766)
	at org.testng.TestRunner.run(TestRunner.java:587)
	at org.testng.SuiteRunner.runTest(SuiteRunner.java:384)
	at org.testng.SuiteRunner.runSequentially(SuiteRunner.java:378)
	at org.testng.SuiteRunner.privateRun(SuiteRunner.java:337)
	at org.testng.SuiteRunner.run(SuiteRunner.java:286)
	at org.testng.SuiteRunnerWorker.runSuite(SuiteRunnerWorker.java:53)
	at org.testng.SuiteRunnerWorker.run(SuiteRunnerWorker.java:96)
	at org.testng.TestNG.runSuitesSequentially(TestNG.java:1187)
	at org.testng.TestNG.runSuitesLocally(TestNG.java:1109)
	at org.testng.TestNG.runSuites(TestNG.java:1039)
	at org.testng.TestNG.run(TestNG.java:1007)
	at org.testng.remote.AbstractRemoteTestNG.run(AbstractRemoteTestNG.java:115)
	at org.testng.remote.RemoteTestNG.initAndRun(RemoteTestNG.java:251)
	at org.testng.remote.RemoteTestNG.main(RemoteTestNG.java:77)
</pre></div></td>
<td>34</td>
<td>testcases.paycreditcard.TC39PayCreditCardPayUtteranceBase@52525845</td></tr>
<tr>
<td title='testcases.paycreditcard.TC40PayCreditCardPayUtteranceBase.PayCreditCardPayUtteranceBase()'><b>PayCreditCardPayUtteranceBase</b><br>Test class: testcases.paycreditcard.TC40PayCreditCardPayUtteranceBase</td>
<td><div><pre>java.lang.RuntimeException: FAILED
	at utils.Reporter.reportStep(Reporter.java:29)
	at wrappers.GenericWrappers.enterByXpath(GenericWrappers.java:435)
	at pages.PayCreditCardPage.EnterUserName(PayCreditCardPage.java:19)
	at testcases.paycreditcard.TC40PayCreditCardPayUtteranceBase.PayCreditCardPayUtteranceBase(TC40PayCreditCardPayUtteranceBase.java:39)
	at java.util.ArrayList.forEach(Unknown Source)
... Removed 27 stack frames</pre></div><a href='#' onClick='toggleBox("stack-trace1378504842", this, "Click to show all stack frames", "Click to hide stack frames")'>Click to show all stack frames</a>
<div class='stack-trace' id='stack-trace1378504842'><pre>java.lang.RuntimeException: FAILED
	at utils.Reporter.reportStep(Reporter.java:29)
	at wrappers.GenericWrappers.enterByXpath(GenericWrappers.java:435)
	at pages.PayCreditCardPage.EnterUserName(PayCreditCardPage.java:19)
	at testcases.paycreditcard.TC40PayCreditCardPayUtteranceBase.PayCreditCardPayUtteranceBase(TC40PayCreditCardPayUtteranceBase.java:39)
	at sun.reflect.NativeMethodAccessorImpl.invoke0(Native Method)
	at sun.reflect.NativeMethodAccessorImpl.invoke(Unknown Source)
	at sun.reflect.DelegatingMethodAccessorImpl.invoke(Unknown Source)
	at java.lang.reflect.Method.invoke(Unknown Source)
	at org.testng.internal.MethodInvocationHelper.invokeMethod(MethodInvocationHelper.java:134)
	at org.testng.internal.TestInvoker.invokeMethod(TestInvoker.java:597)
	at org.testng.internal.TestInvoker.invokeTestMethod(TestInvoker.java:173)
	at org.testng.internal.MethodRunner.runInSequence(MethodRunner.java:46)
	at org.testng.internal.TestInvoker$MethodInvocationAgent.invoke(TestInvoker.java:816)
	at org.testng.internal.TestInvoker.invokeTestMethods(TestInvoker.java:146)
	at org.testng.internal.TestMethodWorker.invokeTestMethods(TestMethodWorker.java:146)
	at org.testng.internal.TestMethodWorker.run(TestMethodWorker.java:128)
	at java.util.ArrayList.forEach(Unknown Source)
	at org.testng.TestRunner.privateRun(TestRunner.java:766)
	at org.testng.TestRunner.run(TestRunner.java:587)
	at org.testng.SuiteRunner.runTest(SuiteRunner.java:384)
	at org.testng.SuiteRunner.runSequentially(SuiteRunner.java:378)
	at org.testng.SuiteRunner.privateRun(SuiteRunner.java:337)
	at org.testng.SuiteRunner.run(SuiteRunner.java:286)
	at org.testng.SuiteRunnerWorker.runSuite(SuiteRunnerWorker.java:53)
	at org.testng.SuiteRunnerWorker.run(SuiteRunnerWorker.java:96)
	at org.testng.TestNG.runSuitesSequentially(TestNG.java:1187)
	at org.testng.TestNG.runSuitesLocally(TestNG.java:1109)
	at org.testng.TestNG.runSuites(TestNG.java:1039)
	at org.testng.TestNG.run(TestNG.java:1007)
	at org.testng.remote.AbstractRemoteTestNG.run(AbstractRemoteTestNG.java:115)
	at org.testng.remote.RemoteTestNG.initAndRun(RemoteTestNG.java:251)
	at org.testng.remote.RemoteTestNG.main(RemoteTestNG.java:77)
</pre></div></td>
<td>21</td>
<td>testcases.paycreditcard.TC40PayCreditCardPayUtteranceBase@3b94d659</td></tr>
<tr>
<td title='testcases.paycreditcard.TC42PayCreditCardPayUtteranceBase.PayCreditCardPayUtteranceBase()'><b>PayCreditCardPayUtteranceBase</b><br>Test class: testcases.paycreditcard.TC42PayCreditCardPayUtteranceBase</td>
<td><div><pre>java.lang.RuntimeException: FAILED
	at utils.Reporter.reportStep(Reporter.java:29)
	at wrappers.GenericWrappers.verifyTextByXpath(GenericWrappers.java:474)
	at pages.PayCreditCardPage.VerifyClientResponseMessage(PayCreditCardPage.java:90)
	at testcases.paycreditcard.TC42PayCreditCardPayUtteranceBase.PayCreditCardPayUtteranceBase(TC42PayCreditCardPayUtteranceBase.java:44)
	at java.util.ArrayList.forEach(Unknown Source)
... Removed 27 stack frames</pre></div><a href='#' onClick='toggleBox("stack-trace2102981521", this, "Click to show all stack frames", "Click to hide stack frames")'>Click to show all stack frames</a>
<div class='stack-trace' id='stack-trace2102981521'><pre>java.lang.RuntimeException: FAILED
	at utils.Reporter.reportStep(Reporter.java:29)
	at wrappers.GenericWrappers.verifyTextByXpath(GenericWrappers.java:474)
	at pages.PayCreditCardPage.VerifyClientResponseMessage(PayCreditCardPage.java:90)
	at testcases.paycreditcard.TC42PayCreditCardPayUtteranceBase.PayCreditCardPayUtteranceBase(TC42PayCreditCardPayUtteranceBase.java:44)
	at sun.reflect.NativeMethodAccessorImpl.invoke0(Native Method)
	at sun.reflect.NativeMethodAccessorImpl.invoke(Unknown Source)
	at sun.reflect.DelegatingMethodAccessorImpl.invoke(Unknown Source)
	at java.lang.reflect.Method.invoke(Unknown Source)
	at org.testng.internal.MethodInvocationHelper.invokeMethod(MethodInvocationHelper.java:134)
	at org.testng.internal.TestInvoker.invokeMethod(TestInvoker.java:597)
	at org.testng.internal.TestInvoker.invokeTestMethod(TestInvoker.java:173)
	at org.testng.internal.MethodRunner.runInSequence(MethodRunner.java:46)
	at org.testng.internal.TestInvoker$MethodInvocationAgent.invoke(TestInvoker.java:816)
	at org.testng.internal.TestInvoker.invokeTestMethods(TestInvoker.java:146)
	at org.testng.internal.TestMethodWorker.invokeTestMethods(TestMethodWorker.java:146)
	at org.testng.internal.TestMethodWorker.run(TestMethodWorker.java:128)
	at java.util.ArrayList.forEach(Unknown Source)
	at org.testng.TestRunner.privateRun(TestRunner.java:766)
	at org.testng.TestRunner.run(TestRunner.java:587)
	at org.testng.SuiteRunner.runTest(SuiteRunner.java:384)
	at org.testng.SuiteRunner.runSequentially(SuiteRunner.java:378)
	at org.testng.SuiteRunner.privateRun(SuiteRunner.java:337)
	at org.testng.SuiteRunner.run(SuiteRunner.java:286)
	at org.testng.SuiteRunnerWorker.runSuite(SuiteRunnerWorker.java:53)
	at org.testng.SuiteRunnerWorker.run(SuiteRunnerWorker.java:96)
	at org.testng.TestNG.runSuitesSequentially(TestNG.java:1187)
	at org.testng.TestNG.runSuitesLocally(TestNG.java:1109)
	at org.testng.TestNG.runSuites(TestNG.java:1039)
	at org.testng.TestNG.run(TestNG.java:1007)
	at org.testng.remote.AbstractRemoteTestNG.run(AbstractRemoteTestNG.java:115)
	at org.testng.remote.RemoteTestNG.initAndRun(RemoteTestNG.java:251)
	at org.testng.remote.RemoteTestNG.main(RemoteTestNG.java:77)
</pre></div></td>
<td>45</td>
<td>testcases.paycreditcard.TC42PayCreditCardPayUtteranceBase@68ceda24</td></tr>
<tr>
<td title='testcases.paycreditcard.TC44PayCreditCardPayUtteranceBase3.PayCreditCardPayUtteranceBase()'><b>PayCreditCardPayUtteranceBase</b><br>Test class: testcases.paycreditcard.TC44PayCreditCardPayUtteranceBase3</td>
<td><div><pre>java.lang.RuntimeException: FAILED
	at utils.Reporter.reportStep(Reporter.java:29)
	at wrappers.GenericWrappers.verifyTextByXpath(GenericWrappers.java:474)
	at pages.PayCreditCardPage.verifyWelcomeUserName(PayCreditCardPage.java:52)
	at testcases.paycreditcard.TC44PayCreditCardPayUtteranceBase3.PayCreditCardPayUtteranceBase(TC44PayCreditCardPayUtteranceBase3.java:42)
	at java.util.ArrayList.forEach(Unknown Source)
... Removed 27 stack frames</pre></div><a href='#' onClick='toggleBox("stack-trace896166825", this, "Click to show all stack frames", "Click to hide stack frames")'>Click to show all stack frames</a>
<div class='stack-trace' id='stack-trace896166825'><pre>java.lang.RuntimeException: FAILED
	at utils.Reporter.reportStep(Reporter.java:29)
	at wrappers.GenericWrappers.verifyTextByXpath(GenericWrappers.java:474)
	at pages.PayCreditCardPage.verifyWelcomeUserName(PayCreditCardPage.java:52)
	at testcases.paycreditcard.TC44PayCreditCardPayUtteranceBase3.PayCreditCardPayUtteranceBase(TC44PayCreditCardPayUtteranceBase3.java:42)
	at sun.reflect.NativeMethodAccessorImpl.invoke0(Native Method)
	at sun.reflect.NativeMethodAccessorImpl.invoke(Unknown Source)
	at sun.reflect.DelegatingMethodAccessorImpl.invoke(Unknown Source)
	at java.lang.reflect.Method.invoke(Unknown Source)
	at org.testng.internal.MethodInvocationHelper.invokeMethod(MethodInvocationHelper.java:134)
	at org.testng.internal.TestInvoker.invokeMethod(TestInvoker.java:597)
	at org.testng.internal.TestInvoker.invokeTestMethod(TestInvoker.java:173)
	at org.testng.internal.MethodRunner.runInSequence(MethodRunner.java:46)
	at org.testng.internal.TestInvoker$MethodInvocationAgent.invoke(TestInvoker.java:816)
	at org.testng.internal.TestInvoker.invokeTestMethods(TestInvoker.java:146)
	at org.testng.internal.TestMethodWorker.invokeTestMethods(TestMethodWorker.java:146)
	at org.testng.internal.TestMethodWorker.run(TestMethodWorker.java:128)
	at java.util.ArrayList.forEach(Unknown Source)
	at org.testng.TestRunner.privateRun(TestRunner.java:766)
	at org.testng.TestRunner.run(TestRunner.java:587)
	at org.testng.SuiteRunner.runTest(SuiteRunner.java:384)
	at org.testng.SuiteRunner.runSequentially(SuiteRunner.java:378)
	at org.testng.SuiteRunner.privateRun(SuiteRunner.java:337)
	at org.testng.SuiteRunner.run(SuiteRunner.java:286)
	at org.testng.SuiteRunnerWorker.runSuite(SuiteRunnerWorker.java:53)
	at org.testng.SuiteRunnerWorker.run(SuiteRunnerWorker.java:96)
	at org.testng.TestNG.runSuitesSequentially(TestNG.java:1187)
	at org.testng.TestNG.runSuitesLocally(TestNG.java:1109)
	at org.testng.TestNG.runSuites(TestNG.java:1039)
	at org.testng.TestNG.run(TestNG.java:1007)
	at org.testng.remote.AbstractRemoteTestNG.run(AbstractRemoteTestNG.java:115)
	at org.testng.remote.RemoteTestNG.initAndRun(RemoteTestNG.java:251)
	at org.testng.remote.RemoteTestNG.main(RemoteTestNG.java:77)
</pre></div></td>
<td>23</td>
<td>testcases.paycreditcard.TC44PayCreditCardPayUtteranceBase3@35a50a4c</td></tr>
<tr>
<td title='testcases.paycreditcard.TC35PayCreditCardPayUtteranceBasedOnAccountandCard.PayCreditCardPayUtteranceBasedOnAccountandCard()'><b>PayCreditCardPayUtteranceBasedOnAccountandCard</b><br>Test class: testcases.paycreditcard.TC35PayCreditCardPayUtteranceBasedOnAccountandCard</td>
<td><div><pre>java.lang.RuntimeException: FAILED
	at utils.Reporter.reportStep(Reporter.java:29)
	at wrappers.GenericWrappers.verifyTextByXpath(GenericWrappers.java:474)
	at pages.PayCreditCardPage.verifyWelcomeUserName(PayCreditCardPage.java:52)
	at testcases.paycreditcard.TC35PayCreditCardPayUtteranceBasedOnAccountandCard.PayCreditCardPayUtteranceBasedOnAccountandCard(TC35PayCreditCardPayUtteranceBasedOnAccountandCard.java:42)
	at java.util.ArrayList.forEach(Unknown Source)
... Removed 27 stack frames</pre></div><a href='#' onClick='toggleBox("stack-trace1403795651", this, "Click to show all stack frames", "Click to hide stack frames")'>Click to show all stack frames</a>
<div class='stack-trace' id='stack-trace1403795651'><pre>java.lang.RuntimeException: FAILED
	at utils.Reporter.reportStep(Reporter.java:29)
	at wrappers.GenericWrappers.verifyTextByXpath(GenericWrappers.java:474)
	at pages.PayCreditCardPage.verifyWelcomeUserName(PayCreditCardPage.java:52)
	at testcases.paycreditcard.TC35PayCreditCardPayUtteranceBasedOnAccountandCard.PayCreditCardPayUtteranceBasedOnAccountandCard(TC35PayCreditCardPayUtteranceBasedOnAccountandCard.java:42)
	at sun.reflect.NativeMethodAccessorImpl.invoke0(Native Method)
	at sun.reflect.NativeMethodAccessorImpl.invoke(Unknown Source)
	at sun.reflect.DelegatingMethodAccessorImpl.invoke(Unknown Source)
	at java.lang.reflect.Method.invoke(Unknown Source)
	at org.testng.internal.MethodInvocationHelper.invokeMethod(MethodInvocationHelper.java:134)
	at org.testng.internal.TestInvoker.invokeMethod(TestInvoker.java:597)
	at org.testng.internal.TestInvoker.invokeTestMethod(TestInvoker.java:173)
	at org.testng.internal.MethodRunner.runInSequence(MethodRunner.java:46)
	at org.testng.internal.TestInvoker$MethodInvocationAgent.invoke(TestInvoker.java:816)
	at org.testng.internal.TestInvoker.invokeTestMethods(TestInvoker.java:146)
	at org.testng.internal.TestMethodWorker.invokeTestMethods(TestMethodWorker.java:146)
	at org.testng.internal.TestMethodWorker.run(TestMethodWorker.java:128)
	at java.util.ArrayList.forEach(Unknown Source)
	at org.testng.TestRunner.privateRun(TestRunner.java:766)
	at org.testng.TestRunner.run(TestRunner.java:587)
	at org.testng.SuiteRunner.runTest(SuiteRunner.java:384)
	at org.testng.SuiteRunner.runSequentially(SuiteRunner.java:378)
	at org.testng.SuiteRunner.privateRun(SuiteRunner.java:337)
	at org.testng.SuiteRunner.run(SuiteRunner.java:286)
	at org.testng.SuiteRunnerWorker.runSuite(SuiteRunnerWorker.java:53)
	at org.testng.SuiteRunnerWorker.run(SuiteRunnerWorker.java:96)
	at org.testng.TestNG.runSuitesSequentially(TestNG.java:1187)
	at org.testng.TestNG.runSuitesLocally(TestNG.java:1109)
	at org.testng.TestNG.runSuites(TestNG.java:1039)
	at org.testng.TestNG.run(TestNG.java:1007)
	at org.testng.remote.AbstractRemoteTestNG.run(AbstractRemoteTestNG.java:115)
	at org.testng.remote.RemoteTestNG.initAndRun(RemoteTestNG.java:251)
	at org.testng.remote.RemoteTestNG.main(RemoteTestNG.java:77)
</pre></div></td>
<td>25</td>
<td>testcases.paycreditcard.TC35PayCreditCardPayUtteranceBasedOnAccountandCard@fe18270</td></tr>
<tr>
<td title='testcases.paycreditcard.TC08PayCreditCardPaymentConfirmation.PayCreditCardPaymentConfirmation()'><b>PayCreditCardPaymentConfirmation</b><br>Test class: testcases.paycreditcard.TC08PayCreditCardPaymentConfirmation</td>
<td><div><pre>java.lang.RuntimeException: FAILED
	at utils.Reporter.reportStep(Reporter.java:29)
	at wrappers.GenericWrappers.verifyTextByXpath(GenericWrappers.java:474)
	at pages.PayCreditCardPage.verifyWelcomeUserName(PayCreditCardPage.java:52)
	at testcases.paycreditcard.TC08PayCreditCardPaymentConfirmation.PayCreditCardPaymentConfirmation(TC08PayCreditCardPaymentConfirmation.java:43)
	at java.util.ArrayList.forEach(Unknown Source)
... Removed 27 stack frames</pre></div><a href='#' onClick='toggleBox("stack-trace1623406089", this, "Click to show all stack frames", "Click to hide stack frames")'>Click to show all stack frames</a>
<div class='stack-trace' id='stack-trace1623406089'><pre>java.lang.RuntimeException: FAILED
	at utils.Reporter.reportStep(Reporter.java:29)
	at wrappers.GenericWrappers.verifyTextByXpath(GenericWrappers.java:474)
	at pages.PayCreditCardPage.verifyWelcomeUserName(PayCreditCardPage.java:52)
	at testcases.paycreditcard.TC08PayCreditCardPaymentConfirmation.PayCreditCardPaymentConfirmation(TC08PayCreditCardPaymentConfirmation.java:43)
	at sun.reflect.NativeMethodAccessorImpl.invoke0(Native Method)
	at sun.reflect.NativeMethodAccessorImpl.invoke(Unknown Source)
	at sun.reflect.DelegatingMethodAccessorImpl.invoke(Unknown Source)
	at java.lang.reflect.Method.invoke(Unknown Source)
	at org.testng.internal.MethodInvocationHelper.invokeMethod(MethodInvocationHelper.java:134)
	at org.testng.internal.TestInvoker.invokeMethod(TestInvoker.java:597)
	at org.testng.internal.TestInvoker.invokeTestMethod(TestInvoker.java:173)
	at org.testng.internal.MethodRunner.runInSequence(MethodRunner.java:46)
	at org.testng.internal.TestInvoker$MethodInvocationAgent.invoke(TestInvoker.java:816)
	at org.testng.internal.TestInvoker.invokeTestMethods(TestInvoker.java:146)
	at org.testng.internal.TestMethodWorker.invokeTestMethods(TestMethodWorker.java:146)
	at org.testng.internal.TestMethodWorker.run(TestMethodWorker.java:128)
	at java.util.ArrayList.forEach(Unknown Source)
	at org.testng.TestRunner.privateRun(TestRunner.java:766)
	at org.testng.TestRunner.run(TestRunner.java:587)
	at org.testng.SuiteRunner.runTest(SuiteRunner.java:384)
	at org.testng.SuiteRunner.runSequentially(SuiteRunner.java:378)
	at org.testng.SuiteRunner.privateRun(SuiteRunner.java:337)
	at org.testng.SuiteRunner.run(SuiteRunner.java:286)
	at org.testng.SuiteRunnerWorker.runSuite(SuiteRunnerWorker.java:53)
	at org.testng.SuiteRunnerWorker.run(SuiteRunnerWorker.java:96)
	at org.testng.TestNG.runSuitesSequentially(TestNG.java:1187)
	at org.testng.TestNG.runSuitesLocally(TestNG.java:1109)
	at org.testng.TestNG.runSuites(TestNG.java:1039)
	at org.testng.TestNG.run(TestNG.java:1007)
	at org.testng.remote.AbstractRemoteTestNG.run(AbstractRemoteTestNG.java:115)
	at org.testng.remote.RemoteTestNG.initAndRun(RemoteTestNG.java:251)
	at org.testng.remote.RemoteTestNG.main(RemoteTestNG.java:77)
</pre></div></td>
<td>31</td>
<td>testcases.paycreditcard.TC08PayCreditCardPaymentConfirmation@548ad73b</td></tr>
<tr>
<td title='testcases.paycreditcard.TC07PayCreditCardSelectAmountType.PayCreditCardSelectStatementAmount()'><b>PayCreditCardSelectStatementAmount</b><br>Test class: testcases.paycreditcard.TC07PayCreditCardSelectAmountType</td>
<td><div><pre>java.lang.RuntimeException: FAILED
	at utils.Reporter.reportStep(Reporter.java:29)
	at wrappers.GenericWrappers.verifyTextByXpath(GenericWrappers.java:474)
	at pages.PayCreditCardPage.VerifyClientResponseMessage(PayCreditCardPage.java:90)
	at testcases.paycreditcard.TC07PayCreditCardSelectAmountType.PayCreditCardSelectStatementAmount(TC07PayCreditCardSelectAmountType.java:99)
	at java.util.ArrayList.forEach(Unknown Source)
... Removed 27 stack frames</pre></div><a href='#' onClick='toggleBox("stack-trace1982672460", this, "Click to show all stack frames", "Click to hide stack frames")'>Click to show all stack frames</a>
<div class='stack-trace' id='stack-trace1982672460'><pre>java.lang.RuntimeException: FAILED
	at utils.Reporter.reportStep(Reporter.java:29)
	at wrappers.GenericWrappers.verifyTextByXpath(GenericWrappers.java:474)
	at pages.PayCreditCardPage.VerifyClientResponseMessage(PayCreditCardPage.java:90)
	at testcases.paycreditcard.TC07PayCreditCardSelectAmountType.PayCreditCardSelectStatementAmount(TC07PayCreditCardSelectAmountType.java:99)
	at sun.reflect.NativeMethodAccessorImpl.invoke0(Native Method)
	at sun.reflect.NativeMethodAccessorImpl.invoke(Unknown Source)
	at sun.reflect.DelegatingMethodAccessorImpl.invoke(Unknown Source)
	at java.lang.reflect.Method.invoke(Unknown Source)
	at org.testng.internal.MethodInvocationHelper.invokeMethod(MethodInvocationHelper.java:134)
	at org.testng.internal.TestInvoker.invokeMethod(TestInvoker.java:597)
	at org.testng.internal.TestInvoker.invokeTestMethod(TestInvoker.java:173)
	at org.testng.internal.MethodRunner.runInSequence(MethodRunner.java:46)
	at org.testng.internal.TestInvoker$MethodInvocationAgent.invoke(TestInvoker.java:816)
	at org.testng.internal.TestInvoker.invokeTestMethods(TestInvoker.java:146)
	at org.testng.internal.TestMethodWorker.invokeTestMethods(TestMethodWorker.java:146)
	at org.testng.internal.TestMethodWorker.run(TestMethodWorker.java:128)
	at java.util.ArrayList.forEach(Unknown Source)
	at org.testng.TestRunner.privateRun(TestRunner.java:766)
	at org.testng.TestRunner.run(TestRunner.java:587)
	at org.testng.SuiteRunner.runTest(SuiteRunner.java:384)
	at org.testng.SuiteRunner.runSequentially(SuiteRunner.java:378)
	at org.testng.SuiteRunner.privateRun(SuiteRunner.java:337)
	at org.testng.SuiteRunner.run(SuiteRunner.java:286)
	at org.testng.SuiteRunnerWorker.runSuite(SuiteRunnerWorker.java:53)
	at org.testng.SuiteRunnerWorker.run(SuiteRunnerWorker.java:96)
	at org.testng.TestNG.runSuitesSequentially(TestNG.java:1187)
	at org.testng.TestNG.runSuitesLocally(TestNG.java:1109)
	at org.testng.TestNG.runSuites(TestNG.java:1039)
	at org.testng.TestNG.run(TestNG.java:1007)
	at org.testng.remote.AbstractRemoteTestNG.run(AbstractRemoteTestNG.java:115)
	at org.testng.remote.RemoteTestNG.initAndRun(RemoteTestNG.java:251)
	at org.testng.remote.RemoteTestNG.main(RemoteTestNG.java:77)
</pre></div></td>
<td>45</td>
<td>testcases.paycreditcard.TC07PayCreditCardSelectAmountType@77846d2c</td></tr>
<tr>
<td title='testcases.paycreditcard.TC05PayCreditCardSelecttheAccounts.PayCreditCardSelecttheRegularCurrentAccount()'><b>PayCreditCardSelecttheRegularCurrentAccount</b><br>Test class: testcases.paycreditcard.TC05PayCreditCardSelecttheAccounts</td>
<td><div><pre>java.lang.RuntimeException: FAILED
	at utils.Reporter.reportStep(Reporter.java:29)
	at wrappers.GenericWrappers.verifyTextByXpath(GenericWrappers.java:474)
	at pages.PayCreditCardPage.VerifyAccountListMessage(PayCreditCardPage.java:95)
	at testcases.paycreditcard.TC05PayCreditCardSelecttheAccounts.PayCreditCardSelecttheRegularCurrentAccount(TC05PayCreditCardSelecttheAccounts.java:96)
	at java.util.ArrayList.forEach(Unknown Source)
... Removed 27 stack frames</pre></div><a href='#' onClick='toggleBox("stack-trace602142157", this, "Click to show all stack frames", "Click to hide stack frames")'>Click to show all stack frames</a>
<div class='stack-trace' id='stack-trace602142157'><pre>java.lang.RuntimeException: FAILED
	at utils.Reporter.reportStep(Reporter.java:29)
	at wrappers.GenericWrappers.verifyTextByXpath(GenericWrappers.java:474)
	at pages.PayCreditCardPage.VerifyAccountListMessage(PayCreditCardPage.java:95)
	at testcases.paycreditcard.TC05PayCreditCardSelecttheAccounts.PayCreditCardSelecttheRegularCurrentAccount(TC05PayCreditCardSelecttheAccounts.java:96)
	at sun.reflect.NativeMethodAccessorImpl.invoke0(Native Method)
	at sun.reflect.NativeMethodAccessorImpl.invoke(Unknown Source)
	at sun.reflect.DelegatingMethodAccessorImpl.invoke(Unknown Source)
	at java.lang.reflect.Method.invoke(Unknown Source)
	at org.testng.internal.MethodInvocationHelper.invokeMethod(MethodInvocationHelper.java:134)
	at org.testng.internal.TestInvoker.invokeMethod(TestInvoker.java:597)
	at org.testng.internal.TestInvoker.invokeTestMethod(TestInvoker.java:173)
	at org.testng.internal.MethodRunner.runInSequence(MethodRunner.java:46)
	at org.testng.internal.TestInvoker$MethodInvocationAgent.invoke(TestInvoker.java:816)
	at org.testng.internal.TestInvoker.invokeTestMethods(TestInvoker.java:146)
	at org.testng.internal.TestMethodWorker.invokeTestMethods(TestMethodWorker.java:146)
	at org.testng.internal.TestMethodWorker.run(TestMethodWorker.java:128)
	at java.util.ArrayList.forEach(Unknown Source)
	at org.testng.TestRunner.privateRun(TestRunner.java:766)
	at org.testng.TestRunner.run(TestRunner.java:587)
	at org.testng.SuiteRunner.runTest(SuiteRunner.java:384)
	at org.testng.SuiteRunner.runSequentially(SuiteRunner.java:378)
	at org.testng.SuiteRunner.privateRun(SuiteRunner.java:337)
	at org.testng.SuiteRunner.run(SuiteRunner.java:286)
	at org.testng.SuiteRunnerWorker.runSuite(SuiteRunnerWorker.java:53)
	at org.testng.SuiteRunnerWorker.run(SuiteRunnerWorker.java:96)
	at org.testng.TestNG.runSuitesSequentially(TestNG.java:1187)
	at org.testng.TestNG.runSuitesLocally(TestNG.java:1109)
	at org.testng.TestNG.runSuites(TestNG.java:1039)
	at org.testng.TestNG.run(TestNG.java:1007)
	at org.testng.remote.AbstractRemoteTestNG.run(AbstractRemoteTestNG.java:115)
	at org.testng.remote.RemoteTestNG.initAndRun(RemoteTestNG.java:251)
	at org.testng.remote.RemoteTestNG.main(RemoteTestNG.java:77)
</pre></div></td>
<td>36</td>
<td>testcases.paycreditcard.TC05PayCreditCardSelecttheAccounts@545997b1</td></tr>
<tr>
<td title='testcases.paycreditcard.TC13PayCreditCardTwoInvalidAttemptswhileAccountSelection.PayCreditCardTwoInvalidAttemptswhileAccountSelection()'><b>PayCreditCardTwoInvalidAttemptswhileAccountSelection</b><br>Test class: testcases.paycreditcard.TC13PayCreditCardTwoInvalidAttemptswhileAccountSelection</td>
<td><div><pre>java.lang.RuntimeException: FAILED
	at utils.Reporter.reportStep(Reporter.java:29)
	at wrappers.GenericWrappers.verifyTextByXpath(GenericWrappers.java:474)
	at pages.PayCreditCardPage.VerifyClientResponseMessage(PayCreditCardPage.java:90)
	at testcases.paycreditcard.TC13PayCreditCardTwoInvalidAttemptswhileAccountSelection.PayCreditCardTwoInvalidAttemptswhileAccountSelection(TC13PayCreditCardTwoInvalidAttemptswhileAccountSelection.java:53)
	at java.util.ArrayList.forEach(Unknown Source)
... Removed 27 stack frames</pre></div><a href='#' onClick='toggleBox("stack-trace883496005", this, "Click to show all stack frames", "Click to hide stack frames")'>Click to show all stack frames</a>
<div class='stack-trace' id='stack-trace883496005'><pre>java.lang.RuntimeException: FAILED
	at utils.Reporter.reportStep(Reporter.java:29)
	at wrappers.GenericWrappers.verifyTextByXpath(GenericWrappers.java:474)
	at pages.PayCreditCardPage.VerifyClientResponseMessage(PayCreditCardPage.java:90)
	at testcases.paycreditcard.TC13PayCreditCardTwoInvalidAttemptswhileAccountSelection.PayCreditCardTwoInvalidAttemptswhileAccountSelection(TC13PayCreditCardTwoInvalidAttemptswhileAccountSelection.java:53)
	at sun.reflect.NativeMethodAccessorImpl.invoke0(Native Method)
	at sun.reflect.NativeMethodAccessorImpl.invoke(Unknown Source)
	at sun.reflect.DelegatingMethodAccessorImpl.invoke(Unknown Source)
	at java.lang.reflect.Method.invoke(Unknown Source)
	at org.testng.internal.MethodInvocationHelper.invokeMethod(MethodInvocationHelper.java:134)
	at org.testng.internal.TestInvoker.invokeMethod(TestInvoker.java:597)
	at org.testng.internal.TestInvoker.invokeTestMethod(TestInvoker.java:173)
	at org.testng.internal.MethodRunner.runInSequence(MethodRunner.java:46)
	at org.testng.internal.TestInvoker$MethodInvocationAgent.invoke(TestInvoker.java:816)
	at org.testng.internal.TestInvoker.invokeTestMethods(TestInvoker.java:146)
	at org.testng.internal.TestMethodWorker.invokeTestMethods(TestMethodWorker.java:146)
	at org.testng.internal.TestMethodWorker.run(TestMethodWorker.java:128)
	at java.util.ArrayList.forEach(Unknown Source)
	at org.testng.TestRunner.privateRun(TestRunner.java:766)
	at org.testng.TestRunner.run(TestRunner.java:587)
	at org.testng.SuiteRunner.runTest(SuiteRunner.java:384)
	at org.testng.SuiteRunner.runSequentially(SuiteRunner.java:378)
	at org.testng.SuiteRunner.privateRun(SuiteRunner.java:337)
	at org.testng.SuiteRunner.run(SuiteRunner.java:286)
	at org.testng.SuiteRunnerWorker.runSuite(SuiteRunnerWorker.java:53)
	at org.testng.SuiteRunnerWorker.run(SuiteRunnerWorker.java:96)
	at org.testng.TestNG.runSuitesSequentially(TestNG.java:1187)
	at org.testng.TestNG.runSuitesLocally(TestNG.java:1109)
	at org.testng.TestNG.runSuites(TestNG.java:1039)
	at org.testng.TestNG.run(TestNG.java:1007)
	at org.testng.remote.AbstractRemoteTestNG.run(AbstractRemoteTestNG.java:115)
	at org.testng.remote.RemoteTestNG.initAndRun(RemoteTestNG.java:251)
	at org.testng.remote.RemoteTestNG.main(RemoteTestNG.java:77)
</pre></div></td>
<td>59</td>
<td>testcases.paycreditcard.TC13PayCreditCardTwoInvalidAttemptswhileAccountSelection@df27fae</td></tr>
<tr>
<td title='testcases.paycreditcard.TC15PayCreditCardTwoInvalidAttemptswhileCardSelection.PayCreditCardTwoInvalidAttemptswhileCardSelection()'><b>PayCreditCardTwoInvalidAttemptswhileCardSelection</b><br>Test class: testcases.paycreditcard.TC15PayCreditCardTwoInvalidAttemptswhileCardSelection</td>
<td><div><pre>java.lang.RuntimeException: FAILED
	at utils.Reporter.reportStep(Reporter.java:29)
	at wrappers.GenericWrappers.verifyTextByXpath(GenericWrappers.java:474)
	at pages.PayCreditCardPage.VerifyClientResponseMessage(PayCreditCardPage.java:90)
	at testcases.paycreditcard.TC15PayCreditCardTwoInvalidAttemptswhileCardSelection.PayCreditCardTwoInvalidAttemptswhileCardSelection(TC15PayCreditCardTwoInvalidAttemptswhileCardSelection.java:55)
	at java.util.ArrayList.forEach(Unknown Source)
... Removed 27 stack frames</pre></div><a href='#' onClick='toggleBox("stack-trace1921262185", this, "Click to show all stack frames", "Click to hide stack frames")'>Click to show all stack frames</a>
<div class='stack-trace' id='stack-trace1921262185'><pre>java.lang.RuntimeException: FAILED
	at utils.Reporter.reportStep(Reporter.java:29)
	at wrappers.GenericWrappers.verifyTextByXpath(GenericWrappers.java:474)
	at pages.PayCreditCardPage.VerifyClientResponseMessage(PayCreditCardPage.java:90)
	at testcases.paycreditcard.TC15PayCreditCardTwoInvalidAttemptswhileCardSelection.PayCreditCardTwoInvalidAttemptswhileCardSelection(TC15PayCreditCardTwoInvalidAttemptswhileCardSelection.java:55)
	at sun.reflect.NativeMethodAccessorImpl.invoke0(Native Method)
	at sun.reflect.NativeMethodAccessorImpl.invoke(Unknown Source)
	at sun.reflect.DelegatingMethodAccessorImpl.invoke(Unknown Source)
	at java.lang.reflect.Method.invoke(Unknown Source)
	at org.testng.internal.MethodInvocationHelper.invokeMethod(MethodInvocationHelper.java:134)
	at org.testng.internal.TestInvoker.invokeMethod(TestInvoker.java:597)
	at org.testng.internal.TestInvoker.invokeTestMethod(TestInvoker.java:173)
	at org.testng.internal.MethodRunner.runInSequence(MethodRunner.java:46)
	at org.testng.internal.TestInvoker$MethodInvocationAgent.invoke(TestInvoker.java:816)
	at org.testng.internal.TestInvoker.invokeTestMethods(TestInvoker.java:146)
	at org.testng.internal.TestMethodWorker.invokeTestMethods(TestMethodWorker.java:146)
	at org.testng.internal.TestMethodWorker.run(TestMethodWorker.java:128)
	at java.util.ArrayList.forEach(Unknown Source)
	at org.testng.TestRunner.privateRun(TestRunner.java:766)
	at org.testng.TestRunner.run(TestRunner.java:587)
	at org.testng.SuiteRunner.runTest(SuiteRunner.java:384)
	at org.testng.SuiteRunner.runSequentially(SuiteRunner.java:378)
	at org.testng.SuiteRunner.privateRun(SuiteRunner.java:337)
	at org.testng.SuiteRunner.run(SuiteRunner.java:286)
	at org.testng.SuiteRunnerWorker.runSuite(SuiteRunnerWorker.java:53)
	at org.testng.SuiteRunnerWorker.run(SuiteRunnerWorker.java:96)
	at org.testng.TestNG.runSuitesSequentially(TestNG.java:1187)
	at org.testng.TestNG.runSuitesLocally(TestNG.java:1109)
	at org.testng.TestNG.runSuites(TestNG.java:1039)
	at org.testng.TestNG.run(TestNG.java:1007)
	at org.testng.remote.AbstractRemoteTestNG.run(AbstractRemoteTestNG.java:115)
	at org.testng.remote.RemoteTestNG.initAndRun(RemoteTestNG.java:251)
	at org.testng.remote.RemoteTestNG.main(RemoteTestNG.java:77)
</pre></div></td>
<td>66</td>
<td>testcases.paycreditcard.TC15PayCreditCardTwoInvalidAttemptswhileCardSelection@16f7c8c1</td></tr>
<tr>
<td title='testcases.paycreditcard.TC17PayCreditCardTwoInvalidAttemptswhilePaymentTypeSelection.PayCreditCardTwoInvalidAttemptswhilePaymentTypeSelection()'><b>PayCreditCardTwoInvalidAttemptswhilePaymentTypeSelection</b><br>Test class: testcases.paycreditcard.TC17PayCreditCardTwoInvalidAttemptswhilePaymentTypeSelection</td>
<td><div><pre>java.lang.RuntimeException: FAILED
	at utils.Reporter.reportStep(Reporter.java:29)
	at wrappers.GenericWrappers.verifyTextByXpath(GenericWrappers.java:474)
	at pages.PayCreditCardPage.VerifyClientResponseMessage(PayCreditCardPage.java:90)
	at testcases.paycreditcard.TC17PayCreditCardTwoInvalidAttemptswhilePaymentTypeSelection.PayCreditCardTwoInvalidAttemptswhilePaymentTypeSelection(TC17PayCreditCardTwoInvalidAttemptswhilePaymentTypeSelection.java:57)
	at java.util.ArrayList.forEach(Unknown Source)
... Removed 27 stack frames</pre></div><a href='#' onClick='toggleBox("stack-trace869748413", this, "Click to show all stack frames", "Click to hide stack frames")'>Click to show all stack frames</a>
<div class='stack-trace' id='stack-trace869748413'><pre>java.lang.RuntimeException: FAILED
	at utils.Reporter.reportStep(Reporter.java:29)
	at wrappers.GenericWrappers.verifyTextByXpath(GenericWrappers.java:474)
	at pages.PayCreditCardPage.VerifyClientResponseMessage(PayCreditCardPage.java:90)
	at testcases.paycreditcard.TC17PayCreditCardTwoInvalidAttemptswhilePaymentTypeSelection.PayCreditCardTwoInvalidAttemptswhilePaymentTypeSelection(TC17PayCreditCardTwoInvalidAttemptswhilePaymentTypeSelection.java:57)
	at sun.reflect.NativeMethodAccessorImpl.invoke0(Native Method)
	at sun.reflect.NativeMethodAccessorImpl.invoke(Unknown Source)
	at sun.reflect.DelegatingMethodAccessorImpl.invoke(Unknown Source)
	at java.lang.reflect.Method.invoke(Unknown Source)
	at org.testng.internal.MethodInvocationHelper.invokeMethod(MethodInvocationHelper.java:134)
	at org.testng.internal.TestInvoker.invokeMethod(TestInvoker.java:597)
	at org.testng.internal.TestInvoker.invokeTestMethod(TestInvoker.java:173)
	at org.testng.internal.MethodRunner.runInSequence(MethodRunner.java:46)
	at org.testng.internal.TestInvoker$MethodInvocationAgent.invoke(TestInvoker.java:816)
	at org.testng.internal.TestInvoker.invokeTestMethods(TestInvoker.java:146)
	at org.testng.internal.TestMethodWorker.invokeTestMethods(TestMethodWorker.java:146)
	at org.testng.internal.TestMethodWorker.run(TestMethodWorker.java:128)
	at java.util.ArrayList.forEach(Unknown Source)
	at org.testng.TestRunner.privateRun(TestRunner.java:766)
	at org.testng.TestRunner.run(TestRunner.java:587)
	at org.testng.SuiteRunner.runTest(SuiteRunner.java:384)
	at org.testng.SuiteRunner.runSequentially(SuiteRunner.java:378)
	at org.testng.SuiteRunner.privateRun(SuiteRunner.java:337)
	at org.testng.SuiteRunner.run(SuiteRunner.java:286)
	at org.testng.SuiteRunnerWorker.runSuite(SuiteRunnerWorker.java:53)
	at org.testng.SuiteRunnerWorker.run(SuiteRunnerWorker.java:96)
	at org.testng.TestNG.runSuitesSequentially(TestNG.java:1187)
	at org.testng.TestNG.runSuitesLocally(TestNG.java:1109)
	at org.testng.TestNG.runSuites(TestNG.java:1039)
	at org.testng.TestNG.run(TestNG.java:1007)
	at org.testng.remote.AbstractRemoteTestNG.run(AbstractRemoteTestNG.java:115)
	at org.testng.remote.RemoteTestNG.initAndRun(RemoteTestNG.java:251)
	at org.testng.remote.RemoteTestNG.main(RemoteTestNG.java:77)
</pre></div></td>
<td>71</td>
<td>testcases.paycreditcard.TC17PayCreditCardTwoInvalidAttemptswhilePaymentTypeSelection@319b92f3</td></tr>
<tr>
<td title='testcases.paycreditcard.TC19PayCreditCardTwoInvalidAttemptsWhileConfirmingthePayment.PayCreditCardUserEntersWrongConfirmationInputWhileConfirmingthePayment()'><b>PayCreditCardUserEntersWrongConfirmationInputWhileConfirmingthePayment</b><br>Test class: testcases.paycreditcard.TC19PayCreditCardTwoInvalidAttemptsWhileConfirmingthePayment</td>
<td><div><pre>java.lang.RuntimeException: FAILED
	at utils.Reporter.reportStep(Reporter.java:29)
	at wrappers.GenericWrappers.verifyTextByXpath(GenericWrappers.java:474)
	at pages.PayCreditCardPage.VerifyClientResponseMessage(PayCreditCardPage.java:90)
	at testcases.paycreditcard.TC19PayCreditCardTwoInvalidAttemptsWhileConfirmingthePayment.PayCreditCardUserEntersWrongConfirmationInputWhileConfirmingthePayment(TC19PayCreditCardTwoInvalidAttemptsWhileConfirmingthePayment.java:49)
	at java.util.ArrayList.forEach(Unknown Source)
... Removed 27 stack frames</pre></div><a href='#' onClick='toggleBox("stack-trace1121558161", this, "Click to show all stack frames", "Click to hide stack frames")'>Click to show all stack frames</a>
<div class='stack-trace' id='stack-trace1121558161'><pre>java.lang.RuntimeException: FAILED
	at utils.Reporter.reportStep(Reporter.java:29)
	at wrappers.GenericWrappers.verifyTextByXpath(GenericWrappers.java:474)
	at pages.PayCreditCardPage.VerifyClientResponseMessage(PayCreditCardPage.java:90)
	at testcases.paycreditcard.TC19PayCreditCardTwoInvalidAttemptsWhileConfirmingthePayment.PayCreditCardUserEntersWrongConfirmationInputWhileConfirmingthePayment(TC19PayCreditCardTwoInvalidAttemptsWhileConfirmingthePayment.java:49)
	at sun.reflect.NativeMethodAccessorImpl.invoke0(Native Method)
	at sun.reflect.NativeMethodAccessorImpl.invoke(Unknown Source)
	at sun.reflect.DelegatingMethodAccessorImpl.invoke(Unknown Source)
	at java.lang.reflect.Method.invoke(Unknown Source)
	at org.testng.internal.MethodInvocationHelper.invokeMethod(MethodInvocationHelper.java:134)
	at org.testng.internal.TestInvoker.invokeMethod(TestInvoker.java:597)
	at org.testng.internal.TestInvoker.invokeTestMethod(TestInvoker.java:173)
	at org.testng.internal.MethodRunner.runInSequence(MethodRunner.java:46)
	at org.testng.internal.TestInvoker$MethodInvocationAgent.invoke(TestInvoker.java:816)
	at org.testng.internal.TestInvoker.invokeTestMethods(TestInvoker.java:146)
	at org.testng.internal.TestMethodWorker.invokeTestMethods(TestMethodWorker.java:146)
	at org.testng.internal.TestMethodWorker.run(TestMethodWorker.java:128)
	at java.util.ArrayList.forEach(Unknown Source)
	at org.testng.TestRunner.privateRun(TestRunner.java:766)
	at org.testng.TestRunner.run(TestRunner.java:587)
	at org.testng.SuiteRunner.runTest(SuiteRunner.java:384)
	at org.testng.SuiteRunner.runSequentially(SuiteRunner.java:378)
	at org.testng.SuiteRunner.privateRun(SuiteRunner.java:337)
	at org.testng.SuiteRunner.run(SuiteRunner.java:286)
	at org.testng.SuiteRunnerWorker.runSuite(SuiteRunnerWorker.java:53)
	at org.testng.SuiteRunnerWorker.run(SuiteRunnerWorker.java:96)
	at org.testng.TestNG.runSuitesSequentially(TestNG.java:1187)
	at org.testng.TestNG.runSuitesLocally(TestNG.java:1109)
	at org.testng.TestNG.runSuites(TestNG.java:1039)
	at org.testng.TestNG.run(TestNG.java:1007)
	at org.testng.remote.AbstractRemoteTestNG.run(AbstractRemoteTestNG.java:115)
	at org.testng.remote.RemoteTestNG.initAndRun(RemoteTestNG.java:251)
	at org.testng.remote.RemoteTestNG.main(RemoteTestNG.java:77)
</pre></div></td>
<td>39</td>
<td>testcases.paycreditcard.TC19PayCreditCardTwoInvalidAttemptsWhileConfirmingthePayment@27d415d9</td></tr>
<tr>
<td title='testcases.paycreditcard.TC14PayCreditCardValidationMessageWhentheUserEntersWrongCardName.PayCreditCardValidationMessageWhentheUserEntersWrongCardName()'><b>PayCreditCardValidationMessageWhentheUserEntersWrongCardName</b><br>Test class: testcases.paycreditcard.TC14PayCreditCardValidationMessageWhentheUserEntersWrongCardName</td>
<td><div><pre>java.lang.RuntimeException: FAILED
	at utils.Reporter.reportStep(Reporter.java:29)
	at wrappers.GenericWrappers.verifyTextByXpath(GenericWrappers.java:474)
	at pages.PayCreditCardPage.verifyWelcomeUserName(PayCreditCardPage.java:52)
	at testcases.paycreditcard.TC14PayCreditCardValidationMessageWhentheUserEntersWrongCardName.PayCreditCardValidationMessageWhentheUserEntersWrongCardName(TC14PayCreditCardValidationMessageWhentheUserEntersWrongCardName.java:43)
	at java.util.ArrayList.forEach(Unknown Source)
... Removed 27 stack frames</pre></div><a href='#' onClick='toggleBox("stack-trace606708335", this, "Click to show all stack frames", "Click to hide stack frames")'>Click to show all stack frames</a>
<div class='stack-trace' id='stack-trace606708335'><pre>java.lang.RuntimeException: FAILED
	at utils.Reporter.reportStep(Reporter.java:29)
	at wrappers.GenericWrappers.verifyTextByXpath(GenericWrappers.java:474)
	at pages.PayCreditCardPage.verifyWelcomeUserName(PayCreditCardPage.java:52)
	at testcases.paycreditcard.TC14PayCreditCardValidationMessageWhentheUserEntersWrongCardName.PayCreditCardValidationMessageWhentheUserEntersWrongCardName(TC14PayCreditCardValidationMessageWhentheUserEntersWrongCardName.java:43)
	at sun.reflect.NativeMethodAccessorImpl.invoke0(Native Method)
	at sun.reflect.NativeMethodAccessorImpl.invoke(Unknown Source)
	at sun.reflect.DelegatingMethodAccessorImpl.invoke(Unknown Source)
	at java.lang.reflect.Method.invoke(Unknown Source)
	at org.testng.internal.MethodInvocationHelper.invokeMethod(MethodInvocationHelper.java:134)
	at org.testng.internal.TestInvoker.invokeMethod(TestInvoker.java:597)
	at org.testng.internal.TestInvoker.invokeTestMethod(TestInvoker.java:173)
	at org.testng.internal.MethodRunner.runInSequence(MethodRunner.java:46)
	at org.testng.internal.TestInvoker$MethodInvocationAgent.invoke(TestInvoker.java:816)
	at org.testng.internal.TestInvoker.invokeTestMethods(TestInvoker.java:146)
	at org.testng.internal.TestMethodWorker.invokeTestMethods(TestMethodWorker.java:146)
	at org.testng.internal.TestMethodWorker.run(TestMethodWorker.java:128)
	at java.util.ArrayList.forEach(Unknown Source)
	at org.testng.TestRunner.privateRun(TestRunner.java:766)
	at org.testng.TestRunner.run(TestRunner.java:587)
	at org.testng.SuiteRunner.runTest(SuiteRunner.java:384)
	at org.testng.SuiteRunner.runSequentially(SuiteRunner.java:378)
	at org.testng.SuiteRunner.privateRun(SuiteRunner.java:337)
	at org.testng.SuiteRunner.run(SuiteRunner.java:286)
	at org.testng.SuiteRunnerWorker.runSuite(SuiteRunnerWorker.java:53)
	at org.testng.SuiteRunnerWorker.run(SuiteRunnerWorker.java:96)
	at org.testng.TestNG.runSuitesSequentially(TestNG.java:1187)
	at org.testng.TestNG.runSuitesLocally(TestNG.java:1109)
	at org.testng.TestNG.runSuites(TestNG.java:1039)
	at org.testng.TestNG.run(TestNG.java:1007)
	at org.testng.remote.AbstractRemoteTestNG.run(AbstractRemoteTestNG.java:115)
	at org.testng.remote.RemoteTestNG.initAndRun(RemoteTestNG.java:251)
	at org.testng.remote.RemoteTestNG.main(RemoteTestNG.java:77)
</pre></div></td>
<td>32</td>
<td>testcases.paycreditcard.TC14PayCreditCardValidationMessageWhentheUserEntersWrongCardName@24a35978</td></tr>
<tr>
<td title='testcases.paycreditcard.TC16PayCreditCardValidationMessageWhentheUserEntersWrongPaymentType.PayCreditCardValidationMessageWhentheUserEntersWrongPaymentType()'><b>PayCreditCardValidationMessageWhentheUserEntersWrongPaymentType</b><br>Test class: testcases.paycreditcard.TC16PayCreditCardValidationMessageWhentheUserEntersWrongPaymentType</td>
<td><div><pre>java.lang.RuntimeException: FAILED
	at utils.Reporter.reportStep(Reporter.java:29)
	at wrappers.GenericWrappers.verifyTextByXpath(GenericWrappers.java:474)
	at pages.PayCreditCardPage.verifyWelcomeUserName(PayCreditCardPage.java:52)
	at testcases.paycreditcard.TC16PayCreditCardValidationMessageWhentheUserEntersWrongPaymentType.PayCreditCardValidationMessageWhentheUserEntersWrongPaymentType(TC16PayCreditCardValidationMessageWhentheUserEntersWrongPaymentType.java:43)
	at java.util.ArrayList.forEach(Unknown Source)
... Removed 27 stack frames</pre></div><a href='#' onClick='toggleBox("stack-trace2069896789", this, "Click to show all stack frames", "Click to hide stack frames")'>Click to show all stack frames</a>
<div class='stack-trace' id='stack-trace2069896789'><pre>java.lang.RuntimeException: FAILED
	at utils.Reporter.reportStep(Reporter.java:29)
	at wrappers.GenericWrappers.verifyTextByXpath(GenericWrappers.java:474)
	at pages.PayCreditCardPage.verifyWelcomeUserName(PayCreditCardPage.java:52)
	at testcases.paycreditcard.TC16PayCreditCardValidationMessageWhentheUserEntersWrongPaymentType.PayCreditCardValidationMessageWhentheUserEntersWrongPaymentType(TC16PayCreditCardValidationMessageWhentheUserEntersWrongPaymentType.java:43)
	at sun.reflect.NativeMethodAccessorImpl.invoke0(Native Method)
	at sun.reflect.NativeMethodAccessorImpl.invoke(Unknown Source)
	at sun.reflect.DelegatingMethodAccessorImpl.invoke(Unknown Source)
	at java.lang.reflect.Method.invoke(Unknown Source)
	at org.testng.internal.MethodInvocationHelper.invokeMethod(MethodInvocationHelper.java:134)
	at org.testng.internal.TestInvoker.invokeMethod(TestInvoker.java:597)
	at org.testng.internal.TestInvoker.invokeTestMethod(TestInvoker.java:173)
	at org.testng.internal.MethodRunner.runInSequence(MethodRunner.java:46)
	at org.testng.internal.TestInvoker$MethodInvocationAgent.invoke(TestInvoker.java:816)
	at org.testng.internal.TestInvoker.invokeTestMethods(TestInvoker.java:146)
	at org.testng.internal.TestMethodWorker.invokeTestMethods(TestMethodWorker.java:146)
	at org.testng.internal.TestMethodWorker.run(TestMethodWorker.java:128)
	at java.util.ArrayList.forEach(Unknown Source)
	at org.testng.TestRunner.privateRun(TestRunner.java:766)
	at org.testng.TestRunner.run(TestRunner.java:587)
	at org.testng.SuiteRunner.runTest(SuiteRunner.java:384)
	at org.testng.SuiteRunner.runSequentially(SuiteRunner.java:378)
	at org.testng.SuiteRunner.privateRun(SuiteRunner.java:337)
	at org.testng.SuiteRunner.run(SuiteRunner.java:286)
	at org.testng.SuiteRunnerWorker.runSuite(SuiteRunnerWorker.java:53)
	at org.testng.SuiteRunnerWorker.run(SuiteRunnerWorker.java:96)
	at org.testng.TestNG.runSuitesSequentially(TestNG.java:1187)
	at org.testng.TestNG.runSuitesLocally(TestNG.java:1109)
	at org.testng.TestNG.runSuites(TestNG.java:1039)
	at org.testng.TestNG.run(TestNG.java:1007)
	at org.testng.remote.AbstractRemoteTestNG.run(AbstractRemoteTestNG.java:115)
	at org.testng.remote.RemoteTestNG.initAndRun(RemoteTestNG.java:251)
	at org.testng.remote.RemoteTestNG.main(RemoteTestNG.java:77)
</pre></div></td>
<td>30</td>
<td>testcases.paycreditcard.TC16PayCreditCardValidationMessageWhentheUserEntersWrongPaymentType@2f0a87b3</td></tr>
<tr>
<td title='testcases.paycreditcard.TC11PayCreditCardViewTransactionCancellationMessage.PayCreditCardViewTransactionCancellationMessage()'><b>PayCreditCardViewTransactionCancellationMessage</b><br>Test class: testcases.paycreditcard.TC11PayCreditCardViewTransactionCancellationMessage</td>
<td><div><pre>java.lang.RuntimeException: FAILED
	at utils.Reporter.reportStep(Reporter.java:29)
	at wrappers.GenericWrappers.verifyTextByXpath(GenericWrappers.java:474)
	at pages.PayCreditCardPage.VerifyClientResponseMessage(PayCreditCardPage.java:90)
	at testcases.paycreditcard.TC11PayCreditCardViewTransactionCancellationMessage.PayCreditCardViewTransactionCancellationMessage(TC11PayCreditCardViewTransactionCancellationMessage.java:56)
	at java.util.ArrayList.forEach(Unknown Source)
... Removed 27 stack frames</pre></div><a href='#' onClick='toggleBox("stack-trace1991274064", this, "Click to show all stack frames", "Click to hide stack frames")'>Click to show all stack frames</a>
<div class='stack-trace' id='stack-trace1991274064'><pre>java.lang.RuntimeException: FAILED
	at utils.Reporter.reportStep(Reporter.java:29)
	at wrappers.GenericWrappers.verifyTextByXpath(GenericWrappers.java:474)
	at pages.PayCreditCardPage.VerifyClientResponseMessage(PayCreditCardPage.java:90)
	at testcases.paycreditcard.TC11PayCreditCardViewTransactionCancellationMessage.PayCreditCardViewTransactionCancellationMessage(TC11PayCreditCardViewTransactionCancellationMessage.java:56)
	at sun.reflect.NativeMethodAccessorImpl.invoke0(Native Method)
	at sun.reflect.NativeMethodAccessorImpl.invoke(Unknown Source)
	at sun.reflect.DelegatingMethodAccessorImpl.invoke(Unknown Source)
	at java.lang.reflect.Method.invoke(Unknown Source)
	at org.testng.internal.MethodInvocationHelper.invokeMethod(MethodInvocationHelper.java:134)
	at org.testng.internal.TestInvoker.invokeMethod(TestInvoker.java:597)
	at org.testng.internal.TestInvoker.invokeTestMethod(TestInvoker.java:173)
	at org.testng.internal.MethodRunner.runInSequence(MethodRunner.java:46)
	at org.testng.internal.TestInvoker$MethodInvocationAgent.invoke(TestInvoker.java:816)
	at org.testng.internal.TestInvoker.invokeTestMethods(TestInvoker.java:146)
	at org.testng.internal.TestMethodWorker.invokeTestMethods(TestMethodWorker.java:146)
	at org.testng.internal.TestMethodWorker.run(TestMethodWorker.java:128)
	at java.util.ArrayList.forEach(Unknown Source)
	at org.testng.TestRunner.privateRun(TestRunner.java:766)
	at org.testng.TestRunner.run(TestRunner.java:587)
	at org.testng.SuiteRunner.runTest(SuiteRunner.java:384)
	at org.testng.SuiteRunner.runSequentially(SuiteRunner.java:378)
	at org.testng.SuiteRunner.privateRun(SuiteRunner.java:337)
	at org.testng.SuiteRunner.run(SuiteRunner.java:286)
	at org.testng.SuiteRunnerWorker.runSuite(SuiteRunnerWorker.java:53)
	at org.testng.SuiteRunnerWorker.run(SuiteRunnerWorker.java:96)
	at org.testng.TestNG.runSuitesSequentially(TestNG.java:1187)
	at org.testng.TestNG.runSuitesLocally(TestNG.java:1109)
	at org.testng.TestNG.runSuites(TestNG.java:1039)
	at org.testng.TestNG.run(TestNG.java:1007)
	at org.testng.remote.AbstractRemoteTestNG.run(AbstractRemoteTestNG.java:115)
	at org.testng.remote.RemoteTestNG.initAndRun(RemoteTestNG.java:251)
	at org.testng.remote.RemoteTestNG.main(RemoteTestNG.java:77)
</pre></div></td>
<td>58</td>
<td>testcases.paycreditcard.TC11PayCreditCardViewTransactionCancellationMessage@727803de</td></tr>
<tr>
<td title='testcases.paycreditcard.TC45PayCreditCardName.PayUltimateCard()'><b>PayUltimateCard</b><br>Test class: testcases.paycreditcard.TC45PayCreditCardName</td>
<td><div><pre>java.lang.RuntimeException: FAILED
	at utils.Reporter.reportStep(Reporter.java:29)
	at wrappers.GenericWrappers.verifyTextByXpath(GenericWrappers.java:474)
	at pages.PayCreditCardPage.verifyWelcomeUserName(PayCreditCardPage.java:52)
	at testcases.paycreditcard.TC45PayCreditCardName.PayUltimateCard(TC45PayCreditCardName.java:42)
	at java.util.ArrayList.forEach(Unknown Source)
... Removed 27 stack frames</pre></div><a href='#' onClick='toggleBox("stack-trace1772251098", this, "Click to show all stack frames", "Click to hide stack frames")'>Click to show all stack frames</a>
<div class='stack-trace' id='stack-trace1772251098'><pre>java.lang.RuntimeException: FAILED
	at utils.Reporter.reportStep(Reporter.java:29)
	at wrappers.GenericWrappers.verifyTextByXpath(GenericWrappers.java:474)
	at pages.PayCreditCardPage.verifyWelcomeUserName(PayCreditCardPage.java:52)
	at testcases.paycreditcard.TC45PayCreditCardName.PayUltimateCard(TC45PayCreditCardName.java:42)
	at sun.reflect.NativeMethodAccessorImpl.invoke0(Native Method)
	at sun.reflect.NativeMethodAccessorImpl.invoke(Unknown Source)
	at sun.reflect.DelegatingMethodAccessorImpl.invoke(Unknown Source)
	at java.lang.reflect.Method.invoke(Unknown Source)
	at org.testng.internal.MethodInvocationHelper.invokeMethod(MethodInvocationHelper.java:134)
	at org.testng.internal.TestInvoker.invokeMethod(TestInvoker.java:597)
	at org.testng.internal.TestInvoker.invokeTestMethod(TestInvoker.java:173)
	at org.testng.internal.MethodRunner.runInSequence(MethodRunner.java:46)
	at org.testng.internal.TestInvoker$MethodInvocationAgent.invoke(TestInvoker.java:816)
	at org.testng.internal.TestInvoker.invokeTestMethods(TestInvoker.java:146)
	at org.testng.internal.TestMethodWorker.invokeTestMethods(TestMethodWorker.java:146)
	at org.testng.internal.TestMethodWorker.run(TestMethodWorker.java:128)
	at java.util.ArrayList.forEach(Unknown Source)
	at org.testng.TestRunner.privateRun(TestRunner.java:766)
	at org.testng.TestRunner.run(TestRunner.java:587)
	at org.testng.SuiteRunner.runTest(SuiteRunner.java:384)
	at org.testng.SuiteRunner.runSequentially(SuiteRunner.java:378)
	at org.testng.SuiteRunner.privateRun(SuiteRunner.java:337)
	at org.testng.SuiteRunner.run(SuiteRunner.java:286)
	at org.testng.SuiteRunnerWorker.runSuite(SuiteRunnerWorker.java:53)
	at org.testng.SuiteRunnerWorker.run(SuiteRunnerWorker.java:96)
	at org.testng.TestNG.runSuitesSequentially(TestNG.java:1187)
	at org.testng.TestNG.runSuitesLocally(TestNG.java:1109)
	at org.testng.TestNG.runSuites(TestNG.java:1039)
	at org.testng.TestNG.run(TestNG.java:1007)
	at org.testng.remote.AbstractRemoteTestNG.run(AbstractRemoteTestNG.java:115)
	at org.testng.remote.RemoteTestNG.initAndRun(RemoteTestNG.java:251)
	at org.testng.remote.RemoteTestNG.main(RemoteTestNG.java:77)
</pre></div></td>
<td>23</td>
<td>testcases.paycreditcard.TC45PayCreditCardName@1f021e6c</td></tr>
<tr>
<td title='testcases.paycreditcard.TC21PayCreditCardTwoInvalidAttemptsWhileEnteringtheOTP.TwoInvalidAttemptswhileAccountSelection()'><b>TwoInvalidAttemptswhileAccountSelection</b><br>Test class: testcases.paycreditcard.TC21PayCreditCardTwoInvalidAttemptsWhileEnteringtheOTP</td>
<td><div><pre>java.lang.RuntimeException: FAILED
	at utils.Reporter.reportStep(Reporter.java:29)
	at wrappers.GenericWrappers.verifyTextByXpath(GenericWrappers.java:474)
	at pages.PayCreditCardPage.VerifyClientResponseMessage(PayCreditCardPage.java:90)
	at testcases.paycreditcard.TC21PayCreditCardTwoInvalidAttemptsWhileEnteringtheOTP.TwoInvalidAttemptswhileAccountSelection(TC21PayCreditCardTwoInvalidAttemptsWhileEnteringtheOTP.java:60)
	at java.util.ArrayList.forEach(Unknown Source)
... Removed 27 stack frames</pre></div><a href='#' onClick='toggleBox("stack-trace236905919", this, "Click to show all stack frames", "Click to hide stack frames")'>Click to show all stack frames</a>
<div class='stack-trace' id='stack-trace236905919'><pre>java.lang.RuntimeException: FAILED
	at utils.Reporter.reportStep(Reporter.java:29)
	at wrappers.GenericWrappers.verifyTextByXpath(GenericWrappers.java:474)
	at pages.PayCreditCardPage.VerifyClientResponseMessage(PayCreditCardPage.java:90)
	at testcases.paycreditcard.TC21PayCreditCardTwoInvalidAttemptsWhileEnteringtheOTP.TwoInvalidAttemptswhileAccountSelection(TC21PayCreditCardTwoInvalidAttemptsWhileEnteringtheOTP.java:60)
	at sun.reflect.NativeMethodAccessorImpl.invoke0(Native Method)
	at sun.reflect.NativeMethodAccessorImpl.invoke(Unknown Source)
	at sun.reflect.DelegatingMethodAccessorImpl.invoke(Unknown Source)
	at java.lang.reflect.Method.invoke(Unknown Source)
	at org.testng.internal.MethodInvocationHelper.invokeMethod(MethodInvocationHelper.java:134)
	at org.testng.internal.TestInvoker.invokeMethod(TestInvoker.java:597)
	at org.testng.internal.TestInvoker.invokeTestMethod(TestInvoker.java:173)
	at org.testng.internal.MethodRunner.runInSequence(MethodRunner.java:46)
	at org.testng.internal.TestInvoker$MethodInvocationAgent.invoke(TestInvoker.java:816)
	at org.testng.internal.TestInvoker.invokeTestMethods(TestInvoker.java:146)
	at org.testng.internal.TestMethodWorker.invokeTestMethods(TestMethodWorker.java:146)
	at org.testng.internal.TestMethodWorker.run(TestMethodWorker.java:128)
	at java.util.ArrayList.forEach(Unknown Source)
	at org.testng.TestRunner.privateRun(TestRunner.java:766)
	at org.testng.TestRunner.run(TestRunner.java:587)
	at org.testng.SuiteRunner.runTest(SuiteRunner.java:384)
	at org.testng.SuiteRunner.runSequentially(SuiteRunner.java:378)
	at org.testng.SuiteRunner.privateRun(SuiteRunner.java:337)
	at org.testng.SuiteRunner.run(SuiteRunner.java:286)
	at org.testng.SuiteRunnerWorker.runSuite(SuiteRunnerWorker.java:53)
	at org.testng.SuiteRunnerWorker.run(SuiteRunnerWorker.java:96)
	at org.testng.TestNG.runSuitesSequentially(TestNG.java:1187)
	at org.testng.TestNG.runSuitesLocally(TestNG.java:1109)
	at org.testng.TestNG.runSuites(TestNG.java:1039)
	at org.testng.TestNG.run(TestNG.java:1007)
	at org.testng.remote.AbstractRemoteTestNG.run(AbstractRemoteTestNG.java:115)
	at org.testng.remote.RemoteTestNG.initAndRun(RemoteTestNG.java:251)
	at org.testng.remote.RemoteTestNG.main(RemoteTestNG.java:77)
</pre></div></td>
<td>77</td>
<td>testcases.paycreditcard.TC21PayCreditCardTwoInvalidAttemptsWhileEnteringtheOTP@31f924f5</td></tr>
<tr>
<td title='testcases.paycreditcard.TC29PayCreditCardTwoInvalidAttemptsWhileEnteringtheOTP.TwoInvalidAttemptswhileAccountSelection()'><b>TwoInvalidAttemptswhileAccountSelection</b><br>Test class: testcases.paycreditcard.TC29PayCreditCardTwoInvalidAttemptsWhileEnteringtheOTP</td>
<td><div><pre>java.lang.RuntimeException: FAILED
	at utils.Reporter.reportStep(Reporter.java:29)
	at wrappers.GenericWrappers.verifyTextByXpath(GenericWrappers.java:474)
	at pages.PayCreditCardPage.VerifyClientResponseMessage(PayCreditCardPage.java:90)
	at testcases.paycreditcard.TC29PayCreditCardTwoInvalidAttemptsWhileEnteringtheOTP.TwoInvalidAttemptswhileAccountSelection(TC29PayCreditCardTwoInvalidAttemptsWhileEnteringtheOTP.java:60)
	at java.util.ArrayList.forEach(Unknown Source)
... Removed 27 stack frames</pre></div><a href='#' onClick='toggleBox("stack-trace927637672", this, "Click to show all stack frames", "Click to hide stack frames")'>Click to show all stack frames</a>
<div class='stack-trace' id='stack-trace927637672'><pre>java.lang.RuntimeException: FAILED
	at utils.Reporter.reportStep(Reporter.java:29)
	at wrappers.GenericWrappers.verifyTextByXpath(GenericWrappers.java:474)
	at pages.PayCreditCardPage.VerifyClientResponseMessage(PayCreditCardPage.java:90)
	at testcases.paycreditcard.TC29PayCreditCardTwoInvalidAttemptsWhileEnteringtheOTP.TwoInvalidAttemptswhileAccountSelection(TC29PayCreditCardTwoInvalidAttemptsWhileEnteringtheOTP.java:60)
	at sun.reflect.NativeMethodAccessorImpl.invoke0(Native Method)
	at sun.reflect.NativeMethodAccessorImpl.invoke(Unknown Source)
	at sun.reflect.DelegatingMethodAccessorImpl.invoke(Unknown Source)
	at java.lang.reflect.Method.invoke(Unknown Source)
	at org.testng.internal.MethodInvocationHelper.invokeMethod(MethodInvocationHelper.java:134)
	at org.testng.internal.TestInvoker.invokeMethod(TestInvoker.java:597)
	at org.testng.internal.TestInvoker.invokeTestMethod(TestInvoker.java:173)
	at org.testng.internal.MethodRunner.runInSequence(MethodRunner.java:46)
	at org.testng.internal.TestInvoker$MethodInvocationAgent.invoke(TestInvoker.java:816)
	at org.testng.internal.TestInvoker.invokeTestMethods(TestInvoker.java:146)
	at org.testng.internal.TestMethodWorker.invokeTestMethods(TestMethodWorker.java:146)
	at org.testng.internal.TestMethodWorker.run(TestMethodWorker.java:128)
	at java.util.ArrayList.forEach(Unknown Source)
	at org.testng.TestRunner.privateRun(TestRunner.java:766)
	at org.testng.TestRunner.run(TestRunner.java:587)
	at org.testng.SuiteRunner.runTest(SuiteRunner.java:384)
	at org.testng.SuiteRunner.runSequentially(SuiteRunner.java:378)
	at org.testng.SuiteRunner.privateRun(SuiteRunner.java:337)
	at org.testng.SuiteRunner.run(SuiteRunner.java:286)
	at org.testng.SuiteRunnerWorker.runSuite(SuiteRunnerWorker.java:53)
	at org.testng.SuiteRunnerWorker.run(SuiteRunnerWorker.java:96)
	at org.testng.TestNG.runSuitesSequentially(TestNG.java:1187)
	at org.testng.TestNG.runSuitesLocally(TestNG.java:1109)
	at org.testng.TestNG.runSuites(TestNG.java:1039)
	at org.testng.TestNG.run(TestNG.java:1007)
	at org.testng.remote.AbstractRemoteTestNG.run(AbstractRemoteTestNG.java:115)
	at org.testng.remote.RemoteTestNG.initAndRun(RemoteTestNG.java:251)
	at org.testng.remote.RemoteTestNG.main(RemoteTestNG.java:77)
</pre></div></td>
<td>77</td>
<td>testcases.paycreditcard.TC29PayCreditCardTwoInvalidAttemptsWhileEnteringtheOTP@5d11346a</td></tr>
<tr>
<td title='testcases.paycreditcard.TC41PayCreditCardPayNoAccountUserPayCreditCard.UserNoAccount()'><b>UserNoAccount</b><br>Test class: testcases.paycreditcard.TC41PayCreditCardPayNoAccountUserPayCreditCard</td>
<td><div><pre>java.lang.RuntimeException: FAILED
	at utils.Reporter.reportStep(Reporter.java:29)
	at wrappers.GenericWrappers.verifyTextByXpath(GenericWrappers.java:474)
	at pages.PayCreditCardPage.verifyWelcomeUserName(PayCreditCardPage.java:52)
	at testcases.paycreditcard.TC41PayCreditCardPayNoAccountUserPayCreditCard.UserNoAccount(TC41PayCreditCardPayNoAccountUserPayCreditCard.java:43)
	at java.util.ArrayList.forEach(Unknown Source)
... Removed 27 stack frames</pre></div><a href='#' onClick='toggleBox("stack-trace1692951994", this, "Click to show all stack frames", "Click to hide stack frames")'>Click to show all stack frames</a>
<div class='stack-trace' id='stack-trace1692951994'><pre>java.lang.RuntimeException: FAILED
	at utils.Reporter.reportStep(Reporter.java:29)
	at wrappers.GenericWrappers.verifyTextByXpath(GenericWrappers.java:474)
	at pages.PayCreditCardPage.verifyWelcomeUserName(PayCreditCardPage.java:52)
	at testcases.paycreditcard.TC41PayCreditCardPayNoAccountUserPayCreditCard.UserNoAccount(TC41PayCreditCardPayNoAccountUserPayCreditCard.java:43)
	at sun.reflect.NativeMethodAccessorImpl.invoke0(Native Method)
	at sun.reflect.NativeMethodAccessorImpl.invoke(Unknown Source)
	at sun.reflect.DelegatingMethodAccessorImpl.invoke(Unknown Source)
	at java.lang.reflect.Method.invoke(Unknown Source)
	at org.testng.internal.MethodInvocationHelper.invokeMethod(MethodInvocationHelper.java:134)
	at org.testng.internal.TestInvoker.invokeMethod(TestInvoker.java:597)
	at org.testng.internal.TestInvoker.invokeTestMethod(TestInvoker.java:173)
	at org.testng.internal.MethodRunner.runInSequence(MethodRunner.java:46)
	at org.testng.internal.TestInvoker$MethodInvocationAgent.invoke(TestInvoker.java:816)
	at org.testng.internal.TestInvoker.invokeTestMethods(TestInvoker.java:146)
	at org.testng.internal.TestMethodWorker.invokeTestMethods(TestMethodWorker.java:146)
	at org.testng.internal.TestMethodWorker.run(TestMethodWorker.java:128)
	at java.util.ArrayList.forEach(Unknown Source)
	at org.testng.TestRunner.privateRun(TestRunner.java:766)
	at org.testng.TestRunner.run(TestRunner.java:587)
	at org.testng.SuiteRunner.runTest(SuiteRunner.java:384)
	at org.testng.SuiteRunner.runSequentially(SuiteRunner.java:378)
	at org.testng.SuiteRunner.privateRun(SuiteRunner.java:337)
	at org.testng.SuiteRunner.run(SuiteRunner.java:286)
	at org.testng.SuiteRunnerWorker.runSuite(SuiteRunnerWorker.java:53)
	at org.testng.SuiteRunnerWorker.run(SuiteRunnerWorker.java:96)
	at org.testng.TestNG.runSuitesSequentially(TestNG.java:1187)
	at org.testng.TestNG.runSuitesLocally(TestNG.java:1109)
	at org.testng.TestNG.runSuites(TestNG.java:1039)
	at org.testng.TestNG.run(TestNG.java:1007)
	at org.testng.remote.AbstractRemoteTestNG.run(AbstractRemoteTestNG.java:115)
	at org.testng.remote.RemoteTestNG.initAndRun(RemoteTestNG.java:251)
	at org.testng.remote.RemoteTestNG.main(RemoteTestNG.java:77)
</pre></div></td>
<td>27</td>
<td>testcases.paycreditcard.TC41PayCreditCardPayNoAccountUserPayCreditCard@24b1d79b</td></tr>
<tr>
<td title='testcases.paycreditcard.TC50PayCreditCardPayNoCreditCardUser.UserNoAccount()'><b>UserNoAccount</b><br>Test class: testcases.paycreditcard.TC50PayCreditCardPayNoCreditCardUser</td>
<td><div><pre>java.lang.RuntimeException: FAILED
	at utils.Reporter.reportStep(Reporter.java:29)
	at wrappers.GenericWrappers.verifyTextByXpath(GenericWrappers.java:474)
	at pages.PayCreditCardPage.verifyWelcomeUserName(PayCreditCardPage.java:52)
	at testcases.paycreditcard.TC50PayCreditCardPayNoCreditCardUser.UserNoAccount(TC50PayCreditCardPayNoCreditCardUser.java:43)
	at java.util.ArrayList.forEach(Unknown Source)
... Removed 27 stack frames</pre></div><a href='#' onClick='toggleBox("stack-trace1262614033", this, "Click to show all stack frames", "Click to hide stack frames")'>Click to show all stack frames</a>
<div class='stack-trace' id='stack-trace1262614033'><pre>java.lang.RuntimeException: FAILED
	at utils.Reporter.reportStep(Reporter.java:29)
	at wrappers.GenericWrappers.verifyTextByXpath(GenericWrappers.java:474)
	at pages.PayCreditCardPage.verifyWelcomeUserName(PayCreditCardPage.java:52)
	at testcases.paycreditcard.TC50PayCreditCardPayNoCreditCardUser.UserNoAccount(TC50PayCreditCardPayNoCreditCardUser.java:43)
	at sun.reflect.NativeMethodAccessorImpl.invoke0(Native Method)
	at sun.reflect.NativeMethodAccessorImpl.invoke(Unknown Source)
	at sun.reflect.DelegatingMethodAccessorImpl.invoke(Unknown Source)
	at java.lang.reflect.Method.invoke(Unknown Source)
	at org.testng.internal.MethodInvocationHelper.invokeMethod(MethodInvocationHelper.java:134)
	at org.testng.internal.TestInvoker.invokeMethod(TestInvoker.java:597)
	at org.testng.internal.TestInvoker.invokeTestMethod(TestInvoker.java:173)
	at org.testng.internal.MethodRunner.runInSequence(MethodRunner.java:46)
	at org.testng.internal.TestInvoker$MethodInvocationAgent.invoke(TestInvoker.java:816)
	at org.testng.internal.TestInvoker.invokeTestMethods(TestInvoker.java:146)
	at org.testng.internal.TestMethodWorker.invokeTestMethods(TestMethodWorker.java:146)
	at org.testng.internal.TestMethodWorker.run(TestMethodWorker.java:128)
	at java.util.ArrayList.forEach(Unknown Source)
	at org.testng.TestRunner.privateRun(TestRunner.java:766)
	at org.testng.TestRunner.run(TestRunner.java:587)
	at org.testng.SuiteRunner.runTest(SuiteRunner.java:384)
	at org.testng.SuiteRunner.runSequentially(SuiteRunner.java:378)
	at org.testng.SuiteRunner.privateRun(SuiteRunner.java:337)
	at org.testng.SuiteRunner.run(SuiteRunner.java:286)
	at org.testng.SuiteRunnerWorker.runSuite(SuiteRunnerWorker.java:53)
	at org.testng.SuiteRunnerWorker.run(SuiteRunnerWorker.java:96)
	at org.testng.TestNG.runSuitesSequentially(TestNG.java:1187)
	at org.testng.TestNG.runSuitesLocally(TestNG.java:1109)
	at org.testng.TestNG.runSuites(TestNG.java:1039)
	at org.testng.TestNG.run(TestNG.java:1007)
	at org.testng.remote.AbstractRemoteTestNG.run(AbstractRemoteTestNG.java:115)
	at org.testng.remote.RemoteTestNG.initAndRun(RemoteTestNG.java:251)
	at org.testng.remote.RemoteTestNG.main(RemoteTestNG.java:77)
</pre></div></td>
<td>23</td>
<td>testcases.paycreditcard.TC50PayCreditCardPayNoCreditCardUser@4ae82894</td></tr>
<tr>
<td title='testcases.paycreditcard.TC51PayCreditCardPayNoAccountUser.UserNoAccount()'><b>UserNoAccount</b><br>Test class: testcases.paycreditcard.TC51PayCreditCardPayNoAccountUser</td>
<td><div><pre>java.lang.RuntimeException: FAILED
	at utils.Reporter.reportStep(Reporter.java:29)
	at wrappers.GenericWrappers.verifyTextByXpath(GenericWrappers.java:474)
	at pages.PayCreditCardPage.verifyWelcomeUserName(PayCreditCardPage.java:52)
	at testcases.paycreditcard.TC51PayCreditCardPayNoAccountUser.UserNoAccount(TC51PayCreditCardPayNoAccountUser.java:43)
	at java.util.ArrayList.forEach(Unknown Source)
... Removed 27 stack frames</pre></div><a href='#' onClick='toggleBox("stack-trace353901516", this, "Click to show all stack frames", "Click to hide stack frames")'>Click to show all stack frames</a>
<div class='stack-trace' id='stack-trace353901516'><pre>java.lang.RuntimeException: FAILED
	at utils.Reporter.reportStep(Reporter.java:29)
	at wrappers.GenericWrappers.verifyTextByXpath(GenericWrappers.java:474)
	at pages.PayCreditCardPage.verifyWelcomeUserName(PayCreditCardPage.java:52)
	at testcases.paycreditcard.TC51PayCreditCardPayNoAccountUser.UserNoAccount(TC51PayCreditCardPayNoAccountUser.java:43)
	at sun.reflect.NativeMethodAccessorImpl.invoke0(Native Method)
	at sun.reflect.NativeMethodAccessorImpl.invoke(Unknown Source)
	at sun.reflect.DelegatingMethodAccessorImpl.invoke(Unknown Source)
	at java.lang.reflect.Method.invoke(Unknown Source)
	at org.testng.internal.MethodInvocationHelper.invokeMethod(MethodInvocationHelper.java:134)
	at org.testng.internal.TestInvoker.invokeMethod(TestInvoker.java:597)
	at org.testng.internal.TestInvoker.invokeTestMethod(TestInvoker.java:173)
	at org.testng.internal.MethodRunner.runInSequence(MethodRunner.java:46)
	at org.testng.internal.TestInvoker$MethodInvocationAgent.invoke(TestInvoker.java:816)
	at org.testng.internal.TestInvoker.invokeTestMethods(TestInvoker.java:146)
	at org.testng.internal.TestMethodWorker.invokeTestMethods(TestMethodWorker.java:146)
	at org.testng.internal.TestMethodWorker.run(TestMethodWorker.java:128)
	at java.util.ArrayList.forEach(Unknown Source)
	at org.testng.TestRunner.privateRun(TestRunner.java:766)
	at org.testng.TestRunner.run(TestRunner.java:587)
	at org.testng.SuiteRunner.runTest(SuiteRunner.java:384)
	at org.testng.SuiteRunner.runSequentially(SuiteRunner.java:378)
	at org.testng.SuiteRunner.privateRun(SuiteRunner.java:337)
	at org.testng.SuiteRunner.run(SuiteRunner.java:286)
	at org.testng.SuiteRunnerWorker.runSuite(SuiteRunnerWorker.java:53)
	at org.testng.SuiteRunnerWorker.run(SuiteRunnerWorker.java:96)
	at org.testng.TestNG.runSuitesSequentially(TestNG.java:1187)
	at org.testng.TestNG.runSuitesLocally(TestNG.java:1109)
	at org.testng.TestNG.runSuites(TestNG.java:1039)
	at org.testng.TestNG.run(TestNG.java:1007)
	at org.testng.remote.AbstractRemoteTestNG.run(AbstractRemoteTestNG.java:115)
	at org.testng.remote.RemoteTestNG.initAndRun(RemoteTestNG.java:251)
	at org.testng.remote.RemoteTestNG.main(RemoteTestNG.java:77)
</pre></div></td>
<td>23</td>
<td>testcases.paycreditcard.TC51PayCreditCardPayNoAccountUser@543788f3</td></tr>
<tr>
<td title='testcases.paycreditcard.TC27PayCreditCardUsertoClickOnOtherAmountEntertheAmount.UsertoClickOnOtherAmountEntertheAmount()'><b>UsertoClickOnOtherAmountEntertheAmount</b><br>Test class: testcases.paycreditcard.TC27PayCreditCardUsertoClickOnOtherAmountEntertheAmount</td>
<td><div><pre>java.lang.RuntimeException: FAILED
	at utils.Reporter.reportStep(Reporter.java:29)
	at wrappers.GenericWrappers.verifyTextByXpath(GenericWrappers.java:474)
	at pages.PayCreditCardPage.VerifyClientResponseMessage(PayCreditCardPage.java:90)
	at testcases.paycreditcard.TC27PayCreditCardUsertoClickOnOtherAmountEntertheAmount.UsertoClickOnOtherAmountEntertheAmount(TC27PayCreditCardUsertoClickOnOtherAmountEntertheAmount.java:50)
	at java.util.ArrayList.forEach(Unknown Source)
... Removed 27 stack frames</pre></div><a href='#' onClick='toggleBox("stack-trace440764905", this, "Click to show all stack frames", "Click to hide stack frames")'>Click to show all stack frames</a>
<div class='stack-trace' id='stack-trace440764905'><pre>java.lang.RuntimeException: FAILED
	at utils.Reporter.reportStep(Reporter.java:29)
	at wrappers.GenericWrappers.verifyTextByXpath(GenericWrappers.java:474)
	at pages.PayCreditCardPage.VerifyClientResponseMessage(PayCreditCardPage.java:90)
	at testcases.paycreditcard.TC27PayCreditCardUsertoClickOnOtherAmountEntertheAmount.UsertoClickOnOtherAmountEntertheAmount(TC27PayCreditCardUsertoClickOnOtherAmountEntertheAmount.java:50)
	at sun.reflect.NativeMethodAccessorImpl.invoke0(Native Method)
	at sun.reflect.NativeMethodAccessorImpl.invoke(Unknown Source)
	at sun.reflect.DelegatingMethodAccessorImpl.invoke(Unknown Source)
	at java.lang.reflect.Method.invoke(Unknown Source)
	at org.testng.internal.MethodInvocationHelper.invokeMethod(MethodInvocationHelper.java:134)
	at org.testng.internal.TestInvoker.invokeMethod(TestInvoker.java:597)
	at org.testng.internal.TestInvoker.invokeTestMethod(TestInvoker.java:173)
	at org.testng.internal.MethodRunner.runInSequence(MethodRunner.java:46)
	at org.testng.internal.TestInvoker$MethodInvocationAgent.invoke(TestInvoker.java:816)
	at org.testng.internal.TestInvoker.invokeTestMethods(TestInvoker.java:146)
	at org.testng.internal.TestMethodWorker.invokeTestMethods(TestMethodWorker.java:146)
	at org.testng.internal.TestMethodWorker.run(TestMethodWorker.java:128)
	at java.util.ArrayList.forEach(Unknown Source)
	at org.testng.TestRunner.privateRun(TestRunner.java:766)
	at org.testng.TestRunner.run(TestRunner.java:587)
	at org.testng.SuiteRunner.runTest(SuiteRunner.java:384)
	at org.testng.SuiteRunner.runSequentially(SuiteRunner.java:378)
	at org.testng.SuiteRunner.privateRun(SuiteRunner.java:337)
	at org.testng.SuiteRunner.run(SuiteRunner.java:286)
	at org.testng.SuiteRunnerWorker.runSuite(SuiteRunnerWorker.java:53)
	at org.testng.SuiteRunnerWorker.run(SuiteRunnerWorker.java:96)
	at org.testng.TestNG.runSuitesSequentially(TestNG.java:1187)
	at org.testng.TestNG.runSuitesLocally(TestNG.java:1109)
	at org.testng.TestNG.runSuites(TestNG.java:1039)
	at org.testng.TestNG.run(TestNG.java:1007)
	at org.testng.remote.AbstractRemoteTestNG.run(AbstractRemoteTestNG.java:115)
	at org.testng.remote.RemoteTestNG.initAndRun(RemoteTestNG.java:251)
	at org.testng.remote.RemoteTestNG.main(RemoteTestNG.java:77)
</pre></div></td>
<td>45</td>
<td>testcases.paycreditcard.TC27PayCreditCardUsertoClickOnOtherAmountEntertheAmount@376b4233</td></tr>
<tr>
<td title='testcases.paycreditcard.TC31PayCreditCardUserGivesUtterancebasedonAccountType.UtterancebasedonAccountNameAxcessPlusAccount()'><b>UtterancebasedonAccountNameAxcessPlusAccount</b><br>Test class: testcases.paycreditcard.TC31PayCreditCardUserGivesUtterancebasedonAccountType</td>
<td><div><pre>java.lang.RuntimeException: FAILED
	at utils.Reporter.reportStep(Reporter.java:29)
	at wrappers.GenericWrappers.verifyTextByXpath(GenericWrappers.java:474)
	at pages.PayCreditCardPage.verifyWelcomeUserName(PayCreditCardPage.java:52)
	at testcases.paycreditcard.TC31PayCreditCardUserGivesUtterancebasedonAccountType.UtterancebasedonAccountNameAxcessPlusAccount(TC31PayCreditCardUserGivesUtterancebasedonAccountType.java:59)
	at java.util.ArrayList.forEach(Unknown Source)
... Removed 27 stack frames</pre></div><a href='#' onClick='toggleBox("stack-trace612758036", this, "Click to show all stack frames", "Click to hide stack frames")'>Click to show all stack frames</a>
<div class='stack-trace' id='stack-trace612758036'><pre>java.lang.RuntimeException: FAILED
	at utils.Reporter.reportStep(Reporter.java:29)
	at wrappers.GenericWrappers.verifyTextByXpath(GenericWrappers.java:474)
	at pages.PayCreditCardPage.verifyWelcomeUserName(PayCreditCardPage.java:52)
	at testcases.paycreditcard.TC31PayCreditCardUserGivesUtterancebasedonAccountType.UtterancebasedonAccountNameAxcessPlusAccount(TC31PayCreditCardUserGivesUtterancebasedonAccountType.java:59)
	at sun.reflect.NativeMethodAccessorImpl.invoke0(Native Method)
	at sun.reflect.NativeMethodAccessorImpl.invoke(Unknown Source)
	at sun.reflect.DelegatingMethodAccessorImpl.invoke(Unknown Source)
	at java.lang.reflect.Method.invoke(Unknown Source)
	at org.testng.internal.MethodInvocationHelper.invokeMethod(MethodInvocationHelper.java:134)
	at org.testng.internal.TestInvoker.invokeMethod(TestInvoker.java:597)
	at org.testng.internal.TestInvoker.invokeTestMethod(TestInvoker.java:173)
	at org.testng.internal.MethodRunner.runInSequence(MethodRunner.java:46)
	at org.testng.internal.TestInvoker$MethodInvocationAgent.invoke(TestInvoker.java:816)
	at org.testng.internal.TestInvoker.invokeTestMethods(TestInvoker.java:146)
	at org.testng.internal.TestMethodWorker.invokeTestMethods(TestMethodWorker.java:146)
	at org.testng.internal.TestMethodWorker.run(TestMethodWorker.java:128)
	at java.util.ArrayList.forEach(Unknown Source)
	at org.testng.TestRunner.privateRun(TestRunner.java:766)
	at org.testng.TestRunner.run(TestRunner.java:587)
	at org.testng.SuiteRunner.runTest(SuiteRunner.java:384)
	at org.testng.SuiteRunner.runSequentially(SuiteRunner.java:378)
	at org.testng.SuiteRunner.privateRun(SuiteRunner.java:337)
	at org.testng.SuiteRunner.run(SuiteRunner.java:286)
	at org.testng.SuiteRunnerWorker.runSuite(SuiteRunnerWorker.java:53)
	at org.testng.SuiteRunnerWorker.run(SuiteRunnerWorker.java:96)
	at org.testng.TestNG.runSuitesSequentially(TestNG.java:1187)
	at org.testng.TestNG.runSuitesLocally(TestNG.java:1109)
	at org.testng.TestNG.runSuites(TestNG.java:1039)
	at org.testng.TestNG.run(TestNG.java:1007)
	at org.testng.remote.AbstractRemoteTestNG.run(AbstractRemoteTestNG.java:115)
	at org.testng.remote.RemoteTestNG.initAndRun(RemoteTestNG.java:251)
	at org.testng.remote.RemoteTestNG.main(RemoteTestNG.java:77)
</pre></div></td>
<td>24</td>
<td>testcases.paycreditcard.TC31PayCreditCardUserGivesUtterancebasedonAccountType@17211155</td></tr>
<tr>
<td title='testcases.paycreditcard.TC31PayCreditCardUserGivesUtterancebasedonAccountType.UtterancebasedonAccountNameSavingAccount()'><b>UtterancebasedonAccountNameSavingAccount</b><br>Test class: testcases.paycreditcard.TC31PayCreditCardUserGivesUtterancebasedonAccountType</td>
<td><div><pre>java.lang.RuntimeException: FAILED
	at utils.Reporter.reportStep(Reporter.java:29)
	at wrappers.GenericWrappers.verifyTextByXpath(GenericWrappers.java:474)
	at pages.PayCreditCardPage.VerifyClientResponseMessage(PayCreditCardPage.java:90)
	at testcases.paycreditcard.TC31PayCreditCardUserGivesUtterancebasedonAccountType.UtterancebasedonAccountNameSavingAccount(TC31PayCreditCardUserGivesUtterancebasedonAccountType.java:44)
	at java.util.ArrayList.forEach(Unknown Source)
... Removed 27 stack frames</pre></div><a href='#' onClick='toggleBox("stack-trace574675842", this, "Click to show all stack frames", "Click to hide stack frames")'>Click to show all stack frames</a>
<div class='stack-trace' id='stack-trace574675842'><pre>java.lang.RuntimeException: FAILED
	at utils.Reporter.reportStep(Reporter.java:29)
	at wrappers.GenericWrappers.verifyTextByXpath(GenericWrappers.java:474)
	at pages.PayCreditCardPage.VerifyClientResponseMessage(PayCreditCardPage.java:90)
	at testcases.paycreditcard.TC31PayCreditCardUserGivesUtterancebasedonAccountType.UtterancebasedonAccountNameSavingAccount(TC31PayCreditCardUserGivesUtterancebasedonAccountType.java:44)
	at sun.reflect.NativeMethodAccessorImpl.invoke0(Native Method)
	at sun.reflect.NativeMethodAccessorImpl.invoke(Unknown Source)
	at sun.reflect.DelegatingMethodAccessorImpl.invoke(Unknown Source)
	at java.lang.reflect.Method.invoke(Unknown Source)
	at org.testng.internal.MethodInvocationHelper.invokeMethod(MethodInvocationHelper.java:134)
	at org.testng.internal.TestInvoker.invokeMethod(TestInvoker.java:597)
	at org.testng.internal.TestInvoker.invokeTestMethod(TestInvoker.java:173)
	at org.testng.internal.MethodRunner.runInSequence(MethodRunner.java:46)
	at org.testng.internal.TestInvoker$MethodInvocationAgent.invoke(TestInvoker.java:816)
	at org.testng.internal.TestInvoker.invokeTestMethods(TestInvoker.java:146)
	at org.testng.internal.TestMethodWorker.invokeTestMethods(TestMethodWorker.java:146)
	at org.testng.internal.TestMethodWorker.run(TestMethodWorker.java:128)
	at java.util.ArrayList.forEach(Unknown Source)
	at org.testng.TestRunner.privateRun(TestRunner.java:766)
	at org.testng.TestRunner.run(TestRunner.java:587)
	at org.testng.SuiteRunner.runTest(SuiteRunner.java:384)
	at org.testng.SuiteRunner.runSequentially(SuiteRunner.java:378)
	at org.testng.SuiteRunner.privateRun(SuiteRunner.java:337)
	at org.testng.SuiteRunner.run(SuiteRunner.java:286)
	at org.testng.SuiteRunnerWorker.runSuite(SuiteRunnerWorker.java:53)
	at org.testng.SuiteRunnerWorker.run(SuiteRunnerWorker.java:96)
	at org.testng.TestNG.runSuitesSequentially(TestNG.java:1187)
	at org.testng.TestNG.runSuitesLocally(TestNG.java:1109)
	at org.testng.TestNG.runSuites(TestNG.java:1039)
	at org.testng.TestNG.run(TestNG.java:1007)
	at org.testng.remote.AbstractRemoteTestNG.run(AbstractRemoteTestNG.java:115)
	at org.testng.remote.RemoteTestNG.initAndRun(RemoteTestNG.java:251)
	at org.testng.remote.RemoteTestNG.main(RemoteTestNG.java:77)
</pre></div></td>
<td>35</td>
<td>testcases.paycreditcard.TC31PayCreditCardUserGivesUtterancebasedonAccountType@17211155</td></tr>
</table><p>
<table width='100%' border='1' class='invocation-passed'>
<tr><td colspan='4' align='center'><b>PASSED TESTS</b></td></tr>
<tr><td><b>Test method</b></td>
<td width="30%"><b>Exception</b></td>
<td width="10%"><b>Time (seconds)</b></td>
<td><b>Instance</b></td>
</tr>
<tr>
<td title='testcases.paycreditcard.TC04ClickPayCreditCardwithLoginfromWelcomeScreen.ClickPayCreditCardWithLogin()'><b>ClickPayCreditCardWithLogin</b><br>Test class: testcases.paycreditcard.TC04ClickPayCreditCardwithLoginfromWelcomeScreen</td>
<td></td>
<td>31</td>
<td>testcases.paycreditcard.TC04ClickPayCreditCardwithLoginfromWelcomeScreen@306279ee</td></tr>
<tr>
<td title='testcases.paycreditcard.TC01ClickPayCreditCardwithoutLoginfromWelcomeScreen.ClickPayCreditCardWithoutLogin()'><b>ClickPayCreditCardWithoutLogin</b><br>Test class: testcases.paycreditcard.TC01ClickPayCreditCardwithoutLoginfromWelcomeScreen</td>
<td></td>
<td>14</td>
<td>testcases.paycreditcard.TC01ClickPayCreditCardwithoutLoginfromWelcomeScreen@710726a3</td></tr>
<tr>
<td title='testcases.paycreditcard.TC02ClickPayCreditCardwithoutLoginUsingDownArrow.ClickPayCreditCardWithoutLogin()'><b>ClickPayCreditCardWithoutLogin</b><br>Test class: testcases.paycreditcard.TC02ClickPayCreditCardwithoutLoginUsingDownArrow</td>
<td></td>
<td>16</td>
<td>testcases.paycreditcard.TC02ClickPayCreditCardwithoutLoginUsingDownArrow@481a15ff</td></tr>
<tr>
<td title='testcases.paycreditcard.TC54PayCreditCardPayEnteredtheWrongAmount.OtherAmountvalidation()'><b>OtherAmountvalidation</b><br>Test class: testcases.paycreditcard.TC54PayCreditCardPayEnteredtheWrongAmount</td>
<td></td>
<td>56</td>
<td>testcases.paycreditcard.TC54PayCreditCardPayEnteredtheWrongAmount@16022d9d</td></tr>
<tr>
<td title='testcases.paycreditcard.TC56PayCreditCardPayEnteredtheWrongAmount.OtherAmountvalidation()'><b>OtherAmountvalidation</b><br>Test class: testcases.paycreditcard.TC56PayCreditCardPayEnteredtheWrongAmount</td>
<td></td>
<td>56</td>
<td>testcases.paycreditcard.TC56PayCreditCardPayEnteredtheWrongAmount@44a3ec6b</td></tr>
<tr>
<td title='testcases.paycreditcard.TC09PayCreditCardEnterOTP.PayCreditCardEnterOTP()'><b>PayCreditCardEnterOTP</b><br>Test class: testcases.paycreditcard.TC09PayCreditCardEnterOTP</td>
<td></td>
<td>61</td>
<td>testcases.paycreditcard.TC09PayCreditCardEnterOTP@4c762604</td></tr>
<tr>
<td title='testcases.paycreditcard.TC20PayCreditCardEnterWrongConfirmationInputsWhileEnteringtheOTP.PayCreditCardEnterWrongConfirmationInputsWhileEnteringtheOTP()'><b>PayCreditCardEnterWrongConfirmationInputsWhileEnteringtheOTP</b><br>Test class: testcases.paycreditcard.TC20PayCreditCardEnterWrongConfirmationInputsWhileEnteringtheOTP</td>
<td></td>
<td>60</td>
<td>testcases.paycreditcard.TC20PayCreditCardEnterWrongConfirmationInputsWhileEnteringtheOTP@5c18298f</td></tr>
<tr>
<td title='testcases.paycreditcard.TC03PayCreditCardInTextAreawithoutLogin.PayCreditCardInTextAreawithoutLogin()'><b>PayCreditCardInTextAreawithoutLogin</b><br>Test class: testcases.paycreditcard.TC03PayCreditCardInTextAreawithoutLogin</td>
<td></td>
<td>17</td>
<td>testcases.paycreditcard.TC03PayCreditCardInTextAreawithoutLogin@78186a70</td></tr>
<tr>
<td title='testcases.paycreditcard.TC33PayCreditCardPayPlatinumRewards.PayCreditCardPayPlatinumRewards()'><b>PayCreditCardPayPlatinumRewards</b><br>Test class: testcases.paycreditcard.TC33PayCreditCardPayPlatinumRewards</td>
<td></td>
<td>40</td>
<td>testcases.paycreditcard.TC33PayCreditCardPayPlatinumRewards@5fdba6f9</td></tr>
<tr>
<td title='testcases.paycreditcard.TC34PayCreditCardPayUtteranceBasedOnAmountType.PayCreditCardPayPlatinumRewardsMinimumAmount()'><b>PayCreditCardPayPlatinumRewardsMinimumAmount</b><br>Test class: testcases.paycreditcard.TC34PayCreditCardPayUtteranceBasedOnAmountType</td>
<td></td>
<td>40</td>
<td>testcases.paycreditcard.TC34PayCreditCardPayUtteranceBasedOnAmountType@10d59286</td></tr>
<tr>
<td title='testcases.paycreditcard.TC36PayCreditCardPayUtteranceBasedOnAmount.PayCreditCardPayPlatinumRewardsOtherAmount()'><b>PayCreditCardPayPlatinumRewardsOtherAmount</b><br>Test class: testcases.paycreditcard.TC36PayCreditCardPayUtteranceBasedOnAmount</td>
<td></td>
<td>40</td>
<td>testcases.paycreditcard.TC36PayCreditCardPayUtteranceBasedOnAmount@6fb0d3ed</td></tr>
<tr>
<td title='testcases.paycreditcard.TC34PayCreditCardPayUtteranceBasedOnAmountType.PayCreditCardPayPlatinumRewardsStatementAmount()'><b>PayCreditCardPayPlatinumRewardsStatementAmount</b><br>Test class: testcases.paycreditcard.TC34PayCreditCardPayUtteranceBasedOnAmountType</td>
<td></td>
<td>40</td>
<td>testcases.paycreditcard.TC34PayCreditCardPayUtteranceBasedOnAmountType@10d59286</td></tr>
<tr>
<td title='testcases.paycreditcard.TC43PayCreditCardPayUtteranceBase2.PayCreditCardPayUtteranceBase()'><b>PayCreditCardPayUtteranceBase</b><br>Test class: testcases.paycreditcard.TC43PayCreditCardPayUtteranceBase2</td>
<td></td>
<td>37</td>
<td>testcases.paycreditcard.TC43PayCreditCardPayUtteranceBase2@281e3708</td></tr>
<tr>
<td title='testcases.paycreditcard.TC46PayOtherAmount.PayCreditCardPayUtteranceBase()'><b>PayCreditCardPayUtteranceBase</b><br>Test class: testcases.paycreditcard.TC46PayOtherAmount</td>
<td></td>
<td>50</td>
<td>testcases.paycreditcard.TC46PayOtherAmount@103f852</td></tr>
<tr>
<td title='testcases.paycreditcard.TC47PayPlatinumRewardsfromSavingsAccount.PayCreditCardPayUtteranceBase()'><b>PayCreditCardPayUtteranceBase</b><br>Test class: testcases.paycreditcard.TC47PayPlatinumRewardsfromSavingsAccount</td>
<td></td>
<td>39</td>
<td>testcases.paycreditcard.TC47PayPlatinumRewardsfromSavingsAccount@587c290d</td></tr>
<tr>
<td title='testcases.paycreditcard.TC48PayCreditCardPayFullUtterance.PayCreditCardPayUtteranceBase()'><b>PayCreditCardPayUtteranceBase</b><br>Test class: testcases.paycreditcard.TC48PayCreditCardPayFullUtterance</td>
<td></td>
<td>31</td>
<td>testcases.paycreditcard.TC48PayCreditCardPayFullUtterance@4516af24</td></tr>
<tr>
<td title='testcases.paycreditcard.TC06PayCreditCardSelecttheCard.PayCreditCardSelectCard()'><b>PayCreditCardSelectCard</b><br>Test class: testcases.paycreditcard.TC06PayCreditCardSelecttheCard</td>
<td></td>
<td>39</td>
<td>testcases.paycreditcard.TC06PayCreditCardSelecttheCard@4cf4d528</td></tr>
<tr>
<td title='testcases.paycreditcard.TC07PayCreditCardSelectAmountType.PayCreditCardSelectMinimumAmount()'><b>PayCreditCardSelectMinimumAmount</b><br>Test class: testcases.paycreditcard.TC07PayCreditCardSelectAmountType</td>
<td></td>
<td>47</td>
<td>testcases.paycreditcard.TC07PayCreditCardSelectAmountType@77846d2c</td></tr>
<tr>
<td title='testcases.paycreditcard.TC07PayCreditCardSelectAmountType.PayCreditCardSelectOtherAmount()'><b>PayCreditCardSelectOtherAmount</b><br>Test class: testcases.paycreditcard.TC07PayCreditCardSelectAmountType</td>
<td></td>
<td>56</td>
<td>testcases.paycreditcard.TC07PayCreditCardSelectAmountType@77846d2c</td></tr>
<tr>
<td title='testcases.paycreditcard.TC06PayCreditCardSelecttheCard.PayCreditCardSelectPlatinumRewards()'><b>PayCreditCardSelectPlatinumRewards</b><br>Test class: testcases.paycreditcard.TC06PayCreditCardSelecttheCard</td>
<td></td>
<td>44</td>
<td>testcases.paycreditcard.TC06PayCreditCardSelecttheCard@4cf4d528</td></tr>
<tr>
<td title='testcases.paycreditcard.TC06PayCreditCardSelecttheCard.PayCreditCardSelectUltimateCard()'><b>PayCreditCardSelectUltimateCard</b><br>Test class: testcases.paycreditcard.TC06PayCreditCardSelecttheCard</td>
<td></td>
<td>43</td>
<td>testcases.paycreditcard.TC06PayCreditCardSelecttheCard@4cf4d528</td></tr>
<tr>
<td title='testcases.paycreditcard.TC05PayCreditCardSelecttheAccounts.PayCreditCardSelecttheAccounts()'><b>PayCreditCardSelecttheAccounts</b><br>Test class: testcases.paycreditcard.TC05PayCreditCardSelecttheAccounts</td>
<td></td>
<td>33</td>
<td>testcases.paycreditcard.TC05PayCreditCardSelecttheAccounts@545997b1</td></tr>
<tr>
<td title='testcases.paycreditcard.TC05PayCreditCardSelecttheAccounts.PayCreditCardSelecttheAxcessPlusAccount()'><b>PayCreditCardSelecttheAxcessPlusAccount</b><br>Test class: testcases.paycreditcard.TC05PayCreditCardSelecttheAccounts</td>
<td></td>
<td>36</td>
<td>testcases.paycreditcard.TC05PayCreditCardSelecttheAccounts@545997b1</td></tr>
<tr>
<td title='testcases.paycreditcard.TC05PayCreditCardSelecttheAccounts.PayCreditCardSelecttheSuperValueAccount()'><b>PayCreditCardSelecttheSuperValueAccount</b><br>Test class: testcases.paycreditcard.TC05PayCreditCardSelecttheAccounts</td>
<td></td>
<td>37</td>
<td>testcases.paycreditcard.TC05PayCreditCardSelecttheAccounts@545997b1</td></tr>
<tr>
<td title='testcases.paycreditcard.TC18PayCreditCardUserEntersWrongConfirmationInputWhileConfirmingthePayment.PayCreditCardUserEntersWrongConfirmationInputWhileConfirmingthePayment()'><b>PayCreditCardUserEntersWrongConfirmationInputWhileConfirmingthePayment</b><br>Test class: testcases.paycreditcard.TC18PayCreditCardUserEntersWrongConfirmationInputWhileConfirmingthePayment</td>
<td></td>
<td>54</td>
<td>testcases.paycreditcard.TC18PayCreditCardUserEntersWrongConfirmationInputWhileConfirmingthePayment@fcd6521</td></tr>
<tr>
<td title='testcases.paycreditcard.TC12PayCreditCardValidationMessageWhentheUserEntersWrongAccountName.PayCreditCardValidationMessageWhentheUserEntersWrongAccountName()'><b>PayCreditCardValidationMessageWhentheUserEntersWrongAccountName</b><br>Test class: testcases.paycreditcard.TC12PayCreditCardValidationMessageWhentheUserEntersWrongAccountName</td>
<td></td>
<td>45</td>
<td>testcases.paycreditcard.TC12PayCreditCardValidationMessageWhentheUserEntersWrongAccountName@704921a5</td></tr>
<tr>
<td title='testcases.paycreditcard.TC10PayCreditCardViewtheTransactionSuccessfulMessage.PayCreditCardViewtheTransactionSuccessfulMessage()'><b>PayCreditCardViewtheTransactionSuccessfulMessage</b><br>Test class: testcases.paycreditcard.TC10PayCreditCardViewtheTransactionSuccessfulMessage</td>
<td></td>
<td>62</td>
<td>testcases.paycreditcard.TC10PayCreditCardViewtheTransactionSuccessfulMessage@2641e737</td></tr>
<tr>
<td title='testcases.paycreditcard.TC45PayCreditCardName.PayPlatinumRewards()'><b>PayPlatinumRewards</b><br>Test class: testcases.paycreditcard.TC45PayCreditCardName</td>
<td></td>
<td>49</td>
<td>testcases.paycreditcard.TC45PayCreditCardName@1f021e6c</td></tr>
<tr>
<td title='testcases.paycreditcard.TC24NoCardstoSelectwhilePayingCreditCard.UserNoAccount()'><b>UserNoAccount</b><br>Test class: testcases.paycreditcard.TC24NoCardstoSelectwhilePayingCreditCard</td>
<td></td>
<td>32</td>
<td>testcases.paycreditcard.TC24NoCardstoSelectwhilePayingCreditCard@5204062d</td></tr>
<tr>
<td title='testcases.paycreditcard.TC26PayCreditCardUsertoClickOnOtherAmount.UsertoClickOnOtherAmount()'><b>UsertoClickOnOtherAmount</b><br>Test class: testcases.paycreditcard.TC26PayCreditCardUsertoClickOnOtherAmount</td>
<td></td>
<td>56</td>
<td>testcases.paycreditcard.TC26PayCreditCardUsertoClickOnOtherAmount@4fcd19b3</td></tr>
<tr>
<td title='testcases.paycreditcard.TC52PayCreditCardPayClickOnOtherAmount.UsertoClickOnOtherAmount()'><b>UsertoClickOnOtherAmount</b><br>Test class: testcases.paycreditcard.TC52PayCreditCardPayClickOnOtherAmount</td>
<td></td>
<td>55</td>
<td>testcases.paycreditcard.TC52PayCreditCardPayClickOnOtherAmount@6d3af739</td></tr>
<tr>
<td title='testcases.paycreditcard.TC53PayCreditCardPayEnteredtheAmount.UsertoClickOnOtherAmount()'><b>UsertoClickOnOtherAmount</b><br>Test class: testcases.paycreditcard.TC53PayCreditCardPayEnteredtheAmount</td>
<td></td>
<td>58</td>
<td>testcases.paycreditcard.TC53PayCreditCardPayEnteredtheAmount@1da51a35</td></tr>
<tr>
<td title='testcases.paycreditcard.TC28PayCreditCardUsertoClickOnOtherAmountEnterInvalidAmount.UsertoClickOnOtherAmountEntertheInvalidAmount()'><b>UsertoClickOnOtherAmountEntertheInvalidAmount</b><br>Test class: testcases.paycreditcard.TC28PayCreditCardUsertoClickOnOtherAmountEnterInvalidAmount</td>
<td></td>
<td>56</td>
<td>testcases.paycreditcard.TC28PayCreditCardUsertoClickOnOtherAmountEnterInvalidAmount@2fd66ad3</td></tr>
<tr>
<td title='testcases.paycreditcard.TC30PayCreditCardSelectTheCorrectAccountAutomaticallyWhenUserGivesUtterancebasedonAccountName.UtterancebasedonAccountNameAxcessPlusAccount()'><b>UtterancebasedonAccountNameAxcessPlusAccount</b><br>Test class: testcases.paycreditcard.TC30PayCreditCardSelectTheCorrectAccountAutomaticallyWhenUserGivesUtterancebasedonAccountName</td>
<td></td>
<td>34</td>
<td>testcases.paycreditcard.TC30PayCreditCardSelectTheCorrectAccountAutomaticallyWhenUserGivesUtterancebasedonAccountName@7a36aefa</td></tr>
<tr>
<td title='testcases.paycreditcard.TC30PayCreditCardSelectTheCorrectAccountAutomaticallyWhenUserGivesUtterancebasedonAccountName.UtterancebasedonAccountNameRegularCurrentAccount()'><b>UtterancebasedonAccountNameRegularCurrentAccount</b><br>Test class: testcases.paycreditcard.TC30PayCreditCardSelectTheCorrectAccountAutomaticallyWhenUserGivesUtterancebasedonAccountName</td>
<td></td>
<td>36</td>
<td>testcases.paycreditcard.TC30PayCreditCardSelectTheCorrectAccountAutomaticallyWhenUserGivesUtterancebasedonAccountName@7a36aefa</td></tr>
<tr>
<td title='testcases.paycreditcard.TC32PayCreditCardAccountNumberEndingWith.UtterancebasedonAccountNameSavingAccount()'><b>UtterancebasedonAccountNameSavingAccount</b><br>Test class: testcases.paycreditcard.TC32PayCreditCardAccountNumberEndingWith</td>
<td></td>
<td>34</td>
<td>testcases.paycreditcard.TC32PayCreditCardAccountNumberEndingWith@b3d7190</td></tr>
<tr>
<td title='testcases.paycreditcard.TC30PayCreditCardSelectTheCorrectAccountAutomaticallyWhenUserGivesUtterancebasedonAccountName.UtterancebasedonAccountNameSuperValueAccount()'><b>UtterancebasedonAccountNameSuperValueAccount</b><br>Test class: testcases.paycreditcard.TC30PayCreditCardSelectTheCorrectAccountAutomaticallyWhenUserGivesUtterancebasedonAccountName</td>
<td></td>
<td>33</td>
<td>testcases.paycreditcard.TC30PayCreditCardSelectTheCorrectAccountAutomaticallyWhenUserGivesUtterancebasedonAccountName@7a36aefa</td></tr>
</table><p>
</body>
</html>