<?xml version="1.0" encoding="UTF-8"?>
<!-- Generated by org.testng.reporters.JUnitXMLReporter -->
<testsuite hostname="vairamuthu" ignored="0" name="Default test(failed)" tests="1" failures="1" timestamp="24 Feb 2020 08:58:21 GMT" time="39.639" errors="0">
  <testcase name="AccountBalanceAxcessPlusAccount" time="33.571" classname="testcases.accountbalance.AccountBalanceAxcessPlusAccount">
    <failure type="java.lang.RuntimeException" message="FAILED">
      <![CDATA[java.lang.RuntimeException: FAILED
at utils.Reporter.reportStep(Reporter.java:29)
at wrappers.GenericWrappers.verifyElementisPresent(GenericWrappers.java:1151)
at pages.AccountBalancePage.VerifyCardIsPersent(AccountBalancePage.java:67)
at testcases.accountbalance.AccountBalanceAxcessPlusAccount.AccountBalanceAxcessPlusAccount(AccountBalanceAxcessPlusAccount.java:49)
... Removed 25 stack frames]]>
    </failure>
  </testcase> <!-- AccountBalanceAxcessPlusAccount -->
</testsuite> <!-- Default test(failed) -->
