<html>
<head>
<title>TestNG:  chequebookrequest</title>
<link href="../testng.css" rel="stylesheet" type="text/css" />
<link href="../my-testng.css" rel="stylesheet" type="text/css" />

<style type="text/css">
.log { display: none;} 
.stack-trace { display: none;} 
</style>
<script type="text/javascript">
<!--
function flip(e) {
  current = e.style.display;
  if (current == 'block') {
    e.style.display = 'none';
    return 0;
  }
  else {
    e.style.display = 'block';
    return 1;
  }
}

function toggleBox(szDivId, elem, msg1, msg2)
{
  var res = -1;  if (document.getElementById) {
    res = flip(document.getElementById(szDivId));
  }
  else if (document.all) {
    // this is the way old msie versions work
    res = flip(document.all[szDivId]);
  }
  if(elem) {
    if(res == 0) elem.innerHTML = msg1; else elem.innerHTML = msg2;
  }

}

function toggleAllBoxes() {
  if (document.getElementsByTagName) {
    d = document.getElementsByTagName('div');
    for (i = 0; i < d.length; i++) {
      if (d[i].className == 'log') {
        flip(d[i]);
      }
    }
  }
}

// -->
</script>

</head>
<body>
<h2 align='center'>chequebookrequest</h2><table border='1' align="center">
<tr>
<td>Tests passed/Failed/Skipped:</td><td>24/12/0</td>
</tr><tr>
<td>Started on:</td><td>Wed Mar 11 20:31:45 IST 2020</td>
</tr>
<tr><td>Total time:</td><td>1234 seconds (1234690 ms)</td>
</tr><tr>
<td>Included groups:</td><td></td>
</tr><tr>
<td>Excluded groups:</td><td></td>
</tr>
</table><p/>
<small><i>(Hover the method name to see the test class name)</i></small><p/>
<table width='100%' border='1' class='invocation-failed'>
<tr><td colspan='4' align='center'><b>FAILED TESTS</b></td></tr>
<tr><td><b>Test method</b></td>
<td width="30%"><b>Exception</b></td>
<td width="10%"><b>Time (seconds)</b></td>
<td><b>Instance</b></td>
</tr>
<tr>
<td title='testcases.chequebookrequest.TC13ChequeBookRequestCancellationMessageCheck.ChequeBookRequestCancellationMessageCheck()'><b>ChequeBookRequestCancellationMessageCheck</b><br>Test class: testcases.chequebookrequest.TC13ChequeBookRequestCancellationMessageCheck</td>
<td><div><pre>org.openqa.selenium.NoSuchElementException: no such element: Unable to locate element: {&quot;method&quot;:&quot;xpath&quot;,&quot;selector&quot;:&quot;//div[@class=&apos;mx-statusTitle&apos;][contains(text(),&apos;Your request has been cancelled&apos;)]&quot;}
  (Session info: chrome=80.0.3987.132)
  (Driver info: chromedriver=2.36.540470 (e522d04694c7ebea4ba8821272dbef4f9b818c91),platform=Windows NT 6.3.9600 x86_64) (WARNING: The server did not provide any stacktrace information)
Command duration or timeout: 0 milliseconds
For documentation on this error, please visit: http://seleniumhq.org/exceptions/no_such_element.html
Build info: version: &apos;3.9.1&apos;, revision: &apos;63f7b50&apos;, time: &apos;2018-02-07T22:42:28.403Z&apos;
System info: host: &apos;VAIRAMUTHU&apos;, ip: &apos;172.17.15.60&apos;, os.name: &apos;Windows 8.1&apos;, os.arch: &apos;amd64&apos;, os.version: &apos;6.3&apos;, java.version: &apos;1.8.0_51&apos;
Driver info: org.openqa.selenium.chrome.ChromeDriver
Capabilities {acceptInsecureCerts: false, acceptSslCerts: false, applicationCacheEnabled: false, browserConnectionEnabled: false, browserName: chrome, chrome: {chromedriverVersion: 2.36.540470 (e522d04694c7eb..., userDataDir: C:\Users\VAIRAM~1.RAM\AppDa...}, cssSelectorsEnabled: true, databaseEnabled: false, handlesAlerts: true, hasTouchScreen: false, javascriptEnabled: true, locationContextEnabled: true, mobileEmulationEnabled: false, nativeEvents: true, networkConnectionEnabled: false, pageLoadStrategy: normal, platform: XP, platformName: XP, rotatable: false, setWindowRect: true, takesHeapSnapshot: true, takesScreenshot: true, unexpectedAlertBehaviour: , unhandledPromptBehavior: , version: 80.0.3987.132, webStorageEnabled: true}
Session ID: 03e907f366b3912a4b07fea52e14f07b
*** Element info: {Using=xpath, value=//div[@class=&apos;mx-statusTitle&apos;][contains(text(),&apos;Your request has been cancelled&apos;)]}
	at org.openqa.selenium.remote.ErrorHandler.createThrowable(ErrorHandler.java:214)
	at org.openqa.selenium.remote.ErrorHandler.throwIfResponseFailed(ErrorHandler.java:166)
	at org.openqa.selenium.remote.http.JsonHttpResponseCodec.reconstructValue(JsonHttpResponseCodec.java:40)
	at org.openqa.selenium.remote.http.AbstractHttpResponseCodec.decode(AbstractHttpResponseCodec.java:80)
	at org.openqa.selenium.remote.http.AbstractHttpResponseCodec.decode(AbstractHttpResponseCodec.java:44)
	at org.openqa.selenium.remote.HttpCommandExecutor.execute(HttpCommandExecutor.java:160)
	at org.openqa.selenium.remote.service.DriverCommandExecutor.execute(DriverCommandExecutor.java:83)
	at org.openqa.selenium.remote.RemoteWebDriver.execute(RemoteWebDriver.java:601)
	at org.openqa.selenium.remote.RemoteWebDriver.findElement(RemoteWebDriver.java:371)
	at org.openqa.selenium.remote.RemoteWebDriver.findElementByXPath(RemoteWebDriver.java:473)
	at org.openqa.selenium.By$ByXPath.findElement(By.java:361)
	at org.openqa.selenium.remote.RemoteWebDriver.findElement(RemoteWebDriver.java:363)
	at pages.ChequeBookRequestPage.verifyCancellationMessage(ChequeBookRequestPage.java:151)
	at testcases.chequebookrequest.TC13ChequeBookRequestCancellationMessageCheck.ChequeBookRequestCancellationMessageCheck(TC13ChequeBookRequestCancellationMessageCheck.java:52)
... Removed 29 stack frames</pre></div><a href='#' onClick='toggleBox("stack-trace1824322115", this, "Click to show all stack frames", "Click to hide stack frames")'>Click to show all stack frames</a>
<div class='stack-trace' id='stack-trace1824322115'><pre>org.openqa.selenium.NoSuchElementException: no such element: Unable to locate element: {&quot;method&quot;:&quot;xpath&quot;,&quot;selector&quot;:&quot;//div[@class=&apos;mx-statusTitle&apos;][contains(text(),&apos;Your request has been cancelled&apos;)]&quot;}
  (Session info: chrome=80.0.3987.132)
  (Driver info: chromedriver=2.36.540470 (e522d04694c7ebea4ba8821272dbef4f9b818c91),platform=Windows NT 6.3.9600 x86_64) (WARNING: The server did not provide any stacktrace information)
Command duration or timeout: 0 milliseconds
For documentation on this error, please visit: http://seleniumhq.org/exceptions/no_such_element.html
Build info: version: &apos;3.9.1&apos;, revision: &apos;63f7b50&apos;, time: &apos;2018-02-07T22:42:28.403Z&apos;
System info: host: &apos;VAIRAMUTHU&apos;, ip: &apos;172.17.15.60&apos;, os.name: &apos;Windows 8.1&apos;, os.arch: &apos;amd64&apos;, os.version: &apos;6.3&apos;, java.version: &apos;1.8.0_51&apos;
Driver info: org.openqa.selenium.chrome.ChromeDriver
Capabilities {acceptInsecureCerts: false, acceptSslCerts: false, applicationCacheEnabled: false, browserConnectionEnabled: false, browserName: chrome, chrome: {chromedriverVersion: 2.36.540470 (e522d04694c7eb..., userDataDir: C:\Users\VAIRAM~1.RAM\AppDa...}, cssSelectorsEnabled: true, databaseEnabled: false, handlesAlerts: true, hasTouchScreen: false, javascriptEnabled: true, locationContextEnabled: true, mobileEmulationEnabled: false, nativeEvents: true, networkConnectionEnabled: false, pageLoadStrategy: normal, platform: XP, platformName: XP, rotatable: false, setWindowRect: true, takesHeapSnapshot: true, takesScreenshot: true, unexpectedAlertBehaviour: , unhandledPromptBehavior: , version: 80.0.3987.132, webStorageEnabled: true}
Session ID: 03e907f366b3912a4b07fea52e14f07b
*** Element info: {Using=xpath, value=//div[@class=&apos;mx-statusTitle&apos;][contains(text(),&apos;Your request has been cancelled&apos;)]}
	at sun.reflect.NativeConstructorAccessorImpl.newInstance0(Native Method)
	at sun.reflect.NativeConstructorAccessorImpl.newInstance(Unknown Source)
	at sun.reflect.DelegatingConstructorAccessorImpl.newInstance(Unknown Source)
	at java.lang.reflect.Constructor.newInstance(Unknown Source)
	at org.openqa.selenium.remote.ErrorHandler.createThrowable(ErrorHandler.java:214)
	at org.openqa.selenium.remote.ErrorHandler.throwIfResponseFailed(ErrorHandler.java:166)
	at org.openqa.selenium.remote.http.JsonHttpResponseCodec.reconstructValue(JsonHttpResponseCodec.java:40)
	at org.openqa.selenium.remote.http.AbstractHttpResponseCodec.decode(AbstractHttpResponseCodec.java:80)
	at org.openqa.selenium.remote.http.AbstractHttpResponseCodec.decode(AbstractHttpResponseCodec.java:44)
	at org.openqa.selenium.remote.HttpCommandExecutor.execute(HttpCommandExecutor.java:160)
	at org.openqa.selenium.remote.service.DriverCommandExecutor.execute(DriverCommandExecutor.java:83)
	at org.openqa.selenium.remote.RemoteWebDriver.execute(RemoteWebDriver.java:601)
	at org.openqa.selenium.remote.RemoteWebDriver.findElement(RemoteWebDriver.java:371)
	at org.openqa.selenium.remote.RemoteWebDriver.findElementByXPath(RemoteWebDriver.java:473)
	at org.openqa.selenium.By$ByXPath.findElement(By.java:361)
	at org.openqa.selenium.remote.RemoteWebDriver.findElement(RemoteWebDriver.java:363)
	at pages.ChequeBookRequestPage.verifyCancellationMessage(ChequeBookRequestPage.java:151)
	at testcases.chequebookrequest.TC13ChequeBookRequestCancellationMessageCheck.ChequeBookRequestCancellationMessageCheck(TC13ChequeBookRequestCancellationMessageCheck.java:52)
	at sun.reflect.NativeMethodAccessorImpl.invoke0(Native Method)
	at sun.reflect.NativeMethodAccessorImpl.invoke(Unknown Source)
	at sun.reflect.DelegatingMethodAccessorImpl.invoke(Unknown Source)
	at java.lang.reflect.Method.invoke(Unknown Source)
	at org.testng.internal.MethodInvocationHelper.invokeMethod(MethodInvocationHelper.java:124)
	at org.testng.internal.Invoker.invokeMethod(Invoker.java:580)
	at org.testng.internal.Invoker.invokeTestMethod(Invoker.java:716)
	at org.testng.internal.Invoker.invokeTestMethods(Invoker.java:988)
	at org.testng.internal.TestMethodWorker.invokeTestMethods(TestMethodWorker.java:125)
	at org.testng.internal.TestMethodWorker.run(TestMethodWorker.java:109)
	at org.testng.TestRunner.privateRun(TestRunner.java:648)
	at org.testng.TestRunner.run(TestRunner.java:505)
	at org.testng.SuiteRunner.runTest(SuiteRunner.java:455)
	at org.testng.SuiteRunner.runSequentially(SuiteRunner.java:450)
	at org.testng.SuiteRunner.privateRun(SuiteRunner.java:415)
	at org.testng.SuiteRunner.run(SuiteRunner.java:364)
	at org.testng.SuiteRunnerWorker.runSuite(SuiteRunnerWorker.java:52)
	at org.testng.SuiteRunnerWorker.run(SuiteRunnerWorker.java:84)
	at org.testng.TestNG.runSuitesSequentially(TestNG.java:1208)
	at org.testng.TestNG.runSuitesLocally(TestNG.java:1137)
	at org.testng.TestNG.runSuites(TestNG.java:1049)
	at org.testng.TestNG.run(TestNG.java:1017)
	at org.testng.remote.AbstractRemoteTestNG.run(AbstractRemoteTestNG.java:114)
	at org.testng.remote.RemoteTestNG.initAndRun(RemoteTestNG.java:251)
	at org.testng.remote.RemoteTestNG.main(RemoteTestNG.java:77)
</pre></div></td>
<td>43</td>
<td>testcases.chequebookrequest.TC13ChequeBookRequestCancellationMessageCheck@62bd765</td></tr>
<tr>
<td title='testcases.chequebookrequest.TC14ChequeBookRequestIsthereanythingelseinCancellationMessageCheck.ChequeBookRequestCancellationMessageCheck()'><b>ChequeBookRequestCancellationMessageCheck</b><br>Test class: testcases.chequebookrequest.TC14ChequeBookRequestIsthereanythingelseinCancellationMessageCheck</td>
<td><div><pre>org.openqa.selenium.NoSuchElementException: no such element: Unable to locate element: {&quot;method&quot;:&quot;xpath&quot;,&quot;selector&quot;:&quot;//div[@class=&apos;mx-statusTitle&apos;][contains(text(),&apos;Your request has been cancelled&apos;)]&quot;}
  (Session info: chrome=80.0.3987.132)
  (Driver info: chromedriver=2.36.540470 (e522d04694c7ebea4ba8821272dbef4f9b818c91),platform=Windows NT 6.3.9600 x86_64) (WARNING: The server did not provide any stacktrace information)
Command duration or timeout: 0 milliseconds
For documentation on this error, please visit: http://seleniumhq.org/exceptions/no_such_element.html
Build info: version: &apos;3.9.1&apos;, revision: &apos;63f7b50&apos;, time: &apos;2018-02-07T22:42:28.403Z&apos;
System info: host: &apos;VAIRAMUTHU&apos;, ip: &apos;172.17.15.60&apos;, os.name: &apos;Windows 8.1&apos;, os.arch: &apos;amd64&apos;, os.version: &apos;6.3&apos;, java.version: &apos;1.8.0_51&apos;
Driver info: org.openqa.selenium.chrome.ChromeDriver
Capabilities {acceptInsecureCerts: false, acceptSslCerts: false, applicationCacheEnabled: false, browserConnectionEnabled: false, browserName: chrome, chrome: {chromedriverVersion: 2.36.540470 (e522d04694c7eb..., userDataDir: C:\Users\VAIRAM~1.RAM\AppDa...}, cssSelectorsEnabled: true, databaseEnabled: false, handlesAlerts: true, hasTouchScreen: false, javascriptEnabled: true, locationContextEnabled: true, mobileEmulationEnabled: false, nativeEvents: true, networkConnectionEnabled: false, pageLoadStrategy: normal, platform: XP, platformName: XP, rotatable: false, setWindowRect: true, takesHeapSnapshot: true, takesScreenshot: true, unexpectedAlertBehaviour: , unhandledPromptBehavior: , version: 80.0.3987.132, webStorageEnabled: true}
Session ID: 91e0ed3656043c9c38cd5ab286132b88
*** Element info: {Using=xpath, value=//div[@class=&apos;mx-statusTitle&apos;][contains(text(),&apos;Your request has been cancelled&apos;)]}
	at org.openqa.selenium.remote.ErrorHandler.createThrowable(ErrorHandler.java:214)
	at org.openqa.selenium.remote.ErrorHandler.throwIfResponseFailed(ErrorHandler.java:166)
	at org.openqa.selenium.remote.http.JsonHttpResponseCodec.reconstructValue(JsonHttpResponseCodec.java:40)
	at org.openqa.selenium.remote.http.AbstractHttpResponseCodec.decode(AbstractHttpResponseCodec.java:80)
	at org.openqa.selenium.remote.http.AbstractHttpResponseCodec.decode(AbstractHttpResponseCodec.java:44)
	at org.openqa.selenium.remote.HttpCommandExecutor.execute(HttpCommandExecutor.java:160)
	at org.openqa.selenium.remote.service.DriverCommandExecutor.execute(DriverCommandExecutor.java:83)
	at org.openqa.selenium.remote.RemoteWebDriver.execute(RemoteWebDriver.java:601)
	at org.openqa.selenium.remote.RemoteWebDriver.findElement(RemoteWebDriver.java:371)
	at org.openqa.selenium.remote.RemoteWebDriver.findElementByXPath(RemoteWebDriver.java:473)
	at org.openqa.selenium.By$ByXPath.findElement(By.java:361)
	at org.openqa.selenium.remote.RemoteWebDriver.findElement(RemoteWebDriver.java:363)
	at pages.ChequeBookRequestPage.verifyCancellationMessage(ChequeBookRequestPage.java:151)
	at testcases.chequebookrequest.TC14ChequeBookRequestIsthereanythingelseinCancellationMessageCheck.ChequeBookRequestCancellationMessageCheck(TC14ChequeBookRequestIsthereanythingelseinCancellationMessageCheck.java:52)
... Removed 29 stack frames</pre></div><a href='#' onClick='toggleBox("stack-trace798622145", this, "Click to show all stack frames", "Click to hide stack frames")'>Click to show all stack frames</a>
<div class='stack-trace' id='stack-trace798622145'><pre>org.openqa.selenium.NoSuchElementException: no such element: Unable to locate element: {&quot;method&quot;:&quot;xpath&quot;,&quot;selector&quot;:&quot;//div[@class=&apos;mx-statusTitle&apos;][contains(text(),&apos;Your request has been cancelled&apos;)]&quot;}
  (Session info: chrome=80.0.3987.132)
  (Driver info: chromedriver=2.36.540470 (e522d04694c7ebea4ba8821272dbef4f9b818c91),platform=Windows NT 6.3.9600 x86_64) (WARNING: The server did not provide any stacktrace information)
Command duration or timeout: 0 milliseconds
For documentation on this error, please visit: http://seleniumhq.org/exceptions/no_such_element.html
Build info: version: &apos;3.9.1&apos;, revision: &apos;63f7b50&apos;, time: &apos;2018-02-07T22:42:28.403Z&apos;
System info: host: &apos;VAIRAMUTHU&apos;, ip: &apos;172.17.15.60&apos;, os.name: &apos;Windows 8.1&apos;, os.arch: &apos;amd64&apos;, os.version: &apos;6.3&apos;, java.version: &apos;1.8.0_51&apos;
Driver info: org.openqa.selenium.chrome.ChromeDriver
Capabilities {acceptInsecureCerts: false, acceptSslCerts: false, applicationCacheEnabled: false, browserConnectionEnabled: false, browserName: chrome, chrome: {chromedriverVersion: 2.36.540470 (e522d04694c7eb..., userDataDir: C:\Users\VAIRAM~1.RAM\AppDa...}, cssSelectorsEnabled: true, databaseEnabled: false, handlesAlerts: true, hasTouchScreen: false, javascriptEnabled: true, locationContextEnabled: true, mobileEmulationEnabled: false, nativeEvents: true, networkConnectionEnabled: false, pageLoadStrategy: normal, platform: XP, platformName: XP, rotatable: false, setWindowRect: true, takesHeapSnapshot: true, takesScreenshot: true, unexpectedAlertBehaviour: , unhandledPromptBehavior: , version: 80.0.3987.132, webStorageEnabled: true}
Session ID: 91e0ed3656043c9c38cd5ab286132b88
*** Element info: {Using=xpath, value=//div[@class=&apos;mx-statusTitle&apos;][contains(text(),&apos;Your request has been cancelled&apos;)]}
	at sun.reflect.NativeConstructorAccessorImpl.newInstance0(Native Method)
	at sun.reflect.NativeConstructorAccessorImpl.newInstance(Unknown Source)
	at sun.reflect.DelegatingConstructorAccessorImpl.newInstance(Unknown Source)
	at java.lang.reflect.Constructor.newInstance(Unknown Source)
	at org.openqa.selenium.remote.ErrorHandler.createThrowable(ErrorHandler.java:214)
	at org.openqa.selenium.remote.ErrorHandler.throwIfResponseFailed(ErrorHandler.java:166)
	at org.openqa.selenium.remote.http.JsonHttpResponseCodec.reconstructValue(JsonHttpResponseCodec.java:40)
	at org.openqa.selenium.remote.http.AbstractHttpResponseCodec.decode(AbstractHttpResponseCodec.java:80)
	at org.openqa.selenium.remote.http.AbstractHttpResponseCodec.decode(AbstractHttpResponseCodec.java:44)
	at org.openqa.selenium.remote.HttpCommandExecutor.execute(HttpCommandExecutor.java:160)
	at org.openqa.selenium.remote.service.DriverCommandExecutor.execute(DriverCommandExecutor.java:83)
	at org.openqa.selenium.remote.RemoteWebDriver.execute(RemoteWebDriver.java:601)
	at org.openqa.selenium.remote.RemoteWebDriver.findElement(RemoteWebDriver.java:371)
	at org.openqa.selenium.remote.RemoteWebDriver.findElementByXPath(RemoteWebDriver.java:473)
	at org.openqa.selenium.By$ByXPath.findElement(By.java:361)
	at org.openqa.selenium.remote.RemoteWebDriver.findElement(RemoteWebDriver.java:363)
	at pages.ChequeBookRequestPage.verifyCancellationMessage(ChequeBookRequestPage.java:151)
	at testcases.chequebookrequest.TC14ChequeBookRequestIsthereanythingelseinCancellationMessageCheck.ChequeBookRequestCancellationMessageCheck(TC14ChequeBookRequestIsthereanythingelseinCancellationMessageCheck.java:52)
	at sun.reflect.NativeMethodAccessorImpl.invoke0(Native Method)
	at sun.reflect.NativeMethodAccessorImpl.invoke(Unknown Source)
	at sun.reflect.DelegatingMethodAccessorImpl.invoke(Unknown Source)
	at java.lang.reflect.Method.invoke(Unknown Source)
	at org.testng.internal.MethodInvocationHelper.invokeMethod(MethodInvocationHelper.java:124)
	at org.testng.internal.Invoker.invokeMethod(Invoker.java:580)
	at org.testng.internal.Invoker.invokeTestMethod(Invoker.java:716)
	at org.testng.internal.Invoker.invokeTestMethods(Invoker.java:988)
	at org.testng.internal.TestMethodWorker.invokeTestMethods(TestMethodWorker.java:125)
	at org.testng.internal.TestMethodWorker.run(TestMethodWorker.java:109)
	at org.testng.TestRunner.privateRun(TestRunner.java:648)
	at org.testng.TestRunner.run(TestRunner.java:505)
	at org.testng.SuiteRunner.runTest(SuiteRunner.java:455)
	at org.testng.SuiteRunner.runSequentially(SuiteRunner.java:450)
	at org.testng.SuiteRunner.privateRun(SuiteRunner.java:415)
	at org.testng.SuiteRunner.run(SuiteRunner.java:364)
	at org.testng.SuiteRunnerWorker.runSuite(SuiteRunnerWorker.java:52)
	at org.testng.SuiteRunnerWorker.run(SuiteRunnerWorker.java:84)
	at org.testng.TestNG.runSuitesSequentially(TestNG.java:1208)
	at org.testng.TestNG.runSuitesLocally(TestNG.java:1137)
	at org.testng.TestNG.runSuites(TestNG.java:1049)
	at org.testng.TestNG.run(TestNG.java:1017)
	at org.testng.remote.AbstractRemoteTestNG.run(AbstractRemoteTestNG.java:114)
	at org.testng.remote.RemoteTestNG.initAndRun(RemoteTestNG.java:251)
	at org.testng.remote.RemoteTestNG.main(RemoteTestNG.java:77)
</pre></div></td>
<td>43</td>
<td>testcases.chequebookrequest.TC14ChequeBookRequestIsthereanythingelseinCancellationMessageCheck@23a5fd2</td></tr>
<tr>
<td title='testcases.chequebookrequest.TC03ChequeBookRequestIconClickAfterLogin.ChequeBookRequestIconClickAfterLogin()'><b>ChequeBookRequestIconClickAfterLogin</b><br>Test class: testcases.chequebookrequest.TC03ChequeBookRequestIconClickAfterLogin</td>
<td><div><pre>java.lang.RuntimeException: FAILED
	at utils.Reporter.reportStep(Reporter.java:29)
	at wrappers.GenericWrappers.verifyTextByXpath(GenericWrappers.java:474)
	at pages.ChequeBookRequestPage.verifyWelcomeUserName(ChequeBookRequestPage.java:56)
	at testcases.chequebookrequest.TC03ChequeBookRequestIconClickAfterLogin.ChequeBookRequestIconClickAfterLogin(TC03ChequeBookRequestIconClickAfterLogin.java:41)
... Removed 25 stack frames</pre></div><a href='#' onClick='toggleBox("stack-trace1105416433", this, "Click to show all stack frames", "Click to hide stack frames")'>Click to show all stack frames</a>
<div class='stack-trace' id='stack-trace1105416433'><pre>java.lang.RuntimeException: FAILED
	at utils.Reporter.reportStep(Reporter.java:29)
	at wrappers.GenericWrappers.verifyTextByXpath(GenericWrappers.java:474)
	at pages.ChequeBookRequestPage.verifyWelcomeUserName(ChequeBookRequestPage.java:56)
	at testcases.chequebookrequest.TC03ChequeBookRequestIconClickAfterLogin.ChequeBookRequestIconClickAfterLogin(TC03ChequeBookRequestIconClickAfterLogin.java:41)
	at sun.reflect.NativeMethodAccessorImpl.invoke0(Native Method)
	at sun.reflect.NativeMethodAccessorImpl.invoke(Unknown Source)
	at sun.reflect.DelegatingMethodAccessorImpl.invoke(Unknown Source)
	at java.lang.reflect.Method.invoke(Unknown Source)
	at org.testng.internal.MethodInvocationHelper.invokeMethod(MethodInvocationHelper.java:124)
	at org.testng.internal.Invoker.invokeMethod(Invoker.java:580)
	at org.testng.internal.Invoker.invokeTestMethod(Invoker.java:716)
	at org.testng.internal.Invoker.invokeTestMethods(Invoker.java:988)
	at org.testng.internal.TestMethodWorker.invokeTestMethods(TestMethodWorker.java:125)
	at org.testng.internal.TestMethodWorker.run(TestMethodWorker.java:109)
	at org.testng.TestRunner.privateRun(TestRunner.java:648)
	at org.testng.TestRunner.run(TestRunner.java:505)
	at org.testng.SuiteRunner.runTest(SuiteRunner.java:455)
	at org.testng.SuiteRunner.runSequentially(SuiteRunner.java:450)
	at org.testng.SuiteRunner.privateRun(SuiteRunner.java:415)
	at org.testng.SuiteRunner.run(SuiteRunner.java:364)
	at org.testng.SuiteRunnerWorker.runSuite(SuiteRunnerWorker.java:52)
	at org.testng.SuiteRunnerWorker.run(SuiteRunnerWorker.java:84)
	at org.testng.TestNG.runSuitesSequentially(TestNG.java:1208)
	at org.testng.TestNG.runSuitesLocally(TestNG.java:1137)
	at org.testng.TestNG.runSuites(TestNG.java:1049)
	at org.testng.TestNG.run(TestNG.java:1017)
	at org.testng.remote.AbstractRemoteTestNG.run(AbstractRemoteTestNG.java:114)
	at org.testng.remote.RemoteTestNG.initAndRun(RemoteTestNG.java:251)
	at org.testng.remote.RemoteTestNG.main(RemoteTestNG.java:77)
</pre></div></td>
<td>21</td>
<td>testcases.chequebookrequest.TC03ChequeBookRequestIconClickAfterLogin@1e9e725a</td></tr>
<tr>
<td title='testcases.chequebookrequest.TC18ChequeBookRequestbyAccountTypeCorrectAccountType.ChequeBookRequestbyAccountTypeCorrectAccountType()'><b>ChequeBookRequestbyAccountTypeCorrectAccountType</b><br>Test class: testcases.chequebookrequest.TC18ChequeBookRequestbyAccountTypeCorrectAccountType</td>
<td><div><pre>org.openqa.selenium.NoSuchElementException: no such element: Unable to locate element: {&quot;method&quot;:&quot;xpath&quot;,&quot;selector&quot;:&quot;//div[@class=&apos;mxWelcomeTemp&apos;][contains(text(),&apos;Business Park&apos;)]&quot;}
  (Session info: chrome=80.0.3987.132)
  (Driver info: chromedriver=2.36.540470 (e522d04694c7ebea4ba8821272dbef4f9b818c91),platform=Windows NT 6.3.9600 x86_64) (WARNING: The server did not provide any stacktrace information)
Command duration or timeout: 0 milliseconds
For documentation on this error, please visit: http://seleniumhq.org/exceptions/no_such_element.html
Build info: version: &apos;3.9.1&apos;, revision: &apos;63f7b50&apos;, time: &apos;2018-02-07T22:42:28.403Z&apos;
System info: host: &apos;VAIRAMUTHU&apos;, ip: &apos;172.17.15.60&apos;, os.name: &apos;Windows 8.1&apos;, os.arch: &apos;amd64&apos;, os.version: &apos;6.3&apos;, java.version: &apos;1.8.0_51&apos;
Driver info: org.openqa.selenium.chrome.ChromeDriver
Capabilities {acceptInsecureCerts: false, acceptSslCerts: false, applicationCacheEnabled: false, browserConnectionEnabled: false, browserName: chrome, chrome: {chromedriverVersion: 2.36.540470 (e522d04694c7eb..., userDataDir: C:\Users\VAIRAM~1.RAM\AppDa...}, cssSelectorsEnabled: true, databaseEnabled: false, handlesAlerts: true, hasTouchScreen: false, javascriptEnabled: true, locationContextEnabled: true, mobileEmulationEnabled: false, nativeEvents: true, networkConnectionEnabled: false, pageLoadStrategy: normal, platform: XP, platformName: XP, rotatable: false, setWindowRect: true, takesHeapSnapshot: true, takesScreenshot: true, unexpectedAlertBehaviour: , unhandledPromptBehavior: , version: 80.0.3987.132, webStorageEnabled: true}
Session ID: ead96ef4a79e5078e8d14eac595a0e21
*** Element info: {Using=xpath, value=//div[@class=&apos;mxWelcomeTemp&apos;][contains(text(),&apos;Business Park&apos;)]}
	at org.openqa.selenium.remote.ErrorHandler.createThrowable(ErrorHandler.java:214)
	at org.openqa.selenium.remote.ErrorHandler.throwIfResponseFailed(ErrorHandler.java:166)
	at org.openqa.selenium.remote.http.JsonHttpResponseCodec.reconstructValue(JsonHttpResponseCodec.java:40)
	at org.openqa.selenium.remote.http.AbstractHttpResponseCodec.decode(AbstractHttpResponseCodec.java:80)
	at org.openqa.selenium.remote.http.AbstractHttpResponseCodec.decode(AbstractHttpResponseCodec.java:44)
	at org.openqa.selenium.remote.HttpCommandExecutor.execute(HttpCommandExecutor.java:160)
	at org.openqa.selenium.remote.service.DriverCommandExecutor.execute(DriverCommandExecutor.java:83)
	at org.openqa.selenium.remote.RemoteWebDriver.execute(RemoteWebDriver.java:601)
	at org.openqa.selenium.remote.RemoteWebDriver.findElement(RemoteWebDriver.java:371)
	at org.openqa.selenium.remote.RemoteWebDriver.findElementByXPath(RemoteWebDriver.java:473)
	at org.openqa.selenium.By$ByXPath.findElement(By.java:361)
	at org.openqa.selenium.remote.RemoteWebDriver.findElement(RemoteWebDriver.java:363)
	at pages.ChequeBookRequestPage.verifyDeliveryAddress(ChequeBookRequestPage.java:123)
	at testcases.chequebookrequest.TC18ChequeBookRequestbyAccountTypeCorrectAccountType.ChequeBookRequestbyAccountTypeCorrectAccountType(TC18ChequeBookRequestbyAccountTypeCorrectAccountType.java:45)
... Removed 29 stack frames</pre></div><a href='#' onClick='toggleBox("stack-trace1574615832", this, "Click to show all stack frames", "Click to hide stack frames")'>Click to show all stack frames</a>
<div class='stack-trace' id='stack-trace1574615832'><pre>org.openqa.selenium.NoSuchElementException: no such element: Unable to locate element: {&quot;method&quot;:&quot;xpath&quot;,&quot;selector&quot;:&quot;//div[@class=&apos;mxWelcomeTemp&apos;][contains(text(),&apos;Business Park&apos;)]&quot;}
  (Session info: chrome=80.0.3987.132)
  (Driver info: chromedriver=2.36.540470 (e522d04694c7ebea4ba8821272dbef4f9b818c91),platform=Windows NT 6.3.9600 x86_64) (WARNING: The server did not provide any stacktrace information)
Command duration or timeout: 0 milliseconds
For documentation on this error, please visit: http://seleniumhq.org/exceptions/no_such_element.html
Build info: version: &apos;3.9.1&apos;, revision: &apos;63f7b50&apos;, time: &apos;2018-02-07T22:42:28.403Z&apos;
System info: host: &apos;VAIRAMUTHU&apos;, ip: &apos;172.17.15.60&apos;, os.name: &apos;Windows 8.1&apos;, os.arch: &apos;amd64&apos;, os.version: &apos;6.3&apos;, java.version: &apos;1.8.0_51&apos;
Driver info: org.openqa.selenium.chrome.ChromeDriver
Capabilities {acceptInsecureCerts: false, acceptSslCerts: false, applicationCacheEnabled: false, browserConnectionEnabled: false, browserName: chrome, chrome: {chromedriverVersion: 2.36.540470 (e522d04694c7eb..., userDataDir: C:\Users\VAIRAM~1.RAM\AppDa...}, cssSelectorsEnabled: true, databaseEnabled: false, handlesAlerts: true, hasTouchScreen: false, javascriptEnabled: true, locationContextEnabled: true, mobileEmulationEnabled: false, nativeEvents: true, networkConnectionEnabled: false, pageLoadStrategy: normal, platform: XP, platformName: XP, rotatable: false, setWindowRect: true, takesHeapSnapshot: true, takesScreenshot: true, unexpectedAlertBehaviour: , unhandledPromptBehavior: , version: 80.0.3987.132, webStorageEnabled: true}
Session ID: ead96ef4a79e5078e8d14eac595a0e21
*** Element info: {Using=xpath, value=//div[@class=&apos;mxWelcomeTemp&apos;][contains(text(),&apos;Business Park&apos;)]}
	at sun.reflect.NativeConstructorAccessorImpl.newInstance0(Native Method)
	at sun.reflect.NativeConstructorAccessorImpl.newInstance(Unknown Source)
	at sun.reflect.DelegatingConstructorAccessorImpl.newInstance(Unknown Source)
	at java.lang.reflect.Constructor.newInstance(Unknown Source)
	at org.openqa.selenium.remote.ErrorHandler.createThrowable(ErrorHandler.java:214)
	at org.openqa.selenium.remote.ErrorHandler.throwIfResponseFailed(ErrorHandler.java:166)
	at org.openqa.selenium.remote.http.JsonHttpResponseCodec.reconstructValue(JsonHttpResponseCodec.java:40)
	at org.openqa.selenium.remote.http.AbstractHttpResponseCodec.decode(AbstractHttpResponseCodec.java:80)
	at org.openqa.selenium.remote.http.AbstractHttpResponseCodec.decode(AbstractHttpResponseCodec.java:44)
	at org.openqa.selenium.remote.HttpCommandExecutor.execute(HttpCommandExecutor.java:160)
	at org.openqa.selenium.remote.service.DriverCommandExecutor.execute(DriverCommandExecutor.java:83)
	at org.openqa.selenium.remote.RemoteWebDriver.execute(RemoteWebDriver.java:601)
	at org.openqa.selenium.remote.RemoteWebDriver.findElement(RemoteWebDriver.java:371)
	at org.openqa.selenium.remote.RemoteWebDriver.findElementByXPath(RemoteWebDriver.java:473)
	at org.openqa.selenium.By$ByXPath.findElement(By.java:361)
	at org.openqa.selenium.remote.RemoteWebDriver.findElement(RemoteWebDriver.java:363)
	at pages.ChequeBookRequestPage.verifyDeliveryAddress(ChequeBookRequestPage.java:123)
	at testcases.chequebookrequest.TC18ChequeBookRequestbyAccountTypeCorrectAccountType.ChequeBookRequestbyAccountTypeCorrectAccountType(TC18ChequeBookRequestbyAccountTypeCorrectAccountType.java:45)
	at sun.reflect.NativeMethodAccessorImpl.invoke0(Native Method)
	at sun.reflect.NativeMethodAccessorImpl.invoke(Unknown Source)
	at sun.reflect.DelegatingMethodAccessorImpl.invoke(Unknown Source)
	at java.lang.reflect.Method.invoke(Unknown Source)
	at org.testng.internal.MethodInvocationHelper.invokeMethod(MethodInvocationHelper.java:124)
	at org.testng.internal.Invoker.invokeMethod(Invoker.java:580)
	at org.testng.internal.Invoker.invokeTestMethod(Invoker.java:716)
	at org.testng.internal.Invoker.invokeTestMethods(Invoker.java:988)
	at org.testng.internal.TestMethodWorker.invokeTestMethods(TestMethodWorker.java:125)
	at org.testng.internal.TestMethodWorker.run(TestMethodWorker.java:109)
	at org.testng.TestRunner.privateRun(TestRunner.java:648)
	at org.testng.TestRunner.run(TestRunner.java:505)
	at org.testng.SuiteRunner.runTest(SuiteRunner.java:455)
	at org.testng.SuiteRunner.runSequentially(SuiteRunner.java:450)
	at org.testng.SuiteRunner.privateRun(SuiteRunner.java:415)
	at org.testng.SuiteRunner.run(SuiteRunner.java:364)
	at org.testng.SuiteRunnerWorker.runSuite(SuiteRunnerWorker.java:52)
	at org.testng.SuiteRunnerWorker.run(SuiteRunnerWorker.java:84)
	at org.testng.TestNG.runSuitesSequentially(TestNG.java:1208)
	at org.testng.TestNG.runSuitesLocally(TestNG.java:1137)
	at org.testng.TestNG.runSuites(TestNG.java:1049)
	at org.testng.TestNG.run(TestNG.java:1017)
	at org.testng.remote.AbstractRemoteTestNG.run(AbstractRemoteTestNG.java:114)
	at org.testng.remote.RemoteTestNG.initAndRun(RemoteTestNG.java:251)
	at org.testng.remote.RemoteTestNG.main(RemoteTestNG.java:77)
</pre></div></td>
<td>30</td>
<td>testcases.chequebookrequest.TC18ChequeBookRequestbyAccountTypeCorrectAccountType@58fdd99</td></tr>
<tr>
<td title='testcases.chequebookrequest.TC21ChequeBookRequestbyCorrectAccountNumberEndingWith.ChequeBookRequestbyCorrectAccountNumberEndingWith()'><b>ChequeBookRequestbyCorrectAccountNumberEndingWith</b><br>Test class: testcases.chequebookrequest.TC21ChequeBookRequestbyCorrectAccountNumberEndingWith</td>
<td><div><pre>org.openqa.selenium.NoSuchElementException: no such element: Unable to locate element: {&quot;method&quot;:&quot;xpath&quot;,&quot;selector&quot;:&quot;//div[@class=&apos;mxWelcomeTemp&apos;][contains(text(),&apos;Business Park&apos;)]&quot;}
  (Session info: chrome=80.0.3987.132)
  (Driver info: chromedriver=2.36.540470 (e522d04694c7ebea4ba8821272dbef4f9b818c91),platform=Windows NT 6.3.9600 x86_64) (WARNING: The server did not provide any stacktrace information)
Command duration or timeout: 0 milliseconds
For documentation on this error, please visit: http://seleniumhq.org/exceptions/no_such_element.html
Build info: version: &apos;3.9.1&apos;, revision: &apos;63f7b50&apos;, time: &apos;2018-02-07T22:42:28.403Z&apos;
System info: host: &apos;VAIRAMUTHU&apos;, ip: &apos;172.17.15.60&apos;, os.name: &apos;Windows 8.1&apos;, os.arch: &apos;amd64&apos;, os.version: &apos;6.3&apos;, java.version: &apos;1.8.0_51&apos;
Driver info: org.openqa.selenium.chrome.ChromeDriver
Capabilities {acceptInsecureCerts: false, acceptSslCerts: false, applicationCacheEnabled: false, browserConnectionEnabled: false, browserName: chrome, chrome: {chromedriverVersion: 2.36.540470 (e522d04694c7eb..., userDataDir: C:\Users\VAIRAM~1.RAM\AppDa...}, cssSelectorsEnabled: true, databaseEnabled: false, handlesAlerts: true, hasTouchScreen: false, javascriptEnabled: true, locationContextEnabled: true, mobileEmulationEnabled: false, nativeEvents: true, networkConnectionEnabled: false, pageLoadStrategy: normal, platform: XP, platformName: XP, rotatable: false, setWindowRect: true, takesHeapSnapshot: true, takesScreenshot: true, unexpectedAlertBehaviour: , unhandledPromptBehavior: , version: 80.0.3987.132, webStorageEnabled: true}
Session ID: c5345fc7a777087182b204ae4cb29052
*** Element info: {Using=xpath, value=//div[@class=&apos;mxWelcomeTemp&apos;][contains(text(),&apos;Business Park&apos;)]}
	at org.openqa.selenium.remote.ErrorHandler.createThrowable(ErrorHandler.java:214)
	at org.openqa.selenium.remote.ErrorHandler.throwIfResponseFailed(ErrorHandler.java:166)
	at org.openqa.selenium.remote.http.JsonHttpResponseCodec.reconstructValue(JsonHttpResponseCodec.java:40)
	at org.openqa.selenium.remote.http.AbstractHttpResponseCodec.decode(AbstractHttpResponseCodec.java:80)
	at org.openqa.selenium.remote.http.AbstractHttpResponseCodec.decode(AbstractHttpResponseCodec.java:44)
	at org.openqa.selenium.remote.HttpCommandExecutor.execute(HttpCommandExecutor.java:160)
	at org.openqa.selenium.remote.service.DriverCommandExecutor.execute(DriverCommandExecutor.java:83)
	at org.openqa.selenium.remote.RemoteWebDriver.execute(RemoteWebDriver.java:601)
	at org.openqa.selenium.remote.RemoteWebDriver.findElement(RemoteWebDriver.java:371)
	at org.openqa.selenium.remote.RemoteWebDriver.findElementByXPath(RemoteWebDriver.java:473)
	at org.openqa.selenium.By$ByXPath.findElement(By.java:361)
	at org.openqa.selenium.remote.RemoteWebDriver.findElement(RemoteWebDriver.java:363)
	at pages.ChequeBookRequestPage.verifyDeliveryAddress(ChequeBookRequestPage.java:123)
	at testcases.chequebookrequest.TC21ChequeBookRequestbyCorrectAccountNumberEndingWith.ChequeBookRequestbyCorrectAccountNumberEndingWith(TC21ChequeBookRequestbyCorrectAccountNumberEndingWith.java:44)
... Removed 29 stack frames</pre></div><a href='#' onClick='toggleBox("stack-trace285074186", this, "Click to show all stack frames", "Click to hide stack frames")'>Click to show all stack frames</a>
<div class='stack-trace' id='stack-trace285074186'><pre>org.openqa.selenium.NoSuchElementException: no such element: Unable to locate element: {&quot;method&quot;:&quot;xpath&quot;,&quot;selector&quot;:&quot;//div[@class=&apos;mxWelcomeTemp&apos;][contains(text(),&apos;Business Park&apos;)]&quot;}
  (Session info: chrome=80.0.3987.132)
  (Driver info: chromedriver=2.36.540470 (e522d04694c7ebea4ba8821272dbef4f9b818c91),platform=Windows NT 6.3.9600 x86_64) (WARNING: The server did not provide any stacktrace information)
Command duration or timeout: 0 milliseconds
For documentation on this error, please visit: http://seleniumhq.org/exceptions/no_such_element.html
Build info: version: &apos;3.9.1&apos;, revision: &apos;63f7b50&apos;, time: &apos;2018-02-07T22:42:28.403Z&apos;
System info: host: &apos;VAIRAMUTHU&apos;, ip: &apos;172.17.15.60&apos;, os.name: &apos;Windows 8.1&apos;, os.arch: &apos;amd64&apos;, os.version: &apos;6.3&apos;, java.version: &apos;1.8.0_51&apos;
Driver info: org.openqa.selenium.chrome.ChromeDriver
Capabilities {acceptInsecureCerts: false, acceptSslCerts: false, applicationCacheEnabled: false, browserConnectionEnabled: false, browserName: chrome, chrome: {chromedriverVersion: 2.36.540470 (e522d04694c7eb..., userDataDir: C:\Users\VAIRAM~1.RAM\AppDa...}, cssSelectorsEnabled: true, databaseEnabled: false, handlesAlerts: true, hasTouchScreen: false, javascriptEnabled: true, locationContextEnabled: true, mobileEmulationEnabled: false, nativeEvents: true, networkConnectionEnabled: false, pageLoadStrategy: normal, platform: XP, platformName: XP, rotatable: false, setWindowRect: true, takesHeapSnapshot: true, takesScreenshot: true, unexpectedAlertBehaviour: , unhandledPromptBehavior: , version: 80.0.3987.132, webStorageEnabled: true}
Session ID: c5345fc7a777087182b204ae4cb29052
*** Element info: {Using=xpath, value=//div[@class=&apos;mxWelcomeTemp&apos;][contains(text(),&apos;Business Park&apos;)]}
	at sun.reflect.NativeConstructorAccessorImpl.newInstance0(Native Method)
	at sun.reflect.NativeConstructorAccessorImpl.newInstance(Unknown Source)
	at sun.reflect.DelegatingConstructorAccessorImpl.newInstance(Unknown Source)
	at java.lang.reflect.Constructor.newInstance(Unknown Source)
	at org.openqa.selenium.remote.ErrorHandler.createThrowable(ErrorHandler.java:214)
	at org.openqa.selenium.remote.ErrorHandler.throwIfResponseFailed(ErrorHandler.java:166)
	at org.openqa.selenium.remote.http.JsonHttpResponseCodec.reconstructValue(JsonHttpResponseCodec.java:40)
	at org.openqa.selenium.remote.http.AbstractHttpResponseCodec.decode(AbstractHttpResponseCodec.java:80)
	at org.openqa.selenium.remote.http.AbstractHttpResponseCodec.decode(AbstractHttpResponseCodec.java:44)
	at org.openqa.selenium.remote.HttpCommandExecutor.execute(HttpCommandExecutor.java:160)
	at org.openqa.selenium.remote.service.DriverCommandExecutor.execute(DriverCommandExecutor.java:83)
	at org.openqa.selenium.remote.RemoteWebDriver.execute(RemoteWebDriver.java:601)
	at org.openqa.selenium.remote.RemoteWebDriver.findElement(RemoteWebDriver.java:371)
	at org.openqa.selenium.remote.RemoteWebDriver.findElementByXPath(RemoteWebDriver.java:473)
	at org.openqa.selenium.By$ByXPath.findElement(By.java:361)
	at org.openqa.selenium.remote.RemoteWebDriver.findElement(RemoteWebDriver.java:363)
	at pages.ChequeBookRequestPage.verifyDeliveryAddress(ChequeBookRequestPage.java:123)
	at testcases.chequebookrequest.TC21ChequeBookRequestbyCorrectAccountNumberEndingWith.ChequeBookRequestbyCorrectAccountNumberEndingWith(TC21ChequeBookRequestbyCorrectAccountNumberEndingWith.java:44)
	at sun.reflect.NativeMethodAccessorImpl.invoke0(Native Method)
	at sun.reflect.NativeMethodAccessorImpl.invoke(Unknown Source)
	at sun.reflect.DelegatingMethodAccessorImpl.invoke(Unknown Source)
	at java.lang.reflect.Method.invoke(Unknown Source)
	at org.testng.internal.MethodInvocationHelper.invokeMethod(MethodInvocationHelper.java:124)
	at org.testng.internal.Invoker.invokeMethod(Invoker.java:580)
	at org.testng.internal.Invoker.invokeTestMethod(Invoker.java:716)
	at org.testng.internal.Invoker.invokeTestMethods(Invoker.java:988)
	at org.testng.internal.TestMethodWorker.invokeTestMethods(TestMethodWorker.java:125)
	at org.testng.internal.TestMethodWorker.run(TestMethodWorker.java:109)
	at org.testng.TestRunner.privateRun(TestRunner.java:648)
	at org.testng.TestRunner.run(TestRunner.java:505)
	at org.testng.SuiteRunner.runTest(SuiteRunner.java:455)
	at org.testng.SuiteRunner.runSequentially(SuiteRunner.java:450)
	at org.testng.SuiteRunner.privateRun(SuiteRunner.java:415)
	at org.testng.SuiteRunner.run(SuiteRunner.java:364)
	at org.testng.SuiteRunnerWorker.runSuite(SuiteRunnerWorker.java:52)
	at org.testng.SuiteRunnerWorker.run(SuiteRunnerWorker.java:84)
	at org.testng.TestNG.runSuitesSequentially(TestNG.java:1208)
	at org.testng.TestNG.runSuitesLocally(TestNG.java:1137)
	at org.testng.TestNG.runSuites(TestNG.java:1049)
	at org.testng.TestNG.run(TestNG.java:1017)
	at org.testng.remote.AbstractRemoteTestNG.run(AbstractRemoteTestNG.java:114)
	at org.testng.remote.RemoteTestNG.initAndRun(RemoteTestNG.java:251)
	at org.testng.remote.RemoteTestNG.main(RemoteTestNG.java:77)
</pre></div></td>
<td>27</td>
<td>testcases.chequebookrequest.TC21ChequeBookRequestbyCorrectAccountNumberEndingWith@70b0b186</td></tr>
<tr>
<td title='testcases.chequebookrequest.TC22ChequeBookRequestbyWrongAccountNumberEndingWith.ChequeBookRequestbyCorrectAccountNumberEndingWith()'><b>ChequeBookRequestbyCorrectAccountNumberEndingWith</b><br>Test class: testcases.chequebookrequest.TC22ChequeBookRequestbyWrongAccountNumberEndingWith</td>
<td><div><pre>java.lang.RuntimeException: FAILED
	at utils.Reporter.reportStep(Reporter.java:29)
	at wrappers.GenericWrappers.enterByXpath(GenericWrappers.java:435)
	at pages.ChequeBookRequestPage.EnterUserName(ChequeBookRequestPage.java:18)
	at testcases.chequebookrequest.TC22ChequeBookRequestbyWrongAccountNumberEndingWith.ChequeBookRequestbyCorrectAccountNumberEndingWith(TC22ChequeBookRequestbyWrongAccountNumberEndingWith.java:38)
... Removed 25 stack frames</pre></div><a href='#' onClick='toggleBox("stack-trace483525032", this, "Click to show all stack frames", "Click to hide stack frames")'>Click to show all stack frames</a>
<div class='stack-trace' id='stack-trace483525032'><pre>java.lang.RuntimeException: FAILED
	at utils.Reporter.reportStep(Reporter.java:29)
	at wrappers.GenericWrappers.enterByXpath(GenericWrappers.java:435)
	at pages.ChequeBookRequestPage.EnterUserName(ChequeBookRequestPage.java:18)
	at testcases.chequebookrequest.TC22ChequeBookRequestbyWrongAccountNumberEndingWith.ChequeBookRequestbyCorrectAccountNumberEndingWith(TC22ChequeBookRequestbyWrongAccountNumberEndingWith.java:38)
	at sun.reflect.NativeMethodAccessorImpl.invoke0(Native Method)
	at sun.reflect.NativeMethodAccessorImpl.invoke(Unknown Source)
	at sun.reflect.DelegatingMethodAccessorImpl.invoke(Unknown Source)
	at java.lang.reflect.Method.invoke(Unknown Source)
	at org.testng.internal.MethodInvocationHelper.invokeMethod(MethodInvocationHelper.java:124)
	at org.testng.internal.Invoker.invokeMethod(Invoker.java:580)
	at org.testng.internal.Invoker.invokeTestMethod(Invoker.java:716)
	at org.testng.internal.Invoker.invokeTestMethods(Invoker.java:988)
	at org.testng.internal.TestMethodWorker.invokeTestMethods(TestMethodWorker.java:125)
	at org.testng.internal.TestMethodWorker.run(TestMethodWorker.java:109)
	at org.testng.TestRunner.privateRun(TestRunner.java:648)
	at org.testng.TestRunner.run(TestRunner.java:505)
	at org.testng.SuiteRunner.runTest(SuiteRunner.java:455)
	at org.testng.SuiteRunner.runSequentially(SuiteRunner.java:450)
	at org.testng.SuiteRunner.privateRun(SuiteRunner.java:415)
	at org.testng.SuiteRunner.run(SuiteRunner.java:364)
	at org.testng.SuiteRunnerWorker.runSuite(SuiteRunnerWorker.java:52)
	at org.testng.SuiteRunnerWorker.run(SuiteRunnerWorker.java:84)
	at org.testng.TestNG.runSuitesSequentially(TestNG.java:1208)
	at org.testng.TestNG.runSuitesLocally(TestNG.java:1137)
	at org.testng.TestNG.runSuites(TestNG.java:1049)
	at org.testng.TestNG.run(TestNG.java:1017)
	at org.testng.remote.AbstractRemoteTestNG.run(AbstractRemoteTestNG.java:114)
	at org.testng.remote.RemoteTestNG.initAndRun(RemoteTestNG.java:251)
	at org.testng.remote.RemoteTestNG.main(RemoteTestNG.java:77)
</pre></div></td>
<td>11</td>
<td>testcases.chequebookrequest.TC22ChequeBookRequestbyWrongAccountNumberEndingWith@ba8d91c</td></tr>
<tr>
<td title='testcases.chequebookrequest.TC23ChequeBookRequestbyIncorrectAccountNumberEndingWith.ChequeBookRequestbyCorrectAccountNumberEndingWith()'><b>ChequeBookRequestbyCorrectAccountNumberEndingWith</b><br>Test class: testcases.chequebookrequest.TC23ChequeBookRequestbyIncorrectAccountNumberEndingWith</td>
<td><div><pre>java.lang.RuntimeException: FAILED
	at utils.Reporter.reportStep(Reporter.java:29)
	at wrappers.GenericWrappers.enterByXpath(GenericWrappers.java:435)
	at pages.ChequeBookRequestPage.EnterUserName(ChequeBookRequestPage.java:18)
	at testcases.chequebookrequest.TC23ChequeBookRequestbyIncorrectAccountNumberEndingWith.ChequeBookRequestbyCorrectAccountNumberEndingWith(TC23ChequeBookRequestbyIncorrectAccountNumberEndingWith.java:38)
... Removed 25 stack frames</pre></div><a href='#' onClick='toggleBox("stack-trace1829460911", this, "Click to show all stack frames", "Click to hide stack frames")'>Click to show all stack frames</a>
<div class='stack-trace' id='stack-trace1829460911'><pre>java.lang.RuntimeException: FAILED
	at utils.Reporter.reportStep(Reporter.java:29)
	at wrappers.GenericWrappers.enterByXpath(GenericWrappers.java:435)
	at pages.ChequeBookRequestPage.EnterUserName(ChequeBookRequestPage.java:18)
	at testcases.chequebookrequest.TC23ChequeBookRequestbyIncorrectAccountNumberEndingWith.ChequeBookRequestbyCorrectAccountNumberEndingWith(TC23ChequeBookRequestbyIncorrectAccountNumberEndingWith.java:38)
	at sun.reflect.NativeMethodAccessorImpl.invoke0(Native Method)
	at sun.reflect.NativeMethodAccessorImpl.invoke(Unknown Source)
	at sun.reflect.DelegatingMethodAccessorImpl.invoke(Unknown Source)
	at java.lang.reflect.Method.invoke(Unknown Source)
	at org.testng.internal.MethodInvocationHelper.invokeMethod(MethodInvocationHelper.java:124)
	at org.testng.internal.Invoker.invokeMethod(Invoker.java:580)
	at org.testng.internal.Invoker.invokeTestMethod(Invoker.java:716)
	at org.testng.internal.Invoker.invokeTestMethods(Invoker.java:988)
	at org.testng.internal.TestMethodWorker.invokeTestMethods(TestMethodWorker.java:125)
	at org.testng.internal.TestMethodWorker.run(TestMethodWorker.java:109)
	at org.testng.TestRunner.privateRun(TestRunner.java:648)
	at org.testng.TestRunner.run(TestRunner.java:505)
	at org.testng.SuiteRunner.runTest(SuiteRunner.java:455)
	at org.testng.SuiteRunner.runSequentially(SuiteRunner.java:450)
	at org.testng.SuiteRunner.privateRun(SuiteRunner.java:415)
	at org.testng.SuiteRunner.run(SuiteRunner.java:364)
	at org.testng.SuiteRunnerWorker.runSuite(SuiteRunnerWorker.java:52)
	at org.testng.SuiteRunnerWorker.run(SuiteRunnerWorker.java:84)
	at org.testng.TestNG.runSuitesSequentially(TestNG.java:1208)
	at org.testng.TestNG.runSuitesLocally(TestNG.java:1137)
	at org.testng.TestNG.runSuites(TestNG.java:1049)
	at org.testng.TestNG.run(TestNG.java:1017)
	at org.testng.remote.AbstractRemoteTestNG.run(AbstractRemoteTestNG.java:114)
	at org.testng.remote.RemoteTestNG.initAndRun(RemoteTestNG.java:251)
	at org.testng.remote.RemoteTestNG.main(RemoteTestNG.java:77)
</pre></div></td>
<td>11</td>
<td>testcases.chequebookrequest.TC23ChequeBookRequestbyIncorrectAccountNumberEndingWith@7364985f</td></tr>
<tr>
<td title='testcases.chequebookrequest.TC25ChequeBookRequestbyAccountNumberwhichisnotlinkedtotheAccounttype.ChequeBookRequestbyCorrectAccountNumberEndingWith()'><b>ChequeBookRequestbyCorrectAccountNumberEndingWith</b><br>Test class: testcases.chequebookrequest.TC25ChequeBookRequestbyAccountNumberwhichisnotlinkedtotheAccounttype</td>
<td><div><pre>java.lang.RuntimeException: FAILED
	at utils.Reporter.reportStep(Reporter.java:29)
	at wrappers.GenericWrappers.verifyTextByXpath(GenericWrappers.java:474)
	at pages.ChequeBookRequestPage.VerifyChequeBookRequestClientMessage(ChequeBookRequestPage.java:222)
	at testcases.chequebookrequest.TC25ChequeBookRequestbyAccountNumberwhichisnotlinkedtotheAccounttype.ChequeBookRequestbyCorrectAccountNumberEndingWith(TC25ChequeBookRequestbyAccountNumberwhichisnotlinkedtotheAccounttype.java:45)
... Removed 25 stack frames</pre></div><a href='#' onClick='toggleBox("stack-trace246826139", this, "Click to show all stack frames", "Click to hide stack frames")'>Click to show all stack frames</a>
<div class='stack-trace' id='stack-trace246826139'><pre>java.lang.RuntimeException: FAILED
	at utils.Reporter.reportStep(Reporter.java:29)
	at wrappers.GenericWrappers.verifyTextByXpath(GenericWrappers.java:474)
	at pages.ChequeBookRequestPage.VerifyChequeBookRequestClientMessage(ChequeBookRequestPage.java:222)
	at testcases.chequebookrequest.TC25ChequeBookRequestbyAccountNumberwhichisnotlinkedtotheAccounttype.ChequeBookRequestbyCorrectAccountNumberEndingWith(TC25ChequeBookRequestbyAccountNumberwhichisnotlinkedtotheAccounttype.java:45)
	at sun.reflect.NativeMethodAccessorImpl.invoke0(Native Method)
	at sun.reflect.NativeMethodAccessorImpl.invoke(Unknown Source)
	at sun.reflect.DelegatingMethodAccessorImpl.invoke(Unknown Source)
	at java.lang.reflect.Method.invoke(Unknown Source)
	at org.testng.internal.MethodInvocationHelper.invokeMethod(MethodInvocationHelper.java:124)
	at org.testng.internal.Invoker.invokeMethod(Invoker.java:580)
	at org.testng.internal.Invoker.invokeTestMethod(Invoker.java:716)
	at org.testng.internal.Invoker.invokeTestMethods(Invoker.java:988)
	at org.testng.internal.TestMethodWorker.invokeTestMethods(TestMethodWorker.java:125)
	at org.testng.internal.TestMethodWorker.run(TestMethodWorker.java:109)
	at org.testng.TestRunner.privateRun(TestRunner.java:648)
	at org.testng.TestRunner.run(TestRunner.java:505)
	at org.testng.SuiteRunner.runTest(SuiteRunner.java:455)
	at org.testng.SuiteRunner.runSequentially(SuiteRunner.java:450)
	at org.testng.SuiteRunner.privateRun(SuiteRunner.java:415)
	at org.testng.SuiteRunner.run(SuiteRunner.java:364)
	at org.testng.SuiteRunnerWorker.runSuite(SuiteRunnerWorker.java:52)
	at org.testng.SuiteRunnerWorker.run(SuiteRunnerWorker.java:84)
	at org.testng.TestNG.runSuitesSequentially(TestNG.java:1208)
	at org.testng.TestNG.runSuitesLocally(TestNG.java:1137)
	at org.testng.TestNG.runSuites(TestNG.java:1049)
	at org.testng.TestNG.run(TestNG.java:1017)
	at org.testng.remote.AbstractRemoteTestNG.run(AbstractRemoteTestNG.java:114)
	at org.testng.remote.RemoteTestNG.initAndRun(RemoteTestNG.java:251)
	at org.testng.remote.RemoteTestNG.main(RemoteTestNG.java:77)
</pre></div></td>
<td>34</td>
<td>testcases.chequebookrequest.TC25ChequeBookRequestbyAccountNumberwhichisnotlinkedtotheAccounttype@709ba3fb</td></tr>
<tr>
<td title='testcases.chequebookrequest.TC26ChequeBookRequestbyAccountNumberwhichislinkedtoOtherAccounttype.ChequeBookRequestbyCorrectAccountNumberEndingWith()'><b>ChequeBookRequestbyCorrectAccountNumberEndingWith</b><br>Test class: testcases.chequebookrequest.TC26ChequeBookRequestbyAccountNumberwhichislinkedtoOtherAccounttype</td>
<td><div><pre>java.lang.RuntimeException: FAILED
	at utils.Reporter.reportStep(Reporter.java:29)
	at wrappers.GenericWrappers.enterByXpath(GenericWrappers.java:435)
	at pages.ChequeBookRequestPage.EnterUserName(ChequeBookRequestPage.java:18)
	at testcases.chequebookrequest.TC26ChequeBookRequestbyAccountNumberwhichislinkedtoOtherAccounttype.ChequeBookRequestbyCorrectAccountNumberEndingWith(TC26ChequeBookRequestbyAccountNumberwhichislinkedtoOtherAccounttype.java:38)
... Removed 25 stack frames</pre></div><a href='#' onClick='toggleBox("stack-trace593447952", this, "Click to show all stack frames", "Click to hide stack frames")'>Click to show all stack frames</a>
<div class='stack-trace' id='stack-trace593447952'><pre>java.lang.RuntimeException: FAILED
	at utils.Reporter.reportStep(Reporter.java:29)
	at wrappers.GenericWrappers.enterByXpath(GenericWrappers.java:435)
	at pages.ChequeBookRequestPage.EnterUserName(ChequeBookRequestPage.java:18)
	at testcases.chequebookrequest.TC26ChequeBookRequestbyAccountNumberwhichislinkedtoOtherAccounttype.ChequeBookRequestbyCorrectAccountNumberEndingWith(TC26ChequeBookRequestbyAccountNumberwhichislinkedtoOtherAccounttype.java:38)
	at sun.reflect.NativeMethodAccessorImpl.invoke0(Native Method)
	at sun.reflect.NativeMethodAccessorImpl.invoke(Unknown Source)
	at sun.reflect.DelegatingMethodAccessorImpl.invoke(Unknown Source)
	at java.lang.reflect.Method.invoke(Unknown Source)
	at org.testng.internal.MethodInvocationHelper.invokeMethod(MethodInvocationHelper.java:124)
	at org.testng.internal.Invoker.invokeMethod(Invoker.java:580)
	at org.testng.internal.Invoker.invokeTestMethod(Invoker.java:716)
	at org.testng.internal.Invoker.invokeTestMethods(Invoker.java:988)
	at org.testng.internal.TestMethodWorker.invokeTestMethods(TestMethodWorker.java:125)
	at org.testng.internal.TestMethodWorker.run(TestMethodWorker.java:109)
	at org.testng.TestRunner.privateRun(TestRunner.java:648)
	at org.testng.TestRunner.run(TestRunner.java:505)
	at org.testng.SuiteRunner.runTest(SuiteRunner.java:455)
	at org.testng.SuiteRunner.runSequentially(SuiteRunner.java:450)
	at org.testng.SuiteRunner.privateRun(SuiteRunner.java:415)
	at org.testng.SuiteRunner.run(SuiteRunner.java:364)
	at org.testng.SuiteRunnerWorker.runSuite(SuiteRunnerWorker.java:52)
	at org.testng.SuiteRunnerWorker.run(SuiteRunnerWorker.java:84)
	at org.testng.TestNG.runSuitesSequentially(TestNG.java:1208)
	at org.testng.TestNG.runSuitesLocally(TestNG.java:1137)
	at org.testng.TestNG.runSuites(TestNG.java:1049)
	at org.testng.TestNG.run(TestNG.java:1017)
	at org.testng.remote.AbstractRemoteTestNG.run(AbstractRemoteTestNG.java:114)
	at org.testng.remote.RemoteTestNG.initAndRun(RemoteTestNG.java:251)
	at org.testng.remote.RemoteTestNG.main(RemoteTestNG.java:77)
</pre></div></td>
<td>11</td>
<td>testcases.chequebookrequest.TC26ChequeBookRequestbyAccountNumberwhichislinkedtoOtherAccounttype@3d36e4cd</td></tr>
<tr>
<td title='testcases.chequebookrequest.TC27ChequeBookRequestbyIncorrectAccountnumberending.ChequeBookRequestbyCorrectAccountNumberEndingWith()'><b>ChequeBookRequestbyCorrectAccountNumberEndingWith</b><br>Test class: testcases.chequebookrequest.TC27ChequeBookRequestbyIncorrectAccountnumberending</td>
<td><div><pre>java.lang.RuntimeException: FAILED
	at utils.Reporter.reportStep(Reporter.java:29)
	at wrappers.GenericWrappers.enterByXpath(GenericWrappers.java:435)
	at pages.ChequeBookRequestPage.EnterUserName(ChequeBookRequestPage.java:18)
	at testcases.chequebookrequest.TC27ChequeBookRequestbyIncorrectAccountnumberending.ChequeBookRequestbyCorrectAccountNumberEndingWith(TC27ChequeBookRequestbyIncorrectAccountnumberending.java:38)
... Removed 25 stack frames</pre></div><a href='#' onClick='toggleBox("stack-trace144445623", this, "Click to show all stack frames", "Click to hide stack frames")'>Click to show all stack frames</a>
<div class='stack-trace' id='stack-trace144445623'><pre>java.lang.RuntimeException: FAILED
	at utils.Reporter.reportStep(Reporter.java:29)
	at wrappers.GenericWrappers.enterByXpath(GenericWrappers.java:435)
	at pages.ChequeBookRequestPage.EnterUserName(ChequeBookRequestPage.java:18)
	at testcases.chequebookrequest.TC27ChequeBookRequestbyIncorrectAccountnumberending.ChequeBookRequestbyCorrectAccountNumberEndingWith(TC27ChequeBookRequestbyIncorrectAccountnumberending.java:38)
	at sun.reflect.NativeMethodAccessorImpl.invoke0(Native Method)
	at sun.reflect.NativeMethodAccessorImpl.invoke(Unknown Source)
	at sun.reflect.DelegatingMethodAccessorImpl.invoke(Unknown Source)
	at java.lang.reflect.Method.invoke(Unknown Source)
	at org.testng.internal.MethodInvocationHelper.invokeMethod(MethodInvocationHelper.java:124)
	at org.testng.internal.Invoker.invokeMethod(Invoker.java:580)
	at org.testng.internal.Invoker.invokeTestMethod(Invoker.java:716)
	at org.testng.internal.Invoker.invokeTestMethods(Invoker.java:988)
	at org.testng.internal.TestMethodWorker.invokeTestMethods(TestMethodWorker.java:125)
	at org.testng.internal.TestMethodWorker.run(TestMethodWorker.java:109)
	at org.testng.TestRunner.privateRun(TestRunner.java:648)
	at org.testng.TestRunner.run(TestRunner.java:505)
	at org.testng.SuiteRunner.runTest(SuiteRunner.java:455)
	at org.testng.SuiteRunner.runSequentially(SuiteRunner.java:450)
	at org.testng.SuiteRunner.privateRun(SuiteRunner.java:415)
	at org.testng.SuiteRunner.run(SuiteRunner.java:364)
	at org.testng.SuiteRunnerWorker.runSuite(SuiteRunnerWorker.java:52)
	at org.testng.SuiteRunnerWorker.run(SuiteRunnerWorker.java:84)
	at org.testng.TestNG.runSuitesSequentially(TestNG.java:1208)
	at org.testng.TestNG.runSuitesLocally(TestNG.java:1137)
	at org.testng.TestNG.runSuites(TestNG.java:1049)
	at org.testng.TestNG.run(TestNG.java:1017)
	at org.testng.remote.AbstractRemoteTestNG.run(AbstractRemoteTestNG.java:114)
	at org.testng.remote.RemoteTestNG.initAndRun(RemoteTestNG.java:251)
	at org.testng.remote.RemoteTestNG.main(RemoteTestNG.java:77)
</pre></div></td>
<td>11</td>
<td>testcases.chequebookrequest.TC27ChequeBookRequestbyIncorrectAccountnumberending@6a472554</td></tr>
<tr>
<td title='testcases.chequebookrequest.TC28ChequeBookRequestbyAccountTypeendingwithwhichisnotavailable.ChequeBookRequestbyCorrectAccountNumberEndingWith()'><b>ChequeBookRequestbyCorrectAccountNumberEndingWith</b><br>Test class: testcases.chequebookrequest.TC28ChequeBookRequestbyAccountTypeendingwithwhichisnotavailable</td>
<td><div><pre>java.lang.RuntimeException: FAILED
	at utils.Reporter.reportStep(Reporter.java:29)
	at wrappers.GenericWrappers.enterByXpath(GenericWrappers.java:435)
	at pages.ChequeBookRequestPage.EnterUserName(ChequeBookRequestPage.java:18)
	at testcases.chequebookrequest.TC28ChequeBookRequestbyAccountTypeendingwithwhichisnotavailable.ChequeBookRequestbyCorrectAccountNumberEndingWith(TC28ChequeBookRequestbyAccountTypeendingwithwhichisnotavailable.java:38)
... Removed 25 stack frames</pre></div><a href='#' onClick='toggleBox("stack-trace1651754404", this, "Click to show all stack frames", "Click to hide stack frames")'>Click to show all stack frames</a>
<div class='stack-trace' id='stack-trace1651754404'><pre>java.lang.RuntimeException: FAILED
	at utils.Reporter.reportStep(Reporter.java:29)
	at wrappers.GenericWrappers.enterByXpath(GenericWrappers.java:435)
	at pages.ChequeBookRequestPage.EnterUserName(ChequeBookRequestPage.java:18)
	at testcases.chequebookrequest.TC28ChequeBookRequestbyAccountTypeendingwithwhichisnotavailable.ChequeBookRequestbyCorrectAccountNumberEndingWith(TC28ChequeBookRequestbyAccountTypeendingwithwhichisnotavailable.java:38)
	at sun.reflect.NativeMethodAccessorImpl.invoke0(Native Method)
	at sun.reflect.NativeMethodAccessorImpl.invoke(Unknown Source)
	at sun.reflect.DelegatingMethodAccessorImpl.invoke(Unknown Source)
	at java.lang.reflect.Method.invoke(Unknown Source)
	at org.testng.internal.MethodInvocationHelper.invokeMethod(MethodInvocationHelper.java:124)
	at org.testng.internal.Invoker.invokeMethod(Invoker.java:580)
	at org.testng.internal.Invoker.invokeTestMethod(Invoker.java:716)
	at org.testng.internal.Invoker.invokeTestMethods(Invoker.java:988)
	at org.testng.internal.TestMethodWorker.invokeTestMethods(TestMethodWorker.java:125)
	at org.testng.internal.TestMethodWorker.run(TestMethodWorker.java:109)
	at org.testng.TestRunner.privateRun(TestRunner.java:648)
	at org.testng.TestRunner.run(TestRunner.java:505)
	at org.testng.SuiteRunner.runTest(SuiteRunner.java:455)
	at org.testng.SuiteRunner.runSequentially(SuiteRunner.java:450)
	at org.testng.SuiteRunner.privateRun(SuiteRunner.java:415)
	at org.testng.SuiteRunner.run(SuiteRunner.java:364)
	at org.testng.SuiteRunnerWorker.runSuite(SuiteRunnerWorker.java:52)
	at org.testng.SuiteRunnerWorker.run(SuiteRunnerWorker.java:84)
	at org.testng.TestNG.runSuitesSequentially(TestNG.java:1208)
	at org.testng.TestNG.runSuitesLocally(TestNG.java:1137)
	at org.testng.TestNG.runSuites(TestNG.java:1049)
	at org.testng.TestNG.run(TestNG.java:1017)
	at org.testng.remote.AbstractRemoteTestNG.run(AbstractRemoteTestNG.java:114)
	at org.testng.remote.RemoteTestNG.initAndRun(RemoteTestNG.java:251)
	at org.testng.remote.RemoteTestNG.main(RemoteTestNG.java:77)
</pre></div></td>
<td>11</td>
<td>testcases.chequebookrequest.TC28ChequeBookRequestbyAccountTypeendingwithwhichisnotavailable@7ff2a664</td></tr>
<tr>
<td title='testcases.chequebookrequest.TC24ChequeBookRequestbyCorrectAccountTypeAccountNumberEndingWith.ChequeBookRequestbyCorrectAccountTypeAccountNumberEndingWith()'><b>ChequeBookRequestbyCorrectAccountTypeAccountNumberEndingWith</b><br>Test class: testcases.chequebookrequest.TC24ChequeBookRequestbyCorrectAccountTypeAccountNumberEndingWith</td>
<td><div><pre>org.openqa.selenium.NoSuchElementException: no such element: Unable to locate element: {&quot;method&quot;:&quot;xpath&quot;,&quot;selector&quot;:&quot;//div[@class=&apos;mxWelcomeTemp&apos;][contains(text(),&apos;Business Park&apos;)]&quot;}
  (Session info: chrome=80.0.3987.132)
  (Driver info: chromedriver=2.36.540470 (e522d04694c7ebea4ba8821272dbef4f9b818c91),platform=Windows NT 6.3.9600 x86_64) (WARNING: The server did not provide any stacktrace information)
Command duration or timeout: 0 milliseconds
For documentation on this error, please visit: http://seleniumhq.org/exceptions/no_such_element.html
Build info: version: &apos;3.9.1&apos;, revision: &apos;63f7b50&apos;, time: &apos;2018-02-07T22:42:28.403Z&apos;
System info: host: &apos;VAIRAMUTHU&apos;, ip: &apos;172.17.15.60&apos;, os.name: &apos;Windows 8.1&apos;, os.arch: &apos;amd64&apos;, os.version: &apos;6.3&apos;, java.version: &apos;1.8.0_51&apos;
Driver info: org.openqa.selenium.chrome.ChromeDriver
Capabilities {acceptInsecureCerts: false, acceptSslCerts: false, applicationCacheEnabled: false, browserConnectionEnabled: false, browserName: chrome, chrome: {chromedriverVersion: 2.36.540470 (e522d04694c7eb..., userDataDir: C:\Users\VAIRAM~1.RAM\AppDa...}, cssSelectorsEnabled: true, databaseEnabled: false, handlesAlerts: true, hasTouchScreen: false, javascriptEnabled: true, locationContextEnabled: true, mobileEmulationEnabled: false, nativeEvents: true, networkConnectionEnabled: false, pageLoadStrategy: normal, platform: XP, platformName: XP, rotatable: false, setWindowRect: true, takesHeapSnapshot: true, takesScreenshot: true, unexpectedAlertBehaviour: , unhandledPromptBehavior: , version: 80.0.3987.132, webStorageEnabled: true}
Session ID: 573c6bcf24d0c01b587d1b197a2a2756
*** Element info: {Using=xpath, value=//div[@class=&apos;mxWelcomeTemp&apos;][contains(text(),&apos;Business Park&apos;)]}
	at org.openqa.selenium.remote.ErrorHandler.createThrowable(ErrorHandler.java:214)
	at org.openqa.selenium.remote.ErrorHandler.throwIfResponseFailed(ErrorHandler.java:166)
	at org.openqa.selenium.remote.http.JsonHttpResponseCodec.reconstructValue(JsonHttpResponseCodec.java:40)
	at org.openqa.selenium.remote.http.AbstractHttpResponseCodec.decode(AbstractHttpResponseCodec.java:80)
	at org.openqa.selenium.remote.http.AbstractHttpResponseCodec.decode(AbstractHttpResponseCodec.java:44)
	at org.openqa.selenium.remote.HttpCommandExecutor.execute(HttpCommandExecutor.java:160)
	at org.openqa.selenium.remote.service.DriverCommandExecutor.execute(DriverCommandExecutor.java:83)
	at org.openqa.selenium.remote.RemoteWebDriver.execute(RemoteWebDriver.java:601)
	at org.openqa.selenium.remote.RemoteWebDriver.findElement(RemoteWebDriver.java:371)
	at org.openqa.selenium.remote.RemoteWebDriver.findElementByXPath(RemoteWebDriver.java:473)
	at org.openqa.selenium.By$ByXPath.findElement(By.java:361)
	at org.openqa.selenium.remote.RemoteWebDriver.findElement(RemoteWebDriver.java:363)
	at pages.ChequeBookRequestPage.verifyDeliveryAddress(ChequeBookRequestPage.java:123)
	at testcases.chequebookrequest.TC24ChequeBookRequestbyCorrectAccountTypeAccountNumberEndingWith.ChequeBookRequestbyCorrectAccountTypeAccountNumberEndingWith(TC24ChequeBookRequestbyCorrectAccountTypeAccountNumberEndingWith.java:44)
... Removed 29 stack frames</pre></div><a href='#' onClick='toggleBox("stack-trace1667534569", this, "Click to show all stack frames", "Click to hide stack frames")'>Click to show all stack frames</a>
<div class='stack-trace' id='stack-trace1667534569'><pre>org.openqa.selenium.NoSuchElementException: no such element: Unable to locate element: {&quot;method&quot;:&quot;xpath&quot;,&quot;selector&quot;:&quot;//div[@class=&apos;mxWelcomeTemp&apos;][contains(text(),&apos;Business Park&apos;)]&quot;}
  (Session info: chrome=80.0.3987.132)
  (Driver info: chromedriver=2.36.540470 (e522d04694c7ebea4ba8821272dbef4f9b818c91),platform=Windows NT 6.3.9600 x86_64) (WARNING: The server did not provide any stacktrace information)
Command duration or timeout: 0 milliseconds
For documentation on this error, please visit: http://seleniumhq.org/exceptions/no_such_element.html
Build info: version: &apos;3.9.1&apos;, revision: &apos;63f7b50&apos;, time: &apos;2018-02-07T22:42:28.403Z&apos;
System info: host: &apos;VAIRAMUTHU&apos;, ip: &apos;172.17.15.60&apos;, os.name: &apos;Windows 8.1&apos;, os.arch: &apos;amd64&apos;, os.version: &apos;6.3&apos;, java.version: &apos;1.8.0_51&apos;
Driver info: org.openqa.selenium.chrome.ChromeDriver
Capabilities {acceptInsecureCerts: false, acceptSslCerts: false, applicationCacheEnabled: false, browserConnectionEnabled: false, browserName: chrome, chrome: {chromedriverVersion: 2.36.540470 (e522d04694c7eb..., userDataDir: C:\Users\VAIRAM~1.RAM\AppDa...}, cssSelectorsEnabled: true, databaseEnabled: false, handlesAlerts: true, hasTouchScreen: false, javascriptEnabled: true, locationContextEnabled: true, mobileEmulationEnabled: false, nativeEvents: true, networkConnectionEnabled: false, pageLoadStrategy: normal, platform: XP, platformName: XP, rotatable: false, setWindowRect: true, takesHeapSnapshot: true, takesScreenshot: true, unexpectedAlertBehaviour: , unhandledPromptBehavior: , version: 80.0.3987.132, webStorageEnabled: true}
Session ID: 573c6bcf24d0c01b587d1b197a2a2756
*** Element info: {Using=xpath, value=//div[@class=&apos;mxWelcomeTemp&apos;][contains(text(),&apos;Business Park&apos;)]}
	at sun.reflect.NativeConstructorAccessorImpl.newInstance0(Native Method)
	at sun.reflect.NativeConstructorAccessorImpl.newInstance(Unknown Source)
	at sun.reflect.DelegatingConstructorAccessorImpl.newInstance(Unknown Source)
	at java.lang.reflect.Constructor.newInstance(Unknown Source)
	at org.openqa.selenium.remote.ErrorHandler.createThrowable(ErrorHandler.java:214)
	at org.openqa.selenium.remote.ErrorHandler.throwIfResponseFailed(ErrorHandler.java:166)
	at org.openqa.selenium.remote.http.JsonHttpResponseCodec.reconstructValue(JsonHttpResponseCodec.java:40)
	at org.openqa.selenium.remote.http.AbstractHttpResponseCodec.decode(AbstractHttpResponseCodec.java:80)
	at org.openqa.selenium.remote.http.AbstractHttpResponseCodec.decode(AbstractHttpResponseCodec.java:44)
	at org.openqa.selenium.remote.HttpCommandExecutor.execute(HttpCommandExecutor.java:160)
	at org.openqa.selenium.remote.service.DriverCommandExecutor.execute(DriverCommandExecutor.java:83)
	at org.openqa.selenium.remote.RemoteWebDriver.execute(RemoteWebDriver.java:601)
	at org.openqa.selenium.remote.RemoteWebDriver.findElement(RemoteWebDriver.java:371)
	at org.openqa.selenium.remote.RemoteWebDriver.findElementByXPath(RemoteWebDriver.java:473)
	at org.openqa.selenium.By$ByXPath.findElement(By.java:361)
	at org.openqa.selenium.remote.RemoteWebDriver.findElement(RemoteWebDriver.java:363)
	at pages.ChequeBookRequestPage.verifyDeliveryAddress(ChequeBookRequestPage.java:123)
	at testcases.chequebookrequest.TC24ChequeBookRequestbyCorrectAccountTypeAccountNumberEndingWith.ChequeBookRequestbyCorrectAccountTypeAccountNumberEndingWith(TC24ChequeBookRequestbyCorrectAccountTypeAccountNumberEndingWith.java:44)
	at sun.reflect.NativeMethodAccessorImpl.invoke0(Native Method)
	at sun.reflect.NativeMethodAccessorImpl.invoke(Unknown Source)
	at sun.reflect.DelegatingMethodAccessorImpl.invoke(Unknown Source)
	at java.lang.reflect.Method.invoke(Unknown Source)
	at org.testng.internal.MethodInvocationHelper.invokeMethod(MethodInvocationHelper.java:124)
	at org.testng.internal.Invoker.invokeMethod(Invoker.java:580)
	at org.testng.internal.Invoker.invokeTestMethod(Invoker.java:716)
	at org.testng.internal.Invoker.invokeTestMethods(Invoker.java:988)
	at org.testng.internal.TestMethodWorker.invokeTestMethods(TestMethodWorker.java:125)
	at org.testng.internal.TestMethodWorker.run(TestMethodWorker.java:109)
	at org.testng.TestRunner.privateRun(TestRunner.java:648)
	at org.testng.TestRunner.run(TestRunner.java:505)
	at org.testng.SuiteRunner.runTest(SuiteRunner.java:455)
	at org.testng.SuiteRunner.runSequentially(SuiteRunner.java:450)
	at org.testng.SuiteRunner.privateRun(SuiteRunner.java:415)
	at org.testng.SuiteRunner.run(SuiteRunner.java:364)
	at org.testng.SuiteRunnerWorker.runSuite(SuiteRunnerWorker.java:52)
	at org.testng.SuiteRunnerWorker.run(SuiteRunnerWorker.java:84)
	at org.testng.TestNG.runSuitesSequentially(TestNG.java:1208)
	at org.testng.TestNG.runSuitesLocally(TestNG.java:1137)
	at org.testng.TestNG.runSuites(TestNG.java:1049)
	at org.testng.TestNG.run(TestNG.java:1017)
	at org.testng.remote.AbstractRemoteTestNG.run(AbstractRemoteTestNG.java:114)
	at org.testng.remote.RemoteTestNG.initAndRun(RemoteTestNG.java:251)
	at org.testng.remote.RemoteTestNG.main(RemoteTestNG.java:77)
</pre></div></td>
<td>26</td>
<td>testcases.chequebookrequest.TC24ChequeBookRequestbyCorrectAccountTypeAccountNumberEndingWith@5d20e46</td></tr>
</table><p>
<table width='100%' border='1' class='invocation-passed'>
<tr><td colspan='4' align='center'><b>PASSED TESTS</b></td></tr>
<tr><td><b>Test method</b></td>
<td width="30%"><b>Exception</b></td>
<td width="10%"><b>Time (seconds)</b></td>
<td><b>Instance</b></td>
</tr>
<tr>
<td title='testcases.chequebookrequest.TC06ChequeBookRequestAccountSelectionByClick.ChequeBookRequestAccountSelectionByClickAxcessPlusAccount()'><b>ChequeBookRequestAccountSelectionByClickAxcessPlusAccount</b><br>Test class: testcases.chequebookrequest.TC06ChequeBookRequestAccountSelectionByClick</td>
<td></td>
<td>29</td>
<td>testcases.chequebookrequest.TC06ChequeBookRequestAccountSelectionByClick@516be40f</td></tr>
<tr>
<td title='testcases.chequebookrequest.TC06ChequeBookRequestAccountSelectionByClick.ChequeBookRequestAccountSelectionByClickRegularCurrentAccount()'><b>ChequeBookRequestAccountSelectionByClickRegularCurrentAccount</b><br>Test class: testcases.chequebookrequest.TC06ChequeBookRequestAccountSelectionByClick</td>
<td></td>
<td>28</td>
<td>testcases.chequebookrequest.TC06ChequeBookRequestAccountSelectionByClick@516be40f</td></tr>
<tr>
<td title='testcases.chequebookrequest.TC06ChequeBookRequestAccountSelectionByClick.ChequeBookRequestAccountSelectionByClickSuperValueAccount()'><b>ChequeBookRequestAccountSelectionByClickSuperValueAccount</b><br>Test class: testcases.chequebookrequest.TC06ChequeBookRequestAccountSelectionByClick</td>
<td></td>
<td>29</td>
<td>testcases.chequebookrequest.TC06ChequeBookRequestAccountSelectionByClick@516be40f</td></tr>
<tr>
<td title='testcases.chequebookrequest.TC07ChequeBookRequestAccountSelectionByText.ChequeBookRequestAccountSelectionByTextAxcessPlusAccount()'><b>ChequeBookRequestAccountSelectionByTextAxcessPlusAccount</b><br>Test class: testcases.chequebookrequest.TC07ChequeBookRequestAccountSelectionByText</td>
<td></td>
<td>30</td>
<td>testcases.chequebookrequest.TC07ChequeBookRequestAccountSelectionByText@3c0a50da</td></tr>
<tr>
<td title='testcases.chequebookrequest.TC07ChequeBookRequestAccountSelectionByText.ChequeBookRequestAccountSelectionByTextRegularCurrentAccount()'><b>ChequeBookRequestAccountSelectionByTextRegularCurrentAccount</b><br>Test class: testcases.chequebookrequest.TC07ChequeBookRequestAccountSelectionByText</td>
<td></td>
<td>29</td>
<td>testcases.chequebookrequest.TC07ChequeBookRequestAccountSelectionByText@3c0a50da</td></tr>
<tr>
<td title='testcases.chequebookrequest.TC07ChequeBookRequestAccountSelectionByText.ChequeBookRequestAccountSelectionByTextSuperValueAccount()'><b>ChequeBookRequestAccountSelectionByTextSuperValueAccount</b><br>Test class: testcases.chequebookrequest.TC07ChequeBookRequestAccountSelectionByText</td>
<td></td>
<td>30</td>
<td>testcases.chequebookrequest.TC07ChequeBookRequestAccountSelectionByText@3c0a50da</td></tr>
<tr>
<td title='testcases.chequebookrequest.TC08ChequeBookRequestDeliveryAddressMessageCheck.ChequeBookRequestAccountSelectionByTextSuperValueAccount()'><b>ChequeBookRequestAccountSelectionByTextSuperValueAccount</b><br>Test class: testcases.chequebookrequest.TC08ChequeBookRequestDeliveryAddressMessageCheck</td>
<td></td>
<td>32</td>
<td>testcases.chequebookrequest.TC08ChequeBookRequestDeliveryAddressMessageCheck@646be2c3</td></tr>
<tr>
<td title='testcases.chequebookrequest.TC09ChequeBookRequestAccountNameDisplayinConfirmationMessage.ChequeBookRequestAccountSelectionByTextSuperValueAccount()'><b>ChequeBookRequestAccountSelectionByTextSuperValueAccount</b><br>Test class: testcases.chequebookrequest.TC09ChequeBookRequestAccountNameDisplayinConfirmationMessage</td>
<td></td>
<td>33</td>
<td>testcases.chequebookrequest.TC09ChequeBookRequestAccountNameDisplayinConfirmationMessage@797badd3</td></tr>
<tr>
<td title='testcases.chequebookrequest.TC10ChequeBookRequestConfirmAndCancelButtonsCheck.ChequeBookRequestAccountSelectionByTextSuperValueAccount()'><b>ChequeBookRequestAccountSelectionByTextSuperValueAccount</b><br>Test class: testcases.chequebookrequest.TC10ChequeBookRequestConfirmAndCancelButtonsCheck</td>
<td></td>
<td>33</td>
<td>testcases.chequebookrequest.TC10ChequeBookRequestConfirmAndCancelButtonsCheck@77be656f</td></tr>
<tr>
<td title='testcases.chequebookrequest.TC01ChequeBookRequestIconCheck.ChequeBookRequestIconCheck()'><b>ChequeBookRequestIconCheck</b><br>Test class: testcases.chequebookrequest.TC01ChequeBookRequestIconCheck</td>
<td></td>
<td>8</td>
<td>testcases.chequebookrequest.TC01ChequeBookRequestIconCheck@59717824</td></tr>
<tr>
<td title='testcases.chequebookrequest.TC02ChequeBookRequestIconClickWithoutLogin.ChequeBookRequestIconClickWithoutLogin()'><b>ChequeBookRequestIconClickWithoutLogin</b><br>Test class: testcases.chequebookrequest.TC02ChequeBookRequestIconClickWithoutLogin</td>
<td></td>
<td>23</td>
<td>testcases.chequebookrequest.TC02ChequeBookRequestIconClickWithoutLogin@146044d7</td></tr>
<tr>
<td title='testcases.chequebookrequest.TC05ChequeBookRequestIntentAccountDisplayMessage.ChequeBookRequestIntentAccountDisplayMessage()'><b>ChequeBookRequestIntentAccountDisplayMessage</b><br>Test class: testcases.chequebookrequest.TC05ChequeBookRequestIntentAccountDisplayMessage</td>
<td></td>
<td>25</td>
<td>testcases.chequebookrequest.TC05ChequeBookRequestIntentAccountDisplayMessage@473b46c3</td></tr>
<tr>
<td title='testcases.chequebookrequest.TC12ChequeBookRequestIsthereanythingelseinSuccesfulMessageCheck.ChequeBookRequestIsthereanythingelseinSuccesfulMessageCheck()'><b>ChequeBookRequestIsthereanythingelseinSuccesfulMessageCheck</b><br>Test class: testcases.chequebookrequest.TC12ChequeBookRequestIsthereanythingelseinSuccesfulMessageCheck</td>
<td></td>
<td>39</td>
<td>testcases.chequebookrequest.TC12ChequeBookRequestIsthereanythingelseinSuccesfulMessageCheck@221af3c0</td></tr>
<tr>
<td title='testcases.chequebookrequest.TC11ChequeBookRequestSuccesfulMessageCheck.ChequeBookRequestSuccesfulMessageCheck()'><b>ChequeBookRequestSuccesfulMessageCheck</b><br>Test class: testcases.chequebookrequest.TC11ChequeBookRequestSuccesfulMessageCheck</td>
<td></td>
<td>38</td>
<td>testcases.chequebookrequest.TC11ChequeBookRequestSuccesfulMessageCheck@19dc67c2</td></tr>
<tr>
<td title='testcases.chequebookrequest.TC04ChequeBookRequestTextAfterLogin.ChequeBookRequestTextAfterLogin()'><b>ChequeBookRequestTextAfterLogin</b><br>Test class: testcases.chequebookrequest.TC04ChequeBookRequestTextAfterLogin</td>
<td></td>
<td>22</td>
<td>testcases.chequebookrequest.TC04ChequeBookRequestTextAfterLogin@15d9bc04</td></tr>
<tr>
<td title='testcases.chequebookrequest.TC16ChequeBookRequestbyWrongAccountName.ChequeBookRequestTextAfterLogin()'><b>ChequeBookRequestTextAfterLogin</b><br>Test class: testcases.chequebookrequest.TC16ChequeBookRequestbyWrongAccountName</td>
<td></td>
<td>29</td>
<td>testcases.chequebookrequest.TC16ChequeBookRequestbyWrongAccountName@dd3b207</td></tr>
<tr>
<td title='testcases.chequebookrequest.TC17ChequeBookRequestbyAccountNameUserDontHave.ChequeBookRequestTextAfterLogin()'><b>ChequeBookRequestTextAfterLogin</b><br>Test class: testcases.chequebookrequest.TC17ChequeBookRequestbyAccountNameUserDontHave</td>
<td></td>
<td>30</td>
<td>testcases.chequebookrequest.TC17ChequeBookRequestbyAccountNameUserDontHave@551bdc27</td></tr>
<tr>
<td title='testcases.chequebookrequest.TC32ChequeBookRequestWrongInputTwiceWhileConfirmingRequest.ChequeBookRequestWrongInputTwiceWhileConfirmingRequest()'><b>ChequeBookRequestWrongInputTwiceWhileConfirmingRequest</b><br>Test class: testcases.chequebookrequest.TC32ChequeBookRequestWrongInputTwiceWhileConfirmingRequest</td>
<td></td>
<td>51</td>
<td>testcases.chequebookrequest.TC32ChequeBookRequestWrongInputTwiceWhileConfirmingRequest@61d47554</td></tr>
<tr>
<td title='testcases.chequebookrequest.TC30ChequeBookRequestWrongInputTwiceWhileSelectingAccount.ChequeBookRequestWrongInputTwiceWhileSelectingAccount()'><b>ChequeBookRequestWrongInputTwiceWhileSelectingAccount</b><br>Test class: testcases.chequebookrequest.TC30ChequeBookRequestWrongInputTwiceWhileSelectingAccount</td>
<td></td>
<td>38</td>
<td>testcases.chequebookrequest.TC30ChequeBookRequestWrongInputTwiceWhileSelectingAccount@58c1c010</td></tr>
<tr>
<td title='testcases.chequebookrequest.TC31ChequeBookRequestWrongInputWhileConfirmingRequest.ChequeBookRequestWrongInputWhileConfirmingRequest()'><b>ChequeBookRequestWrongInputWhileConfirmingRequest</b><br>Test class: testcases.chequebookrequest.TC31ChequeBookRequestWrongInputWhileConfirmingRequest</td>
<td></td>
<td>43</td>
<td>testcases.chequebookrequest.TC31ChequeBookRequestWrongInputWhileConfirmingRequest@b7f23d9</td></tr>
<tr>
<td title='testcases.chequebookrequest.TC29ChequeBookRequestWrongInputWhileSelectingAccount.ChequeBookRequestWrongInputWhileSelectingAccount()'><b>ChequeBookRequestWrongInputWhileSelectingAccount</b><br>Test class: testcases.chequebookrequest.TC29ChequeBookRequestWrongInputWhileSelectingAccount</td>
<td></td>
<td>32</td>
<td>testcases.chequebookrequest.TC29ChequeBookRequestWrongInputWhileSelectingAccount@525b461a</td></tr>
<tr>
<td title='testcases.chequebookrequest.TC15ChequeBookRequestbyAccountNameCorrectAccountName.ChequeBookRequestbyAccountNameCorrectAccountName()'><b>ChequeBookRequestbyAccountNameCorrectAccountName</b><br>Test class: testcases.chequebookrequest.TC15ChequeBookRequestbyAccountNameCorrectAccountName</td>
<td></td>
<td>33</td>
<td>testcases.chequebookrequest.TC15ChequeBookRequestbyAccountNameCorrectAccountName@78a2da20</td></tr>
<tr>
<td title='testcases.chequebookrequest.TC19ChequeBookRequestbyAccountTypeUserdonthave.ChequeBookRequestbyAccountTypeCorrectAccountType()'><b>ChequeBookRequestbyAccountTypeCorrectAccountType</b><br>Test class: testcases.chequebookrequest.TC19ChequeBookRequestbyAccountTypeUserdonthave</td>
<td></td>
<td>23</td>
<td>testcases.chequebookrequest.TC19ChequeBookRequestbyAccountTypeUserdonthave@6b1274d2</td></tr>
<tr>
<td title='testcases.chequebookrequest.TC20ChequeBookRequestbyAccountTypeUserhaveOnlyOneAccount.ChequeBookRequestbyAccountTypeUserhaveOnlyOneAccount()'><b>ChequeBookRequestbyAccountTypeUserhaveOnlyOneAccount</b><br>Test class: testcases.chequebookrequest.TC20ChequeBookRequestbyAccountTypeUserhaveOnlyOneAccount</td>
<td></td>
<td>25</td>
<td>testcases.chequebookrequest.TC20ChequeBookRequestbyAccountTypeUserhaveOnlyOneAccount@7bc1a03d</td></tr>
</table><p>
</body>
</html>