<html>
<head>
<title>TestNG:  managecards and chequebookrequest</title>
<link href="../testng.css" rel="stylesheet" type="text/css" />
<link href="../my-testng.css" rel="stylesheet" type="text/css" />

<style type="text/css">
.log { display: none;} 
.stack-trace { display: none;} 
</style>
<script type="text/javascript">
<!--
function flip(e) {
  current = e.style.display;
  if (current == 'block') {
    e.style.display = 'none';
    return 0;
  }
  else {
    e.style.display = 'block';
    return 1;
  }
}

function toggleBox(szDivId, elem, msg1, msg2)
{
  var res = -1;  if (document.getElementById) {
    res = flip(document.getElementById(szDivId));
  }
  else if (document.all) {
    // this is the way old msie versions work
    res = flip(document.all[szDivId]);
  }
  if(elem) {
    if(res == 0) elem.innerHTML = msg1; else elem.innerHTML = msg2;
  }

}

function toggleAllBoxes() {
  if (document.getElementsByTagName) {
    d = document.getElementsByTagName('div');
    for (i = 0; i < d.length; i++) {
      if (d[i].className == 'log') {
        flip(d[i]);
      }
    }
  }
}

// -->
</script>

</head>
<body>
<h2 align='center'>managecards and chequebookrequest</h2><table border='1' align="center">
<tr>
<td>Tests passed/Failed/Skipped:</td><td>62/26/0</td>
</tr><tr>
<td>Started on:</td><td>Mon Mar 23 12:34:09 IST 2020</td>
</tr>
<tr><td>Total time:</td><td>4406 seconds (4406107 ms)</td>
</tr><tr>
<td>Included groups:</td><td></td>
</tr><tr>
<td>Excluded groups:</td><td></td>
</tr>
</table><p/>
<small><i>(Hover the method name to see the test class name)</i></small><p/>
<table width='100%' border='1' class='invocation-failed'>
<tr><td colspan='4' align='center'><b>FAILED TESTS</b></td></tr>
<tr><td><b>Test method</b></td>
<td width="30%"><b>Exception</b></td>
<td width="10%"><b>Time (seconds)</b></td>
<td><b>Instance</b></td>
</tr>
<tr>
<td title='testcases.chequebookrequest.TC13ChequeBookRequestCancellationMessageCheck.ChequeBookRequestCancellationMessageCheck()'><b>ChequeBookRequestCancellationMessageCheck</b><br>Test class: testcases.chequebookrequest.TC13ChequeBookRequestCancellationMessageCheck</td>
<td><div><pre>org.openqa.selenium.NoSuchElementException: no such element: Unable to locate element: {&quot;method&quot;:&quot;xpath&quot;,&quot;selector&quot;:&quot;//div[@class=&apos;mx-statusTitle&apos;][contains(text(),&apos;Your request has been cancelled&apos;)]&quot;}
  (Session info: chrome=80.0.3987.149)
  (Driver info: chromedriver=2.36.540470 (e522d04694c7ebea4ba8821272dbef4f9b818c91),platform=Windows NT 6.3.9600 x86_64) (WARNING: The server did not provide any stacktrace information)
Command duration or timeout: 0 milliseconds
For documentation on this error, please visit: http://seleniumhq.org/exceptions/no_such_element.html
Build info: version: &apos;3.14.0&apos;, revision: &apos;aacccce0&apos;, time: &apos;2018-08-02T20:19:58.91Z&apos;
System info: host: &apos;LENOVO-PC&apos;, ip: &apos;192.168.0.114&apos;, os.name: &apos;Windows 8.1&apos;, os.arch: &apos;amd64&apos;, os.version: &apos;6.3&apos;, java.version: &apos;1.8.0_241&apos;
Driver info: org.openqa.selenium.chrome.ChromeDriver
Capabilities {acceptInsecureCerts: false, acceptSslCerts: false, applicationCacheEnabled: false, browserConnectionEnabled: false, browserName: chrome, chrome: {chromedriverVersion: 2.36.540470 (e522d04694c7eb..., userDataDir: C:\Users\SRENIV~1\AppData\L...}, cssSelectorsEnabled: true, databaseEnabled: false, handlesAlerts: true, hasTouchScreen: false, javascriptEnabled: true, locationContextEnabled: true, mobileEmulationEnabled: false, nativeEvents: true, networkConnectionEnabled: false, pageLoadStrategy: normal, platform: XP, platformName: XP, rotatable: false, setWindowRect: true, takesHeapSnapshot: true, takesScreenshot: true, unexpectedAlertBehaviour: , unhandledPromptBehavior: , version: 80.0.3987.149, webStorageEnabled: true}
Session ID: 15d8d4a3459c29a73d98904b4c5cd5f1
*** Element info: {Using=xpath, value=//div[@class=&apos;mx-statusTitle&apos;][contains(text(),&apos;Your request has been cancelled&apos;)]}
	at org.openqa.selenium.remote.ErrorHandler.createThrowable(ErrorHandler.java:214)
	at org.openqa.selenium.remote.ErrorHandler.throwIfResponseFailed(ErrorHandler.java:166)
	at org.openqa.selenium.remote.http.JsonHttpResponseCodec.reconstructValue(JsonHttpResponseCodec.java:40)
	at org.openqa.selenium.remote.http.AbstractHttpResponseCodec.decode(AbstractHttpResponseCodec.java:80)
	at org.openqa.selenium.remote.http.AbstractHttpResponseCodec.decode(AbstractHttpResponseCodec.java:44)
	at org.openqa.selenium.remote.HttpCommandExecutor.execute(HttpCommandExecutor.java:158)
	at org.openqa.selenium.remote.service.DriverCommandExecutor.execute(DriverCommandExecutor.java:83)
	at org.openqa.selenium.remote.RemoteWebDriver.execute(RemoteWebDriver.java:548)
	at org.openqa.selenium.remote.RemoteWebDriver.findElement(RemoteWebDriver.java:322)
	at org.openqa.selenium.remote.RemoteWebDriver.findElementByXPath(RemoteWebDriver.java:424)
	at org.openqa.selenium.By$ByXPath.findElement(By.java:353)
	at org.openqa.selenium.remote.RemoteWebDriver.findElement(RemoteWebDriver.java:314)
	at pages.ChequeBookRequestPage.verifyCancellationMessage(ChequeBookRequestPage.java:151)
	at testcases.chequebookrequest.TC13ChequeBookRequestCancellationMessageCheck.ChequeBookRequestCancellationMessageCheck(TC13ChequeBookRequestCancellationMessageCheck.java:52)
	at java.util.ArrayList.forEach(Unknown Source)
... Removed 31 stack frames</pre></div><a href='#' onClick='toggleBox("stack-trace913209033", this, "Click to show all stack frames", "Click to hide stack frames")'>Click to show all stack frames</a>
<div class='stack-trace' id='stack-trace913209033'><pre>org.openqa.selenium.NoSuchElementException: no such element: Unable to locate element: {&quot;method&quot;:&quot;xpath&quot;,&quot;selector&quot;:&quot;//div[@class=&apos;mx-statusTitle&apos;][contains(text(),&apos;Your request has been cancelled&apos;)]&quot;}
  (Session info: chrome=80.0.3987.149)
  (Driver info: chromedriver=2.36.540470 (e522d04694c7ebea4ba8821272dbef4f9b818c91),platform=Windows NT 6.3.9600 x86_64) (WARNING: The server did not provide any stacktrace information)
Command duration or timeout: 0 milliseconds
For documentation on this error, please visit: http://seleniumhq.org/exceptions/no_such_element.html
Build info: version: &apos;3.14.0&apos;, revision: &apos;aacccce0&apos;, time: &apos;2018-08-02T20:19:58.91Z&apos;
System info: host: &apos;LENOVO-PC&apos;, ip: &apos;192.168.0.114&apos;, os.name: &apos;Windows 8.1&apos;, os.arch: &apos;amd64&apos;, os.version: &apos;6.3&apos;, java.version: &apos;1.8.0_241&apos;
Driver info: org.openqa.selenium.chrome.ChromeDriver
Capabilities {acceptInsecureCerts: false, acceptSslCerts: false, applicationCacheEnabled: false, browserConnectionEnabled: false, browserName: chrome, chrome: {chromedriverVersion: 2.36.540470 (e522d04694c7eb..., userDataDir: C:\Users\SRENIV~1\AppData\L...}, cssSelectorsEnabled: true, databaseEnabled: false, handlesAlerts: true, hasTouchScreen: false, javascriptEnabled: true, locationContextEnabled: true, mobileEmulationEnabled: false, nativeEvents: true, networkConnectionEnabled: false, pageLoadStrategy: normal, platform: XP, platformName: XP, rotatable: false, setWindowRect: true, takesHeapSnapshot: true, takesScreenshot: true, unexpectedAlertBehaviour: , unhandledPromptBehavior: , version: 80.0.3987.149, webStorageEnabled: true}
Session ID: 15d8d4a3459c29a73d98904b4c5cd5f1
*** Element info: {Using=xpath, value=//div[@class=&apos;mx-statusTitle&apos;][contains(text(),&apos;Your request has been cancelled&apos;)]}
	at sun.reflect.NativeConstructorAccessorImpl.newInstance0(Native Method)
	at sun.reflect.NativeConstructorAccessorImpl.newInstance(Unknown Source)
	at sun.reflect.DelegatingConstructorAccessorImpl.newInstance(Unknown Source)
	at java.lang.reflect.Constructor.newInstance(Unknown Source)
	at org.openqa.selenium.remote.ErrorHandler.createThrowable(ErrorHandler.java:214)
	at org.openqa.selenium.remote.ErrorHandler.throwIfResponseFailed(ErrorHandler.java:166)
	at org.openqa.selenium.remote.http.JsonHttpResponseCodec.reconstructValue(JsonHttpResponseCodec.java:40)
	at org.openqa.selenium.remote.http.AbstractHttpResponseCodec.decode(AbstractHttpResponseCodec.java:80)
	at org.openqa.selenium.remote.http.AbstractHttpResponseCodec.decode(AbstractHttpResponseCodec.java:44)
	at org.openqa.selenium.remote.HttpCommandExecutor.execute(HttpCommandExecutor.java:158)
	at org.openqa.selenium.remote.service.DriverCommandExecutor.execute(DriverCommandExecutor.java:83)
	at org.openqa.selenium.remote.RemoteWebDriver.execute(RemoteWebDriver.java:548)
	at org.openqa.selenium.remote.RemoteWebDriver.findElement(RemoteWebDriver.java:322)
	at org.openqa.selenium.remote.RemoteWebDriver.findElementByXPath(RemoteWebDriver.java:424)
	at org.openqa.selenium.By$ByXPath.findElement(By.java:353)
	at org.openqa.selenium.remote.RemoteWebDriver.findElement(RemoteWebDriver.java:314)
	at pages.ChequeBookRequestPage.verifyCancellationMessage(ChequeBookRequestPage.java:151)
	at testcases.chequebookrequest.TC13ChequeBookRequestCancellationMessageCheck.ChequeBookRequestCancellationMessageCheck(TC13ChequeBookRequestCancellationMessageCheck.java:52)
	at sun.reflect.NativeMethodAccessorImpl.invoke0(Native Method)
	at sun.reflect.NativeMethodAccessorImpl.invoke(Unknown Source)
	at sun.reflect.DelegatingMethodAccessorImpl.invoke(Unknown Source)
	at java.lang.reflect.Method.invoke(Unknown Source)
	at org.testng.internal.MethodInvocationHelper.invokeMethod(MethodInvocationHelper.java:134)
	at org.testng.internal.TestInvoker.invokeMethod(TestInvoker.java:597)
	at org.testng.internal.TestInvoker.invokeTestMethod(TestInvoker.java:173)
	at org.testng.internal.MethodRunner.runInSequence(MethodRunner.java:46)
	at org.testng.internal.TestInvoker$MethodInvocationAgent.invoke(TestInvoker.java:816)
	at org.testng.internal.TestInvoker.invokeTestMethods(TestInvoker.java:146)
	at org.testng.internal.TestMethodWorker.invokeTestMethods(TestMethodWorker.java:146)
	at org.testng.internal.TestMethodWorker.run(TestMethodWorker.java:128)
	at java.util.ArrayList.forEach(Unknown Source)
	at org.testng.TestRunner.privateRun(TestRunner.java:766)
	at org.testng.TestRunner.run(TestRunner.java:587)
	at org.testng.SuiteRunner.runTest(SuiteRunner.java:384)
	at org.testng.SuiteRunner.runSequentially(SuiteRunner.java:378)
	at org.testng.SuiteRunner.privateRun(SuiteRunner.java:337)
	at org.testng.SuiteRunner.run(SuiteRunner.java:286)
	at org.testng.SuiteRunnerWorker.runSuite(SuiteRunnerWorker.java:53)
	at org.testng.SuiteRunnerWorker.run(SuiteRunnerWorker.java:96)
	at org.testng.TestNG.runSuitesSequentially(TestNG.java:1187)
	at org.testng.TestNG.runSuitesLocally(TestNG.java:1109)
	at org.testng.TestNG.runSuites(TestNG.java:1039)
	at org.testng.TestNG.run(TestNG.java:1007)
	at org.testng.remote.AbstractRemoteTestNG.run(AbstractRemoteTestNG.java:115)
	at org.testng.remote.RemoteTestNG.initAndRun(RemoteTestNG.java:251)
	at org.testng.remote.RemoteTestNG.main(RemoteTestNG.java:77)
</pre></div></td>
<td>49</td>
<td>testcases.chequebookrequest.TC13ChequeBookRequestCancellationMessageCheck@4b9e255</td></tr>
<tr>
<td title='testcases.chequebookrequest.TC14ChequeBookRequestIsthereanythingelseinCancellationMessageCheck.ChequeBookRequestCancellationMessageCheck()'><b>ChequeBookRequestCancellationMessageCheck</b><br>Test class: testcases.chequebookrequest.TC14ChequeBookRequestIsthereanythingelseinCancellationMessageCheck</td>
<td><div><pre>org.openqa.selenium.NoSuchElementException: no such element: Unable to locate element: {&quot;method&quot;:&quot;xpath&quot;,&quot;selector&quot;:&quot;//div[@class=&apos;mx-statusTitle&apos;][contains(text(),&apos;Your request has been cancelled&apos;)]&quot;}
  (Session info: chrome=80.0.3987.149)
  (Driver info: chromedriver=2.36.540470 (e522d04694c7ebea4ba8821272dbef4f9b818c91),platform=Windows NT 6.3.9600 x86_64) (WARNING: The server did not provide any stacktrace information)
Command duration or timeout: 0 milliseconds
For documentation on this error, please visit: http://seleniumhq.org/exceptions/no_such_element.html
Build info: version: &apos;3.14.0&apos;, revision: &apos;aacccce0&apos;, time: &apos;2018-08-02T20:19:58.91Z&apos;
System info: host: &apos;LENOVO-PC&apos;, ip: &apos;192.168.0.114&apos;, os.name: &apos;Windows 8.1&apos;, os.arch: &apos;amd64&apos;, os.version: &apos;6.3&apos;, java.version: &apos;1.8.0_241&apos;
Driver info: org.openqa.selenium.chrome.ChromeDriver
Capabilities {acceptInsecureCerts: false, acceptSslCerts: false, applicationCacheEnabled: false, browserConnectionEnabled: false, browserName: chrome, chrome: {chromedriverVersion: 2.36.540470 (e522d04694c7eb..., userDataDir: C:\Users\SRENIV~1\AppData\L...}, cssSelectorsEnabled: true, databaseEnabled: false, handlesAlerts: true, hasTouchScreen: false, javascriptEnabled: true, locationContextEnabled: true, mobileEmulationEnabled: false, nativeEvents: true, networkConnectionEnabled: false, pageLoadStrategy: normal, platform: XP, platformName: XP, rotatable: false, setWindowRect: true, takesHeapSnapshot: true, takesScreenshot: true, unexpectedAlertBehaviour: , unhandledPromptBehavior: , version: 80.0.3987.149, webStorageEnabled: true}
Session ID: a27237d215f926acf6e74e2975d05a37
*** Element info: {Using=xpath, value=//div[@class=&apos;mx-statusTitle&apos;][contains(text(),&apos;Your request has been cancelled&apos;)]}
	at org.openqa.selenium.remote.ErrorHandler.createThrowable(ErrorHandler.java:214)
	at org.openqa.selenium.remote.ErrorHandler.throwIfResponseFailed(ErrorHandler.java:166)
	at org.openqa.selenium.remote.http.JsonHttpResponseCodec.reconstructValue(JsonHttpResponseCodec.java:40)
	at org.openqa.selenium.remote.http.AbstractHttpResponseCodec.decode(AbstractHttpResponseCodec.java:80)
	at org.openqa.selenium.remote.http.AbstractHttpResponseCodec.decode(AbstractHttpResponseCodec.java:44)
	at org.openqa.selenium.remote.HttpCommandExecutor.execute(HttpCommandExecutor.java:158)
	at org.openqa.selenium.remote.service.DriverCommandExecutor.execute(DriverCommandExecutor.java:83)
	at org.openqa.selenium.remote.RemoteWebDriver.execute(RemoteWebDriver.java:548)
	at org.openqa.selenium.remote.RemoteWebDriver.findElement(RemoteWebDriver.java:322)
	at org.openqa.selenium.remote.RemoteWebDriver.findElementByXPath(RemoteWebDriver.java:424)
	at org.openqa.selenium.By$ByXPath.findElement(By.java:353)
	at org.openqa.selenium.remote.RemoteWebDriver.findElement(RemoteWebDriver.java:314)
	at pages.ChequeBookRequestPage.verifyCancellationMessage(ChequeBookRequestPage.java:151)
	at testcases.chequebookrequest.TC14ChequeBookRequestIsthereanythingelseinCancellationMessageCheck.ChequeBookRequestCancellationMessageCheck(TC14ChequeBookRequestIsthereanythingelseinCancellationMessageCheck.java:52)
	at java.util.ArrayList.forEach(Unknown Source)
... Removed 31 stack frames</pre></div><a href='#' onClick='toggleBox("stack-trace1129707776", this, "Click to show all stack frames", "Click to hide stack frames")'>Click to show all stack frames</a>
<div class='stack-trace' id='stack-trace1129707776'><pre>org.openqa.selenium.NoSuchElementException: no such element: Unable to locate element: {&quot;method&quot;:&quot;xpath&quot;,&quot;selector&quot;:&quot;//div[@class=&apos;mx-statusTitle&apos;][contains(text(),&apos;Your request has been cancelled&apos;)]&quot;}
  (Session info: chrome=80.0.3987.149)
  (Driver info: chromedriver=2.36.540470 (e522d04694c7ebea4ba8821272dbef4f9b818c91),platform=Windows NT 6.3.9600 x86_64) (WARNING: The server did not provide any stacktrace information)
Command duration or timeout: 0 milliseconds
For documentation on this error, please visit: http://seleniumhq.org/exceptions/no_such_element.html
Build info: version: &apos;3.14.0&apos;, revision: &apos;aacccce0&apos;, time: &apos;2018-08-02T20:19:58.91Z&apos;
System info: host: &apos;LENOVO-PC&apos;, ip: &apos;192.168.0.114&apos;, os.name: &apos;Windows 8.1&apos;, os.arch: &apos;amd64&apos;, os.version: &apos;6.3&apos;, java.version: &apos;1.8.0_241&apos;
Driver info: org.openqa.selenium.chrome.ChromeDriver
Capabilities {acceptInsecureCerts: false, acceptSslCerts: false, applicationCacheEnabled: false, browserConnectionEnabled: false, browserName: chrome, chrome: {chromedriverVersion: 2.36.540470 (e522d04694c7eb..., userDataDir: C:\Users\SRENIV~1\AppData\L...}, cssSelectorsEnabled: true, databaseEnabled: false, handlesAlerts: true, hasTouchScreen: false, javascriptEnabled: true, locationContextEnabled: true, mobileEmulationEnabled: false, nativeEvents: true, networkConnectionEnabled: false, pageLoadStrategy: normal, platform: XP, platformName: XP, rotatable: false, setWindowRect: true, takesHeapSnapshot: true, takesScreenshot: true, unexpectedAlertBehaviour: , unhandledPromptBehavior: , version: 80.0.3987.149, webStorageEnabled: true}
Session ID: a27237d215f926acf6e74e2975d05a37
*** Element info: {Using=xpath, value=//div[@class=&apos;mx-statusTitle&apos;][contains(text(),&apos;Your request has been cancelled&apos;)]}
	at sun.reflect.NativeConstructorAccessorImpl.newInstance0(Native Method)
	at sun.reflect.NativeConstructorAccessorImpl.newInstance(Unknown Source)
	at sun.reflect.DelegatingConstructorAccessorImpl.newInstance(Unknown Source)
	at java.lang.reflect.Constructor.newInstance(Unknown Source)
	at org.openqa.selenium.remote.ErrorHandler.createThrowable(ErrorHandler.java:214)
	at org.openqa.selenium.remote.ErrorHandler.throwIfResponseFailed(ErrorHandler.java:166)
	at org.openqa.selenium.remote.http.JsonHttpResponseCodec.reconstructValue(JsonHttpResponseCodec.java:40)
	at org.openqa.selenium.remote.http.AbstractHttpResponseCodec.decode(AbstractHttpResponseCodec.java:80)
	at org.openqa.selenium.remote.http.AbstractHttpResponseCodec.decode(AbstractHttpResponseCodec.java:44)
	at org.openqa.selenium.remote.HttpCommandExecutor.execute(HttpCommandExecutor.java:158)
	at org.openqa.selenium.remote.service.DriverCommandExecutor.execute(DriverCommandExecutor.java:83)
	at org.openqa.selenium.remote.RemoteWebDriver.execute(RemoteWebDriver.java:548)
	at org.openqa.selenium.remote.RemoteWebDriver.findElement(RemoteWebDriver.java:322)
	at org.openqa.selenium.remote.RemoteWebDriver.findElementByXPath(RemoteWebDriver.java:424)
	at org.openqa.selenium.By$ByXPath.findElement(By.java:353)
	at org.openqa.selenium.remote.RemoteWebDriver.findElement(RemoteWebDriver.java:314)
	at pages.ChequeBookRequestPage.verifyCancellationMessage(ChequeBookRequestPage.java:151)
	at testcases.chequebookrequest.TC14ChequeBookRequestIsthereanythingelseinCancellationMessageCheck.ChequeBookRequestCancellationMessageCheck(TC14ChequeBookRequestIsthereanythingelseinCancellationMessageCheck.java:52)
	at sun.reflect.NativeMethodAccessorImpl.invoke0(Native Method)
	at sun.reflect.NativeMethodAccessorImpl.invoke(Unknown Source)
	at sun.reflect.DelegatingMethodAccessorImpl.invoke(Unknown Source)
	at java.lang.reflect.Method.invoke(Unknown Source)
	at org.testng.internal.MethodInvocationHelper.invokeMethod(MethodInvocationHelper.java:134)
	at org.testng.internal.TestInvoker.invokeMethod(TestInvoker.java:597)
	at org.testng.internal.TestInvoker.invokeTestMethod(TestInvoker.java:173)
	at org.testng.internal.MethodRunner.runInSequence(MethodRunner.java:46)
	at org.testng.internal.TestInvoker$MethodInvocationAgent.invoke(TestInvoker.java:816)
	at org.testng.internal.TestInvoker.invokeTestMethods(TestInvoker.java:146)
	at org.testng.internal.TestMethodWorker.invokeTestMethods(TestMethodWorker.java:146)
	at org.testng.internal.TestMethodWorker.run(TestMethodWorker.java:128)
	at java.util.ArrayList.forEach(Unknown Source)
	at org.testng.TestRunner.privateRun(TestRunner.java:766)
	at org.testng.TestRunner.run(TestRunner.java:587)
	at org.testng.SuiteRunner.runTest(SuiteRunner.java:384)
	at org.testng.SuiteRunner.runSequentially(SuiteRunner.java:378)
	at org.testng.SuiteRunner.privateRun(SuiteRunner.java:337)
	at org.testng.SuiteRunner.run(SuiteRunner.java:286)
	at org.testng.SuiteRunnerWorker.runSuite(SuiteRunnerWorker.java:53)
	at org.testng.SuiteRunnerWorker.run(SuiteRunnerWorker.java:96)
	at org.testng.TestNG.runSuitesSequentially(TestNG.java:1187)
	at org.testng.TestNG.runSuitesLocally(TestNG.java:1109)
	at org.testng.TestNG.runSuites(TestNG.java:1039)
	at org.testng.TestNG.run(TestNG.java:1007)
	at org.testng.remote.AbstractRemoteTestNG.run(AbstractRemoteTestNG.java:115)
	at org.testng.remote.RemoteTestNG.initAndRun(RemoteTestNG.java:251)
	at org.testng.remote.RemoteTestNG.main(RemoteTestNG.java:77)
</pre></div></td>
<td>46</td>
<td>testcases.chequebookrequest.TC14ChequeBookRequestIsthereanythingelseinCancellationMessageCheck@5e57643e</td></tr>
<tr>
<td title='testcases.chequebookrequest.TC03ChequeBookRequestIconClickAfterLogin.ChequeBookRequestIconClickAfterLogin()'><b>ChequeBookRequestIconClickAfterLogin</b><br>Test class: testcases.chequebookrequest.TC03ChequeBookRequestIconClickAfterLogin</td>
<td><div><pre>java.lang.RuntimeException: FAILED
	at utils.Reporter.reportStep(Reporter.java:29)
	at wrappers.GenericWrappers.clickWrapper(GenericWrappers.java:367)
	at wrappers.GenericWrappers.clickByXpath(GenericWrappers.java:760)
	at pages.ChequeBookRequestPage.clickChequeBookRequestLogo(ChequeBookRequestPage.java:51)
	at testcases.chequebookrequest.TC03ChequeBookRequestIconClickAfterLogin.ChequeBookRequestIconClickAfterLogin(TC03ChequeBookRequestIconClickAfterLogin.java:43)
	at java.util.ArrayList.forEach(Unknown Source)
... Removed 27 stack frames</pre></div><a href='#' onClick='toggleBox("stack-trace2050951350", this, "Click to show all stack frames", "Click to hide stack frames")'>Click to show all stack frames</a>
<div class='stack-trace' id='stack-trace2050951350'><pre>java.lang.RuntimeException: FAILED
	at utils.Reporter.reportStep(Reporter.java:29)
	at wrappers.GenericWrappers.clickWrapper(GenericWrappers.java:367)
	at wrappers.GenericWrappers.clickByXpath(GenericWrappers.java:760)
	at pages.ChequeBookRequestPage.clickChequeBookRequestLogo(ChequeBookRequestPage.java:51)
	at testcases.chequebookrequest.TC03ChequeBookRequestIconClickAfterLogin.ChequeBookRequestIconClickAfterLogin(TC03ChequeBookRequestIconClickAfterLogin.java:43)
	at sun.reflect.NativeMethodAccessorImpl.invoke0(Native Method)
	at sun.reflect.NativeMethodAccessorImpl.invoke(Unknown Source)
	at sun.reflect.DelegatingMethodAccessorImpl.invoke(Unknown Source)
	at java.lang.reflect.Method.invoke(Unknown Source)
	at org.testng.internal.MethodInvocationHelper.invokeMethod(MethodInvocationHelper.java:134)
	at org.testng.internal.TestInvoker.invokeMethod(TestInvoker.java:597)
	at org.testng.internal.TestInvoker.invokeTestMethod(TestInvoker.java:173)
	at org.testng.internal.MethodRunner.runInSequence(MethodRunner.java:46)
	at org.testng.internal.TestInvoker$MethodInvocationAgent.invoke(TestInvoker.java:816)
	at org.testng.internal.TestInvoker.invokeTestMethods(TestInvoker.java:146)
	at org.testng.internal.TestMethodWorker.invokeTestMethods(TestMethodWorker.java:146)
	at org.testng.internal.TestMethodWorker.run(TestMethodWorker.java:128)
	at java.util.ArrayList.forEach(Unknown Source)
	at org.testng.TestRunner.privateRun(TestRunner.java:766)
	at org.testng.TestRunner.run(TestRunner.java:587)
	at org.testng.SuiteRunner.runTest(SuiteRunner.java:384)
	at org.testng.SuiteRunner.runSequentially(SuiteRunner.java:378)
	at org.testng.SuiteRunner.privateRun(SuiteRunner.java:337)
	at org.testng.SuiteRunner.run(SuiteRunner.java:286)
	at org.testng.SuiteRunnerWorker.runSuite(SuiteRunnerWorker.java:53)
	at org.testng.SuiteRunnerWorker.run(SuiteRunnerWorker.java:96)
	at org.testng.TestNG.runSuitesSequentially(TestNG.java:1187)
	at org.testng.TestNG.runSuitesLocally(TestNG.java:1109)
	at org.testng.TestNG.runSuites(TestNG.java:1039)
	at org.testng.TestNG.run(TestNG.java:1007)
	at org.testng.remote.AbstractRemoteTestNG.run(AbstractRemoteTestNG.java:115)
	at org.testng.remote.RemoteTestNG.initAndRun(RemoteTestNG.java:251)
	at org.testng.remote.RemoteTestNG.main(RemoteTestNG.java:77)
</pre></div></td>
<td>38</td>
<td>testcases.chequebookrequest.TC03ChequeBookRequestIconClickAfterLogin@2698dc7</td></tr>
<tr>
<td title='testcases.chequebookrequest.TC02ChequeBookRequestIconClickWithoutLogin.ChequeBookRequestIconClickWithoutLogin()'><b>ChequeBookRequestIconClickWithoutLogin</b><br>Test class: testcases.chequebookrequest.TC02ChequeBookRequestIconClickWithoutLogin</td>
<td><div><pre>java.lang.RuntimeException: FAILED
	at utils.Reporter.reportStep(Reporter.java:29)
	at wrappers.GenericWrappers.verifyTextByXpath(GenericWrappers.java:474)
	at pages.ChequeBookRequestPage.verifyWelcomeUserName(ChequeBookRequestPage.java:56)
	at testcases.chequebookrequest.TC02ChequeBookRequestIconClickWithoutLogin.ChequeBookRequestIconClickWithoutLogin(TC02ChequeBookRequestIconClickWithoutLogin.java:43)
	at java.util.ArrayList.forEach(Unknown Source)
... Removed 27 stack frames</pre></div><a href='#' onClick='toggleBox("stack-trace2120404899", this, "Click to show all stack frames", "Click to hide stack frames")'>Click to show all stack frames</a>
<div class='stack-trace' id='stack-trace2120404899'><pre>java.lang.RuntimeException: FAILED
	at utils.Reporter.reportStep(Reporter.java:29)
	at wrappers.GenericWrappers.verifyTextByXpath(GenericWrappers.java:474)
	at pages.ChequeBookRequestPage.verifyWelcomeUserName(ChequeBookRequestPage.java:56)
	at testcases.chequebookrequest.TC02ChequeBookRequestIconClickWithoutLogin.ChequeBookRequestIconClickWithoutLogin(TC02ChequeBookRequestIconClickWithoutLogin.java:43)
	at sun.reflect.NativeMethodAccessorImpl.invoke0(Native Method)
	at sun.reflect.NativeMethodAccessorImpl.invoke(Unknown Source)
	at sun.reflect.DelegatingMethodAccessorImpl.invoke(Unknown Source)
	at java.lang.reflect.Method.invoke(Unknown Source)
	at org.testng.internal.MethodInvocationHelper.invokeMethod(MethodInvocationHelper.java:134)
	at org.testng.internal.TestInvoker.invokeMethod(TestInvoker.java:597)
	at org.testng.internal.TestInvoker.invokeTestMethod(TestInvoker.java:173)
	at org.testng.internal.MethodRunner.runInSequence(MethodRunner.java:46)
	at org.testng.internal.TestInvoker$MethodInvocationAgent.invoke(TestInvoker.java:816)
	at org.testng.internal.TestInvoker.invokeTestMethods(TestInvoker.java:146)
	at org.testng.internal.TestMethodWorker.invokeTestMethods(TestMethodWorker.java:146)
	at org.testng.internal.TestMethodWorker.run(TestMethodWorker.java:128)
	at java.util.ArrayList.forEach(Unknown Source)
	at org.testng.TestRunner.privateRun(TestRunner.java:766)
	at org.testng.TestRunner.run(TestRunner.java:587)
	at org.testng.SuiteRunner.runTest(SuiteRunner.java:384)
	at org.testng.SuiteRunner.runSequentially(SuiteRunner.java:378)
	at org.testng.SuiteRunner.privateRun(SuiteRunner.java:337)
	at org.testng.SuiteRunner.run(SuiteRunner.java:286)
	at org.testng.SuiteRunnerWorker.runSuite(SuiteRunnerWorker.java:53)
	at org.testng.SuiteRunnerWorker.run(SuiteRunnerWorker.java:96)
	at org.testng.TestNG.runSuitesSequentially(TestNG.java:1187)
	at org.testng.TestNG.runSuitesLocally(TestNG.java:1109)
	at org.testng.TestNG.runSuites(TestNG.java:1039)
	at org.testng.TestNG.run(TestNG.java:1007)
	at org.testng.remote.AbstractRemoteTestNG.run(AbstractRemoteTestNG.java:115)
	at org.testng.remote.RemoteTestNG.initAndRun(RemoteTestNG.java:251)
	at org.testng.remote.RemoteTestNG.main(RemoteTestNG.java:77)
</pre></div></td>
<td>43</td>
<td>testcases.chequebookrequest.TC02ChequeBookRequestIconClickWithoutLogin@44f75083</td></tr>
<tr>
<td title='testcases.chequebookrequest.TC18ChequeBookRequestbyAccountTypeCorrectAccountType.ChequeBookRequestbyAccountTypeCorrectAccountType()'><b>ChequeBookRequestbyAccountTypeCorrectAccountType</b><br>Test class: testcases.chequebookrequest.TC18ChequeBookRequestbyAccountTypeCorrectAccountType</td>
<td><div><pre>org.openqa.selenium.NoSuchElementException: no such element: Unable to locate element: {&quot;method&quot;:&quot;xpath&quot;,&quot;selector&quot;:&quot;//div[@class=&apos;mxWelcomeTemp&apos;][contains(text(),&apos;Business Park&apos;)]&quot;}
  (Session info: chrome=80.0.3987.149)
  (Driver info: chromedriver=2.36.540470 (e522d04694c7ebea4ba8821272dbef4f9b818c91),platform=Windows NT 6.3.9600 x86_64) (WARNING: The server did not provide any stacktrace information)
Command duration or timeout: 0 milliseconds
For documentation on this error, please visit: http://seleniumhq.org/exceptions/no_such_element.html
Build info: version: &apos;3.14.0&apos;, revision: &apos;aacccce0&apos;, time: &apos;2018-08-02T20:19:58.91Z&apos;
System info: host: &apos;LENOVO-PC&apos;, ip: &apos;192.168.0.114&apos;, os.name: &apos;Windows 8.1&apos;, os.arch: &apos;amd64&apos;, os.version: &apos;6.3&apos;, java.version: &apos;1.8.0_241&apos;
Driver info: org.openqa.selenium.chrome.ChromeDriver
Capabilities {acceptInsecureCerts: false, acceptSslCerts: false, applicationCacheEnabled: false, browserConnectionEnabled: false, browserName: chrome, chrome: {chromedriverVersion: 2.36.540470 (e522d04694c7eb..., userDataDir: C:\Users\SRENIV~1\AppData\L...}, cssSelectorsEnabled: true, databaseEnabled: false, handlesAlerts: true, hasTouchScreen: false, javascriptEnabled: true, locationContextEnabled: true, mobileEmulationEnabled: false, nativeEvents: true, networkConnectionEnabled: false, pageLoadStrategy: normal, platform: XP, platformName: XP, rotatable: false, setWindowRect: true, takesHeapSnapshot: true, takesScreenshot: true, unexpectedAlertBehaviour: , unhandledPromptBehavior: , version: 80.0.3987.149, webStorageEnabled: true}
Session ID: cdff764de1ab1316108f0d88cb76c832
*** Element info: {Using=xpath, value=//div[@class=&apos;mxWelcomeTemp&apos;][contains(text(),&apos;Business Park&apos;)]}
	at org.openqa.selenium.remote.ErrorHandler.createThrowable(ErrorHandler.java:214)
	at org.openqa.selenium.remote.ErrorHandler.throwIfResponseFailed(ErrorHandler.java:166)
	at org.openqa.selenium.remote.http.JsonHttpResponseCodec.reconstructValue(JsonHttpResponseCodec.java:40)
	at org.openqa.selenium.remote.http.AbstractHttpResponseCodec.decode(AbstractHttpResponseCodec.java:80)
	at org.openqa.selenium.remote.http.AbstractHttpResponseCodec.decode(AbstractHttpResponseCodec.java:44)
	at org.openqa.selenium.remote.HttpCommandExecutor.execute(HttpCommandExecutor.java:158)
	at org.openqa.selenium.remote.service.DriverCommandExecutor.execute(DriverCommandExecutor.java:83)
	at org.openqa.selenium.remote.RemoteWebDriver.execute(RemoteWebDriver.java:548)
	at org.openqa.selenium.remote.RemoteWebDriver.findElement(RemoteWebDriver.java:322)
	at org.openqa.selenium.remote.RemoteWebDriver.findElementByXPath(RemoteWebDriver.java:424)
	at org.openqa.selenium.By$ByXPath.findElement(By.java:353)
	at org.openqa.selenium.remote.RemoteWebDriver.findElement(RemoteWebDriver.java:314)
	at pages.ChequeBookRequestPage.verifyDeliveryAddress(ChequeBookRequestPage.java:123)
	at testcases.chequebookrequest.TC18ChequeBookRequestbyAccountTypeCorrectAccountType.ChequeBookRequestbyAccountTypeCorrectAccountType(TC18ChequeBookRequestbyAccountTypeCorrectAccountType.java:45)
	at java.util.ArrayList.forEach(Unknown Source)
... Removed 31 stack frames</pre></div><a href='#' onClick='toggleBox("stack-trace101818740", this, "Click to show all stack frames", "Click to hide stack frames")'>Click to show all stack frames</a>
<div class='stack-trace' id='stack-trace101818740'><pre>org.openqa.selenium.NoSuchElementException: no such element: Unable to locate element: {&quot;method&quot;:&quot;xpath&quot;,&quot;selector&quot;:&quot;//div[@class=&apos;mxWelcomeTemp&apos;][contains(text(),&apos;Business Park&apos;)]&quot;}
  (Session info: chrome=80.0.3987.149)
  (Driver info: chromedriver=2.36.540470 (e522d04694c7ebea4ba8821272dbef4f9b818c91),platform=Windows NT 6.3.9600 x86_64) (WARNING: The server did not provide any stacktrace information)
Command duration or timeout: 0 milliseconds
For documentation on this error, please visit: http://seleniumhq.org/exceptions/no_such_element.html
Build info: version: &apos;3.14.0&apos;, revision: &apos;aacccce0&apos;, time: &apos;2018-08-02T20:19:58.91Z&apos;
System info: host: &apos;LENOVO-PC&apos;, ip: &apos;192.168.0.114&apos;, os.name: &apos;Windows 8.1&apos;, os.arch: &apos;amd64&apos;, os.version: &apos;6.3&apos;, java.version: &apos;1.8.0_241&apos;
Driver info: org.openqa.selenium.chrome.ChromeDriver
Capabilities {acceptInsecureCerts: false, acceptSslCerts: false, applicationCacheEnabled: false, browserConnectionEnabled: false, browserName: chrome, chrome: {chromedriverVersion: 2.36.540470 (e522d04694c7eb..., userDataDir: C:\Users\SRENIV~1\AppData\L...}, cssSelectorsEnabled: true, databaseEnabled: false, handlesAlerts: true, hasTouchScreen: false, javascriptEnabled: true, locationContextEnabled: true, mobileEmulationEnabled: false, nativeEvents: true, networkConnectionEnabled: false, pageLoadStrategy: normal, platform: XP, platformName: XP, rotatable: false, setWindowRect: true, takesHeapSnapshot: true, takesScreenshot: true, unexpectedAlertBehaviour: , unhandledPromptBehavior: , version: 80.0.3987.149, webStorageEnabled: true}
Session ID: cdff764de1ab1316108f0d88cb76c832
*** Element info: {Using=xpath, value=//div[@class=&apos;mxWelcomeTemp&apos;][contains(text(),&apos;Business Park&apos;)]}
	at sun.reflect.NativeConstructorAccessorImpl.newInstance0(Native Method)
	at sun.reflect.NativeConstructorAccessorImpl.newInstance(Unknown Source)
	at sun.reflect.DelegatingConstructorAccessorImpl.newInstance(Unknown Source)
	at java.lang.reflect.Constructor.newInstance(Unknown Source)
	at org.openqa.selenium.remote.ErrorHandler.createThrowable(ErrorHandler.java:214)
	at org.openqa.selenium.remote.ErrorHandler.throwIfResponseFailed(ErrorHandler.java:166)
	at org.openqa.selenium.remote.http.JsonHttpResponseCodec.reconstructValue(JsonHttpResponseCodec.java:40)
	at org.openqa.selenium.remote.http.AbstractHttpResponseCodec.decode(AbstractHttpResponseCodec.java:80)
	at org.openqa.selenium.remote.http.AbstractHttpResponseCodec.decode(AbstractHttpResponseCodec.java:44)
	at org.openqa.selenium.remote.HttpCommandExecutor.execute(HttpCommandExecutor.java:158)
	at org.openqa.selenium.remote.service.DriverCommandExecutor.execute(DriverCommandExecutor.java:83)
	at org.openqa.selenium.remote.RemoteWebDriver.execute(RemoteWebDriver.java:548)
	at org.openqa.selenium.remote.RemoteWebDriver.findElement(RemoteWebDriver.java:322)
	at org.openqa.selenium.remote.RemoteWebDriver.findElementByXPath(RemoteWebDriver.java:424)
	at org.openqa.selenium.By$ByXPath.findElement(By.java:353)
	at org.openqa.selenium.remote.RemoteWebDriver.findElement(RemoteWebDriver.java:314)
	at pages.ChequeBookRequestPage.verifyDeliveryAddress(ChequeBookRequestPage.java:123)
	at testcases.chequebookrequest.TC18ChequeBookRequestbyAccountTypeCorrectAccountType.ChequeBookRequestbyAccountTypeCorrectAccountType(TC18ChequeBookRequestbyAccountTypeCorrectAccountType.java:45)
	at sun.reflect.NativeMethodAccessorImpl.invoke0(Native Method)
	at sun.reflect.NativeMethodAccessorImpl.invoke(Unknown Source)
	at sun.reflect.DelegatingMethodAccessorImpl.invoke(Unknown Source)
	at java.lang.reflect.Method.invoke(Unknown Source)
	at org.testng.internal.MethodInvocationHelper.invokeMethod(MethodInvocationHelper.java:134)
	at org.testng.internal.TestInvoker.invokeMethod(TestInvoker.java:597)
	at org.testng.internal.TestInvoker.invokeTestMethod(TestInvoker.java:173)
	at org.testng.internal.MethodRunner.runInSequence(MethodRunner.java:46)
	at org.testng.internal.TestInvoker$MethodInvocationAgent.invoke(TestInvoker.java:816)
	at org.testng.internal.TestInvoker.invokeTestMethods(TestInvoker.java:146)
	at org.testng.internal.TestMethodWorker.invokeTestMethods(TestMethodWorker.java:146)
	at org.testng.internal.TestMethodWorker.run(TestMethodWorker.java:128)
	at java.util.ArrayList.forEach(Unknown Source)
	at org.testng.TestRunner.privateRun(TestRunner.java:766)
	at org.testng.TestRunner.run(TestRunner.java:587)
	at org.testng.SuiteRunner.runTest(SuiteRunner.java:384)
	at org.testng.SuiteRunner.runSequentially(SuiteRunner.java:378)
	at org.testng.SuiteRunner.privateRun(SuiteRunner.java:337)
	at org.testng.SuiteRunner.run(SuiteRunner.java:286)
	at org.testng.SuiteRunnerWorker.runSuite(SuiteRunnerWorker.java:53)
	at org.testng.SuiteRunnerWorker.run(SuiteRunnerWorker.java:96)
	at org.testng.TestNG.runSuitesSequentially(TestNG.java:1187)
	at org.testng.TestNG.runSuitesLocally(TestNG.java:1109)
	at org.testng.TestNG.runSuites(TestNG.java:1039)
	at org.testng.TestNG.run(TestNG.java:1007)
	at org.testng.remote.AbstractRemoteTestNG.run(AbstractRemoteTestNG.java:115)
	at org.testng.remote.RemoteTestNG.initAndRun(RemoteTestNG.java:251)
	at org.testng.remote.RemoteTestNG.main(RemoteTestNG.java:77)
</pre></div></td>
<td>35</td>
<td>testcases.chequebookrequest.TC18ChequeBookRequestbyAccountTypeCorrectAccountType@7f416310</td></tr>
<tr>
<td title='testcases.chequebookrequest.TC21ChequeBookRequestbyCorrectAccountNumberEndingWith.ChequeBookRequestbyCorrectAccountNumberEndingWith()'><b>ChequeBookRequestbyCorrectAccountNumberEndingWith</b><br>Test class: testcases.chequebookrequest.TC21ChequeBookRequestbyCorrectAccountNumberEndingWith</td>
<td><div><pre>org.openqa.selenium.NoSuchElementException: no such element: Unable to locate element: {&quot;method&quot;:&quot;xpath&quot;,&quot;selector&quot;:&quot;//div[@class=&apos;mxWelcomeTemp&apos;][contains(text(),&apos;Business Park&apos;)]&quot;}
  (Session info: chrome=80.0.3987.149)
  (Driver info: chromedriver=2.36.540470 (e522d04694c7ebea4ba8821272dbef4f9b818c91),platform=Windows NT 6.3.9600 x86_64) (WARNING: The server did not provide any stacktrace information)
Command duration or timeout: 0 milliseconds
For documentation on this error, please visit: http://seleniumhq.org/exceptions/no_such_element.html
Build info: version: &apos;3.14.0&apos;, revision: &apos;aacccce0&apos;, time: &apos;2018-08-02T20:19:58.91Z&apos;
System info: host: &apos;LENOVO-PC&apos;, ip: &apos;192.168.0.114&apos;, os.name: &apos;Windows 8.1&apos;, os.arch: &apos;amd64&apos;, os.version: &apos;6.3&apos;, java.version: &apos;1.8.0_241&apos;
Driver info: org.openqa.selenium.chrome.ChromeDriver
Capabilities {acceptInsecureCerts: false, acceptSslCerts: false, applicationCacheEnabled: false, browserConnectionEnabled: false, browserName: chrome, chrome: {chromedriverVersion: 2.36.540470 (e522d04694c7eb..., userDataDir: C:\Users\SRENIV~1\AppData\L...}, cssSelectorsEnabled: true, databaseEnabled: false, handlesAlerts: true, hasTouchScreen: false, javascriptEnabled: true, locationContextEnabled: true, mobileEmulationEnabled: false, nativeEvents: true, networkConnectionEnabled: false, pageLoadStrategy: normal, platform: XP, platformName: XP, rotatable: false, setWindowRect: true, takesHeapSnapshot: true, takesScreenshot: true, unexpectedAlertBehaviour: , unhandledPromptBehavior: , version: 80.0.3987.149, webStorageEnabled: true}
Session ID: dc74de353086ceae0af7ba21a38ed3ed
*** Element info: {Using=xpath, value=//div[@class=&apos;mxWelcomeTemp&apos;][contains(text(),&apos;Business Park&apos;)]}
	at org.openqa.selenium.remote.ErrorHandler.createThrowable(ErrorHandler.java:214)
	at org.openqa.selenium.remote.ErrorHandler.throwIfResponseFailed(ErrorHandler.java:166)
	at org.openqa.selenium.remote.http.JsonHttpResponseCodec.reconstructValue(JsonHttpResponseCodec.java:40)
	at org.openqa.selenium.remote.http.AbstractHttpResponseCodec.decode(AbstractHttpResponseCodec.java:80)
	at org.openqa.selenium.remote.http.AbstractHttpResponseCodec.decode(AbstractHttpResponseCodec.java:44)
	at org.openqa.selenium.remote.HttpCommandExecutor.execute(HttpCommandExecutor.java:158)
	at org.openqa.selenium.remote.service.DriverCommandExecutor.execute(DriverCommandExecutor.java:83)
	at org.openqa.selenium.remote.RemoteWebDriver.execute(RemoteWebDriver.java:548)
	at org.openqa.selenium.remote.RemoteWebDriver.findElement(RemoteWebDriver.java:322)
	at org.openqa.selenium.remote.RemoteWebDriver.findElementByXPath(RemoteWebDriver.java:424)
	at org.openqa.selenium.By$ByXPath.findElement(By.java:353)
	at org.openqa.selenium.remote.RemoteWebDriver.findElement(RemoteWebDriver.java:314)
	at pages.ChequeBookRequestPage.verifyDeliveryAddress(ChequeBookRequestPage.java:123)
	at testcases.chequebookrequest.TC21ChequeBookRequestbyCorrectAccountNumberEndingWith.ChequeBookRequestbyCorrectAccountNumberEndingWith(TC21ChequeBookRequestbyCorrectAccountNumberEndingWith.java:44)
	at java.util.ArrayList.forEach(Unknown Source)
... Removed 31 stack frames</pre></div><a href='#' onClick='toggleBox("stack-trace1796700124", this, "Click to show all stack frames", "Click to hide stack frames")'>Click to show all stack frames</a>
<div class='stack-trace' id='stack-trace1796700124'><pre>org.openqa.selenium.NoSuchElementException: no such element: Unable to locate element: {&quot;method&quot;:&quot;xpath&quot;,&quot;selector&quot;:&quot;//div[@class=&apos;mxWelcomeTemp&apos;][contains(text(),&apos;Business Park&apos;)]&quot;}
  (Session info: chrome=80.0.3987.149)
  (Driver info: chromedriver=2.36.540470 (e522d04694c7ebea4ba8821272dbef4f9b818c91),platform=Windows NT 6.3.9600 x86_64) (WARNING: The server did not provide any stacktrace information)
Command duration or timeout: 0 milliseconds
For documentation on this error, please visit: http://seleniumhq.org/exceptions/no_such_element.html
Build info: version: &apos;3.14.0&apos;, revision: &apos;aacccce0&apos;, time: &apos;2018-08-02T20:19:58.91Z&apos;
System info: host: &apos;LENOVO-PC&apos;, ip: &apos;192.168.0.114&apos;, os.name: &apos;Windows 8.1&apos;, os.arch: &apos;amd64&apos;, os.version: &apos;6.3&apos;, java.version: &apos;1.8.0_241&apos;
Driver info: org.openqa.selenium.chrome.ChromeDriver
Capabilities {acceptInsecureCerts: false, acceptSslCerts: false, applicationCacheEnabled: false, browserConnectionEnabled: false, browserName: chrome, chrome: {chromedriverVersion: 2.36.540470 (e522d04694c7eb..., userDataDir: C:\Users\SRENIV~1\AppData\L...}, cssSelectorsEnabled: true, databaseEnabled: false, handlesAlerts: true, hasTouchScreen: false, javascriptEnabled: true, locationContextEnabled: true, mobileEmulationEnabled: false, nativeEvents: true, networkConnectionEnabled: false, pageLoadStrategy: normal, platform: XP, platformName: XP, rotatable: false, setWindowRect: true, takesHeapSnapshot: true, takesScreenshot: true, unexpectedAlertBehaviour: , unhandledPromptBehavior: , version: 80.0.3987.149, webStorageEnabled: true}
Session ID: dc74de353086ceae0af7ba21a38ed3ed
*** Element info: {Using=xpath, value=//div[@class=&apos;mxWelcomeTemp&apos;][contains(text(),&apos;Business Park&apos;)]}
	at sun.reflect.NativeConstructorAccessorImpl.newInstance0(Native Method)
	at sun.reflect.NativeConstructorAccessorImpl.newInstance(Unknown Source)
	at sun.reflect.DelegatingConstructorAccessorImpl.newInstance(Unknown Source)
	at java.lang.reflect.Constructor.newInstance(Unknown Source)
	at org.openqa.selenium.remote.ErrorHandler.createThrowable(ErrorHandler.java:214)
	at org.openqa.selenium.remote.ErrorHandler.throwIfResponseFailed(ErrorHandler.java:166)
	at org.openqa.selenium.remote.http.JsonHttpResponseCodec.reconstructValue(JsonHttpResponseCodec.java:40)
	at org.openqa.selenium.remote.http.AbstractHttpResponseCodec.decode(AbstractHttpResponseCodec.java:80)
	at org.openqa.selenium.remote.http.AbstractHttpResponseCodec.decode(AbstractHttpResponseCodec.java:44)
	at org.openqa.selenium.remote.HttpCommandExecutor.execute(HttpCommandExecutor.java:158)
	at org.openqa.selenium.remote.service.DriverCommandExecutor.execute(DriverCommandExecutor.java:83)
	at org.openqa.selenium.remote.RemoteWebDriver.execute(RemoteWebDriver.java:548)
	at org.openqa.selenium.remote.RemoteWebDriver.findElement(RemoteWebDriver.java:322)
	at org.openqa.selenium.remote.RemoteWebDriver.findElementByXPath(RemoteWebDriver.java:424)
	at org.openqa.selenium.By$ByXPath.findElement(By.java:353)
	at org.openqa.selenium.remote.RemoteWebDriver.findElement(RemoteWebDriver.java:314)
	at pages.ChequeBookRequestPage.verifyDeliveryAddress(ChequeBookRequestPage.java:123)
	at testcases.chequebookrequest.TC21ChequeBookRequestbyCorrectAccountNumberEndingWith.ChequeBookRequestbyCorrectAccountNumberEndingWith(TC21ChequeBookRequestbyCorrectAccountNumberEndingWith.java:44)
	at sun.reflect.NativeMethodAccessorImpl.invoke0(Native Method)
	at sun.reflect.NativeMethodAccessorImpl.invoke(Unknown Source)
	at sun.reflect.DelegatingMethodAccessorImpl.invoke(Unknown Source)
	at java.lang.reflect.Method.invoke(Unknown Source)
	at org.testng.internal.MethodInvocationHelper.invokeMethod(MethodInvocationHelper.java:134)
	at org.testng.internal.TestInvoker.invokeMethod(TestInvoker.java:597)
	at org.testng.internal.TestInvoker.invokeTestMethod(TestInvoker.java:173)
	at org.testng.internal.MethodRunner.runInSequence(MethodRunner.java:46)
	at org.testng.internal.TestInvoker$MethodInvocationAgent.invoke(TestInvoker.java:816)
	at org.testng.internal.TestInvoker.invokeTestMethods(TestInvoker.java:146)
	at org.testng.internal.TestMethodWorker.invokeTestMethods(TestMethodWorker.java:146)
	at org.testng.internal.TestMethodWorker.run(TestMethodWorker.java:128)
	at java.util.ArrayList.forEach(Unknown Source)
	at org.testng.TestRunner.privateRun(TestRunner.java:766)
	at org.testng.TestRunner.run(TestRunner.java:587)
	at org.testng.SuiteRunner.runTest(SuiteRunner.java:384)
	at org.testng.SuiteRunner.runSequentially(SuiteRunner.java:378)
	at org.testng.SuiteRunner.privateRun(SuiteRunner.java:337)
	at org.testng.SuiteRunner.run(SuiteRunner.java:286)
	at org.testng.SuiteRunnerWorker.runSuite(SuiteRunnerWorker.java:53)
	at org.testng.SuiteRunnerWorker.run(SuiteRunnerWorker.java:96)
	at org.testng.TestNG.runSuitesSequentially(TestNG.java:1187)
	at org.testng.TestNG.runSuitesLocally(TestNG.java:1109)
	at org.testng.TestNG.runSuites(TestNG.java:1039)
	at org.testng.TestNG.run(TestNG.java:1007)
	at org.testng.remote.AbstractRemoteTestNG.run(AbstractRemoteTestNG.java:115)
	at org.testng.remote.RemoteTestNG.initAndRun(RemoteTestNG.java:251)
	at org.testng.remote.RemoteTestNG.main(RemoteTestNG.java:77)
</pre></div></td>
<td>31</td>
<td>testcases.chequebookrequest.TC21ChequeBookRequestbyCorrectAccountNumberEndingWith@50de0926</td></tr>
<tr>
<td title='testcases.chequebookrequest.TC22ChequeBookRequestbyWrongAccountNumberEndingWith.ChequeBookRequestbyCorrectAccountNumberEndingWith()'><b>ChequeBookRequestbyCorrectAccountNumberEndingWith</b><br>Test class: testcases.chequebookrequest.TC22ChequeBookRequestbyWrongAccountNumberEndingWith</td>
<td><div><pre>java.lang.RuntimeException: FAILED
	at utils.Reporter.reportStep(Reporter.java:29)
	at wrappers.GenericWrappers.enterByXpath(GenericWrappers.java:435)
	at pages.ChequeBookRequestPage.EnterUserName(ChequeBookRequestPage.java:18)
	at testcases.chequebookrequest.TC22ChequeBookRequestbyWrongAccountNumberEndingWith.ChequeBookRequestbyCorrectAccountNumberEndingWith(TC22ChequeBookRequestbyWrongAccountNumberEndingWith.java:38)
	at java.util.ArrayList.forEach(Unknown Source)
... Removed 27 stack frames</pre></div><a href='#' onClick='toggleBox("stack-trace1310068916", this, "Click to show all stack frames", "Click to hide stack frames")'>Click to show all stack frames</a>
<div class='stack-trace' id='stack-trace1310068916'><pre>java.lang.RuntimeException: FAILED
	at utils.Reporter.reportStep(Reporter.java:29)
	at wrappers.GenericWrappers.enterByXpath(GenericWrappers.java:435)
	at pages.ChequeBookRequestPage.EnterUserName(ChequeBookRequestPage.java:18)
	at testcases.chequebookrequest.TC22ChequeBookRequestbyWrongAccountNumberEndingWith.ChequeBookRequestbyCorrectAccountNumberEndingWith(TC22ChequeBookRequestbyWrongAccountNumberEndingWith.java:38)
	at sun.reflect.NativeMethodAccessorImpl.invoke0(Native Method)
	at sun.reflect.NativeMethodAccessorImpl.invoke(Unknown Source)
	at sun.reflect.DelegatingMethodAccessorImpl.invoke(Unknown Source)
	at java.lang.reflect.Method.invoke(Unknown Source)
	at org.testng.internal.MethodInvocationHelper.invokeMethod(MethodInvocationHelper.java:134)
	at org.testng.internal.TestInvoker.invokeMethod(TestInvoker.java:597)
	at org.testng.internal.TestInvoker.invokeTestMethod(TestInvoker.java:173)
	at org.testng.internal.MethodRunner.runInSequence(MethodRunner.java:46)
	at org.testng.internal.TestInvoker$MethodInvocationAgent.invoke(TestInvoker.java:816)
	at org.testng.internal.TestInvoker.invokeTestMethods(TestInvoker.java:146)
	at org.testng.internal.TestMethodWorker.invokeTestMethods(TestMethodWorker.java:146)
	at org.testng.internal.TestMethodWorker.run(TestMethodWorker.java:128)
	at java.util.ArrayList.forEach(Unknown Source)
	at org.testng.TestRunner.privateRun(TestRunner.java:766)
	at org.testng.TestRunner.run(TestRunner.java:587)
	at org.testng.SuiteRunner.runTest(SuiteRunner.java:384)
	at org.testng.SuiteRunner.runSequentially(SuiteRunner.java:378)
	at org.testng.SuiteRunner.privateRun(SuiteRunner.java:337)
	at org.testng.SuiteRunner.run(SuiteRunner.java:286)
	at org.testng.SuiteRunnerWorker.runSuite(SuiteRunnerWorker.java:53)
	at org.testng.SuiteRunnerWorker.run(SuiteRunnerWorker.java:96)
	at org.testng.TestNG.runSuitesSequentially(TestNG.java:1187)
	at org.testng.TestNG.runSuitesLocally(TestNG.java:1109)
	at org.testng.TestNG.runSuites(TestNG.java:1039)
	at org.testng.TestNG.run(TestNG.java:1007)
	at org.testng.remote.AbstractRemoteTestNG.run(AbstractRemoteTestNG.java:115)
	at org.testng.remote.RemoteTestNG.initAndRun(RemoteTestNG.java:251)
	at org.testng.remote.RemoteTestNG.main(RemoteTestNG.java:77)
</pre></div></td>
<td>12</td>
<td>testcases.chequebookrequest.TC22ChequeBookRequestbyWrongAccountNumberEndingWith@2473b9ce</td></tr>
<tr>
<td title='testcases.chequebookrequest.TC23ChequeBookRequestbyIncorrectAccountNumberEndingWith.ChequeBookRequestbyCorrectAccountNumberEndingWith()'><b>ChequeBookRequestbyCorrectAccountNumberEndingWith</b><br>Test class: testcases.chequebookrequest.TC23ChequeBookRequestbyIncorrectAccountNumberEndingWith</td>
<td><div><pre>java.lang.RuntimeException: FAILED
	at utils.Reporter.reportStep(Reporter.java:29)
	at wrappers.GenericWrappers.enterByXpath(GenericWrappers.java:435)
	at pages.ChequeBookRequestPage.EnterUserName(ChequeBookRequestPage.java:18)
	at testcases.chequebookrequest.TC23ChequeBookRequestbyIncorrectAccountNumberEndingWith.ChequeBookRequestbyCorrectAccountNumberEndingWith(TC23ChequeBookRequestbyIncorrectAccountNumberEndingWith.java:38)
	at java.util.ArrayList.forEach(Unknown Source)
... Removed 27 stack frames</pre></div><a href='#' onClick='toggleBox("stack-trace380683840", this, "Click to show all stack frames", "Click to hide stack frames")'>Click to show all stack frames</a>
<div class='stack-trace' id='stack-trace380683840'><pre>java.lang.RuntimeException: FAILED
	at utils.Reporter.reportStep(Reporter.java:29)
	at wrappers.GenericWrappers.enterByXpath(GenericWrappers.java:435)
	at pages.ChequeBookRequestPage.EnterUserName(ChequeBookRequestPage.java:18)
	at testcases.chequebookrequest.TC23ChequeBookRequestbyIncorrectAccountNumberEndingWith.ChequeBookRequestbyCorrectAccountNumberEndingWith(TC23ChequeBookRequestbyIncorrectAccountNumberEndingWith.java:38)
	at sun.reflect.NativeMethodAccessorImpl.invoke0(Native Method)
	at sun.reflect.NativeMethodAccessorImpl.invoke(Unknown Source)
	at sun.reflect.DelegatingMethodAccessorImpl.invoke(Unknown Source)
	at java.lang.reflect.Method.invoke(Unknown Source)
	at org.testng.internal.MethodInvocationHelper.invokeMethod(MethodInvocationHelper.java:134)
	at org.testng.internal.TestInvoker.invokeMethod(TestInvoker.java:597)
	at org.testng.internal.TestInvoker.invokeTestMethod(TestInvoker.java:173)
	at org.testng.internal.MethodRunner.runInSequence(MethodRunner.java:46)
	at org.testng.internal.TestInvoker$MethodInvocationAgent.invoke(TestInvoker.java:816)
	at org.testng.internal.TestInvoker.invokeTestMethods(TestInvoker.java:146)
	at org.testng.internal.TestMethodWorker.invokeTestMethods(TestMethodWorker.java:146)
	at org.testng.internal.TestMethodWorker.run(TestMethodWorker.java:128)
	at java.util.ArrayList.forEach(Unknown Source)
	at org.testng.TestRunner.privateRun(TestRunner.java:766)
	at org.testng.TestRunner.run(TestRunner.java:587)
	at org.testng.SuiteRunner.runTest(SuiteRunner.java:384)
	at org.testng.SuiteRunner.runSequentially(SuiteRunner.java:378)
	at org.testng.SuiteRunner.privateRun(SuiteRunner.java:337)
	at org.testng.SuiteRunner.run(SuiteRunner.java:286)
	at org.testng.SuiteRunnerWorker.runSuite(SuiteRunnerWorker.java:53)
	at org.testng.SuiteRunnerWorker.run(SuiteRunnerWorker.java:96)
	at org.testng.TestNG.runSuitesSequentially(TestNG.java:1187)
	at org.testng.TestNG.runSuitesLocally(TestNG.java:1109)
	at org.testng.TestNG.runSuites(TestNG.java:1039)
	at org.testng.TestNG.run(TestNG.java:1007)
	at org.testng.remote.AbstractRemoteTestNG.run(AbstractRemoteTestNG.java:115)
	at org.testng.remote.RemoteTestNG.initAndRun(RemoteTestNG.java:251)
	at org.testng.remote.RemoteTestNG.main(RemoteTestNG.java:77)
</pre></div></td>
<td>12</td>
<td>testcases.chequebookrequest.TC23ChequeBookRequestbyIncorrectAccountNumberEndingWith@60438a68</td></tr>
<tr>
<td title='testcases.chequebookrequest.TC25ChequeBookRequestbyAccountNumberwhichisnotlinkedtotheAccounttype.ChequeBookRequestbyCorrectAccountNumberEndingWith()'><b>ChequeBookRequestbyCorrectAccountNumberEndingWith</b><br>Test class: testcases.chequebookrequest.TC25ChequeBookRequestbyAccountNumberwhichisnotlinkedtotheAccounttype</td>
<td><div><pre>java.lang.RuntimeException: FAILED
	at utils.Reporter.reportStep(Reporter.java:29)
	at wrappers.GenericWrappers.verifyTextByXpath(GenericWrappers.java:474)
	at pages.ChequeBookRequestPage.VerifyChequeBookRequestClientMessage(ChequeBookRequestPage.java:222)
	at testcases.chequebookrequest.TC25ChequeBookRequestbyAccountNumberwhichisnotlinkedtotheAccounttype.ChequeBookRequestbyCorrectAccountNumberEndingWith(TC25ChequeBookRequestbyAccountNumberwhichisnotlinkedtotheAccounttype.java:45)
	at java.util.ArrayList.forEach(Unknown Source)
... Removed 27 stack frames</pre></div><a href='#' onClick='toggleBox("stack-trace1934460012", this, "Click to show all stack frames", "Click to hide stack frames")'>Click to show all stack frames</a>
<div class='stack-trace' id='stack-trace1934460012'><pre>java.lang.RuntimeException: FAILED
	at utils.Reporter.reportStep(Reporter.java:29)
	at wrappers.GenericWrappers.verifyTextByXpath(GenericWrappers.java:474)
	at pages.ChequeBookRequestPage.VerifyChequeBookRequestClientMessage(ChequeBookRequestPage.java:222)
	at testcases.chequebookrequest.TC25ChequeBookRequestbyAccountNumberwhichisnotlinkedtotheAccounttype.ChequeBookRequestbyCorrectAccountNumberEndingWith(TC25ChequeBookRequestbyAccountNumberwhichisnotlinkedtotheAccounttype.java:45)
	at sun.reflect.NativeMethodAccessorImpl.invoke0(Native Method)
	at sun.reflect.NativeMethodAccessorImpl.invoke(Unknown Source)
	at sun.reflect.DelegatingMethodAccessorImpl.invoke(Unknown Source)
	at java.lang.reflect.Method.invoke(Unknown Source)
	at org.testng.internal.MethodInvocationHelper.invokeMethod(MethodInvocationHelper.java:134)
	at org.testng.internal.TestInvoker.invokeMethod(TestInvoker.java:597)
	at org.testng.internal.TestInvoker.invokeTestMethod(TestInvoker.java:173)
	at org.testng.internal.MethodRunner.runInSequence(MethodRunner.java:46)
	at org.testng.internal.TestInvoker$MethodInvocationAgent.invoke(TestInvoker.java:816)
	at org.testng.internal.TestInvoker.invokeTestMethods(TestInvoker.java:146)
	at org.testng.internal.TestMethodWorker.invokeTestMethods(TestMethodWorker.java:146)
	at org.testng.internal.TestMethodWorker.run(TestMethodWorker.java:128)
	at java.util.ArrayList.forEach(Unknown Source)
	at org.testng.TestRunner.privateRun(TestRunner.java:766)
	at org.testng.TestRunner.run(TestRunner.java:587)
	at org.testng.SuiteRunner.runTest(SuiteRunner.java:384)
	at org.testng.SuiteRunner.runSequentially(SuiteRunner.java:378)
	at org.testng.SuiteRunner.privateRun(SuiteRunner.java:337)
	at org.testng.SuiteRunner.run(SuiteRunner.java:286)
	at org.testng.SuiteRunnerWorker.runSuite(SuiteRunnerWorker.java:53)
	at org.testng.SuiteRunnerWorker.run(SuiteRunnerWorker.java:96)
	at org.testng.TestNG.runSuitesSequentially(TestNG.java:1187)
	at org.testng.TestNG.runSuitesLocally(TestNG.java:1109)
	at org.testng.TestNG.runSuites(TestNG.java:1039)
	at org.testng.TestNG.run(TestNG.java:1007)
	at org.testng.remote.AbstractRemoteTestNG.run(AbstractRemoteTestNG.java:115)
	at org.testng.remote.RemoteTestNG.initAndRun(RemoteTestNG.java:251)
	at org.testng.remote.RemoteTestNG.main(RemoteTestNG.java:77)
</pre></div></td>
<td>41</td>
<td>testcases.chequebookrequest.TC25ChequeBookRequestbyAccountNumberwhichisnotlinkedtotheAccounttype@3439f68d</td></tr>
<tr>
<td title='testcases.chequebookrequest.TC26ChequeBookRequestbyAccountNumberwhichislinkedtoOtherAccounttype.ChequeBookRequestbyCorrectAccountNumberEndingWith()'><b>ChequeBookRequestbyCorrectAccountNumberEndingWith</b><br>Test class: testcases.chequebookrequest.TC26ChequeBookRequestbyAccountNumberwhichislinkedtoOtherAccounttype</td>
<td><div><pre>java.lang.RuntimeException: FAILED
	at utils.Reporter.reportStep(Reporter.java:29)
	at wrappers.GenericWrappers.enterByXpath(GenericWrappers.java:435)
	at pages.ChequeBookRequestPage.EnterUserName(ChequeBookRequestPage.java:18)
	at testcases.chequebookrequest.TC26ChequeBookRequestbyAccountNumberwhichislinkedtoOtherAccounttype.ChequeBookRequestbyCorrectAccountNumberEndingWith(TC26ChequeBookRequestbyAccountNumberwhichislinkedtoOtherAccounttype.java:38)
	at java.util.ArrayList.forEach(Unknown Source)
... Removed 27 stack frames</pre></div><a href='#' onClick='toggleBox("stack-trace1142191389", this, "Click to show all stack frames", "Click to hide stack frames")'>Click to show all stack frames</a>
<div class='stack-trace' id='stack-trace1142191389'><pre>java.lang.RuntimeException: FAILED
	at utils.Reporter.reportStep(Reporter.java:29)
	at wrappers.GenericWrappers.enterByXpath(GenericWrappers.java:435)
	at pages.ChequeBookRequestPage.EnterUserName(ChequeBookRequestPage.java:18)
	at testcases.chequebookrequest.TC26ChequeBookRequestbyAccountNumberwhichislinkedtoOtherAccounttype.ChequeBookRequestbyCorrectAccountNumberEndingWith(TC26ChequeBookRequestbyAccountNumberwhichislinkedtoOtherAccounttype.java:38)
	at sun.reflect.NativeMethodAccessorImpl.invoke0(Native Method)
	at sun.reflect.NativeMethodAccessorImpl.invoke(Unknown Source)
	at sun.reflect.DelegatingMethodAccessorImpl.invoke(Unknown Source)
	at java.lang.reflect.Method.invoke(Unknown Source)
	at org.testng.internal.MethodInvocationHelper.invokeMethod(MethodInvocationHelper.java:134)
	at org.testng.internal.TestInvoker.invokeMethod(TestInvoker.java:597)
	at org.testng.internal.TestInvoker.invokeTestMethod(TestInvoker.java:173)
	at org.testng.internal.MethodRunner.runInSequence(MethodRunner.java:46)
	at org.testng.internal.TestInvoker$MethodInvocationAgent.invoke(TestInvoker.java:816)
	at org.testng.internal.TestInvoker.invokeTestMethods(TestInvoker.java:146)
	at org.testng.internal.TestMethodWorker.invokeTestMethods(TestMethodWorker.java:146)
	at org.testng.internal.TestMethodWorker.run(TestMethodWorker.java:128)
	at java.util.ArrayList.forEach(Unknown Source)
	at org.testng.TestRunner.privateRun(TestRunner.java:766)
	at org.testng.TestRunner.run(TestRunner.java:587)
	at org.testng.SuiteRunner.runTest(SuiteRunner.java:384)
	at org.testng.SuiteRunner.runSequentially(SuiteRunner.java:378)
	at org.testng.SuiteRunner.privateRun(SuiteRunner.java:337)
	at org.testng.SuiteRunner.run(SuiteRunner.java:286)
	at org.testng.SuiteRunnerWorker.runSuite(SuiteRunnerWorker.java:53)
	at org.testng.SuiteRunnerWorker.run(SuiteRunnerWorker.java:96)
	at org.testng.TestNG.runSuitesSequentially(TestNG.java:1187)
	at org.testng.TestNG.runSuitesLocally(TestNG.java:1109)
	at org.testng.TestNG.runSuites(TestNG.java:1039)
	at org.testng.TestNG.run(TestNG.java:1007)
	at org.testng.remote.AbstractRemoteTestNG.run(AbstractRemoteTestNG.java:115)
	at org.testng.remote.RemoteTestNG.initAndRun(RemoteTestNG.java:251)
	at org.testng.remote.RemoteTestNG.main(RemoteTestNG.java:77)
</pre></div></td>
<td>12</td>
<td>testcases.chequebookrequest.TC26ChequeBookRequestbyAccountNumberwhichislinkedtoOtherAccounttype@dbd940d</td></tr>
<tr>
<td title='testcases.chequebookrequest.TC27ChequeBookRequestbyIncorrectAccountnumberending.ChequeBookRequestbyCorrectAccountNumberEndingWith()'><b>ChequeBookRequestbyCorrectAccountNumberEndingWith</b><br>Test class: testcases.chequebookrequest.TC27ChequeBookRequestbyIncorrectAccountnumberending</td>
<td><div><pre>java.lang.RuntimeException: FAILED
	at utils.Reporter.reportStep(Reporter.java:29)
	at wrappers.GenericWrappers.enterByXpath(GenericWrappers.java:435)
	at pages.ChequeBookRequestPage.EnterUserName(ChequeBookRequestPage.java:18)
	at testcases.chequebookrequest.TC27ChequeBookRequestbyIncorrectAccountnumberending.ChequeBookRequestbyCorrectAccountNumberEndingWith(TC27ChequeBookRequestbyIncorrectAccountnumberending.java:38)
	at java.util.ArrayList.forEach(Unknown Source)
... Removed 27 stack frames</pre></div><a href='#' onClick='toggleBox("stack-trace333244214", this, "Click to show all stack frames", "Click to hide stack frames")'>Click to show all stack frames</a>
<div class='stack-trace' id='stack-trace333244214'><pre>java.lang.RuntimeException: FAILED
	at utils.Reporter.reportStep(Reporter.java:29)
	at wrappers.GenericWrappers.enterByXpath(GenericWrappers.java:435)
	at pages.ChequeBookRequestPage.EnterUserName(ChequeBookRequestPage.java:18)
	at testcases.chequebookrequest.TC27ChequeBookRequestbyIncorrectAccountnumberending.ChequeBookRequestbyCorrectAccountNumberEndingWith(TC27ChequeBookRequestbyIncorrectAccountnumberending.java:38)
	at sun.reflect.NativeMethodAccessorImpl.invoke0(Native Method)
	at sun.reflect.NativeMethodAccessorImpl.invoke(Unknown Source)
	at sun.reflect.DelegatingMethodAccessorImpl.invoke(Unknown Source)
	at java.lang.reflect.Method.invoke(Unknown Source)
	at org.testng.internal.MethodInvocationHelper.invokeMethod(MethodInvocationHelper.java:134)
	at org.testng.internal.TestInvoker.invokeMethod(TestInvoker.java:597)
	at org.testng.internal.TestInvoker.invokeTestMethod(TestInvoker.java:173)
	at org.testng.internal.MethodRunner.runInSequence(MethodRunner.java:46)
	at org.testng.internal.TestInvoker$MethodInvocationAgent.invoke(TestInvoker.java:816)
	at org.testng.internal.TestInvoker.invokeTestMethods(TestInvoker.java:146)
	at org.testng.internal.TestMethodWorker.invokeTestMethods(TestMethodWorker.java:146)
	at org.testng.internal.TestMethodWorker.run(TestMethodWorker.java:128)
	at java.util.ArrayList.forEach(Unknown Source)
	at org.testng.TestRunner.privateRun(TestRunner.java:766)
	at org.testng.TestRunner.run(TestRunner.java:587)
	at org.testng.SuiteRunner.runTest(SuiteRunner.java:384)
	at org.testng.SuiteRunner.runSequentially(SuiteRunner.java:378)
	at org.testng.SuiteRunner.privateRun(SuiteRunner.java:337)
	at org.testng.SuiteRunner.run(SuiteRunner.java:286)
	at org.testng.SuiteRunnerWorker.runSuite(SuiteRunnerWorker.java:53)
	at org.testng.SuiteRunnerWorker.run(SuiteRunnerWorker.java:96)
	at org.testng.TestNG.runSuitesSequentially(TestNG.java:1187)
	at org.testng.TestNG.runSuitesLocally(TestNG.java:1109)
	at org.testng.TestNG.runSuites(TestNG.java:1039)
	at org.testng.TestNG.run(TestNG.java:1007)
	at org.testng.remote.AbstractRemoteTestNG.run(AbstractRemoteTestNG.java:115)
	at org.testng.remote.RemoteTestNG.initAndRun(RemoteTestNG.java:251)
	at org.testng.remote.RemoteTestNG.main(RemoteTestNG.java:77)
</pre></div></td>
<td>12</td>
<td>testcases.chequebookrequest.TC27ChequeBookRequestbyIncorrectAccountnumberending@71d15f18</td></tr>
<tr>
<td title='testcases.chequebookrequest.TC28ChequeBookRequestbyAccountTypeendingwithwhichisnotavailable.ChequeBookRequestbyCorrectAccountNumberEndingWith()'><b>ChequeBookRequestbyCorrectAccountNumberEndingWith</b><br>Test class: testcases.chequebookrequest.TC28ChequeBookRequestbyAccountTypeendingwithwhichisnotavailable</td>
<td><div><pre>java.lang.RuntimeException: FAILED
	at utils.Reporter.reportStep(Reporter.java:29)
	at wrappers.GenericWrappers.enterByXpath(GenericWrappers.java:435)
	at pages.ChequeBookRequestPage.EnterUserName(ChequeBookRequestPage.java:18)
	at testcases.chequebookrequest.TC28ChequeBookRequestbyAccountTypeendingwithwhichisnotavailable.ChequeBookRequestbyCorrectAccountNumberEndingWith(TC28ChequeBookRequestbyAccountTypeendingwithwhichisnotavailable.java:38)
	at java.util.ArrayList.forEach(Unknown Source)
... Removed 27 stack frames</pre></div><a href='#' onClick='toggleBox("stack-trace1901059689", this, "Click to show all stack frames", "Click to hide stack frames")'>Click to show all stack frames</a>
<div class='stack-trace' id='stack-trace1901059689'><pre>java.lang.RuntimeException: FAILED
	at utils.Reporter.reportStep(Reporter.java:29)
	at wrappers.GenericWrappers.enterByXpath(GenericWrappers.java:435)
	at pages.ChequeBookRequestPage.EnterUserName(ChequeBookRequestPage.java:18)
	at testcases.chequebookrequest.TC28ChequeBookRequestbyAccountTypeendingwithwhichisnotavailable.ChequeBookRequestbyCorrectAccountNumberEndingWith(TC28ChequeBookRequestbyAccountTypeendingwithwhichisnotavailable.java:38)
	at sun.reflect.NativeMethodAccessorImpl.invoke0(Native Method)
	at sun.reflect.NativeMethodAccessorImpl.invoke(Unknown Source)
	at sun.reflect.DelegatingMethodAccessorImpl.invoke(Unknown Source)
	at java.lang.reflect.Method.invoke(Unknown Source)
	at org.testng.internal.MethodInvocationHelper.invokeMethod(MethodInvocationHelper.java:134)
	at org.testng.internal.TestInvoker.invokeMethod(TestInvoker.java:597)
	at org.testng.internal.TestInvoker.invokeTestMethod(TestInvoker.java:173)
	at org.testng.internal.MethodRunner.runInSequence(MethodRunner.java:46)
	at org.testng.internal.TestInvoker$MethodInvocationAgent.invoke(TestInvoker.java:816)
	at org.testng.internal.TestInvoker.invokeTestMethods(TestInvoker.java:146)
	at org.testng.internal.TestMethodWorker.invokeTestMethods(TestMethodWorker.java:146)
	at org.testng.internal.TestMethodWorker.run(TestMethodWorker.java:128)
	at java.util.ArrayList.forEach(Unknown Source)
	at org.testng.TestRunner.privateRun(TestRunner.java:766)
	at org.testng.TestRunner.run(TestRunner.java:587)
	at org.testng.SuiteRunner.runTest(SuiteRunner.java:384)
	at org.testng.SuiteRunner.runSequentially(SuiteRunner.java:378)
	at org.testng.SuiteRunner.privateRun(SuiteRunner.java:337)
	at org.testng.SuiteRunner.run(SuiteRunner.java:286)
	at org.testng.SuiteRunnerWorker.runSuite(SuiteRunnerWorker.java:53)
	at org.testng.SuiteRunnerWorker.run(SuiteRunnerWorker.java:96)
	at org.testng.TestNG.runSuitesSequentially(TestNG.java:1187)
	at org.testng.TestNG.runSuitesLocally(TestNG.java:1109)
	at org.testng.TestNG.runSuites(TestNG.java:1039)
	at org.testng.TestNG.run(TestNG.java:1007)
	at org.testng.remote.AbstractRemoteTestNG.run(AbstractRemoteTestNG.java:115)
	at org.testng.remote.RemoteTestNG.initAndRun(RemoteTestNG.java:251)
	at org.testng.remote.RemoteTestNG.main(RemoteTestNG.java:77)
</pre></div></td>
<td>12</td>
<td>testcases.chequebookrequest.TC28ChequeBookRequestbyAccountTypeendingwithwhichisnotavailable@17695df3</td></tr>
<tr>
<td title='testcases.chequebookrequest.TC24ChequeBookRequestbyCorrectAccountTypeAccountNumberEndingWith.ChequeBookRequestbyCorrectAccountTypeAccountNumberEndingWith()'><b>ChequeBookRequestbyCorrectAccountTypeAccountNumberEndingWith</b><br>Test class: testcases.chequebookrequest.TC24ChequeBookRequestbyCorrectAccountTypeAccountNumberEndingWith</td>
<td><div><pre>org.openqa.selenium.NoSuchElementException: no such element: Unable to locate element: {&quot;method&quot;:&quot;xpath&quot;,&quot;selector&quot;:&quot;//div[@class=&apos;mxWelcomeTemp&apos;][contains(text(),&apos;Business Park&apos;)]&quot;}
  (Session info: chrome=80.0.3987.149)
  (Driver info: chromedriver=2.36.540470 (e522d04694c7ebea4ba8821272dbef4f9b818c91),platform=Windows NT 6.3.9600 x86_64) (WARNING: The server did not provide any stacktrace information)
Command duration or timeout: 0 milliseconds
For documentation on this error, please visit: http://seleniumhq.org/exceptions/no_such_element.html
Build info: version: &apos;3.14.0&apos;, revision: &apos;aacccce0&apos;, time: &apos;2018-08-02T20:19:58.91Z&apos;
System info: host: &apos;LENOVO-PC&apos;, ip: &apos;192.168.0.114&apos;, os.name: &apos;Windows 8.1&apos;, os.arch: &apos;amd64&apos;, os.version: &apos;6.3&apos;, java.version: &apos;1.8.0_241&apos;
Driver info: org.openqa.selenium.chrome.ChromeDriver
Capabilities {acceptInsecureCerts: false, acceptSslCerts: false, applicationCacheEnabled: false, browserConnectionEnabled: false, browserName: chrome, chrome: {chromedriverVersion: 2.36.540470 (e522d04694c7eb..., userDataDir: C:\Users\SRENIV~1\AppData\L...}, cssSelectorsEnabled: true, databaseEnabled: false, handlesAlerts: true, hasTouchScreen: false, javascriptEnabled: true, locationContextEnabled: true, mobileEmulationEnabled: false, nativeEvents: true, networkConnectionEnabled: false, pageLoadStrategy: normal, platform: XP, platformName: XP, rotatable: false, setWindowRect: true, takesHeapSnapshot: true, takesScreenshot: true, unexpectedAlertBehaviour: , unhandledPromptBehavior: , version: 80.0.3987.149, webStorageEnabled: true}
Session ID: 8d661ca2f3856603f6a083e87d5f1580
*** Element info: {Using=xpath, value=//div[@class=&apos;mxWelcomeTemp&apos;][contains(text(),&apos;Business Park&apos;)]}
	at org.openqa.selenium.remote.ErrorHandler.createThrowable(ErrorHandler.java:214)
	at org.openqa.selenium.remote.ErrorHandler.throwIfResponseFailed(ErrorHandler.java:166)
	at org.openqa.selenium.remote.http.JsonHttpResponseCodec.reconstructValue(JsonHttpResponseCodec.java:40)
	at org.openqa.selenium.remote.http.AbstractHttpResponseCodec.decode(AbstractHttpResponseCodec.java:80)
	at org.openqa.selenium.remote.http.AbstractHttpResponseCodec.decode(AbstractHttpResponseCodec.java:44)
	at org.openqa.selenium.remote.HttpCommandExecutor.execute(HttpCommandExecutor.java:158)
	at org.openqa.selenium.remote.service.DriverCommandExecutor.execute(DriverCommandExecutor.java:83)
	at org.openqa.selenium.remote.RemoteWebDriver.execute(RemoteWebDriver.java:548)
	at org.openqa.selenium.remote.RemoteWebDriver.findElement(RemoteWebDriver.java:322)
	at org.openqa.selenium.remote.RemoteWebDriver.findElementByXPath(RemoteWebDriver.java:424)
	at org.openqa.selenium.By$ByXPath.findElement(By.java:353)
	at org.openqa.selenium.remote.RemoteWebDriver.findElement(RemoteWebDriver.java:314)
	at pages.ChequeBookRequestPage.verifyDeliveryAddress(ChequeBookRequestPage.java:123)
	at testcases.chequebookrequest.TC24ChequeBookRequestbyCorrectAccountTypeAccountNumberEndingWith.ChequeBookRequestbyCorrectAccountTypeAccountNumberEndingWith(TC24ChequeBookRequestbyCorrectAccountTypeAccountNumberEndingWith.java:44)
	at java.util.ArrayList.forEach(Unknown Source)
... Removed 31 stack frames</pre></div><a href='#' onClick='toggleBox("stack-trace1028901957", this, "Click to show all stack frames", "Click to hide stack frames")'>Click to show all stack frames</a>
<div class='stack-trace' id='stack-trace1028901957'><pre>org.openqa.selenium.NoSuchElementException: no such element: Unable to locate element: {&quot;method&quot;:&quot;xpath&quot;,&quot;selector&quot;:&quot;//div[@class=&apos;mxWelcomeTemp&apos;][contains(text(),&apos;Business Park&apos;)]&quot;}
  (Session info: chrome=80.0.3987.149)
  (Driver info: chromedriver=2.36.540470 (e522d04694c7ebea4ba8821272dbef4f9b818c91),platform=Windows NT 6.3.9600 x86_64) (WARNING: The server did not provide any stacktrace information)
Command duration or timeout: 0 milliseconds
For documentation on this error, please visit: http://seleniumhq.org/exceptions/no_such_element.html
Build info: version: &apos;3.14.0&apos;, revision: &apos;aacccce0&apos;, time: &apos;2018-08-02T20:19:58.91Z&apos;
System info: host: &apos;LENOVO-PC&apos;, ip: &apos;192.168.0.114&apos;, os.name: &apos;Windows 8.1&apos;, os.arch: &apos;amd64&apos;, os.version: &apos;6.3&apos;, java.version: &apos;1.8.0_241&apos;
Driver info: org.openqa.selenium.chrome.ChromeDriver
Capabilities {acceptInsecureCerts: false, acceptSslCerts: false, applicationCacheEnabled: false, browserConnectionEnabled: false, browserName: chrome, chrome: {chromedriverVersion: 2.36.540470 (e522d04694c7eb..., userDataDir: C:\Users\SRENIV~1\AppData\L...}, cssSelectorsEnabled: true, databaseEnabled: false, handlesAlerts: true, hasTouchScreen: false, javascriptEnabled: true, locationContextEnabled: true, mobileEmulationEnabled: false, nativeEvents: true, networkConnectionEnabled: false, pageLoadStrategy: normal, platform: XP, platformName: XP, rotatable: false, setWindowRect: true, takesHeapSnapshot: true, takesScreenshot: true, unexpectedAlertBehaviour: , unhandledPromptBehavior: , version: 80.0.3987.149, webStorageEnabled: true}
Session ID: 8d661ca2f3856603f6a083e87d5f1580
*** Element info: {Using=xpath, value=//div[@class=&apos;mxWelcomeTemp&apos;][contains(text(),&apos;Business Park&apos;)]}
	at sun.reflect.NativeConstructorAccessorImpl.newInstance0(Native Method)
	at sun.reflect.NativeConstructorAccessorImpl.newInstance(Unknown Source)
	at sun.reflect.DelegatingConstructorAccessorImpl.newInstance(Unknown Source)
	at java.lang.reflect.Constructor.newInstance(Unknown Source)
	at org.openqa.selenium.remote.ErrorHandler.createThrowable(ErrorHandler.java:214)
	at org.openqa.selenium.remote.ErrorHandler.throwIfResponseFailed(ErrorHandler.java:166)
	at org.openqa.selenium.remote.http.JsonHttpResponseCodec.reconstructValue(JsonHttpResponseCodec.java:40)
	at org.openqa.selenium.remote.http.AbstractHttpResponseCodec.decode(AbstractHttpResponseCodec.java:80)
	at org.openqa.selenium.remote.http.AbstractHttpResponseCodec.decode(AbstractHttpResponseCodec.java:44)
	at org.openqa.selenium.remote.HttpCommandExecutor.execute(HttpCommandExecutor.java:158)
	at org.openqa.selenium.remote.service.DriverCommandExecutor.execute(DriverCommandExecutor.java:83)
	at org.openqa.selenium.remote.RemoteWebDriver.execute(RemoteWebDriver.java:548)
	at org.openqa.selenium.remote.RemoteWebDriver.findElement(RemoteWebDriver.java:322)
	at org.openqa.selenium.remote.RemoteWebDriver.findElementByXPath(RemoteWebDriver.java:424)
	at org.openqa.selenium.By$ByXPath.findElement(By.java:353)
	at org.openqa.selenium.remote.RemoteWebDriver.findElement(RemoteWebDriver.java:314)
	at pages.ChequeBookRequestPage.verifyDeliveryAddress(ChequeBookRequestPage.java:123)
	at testcases.chequebookrequest.TC24ChequeBookRequestbyCorrectAccountTypeAccountNumberEndingWith.ChequeBookRequestbyCorrectAccountTypeAccountNumberEndingWith(TC24ChequeBookRequestbyCorrectAccountTypeAccountNumberEndingWith.java:44)
	at sun.reflect.NativeMethodAccessorImpl.invoke0(Native Method)
	at sun.reflect.NativeMethodAccessorImpl.invoke(Unknown Source)
	at sun.reflect.DelegatingMethodAccessorImpl.invoke(Unknown Source)
	at java.lang.reflect.Method.invoke(Unknown Source)
	at org.testng.internal.MethodInvocationHelper.invokeMethod(MethodInvocationHelper.java:134)
	at org.testng.internal.TestInvoker.invokeMethod(TestInvoker.java:597)
	at org.testng.internal.TestInvoker.invokeTestMethod(TestInvoker.java:173)
	at org.testng.internal.MethodRunner.runInSequence(MethodRunner.java:46)
	at org.testng.internal.TestInvoker$MethodInvocationAgent.invoke(TestInvoker.java:816)
	at org.testng.internal.TestInvoker.invokeTestMethods(TestInvoker.java:146)
	at org.testng.internal.TestMethodWorker.invokeTestMethods(TestMethodWorker.java:146)
	at org.testng.internal.TestMethodWorker.run(TestMethodWorker.java:128)
	at java.util.ArrayList.forEach(Unknown Source)
	at org.testng.TestRunner.privateRun(TestRunner.java:766)
	at org.testng.TestRunner.run(TestRunner.java:587)
	at org.testng.SuiteRunner.runTest(SuiteRunner.java:384)
	at org.testng.SuiteRunner.runSequentially(SuiteRunner.java:378)
	at org.testng.SuiteRunner.privateRun(SuiteRunner.java:337)
	at org.testng.SuiteRunner.run(SuiteRunner.java:286)
	at org.testng.SuiteRunnerWorker.runSuite(SuiteRunnerWorker.java:53)
	at org.testng.SuiteRunnerWorker.run(SuiteRunnerWorker.java:96)
	at org.testng.TestNG.runSuitesSequentially(TestNG.java:1187)
	at org.testng.TestNG.runSuitesLocally(TestNG.java:1109)
	at org.testng.TestNG.runSuites(TestNG.java:1039)
	at org.testng.TestNG.run(TestNG.java:1007)
	at org.testng.remote.AbstractRemoteTestNG.run(AbstractRemoteTestNG.java:115)
	at org.testng.remote.RemoteTestNG.initAndRun(RemoteTestNG.java:251)
	at org.testng.remote.RemoteTestNG.main(RemoteTestNG.java:77)
</pre></div></td>
<td>31</td>
<td>testcases.chequebookrequest.TC24ChequeBookRequestbyCorrectAccountTypeAccountNumberEndingWith@140e5a13</td></tr>
<tr>
<td title='testcases.managecards.TC01ManageCardIconCheck.ManageCardIconCheck()'><b>ManageCardIconCheck</b><br>Test class: testcases.managecards.TC01ManageCardIconCheck</td>
<td><div><pre>org.openqa.selenium.NoSuchElementException: no such element: Unable to locate element: {&quot;method&quot;:&quot;xpath&quot;,&quot;selector&quot;:&quot;//img[@alt=&apos;Manage Cards&apos;]&quot;}
  (Session info: chrome=80.0.3987.149)
  (Driver info: chromedriver=2.36.540470 (e522d04694c7ebea4ba8821272dbef4f9b818c91),platform=Windows NT 6.3.9600 x86_64) (WARNING: The server did not provide any stacktrace information)
Command duration or timeout: 0 milliseconds
For documentation on this error, please visit: http://seleniumhq.org/exceptions/no_such_element.html
Build info: version: &apos;3.14.0&apos;, revision: &apos;aacccce0&apos;, time: &apos;2018-08-02T20:19:58.91Z&apos;
System info: host: &apos;LENOVO-PC&apos;, ip: &apos;192.168.0.114&apos;, os.name: &apos;Windows 8.1&apos;, os.arch: &apos;amd64&apos;, os.version: &apos;6.3&apos;, java.version: &apos;1.8.0_241&apos;
Driver info: org.openqa.selenium.chrome.ChromeDriver
Capabilities {acceptInsecureCerts: false, acceptSslCerts: false, applicationCacheEnabled: false, browserConnectionEnabled: false, browserName: chrome, chrome: {chromedriverVersion: 2.36.540470 (e522d04694c7eb..., userDataDir: C:\Users\SRENIV~1\AppData\L...}, cssSelectorsEnabled: true, databaseEnabled: false, handlesAlerts: true, hasTouchScreen: false, javascriptEnabled: true, locationContextEnabled: true, mobileEmulationEnabled: false, nativeEvents: true, networkConnectionEnabled: false, pageLoadStrategy: normal, platform: XP, platformName: XP, rotatable: false, setWindowRect: true, takesHeapSnapshot: true, takesScreenshot: true, unexpectedAlertBehaviour: , unhandledPromptBehavior: , version: 80.0.3987.149, webStorageEnabled: true}
Session ID: 3d8a0a3374c54544de1c7d07616ccd09
*** Element info: {Using=xpath, value=//img[@alt=&apos;Manage Cards&apos;]}
	at org.openqa.selenium.remote.ErrorHandler.createThrowable(ErrorHandler.java:214)
	at org.openqa.selenium.remote.ErrorHandler.throwIfResponseFailed(ErrorHandler.java:166)
	at org.openqa.selenium.remote.http.JsonHttpResponseCodec.reconstructValue(JsonHttpResponseCodec.java:40)
	at org.openqa.selenium.remote.http.AbstractHttpResponseCodec.decode(AbstractHttpResponseCodec.java:80)
	at org.openqa.selenium.remote.http.AbstractHttpResponseCodec.decode(AbstractHttpResponseCodec.java:44)
	at org.openqa.selenium.remote.HttpCommandExecutor.execute(HttpCommandExecutor.java:158)
	at org.openqa.selenium.remote.service.DriverCommandExecutor.execute(DriverCommandExecutor.java:83)
	at org.openqa.selenium.remote.RemoteWebDriver.execute(RemoteWebDriver.java:548)
	at org.openqa.selenium.remote.RemoteWebDriver.findElement(RemoteWebDriver.java:322)
	at org.openqa.selenium.remote.RemoteWebDriver.findElementByXPath(RemoteWebDriver.java:424)
	at org.openqa.selenium.By$ByXPath.findElement(By.java:353)
	at org.openqa.selenium.remote.RemoteWebDriver.findElement(RemoteWebDriver.java:314)
	at wrappers.GenericWrappers.scrollDown(GenericWrappers.java:651)
	at pages.ManageCardsPage.ScrollDown(ManageCardsPage.java:170)
	at testcases.managecards.TC01ManageCardIconCheck.ManageCardIconCheck(TC01ManageCardIconCheck.java:38)
	at java.util.ArrayList.forEach(Unknown Source)
... Removed 31 stack frames</pre></div><a href='#' onClick='toggleBox("stack-trace501491806", this, "Click to show all stack frames", "Click to hide stack frames")'>Click to show all stack frames</a>
<div class='stack-trace' id='stack-trace501491806'><pre>org.openqa.selenium.NoSuchElementException: no such element: Unable to locate element: {&quot;method&quot;:&quot;xpath&quot;,&quot;selector&quot;:&quot;//img[@alt=&apos;Manage Cards&apos;]&quot;}
  (Session info: chrome=80.0.3987.149)
  (Driver info: chromedriver=2.36.540470 (e522d04694c7ebea4ba8821272dbef4f9b818c91),platform=Windows NT 6.3.9600 x86_64) (WARNING: The server did not provide any stacktrace information)
Command duration or timeout: 0 milliseconds
For documentation on this error, please visit: http://seleniumhq.org/exceptions/no_such_element.html
Build info: version: &apos;3.14.0&apos;, revision: &apos;aacccce0&apos;, time: &apos;2018-08-02T20:19:58.91Z&apos;
System info: host: &apos;LENOVO-PC&apos;, ip: &apos;192.168.0.114&apos;, os.name: &apos;Windows 8.1&apos;, os.arch: &apos;amd64&apos;, os.version: &apos;6.3&apos;, java.version: &apos;1.8.0_241&apos;
Driver info: org.openqa.selenium.chrome.ChromeDriver
Capabilities {acceptInsecureCerts: false, acceptSslCerts: false, applicationCacheEnabled: false, browserConnectionEnabled: false, browserName: chrome, chrome: {chromedriverVersion: 2.36.540470 (e522d04694c7eb..., userDataDir: C:\Users\SRENIV~1\AppData\L...}, cssSelectorsEnabled: true, databaseEnabled: false, handlesAlerts: true, hasTouchScreen: false, javascriptEnabled: true, locationContextEnabled: true, mobileEmulationEnabled: false, nativeEvents: true, networkConnectionEnabled: false, pageLoadStrategy: normal, platform: XP, platformName: XP, rotatable: false, setWindowRect: true, takesHeapSnapshot: true, takesScreenshot: true, unexpectedAlertBehaviour: , unhandledPromptBehavior: , version: 80.0.3987.149, webStorageEnabled: true}
Session ID: 3d8a0a3374c54544de1c7d07616ccd09
*** Element info: {Using=xpath, value=//img[@alt=&apos;Manage Cards&apos;]}
	at sun.reflect.NativeConstructorAccessorImpl.newInstance0(Native Method)
	at sun.reflect.NativeConstructorAccessorImpl.newInstance(Unknown Source)
	at sun.reflect.DelegatingConstructorAccessorImpl.newInstance(Unknown Source)
	at java.lang.reflect.Constructor.newInstance(Unknown Source)
	at org.openqa.selenium.remote.ErrorHandler.createThrowable(ErrorHandler.java:214)
	at org.openqa.selenium.remote.ErrorHandler.throwIfResponseFailed(ErrorHandler.java:166)
	at org.openqa.selenium.remote.http.JsonHttpResponseCodec.reconstructValue(JsonHttpResponseCodec.java:40)
	at org.openqa.selenium.remote.http.AbstractHttpResponseCodec.decode(AbstractHttpResponseCodec.java:80)
	at org.openqa.selenium.remote.http.AbstractHttpResponseCodec.decode(AbstractHttpResponseCodec.java:44)
	at org.openqa.selenium.remote.HttpCommandExecutor.execute(HttpCommandExecutor.java:158)
	at org.openqa.selenium.remote.service.DriverCommandExecutor.execute(DriverCommandExecutor.java:83)
	at org.openqa.selenium.remote.RemoteWebDriver.execute(RemoteWebDriver.java:548)
	at org.openqa.selenium.remote.RemoteWebDriver.findElement(RemoteWebDriver.java:322)
	at org.openqa.selenium.remote.RemoteWebDriver.findElementByXPath(RemoteWebDriver.java:424)
	at org.openqa.selenium.By$ByXPath.findElement(By.java:353)
	at org.openqa.selenium.remote.RemoteWebDriver.findElement(RemoteWebDriver.java:314)
	at wrappers.GenericWrappers.scrollDown(GenericWrappers.java:651)
	at pages.ManageCardsPage.ScrollDown(ManageCardsPage.java:170)
	at testcases.managecards.TC01ManageCardIconCheck.ManageCardIconCheck(TC01ManageCardIconCheck.java:38)
	at sun.reflect.NativeMethodAccessorImpl.invoke0(Native Method)
	at sun.reflect.NativeMethodAccessorImpl.invoke(Unknown Source)
	at sun.reflect.DelegatingMethodAccessorImpl.invoke(Unknown Source)
	at java.lang.reflect.Method.invoke(Unknown Source)
	at org.testng.internal.MethodInvocationHelper.invokeMethod(MethodInvocationHelper.java:134)
	at org.testng.internal.TestInvoker.invokeMethod(TestInvoker.java:597)
	at org.testng.internal.TestInvoker.invokeTestMethod(TestInvoker.java:173)
	at org.testng.internal.MethodRunner.runInSequence(MethodRunner.java:46)
	at org.testng.internal.TestInvoker$MethodInvocationAgent.invoke(TestInvoker.java:816)
	at org.testng.internal.TestInvoker.invokeTestMethods(TestInvoker.java:146)
	at org.testng.internal.TestMethodWorker.invokeTestMethods(TestMethodWorker.java:146)
	at org.testng.internal.TestMethodWorker.run(TestMethodWorker.java:128)
	at java.util.ArrayList.forEach(Unknown Source)
	at org.testng.TestRunner.privateRun(TestRunner.java:766)
	at org.testng.TestRunner.run(TestRunner.java:587)
	at org.testng.SuiteRunner.runTest(SuiteRunner.java:384)
	at org.testng.SuiteRunner.runSequentially(SuiteRunner.java:378)
	at org.testng.SuiteRunner.privateRun(SuiteRunner.java:337)
	at org.testng.SuiteRunner.run(SuiteRunner.java:286)
	at org.testng.SuiteRunnerWorker.runSuite(SuiteRunnerWorker.java:53)
	at org.testng.SuiteRunnerWorker.run(SuiteRunnerWorker.java:96)
	at org.testng.TestNG.runSuitesSequentially(TestNG.java:1187)
	at org.testng.TestNG.runSuitesLocally(TestNG.java:1109)
	at org.testng.TestNG.runSuites(TestNG.java:1039)
	at org.testng.TestNG.run(TestNG.java:1007)
	at org.testng.remote.AbstractRemoteTestNG.run(AbstractRemoteTestNG.java:115)
	at org.testng.remote.RemoteTestNG.initAndRun(RemoteTestNG.java:251)
	at org.testng.remote.RemoteTestNG.main(RemoteTestNG.java:77)
</pre></div></td>
<td>11</td>
<td>testcases.managecards.TC01ManageCardIconCheck@17211155</td></tr>
<tr>
<td title='testcases.managecards.TC03ManageCardsIconClickAfterLogin.ManageCardIconClickWithoutLogin()'><b>ManageCardIconClickWithoutLogin</b><br>Test class: testcases.managecards.TC03ManageCardsIconClickAfterLogin</td>
<td><div><pre>java.lang.RuntimeException: FAILED
	at utils.Reporter.reportStep(Reporter.java:29)
	at wrappers.GenericWrappers.clickWrapper(GenericWrappers.java:367)
	at wrappers.GenericWrappers.clickByXpath(GenericWrappers.java:760)
	at pages.ManageCardsPage.clickManageCardsLogo(ManageCardsPage.java:75)
	at testcases.managecards.TC03ManageCardsIconClickAfterLogin.ManageCardIconClickWithoutLogin(TC03ManageCardsIconClickAfterLogin.java:44)
	at java.util.ArrayList.forEach(Unknown Source)
... Removed 27 stack frames</pre></div><a href='#' onClick='toggleBox("stack-trace916585760", this, "Click to show all stack frames", "Click to hide stack frames")'>Click to show all stack frames</a>
<div class='stack-trace' id='stack-trace916585760'><pre>java.lang.RuntimeException: FAILED
	at utils.Reporter.reportStep(Reporter.java:29)
	at wrappers.GenericWrappers.clickWrapper(GenericWrappers.java:367)
	at wrappers.GenericWrappers.clickByXpath(GenericWrappers.java:760)
	at pages.ManageCardsPage.clickManageCardsLogo(ManageCardsPage.java:75)
	at testcases.managecards.TC03ManageCardsIconClickAfterLogin.ManageCardIconClickWithoutLogin(TC03ManageCardsIconClickAfterLogin.java:44)
	at sun.reflect.NativeMethodAccessorImpl.invoke0(Native Method)
	at sun.reflect.NativeMethodAccessorImpl.invoke(Unknown Source)
	at sun.reflect.DelegatingMethodAccessorImpl.invoke(Unknown Source)
	at java.lang.reflect.Method.invoke(Unknown Source)
	at org.testng.internal.MethodInvocationHelper.invokeMethod(MethodInvocationHelper.java:134)
	at org.testng.internal.TestInvoker.invokeMethod(TestInvoker.java:597)
	at org.testng.internal.TestInvoker.invokeTestMethod(TestInvoker.java:173)
	at org.testng.internal.MethodRunner.runInSequence(MethodRunner.java:46)
	at org.testng.internal.TestInvoker$MethodInvocationAgent.invoke(TestInvoker.java:816)
	at org.testng.internal.TestInvoker.invokeTestMethods(TestInvoker.java:146)
	at org.testng.internal.TestMethodWorker.invokeTestMethods(TestMethodWorker.java:146)
	at org.testng.internal.TestMethodWorker.run(TestMethodWorker.java:128)
	at java.util.ArrayList.forEach(Unknown Source)
	at org.testng.TestRunner.privateRun(TestRunner.java:766)
	at org.testng.TestRunner.run(TestRunner.java:587)
	at org.testng.SuiteRunner.runTest(SuiteRunner.java:384)
	at org.testng.SuiteRunner.runSequentially(SuiteRunner.java:378)
	at org.testng.SuiteRunner.privateRun(SuiteRunner.java:337)
	at org.testng.SuiteRunner.run(SuiteRunner.java:286)
	at org.testng.SuiteRunnerWorker.runSuite(SuiteRunnerWorker.java:53)
	at org.testng.SuiteRunnerWorker.run(SuiteRunnerWorker.java:96)
	at org.testng.TestNG.runSuitesSequentially(TestNG.java:1187)
	at org.testng.TestNG.runSuitesLocally(TestNG.java:1109)
	at org.testng.TestNG.runSuites(TestNG.java:1039)
	at org.testng.TestNG.run(TestNG.java:1007)
	at org.testng.remote.AbstractRemoteTestNG.run(AbstractRemoteTestNG.java:115)
	at org.testng.remote.RemoteTestNG.initAndRun(RemoteTestNG.java:251)
	at org.testng.remote.RemoteTestNG.main(RemoteTestNG.java:77)
</pre></div></td>
<td>32</td>
<td>testcases.managecards.TC03ManageCardsIconClickAfterLogin@5fdba6f9</td></tr>
<tr>
<td title='testcases.managecards.TC41ManageCardsUnblockCancellationMessage.ManageCardsUnblockCancellationMessage()'><b>ManageCardsUnblockCancellationMessage</b><br>Test class: testcases.managecards.TC41ManageCardsUnblockCancellationMessage</td>
<td><div><pre>java.lang.RuntimeException: FAILED
	at utils.Reporter.reportStep(Reporter.java:29)
	at wrappers.GenericWrappers.verifyElementisPresent(GenericWrappers.java:1163)
	at pages.ManageCardsPage.VerifyCardIsPresent(ManageCardsPage.java:215)
	at testcases.managecards.TC41ManageCardsUnblockCancellationMessage.ManageCardsUnblockCancellationMessage(TC41ManageCardsUnblockCancellationMessage.java:44)
	at java.util.ArrayList.forEach(Unknown Source)
... Removed 27 stack frames</pre></div><a href='#' onClick='toggleBox("stack-trace287023061", this, "Click to show all stack frames", "Click to hide stack frames")'>Click to show all stack frames</a>
<div class='stack-trace' id='stack-trace287023061'><pre>java.lang.RuntimeException: FAILED
	at utils.Reporter.reportStep(Reporter.java:29)
	at wrappers.GenericWrappers.verifyElementisPresent(GenericWrappers.java:1163)
	at pages.ManageCardsPage.VerifyCardIsPresent(ManageCardsPage.java:215)
	at testcases.managecards.TC41ManageCardsUnblockCancellationMessage.ManageCardsUnblockCancellationMessage(TC41ManageCardsUnblockCancellationMessage.java:44)
	at sun.reflect.NativeMethodAccessorImpl.invoke0(Native Method)
	at sun.reflect.NativeMethodAccessorImpl.invoke(Unknown Source)
	at sun.reflect.DelegatingMethodAccessorImpl.invoke(Unknown Source)
	at java.lang.reflect.Method.invoke(Unknown Source)
	at org.testng.internal.MethodInvocationHelper.invokeMethod(MethodInvocationHelper.java:134)
	at org.testng.internal.TestInvoker.invokeMethod(TestInvoker.java:597)
	at org.testng.internal.TestInvoker.invokeTestMethod(TestInvoker.java:173)
	at org.testng.internal.MethodRunner.runInSequence(MethodRunner.java:46)
	at org.testng.internal.TestInvoker$MethodInvocationAgent.invoke(TestInvoker.java:816)
	at org.testng.internal.TestInvoker.invokeTestMethods(TestInvoker.java:146)
	at org.testng.internal.TestMethodWorker.invokeTestMethods(TestMethodWorker.java:146)
	at org.testng.internal.TestMethodWorker.run(TestMethodWorker.java:128)
	at java.util.ArrayList.forEach(Unknown Source)
	at org.testng.TestRunner.privateRun(TestRunner.java:766)
	at org.testng.TestRunner.run(TestRunner.java:587)
	at org.testng.SuiteRunner.runTest(SuiteRunner.java:384)
	at org.testng.SuiteRunner.runSequentially(SuiteRunner.java:378)
	at org.testng.SuiteRunner.privateRun(SuiteRunner.java:337)
	at org.testng.SuiteRunner.run(SuiteRunner.java:286)
	at org.testng.SuiteRunnerWorker.runSuite(SuiteRunnerWorker.java:53)
	at org.testng.SuiteRunnerWorker.run(SuiteRunnerWorker.java:96)
	at org.testng.TestNG.runSuitesSequentially(TestNG.java:1187)
	at org.testng.TestNG.runSuitesLocally(TestNG.java:1109)
	at org.testng.TestNG.runSuites(TestNG.java:1039)
	at org.testng.TestNG.run(TestNG.java:1007)
	at org.testng.remote.AbstractRemoteTestNG.run(AbstractRemoteTestNG.java:115)
	at org.testng.remote.RemoteTestNG.initAndRun(RemoteTestNG.java:251)
	at org.testng.remote.RemoteTestNG.main(RemoteTestNG.java:77)
</pre></div></td>
<td>33</td>
<td>testcases.managecards.TC41ManageCardsUnblockCancellationMessage@8b87145</td></tr>
<tr>
<td title='testcases.managecards.TC42ManageCardsIsthereanythingelseCheckinUnblockSuccessfulMessage.ManageCardsUnblockCancellationMessage()'><b>ManageCardsUnblockCancellationMessage</b><br>Test class: testcases.managecards.TC42ManageCardsIsthereanythingelseCheckinUnblockSuccessfulMessage</td>
<td><div><pre>java.lang.RuntimeException: FAILED
	at utils.Reporter.reportStep(Reporter.java:29)
	at wrappers.GenericWrappers.enterByXpath(GenericWrappers.java:435)
	at pages.ManageCardsPage.EnterTextArea(ManageCardsPage.java:85)
	at testcases.managecards.TC42ManageCardsIsthereanythingelseCheckinUnblockSuccessfulMessage.ManageCardsUnblockCancellationMessage(TC42ManageCardsIsthereanythingelseCheckinUnblockSuccessfulMessage.java:38)
	at java.util.ArrayList.forEach(Unknown Source)
... Removed 27 stack frames</pre></div><a href='#' onClick='toggleBox("stack-trace1116927551", this, "Click to show all stack frames", "Click to hide stack frames")'>Click to show all stack frames</a>
<div class='stack-trace' id='stack-trace1116927551'><pre>java.lang.RuntimeException: FAILED
	at utils.Reporter.reportStep(Reporter.java:29)
	at wrappers.GenericWrappers.enterByXpath(GenericWrappers.java:435)
	at pages.ManageCardsPage.EnterTextArea(ManageCardsPage.java:85)
	at testcases.managecards.TC42ManageCardsIsthereanythingelseCheckinUnblockSuccessfulMessage.ManageCardsUnblockCancellationMessage(TC42ManageCardsIsthereanythingelseCheckinUnblockSuccessfulMessage.java:38)
	at sun.reflect.NativeMethodAccessorImpl.invoke0(Native Method)
	at sun.reflect.NativeMethodAccessorImpl.invoke(Unknown Source)
	at sun.reflect.DelegatingMethodAccessorImpl.invoke(Unknown Source)
	at java.lang.reflect.Method.invoke(Unknown Source)
	at org.testng.internal.MethodInvocationHelper.invokeMethod(MethodInvocationHelper.java:134)
	at org.testng.internal.TestInvoker.invokeMethod(TestInvoker.java:597)
	at org.testng.internal.TestInvoker.invokeTestMethod(TestInvoker.java:173)
	at org.testng.internal.MethodRunner.runInSequence(MethodRunner.java:46)
	at org.testng.internal.TestInvoker$MethodInvocationAgent.invoke(TestInvoker.java:816)
	at org.testng.internal.TestInvoker.invokeTestMethods(TestInvoker.java:146)
	at org.testng.internal.TestMethodWorker.invokeTestMethods(TestMethodWorker.java:146)
	at org.testng.internal.TestMethodWorker.run(TestMethodWorker.java:128)
	at java.util.ArrayList.forEach(Unknown Source)
	at org.testng.TestRunner.privateRun(TestRunner.java:766)
	at org.testng.TestRunner.run(TestRunner.java:587)
	at org.testng.SuiteRunner.runTest(SuiteRunner.java:384)
	at org.testng.SuiteRunner.runSequentially(SuiteRunner.java:378)
	at org.testng.SuiteRunner.privateRun(SuiteRunner.java:337)
	at org.testng.SuiteRunner.run(SuiteRunner.java:286)
	at org.testng.SuiteRunnerWorker.runSuite(SuiteRunnerWorker.java:53)
	at org.testng.SuiteRunnerWorker.run(SuiteRunnerWorker.java:96)
	at org.testng.TestNG.runSuitesSequentially(TestNG.java:1187)
	at org.testng.TestNG.runSuitesLocally(TestNG.java:1109)
	at org.testng.TestNG.runSuites(TestNG.java:1039)
	at org.testng.TestNG.run(TestNG.java:1007)
	at org.testng.remote.AbstractRemoteTestNG.run(AbstractRemoteTestNG.java:115)
	at org.testng.remote.RemoteTestNG.initAndRun(RemoteTestNG.java:251)
	at org.testng.remote.RemoteTestNG.main(RemoteTestNG.java:77)
</pre></div></td>
<td>11</td>
<td>testcases.managecards.TC42ManageCardsIsthereanythingelseCheckinUnblockSuccessfulMessage@6483f5ae</td></tr>
<tr>
<td title='testcases.managecards.TC43ManageCardsIsthereanythingelseCheckinUnblockCancellationMessage.ManageCardsUnblockCancellationMessage()'><b>ManageCardsUnblockCancellationMessage</b><br>Test class: testcases.managecards.TC43ManageCardsIsthereanythingelseCheckinUnblockCancellationMessage</td>
<td><div><pre>java.lang.RuntimeException: FAILED
	at utils.Reporter.reportStep(Reporter.java:29)
	at wrappers.GenericWrappers.verifyElementisPresent(GenericWrappers.java:1163)
	at pages.ManageCardsPage.VerifyCardIsPresent(ManageCardsPage.java:215)
	at testcases.managecards.TC43ManageCardsIsthereanythingelseCheckinUnblockCancellationMessage.ManageCardsUnblockCancellationMessage(TC43ManageCardsIsthereanythingelseCheckinUnblockCancellationMessage.java:44)
	at java.util.ArrayList.forEach(Unknown Source)
... Removed 27 stack frames</pre></div><a href='#' onClick='toggleBox("stack-trace479879305", this, "Click to show all stack frames", "Click to hide stack frames")'>Click to show all stack frames</a>
<div class='stack-trace' id='stack-trace479879305'><pre>java.lang.RuntimeException: FAILED
	at utils.Reporter.reportStep(Reporter.java:29)
	at wrappers.GenericWrappers.verifyElementisPresent(GenericWrappers.java:1163)
	at pages.ManageCardsPage.VerifyCardIsPresent(ManageCardsPage.java:215)
	at testcases.managecards.TC43ManageCardsIsthereanythingelseCheckinUnblockCancellationMessage.ManageCardsUnblockCancellationMessage(TC43ManageCardsIsthereanythingelseCheckinUnblockCancellationMessage.java:44)
	at sun.reflect.NativeMethodAccessorImpl.invoke0(Native Method)
	at sun.reflect.NativeMethodAccessorImpl.invoke(Unknown Source)
	at sun.reflect.DelegatingMethodAccessorImpl.invoke(Unknown Source)
	at java.lang.reflect.Method.invoke(Unknown Source)
	at org.testng.internal.MethodInvocationHelper.invokeMethod(MethodInvocationHelper.java:134)
	at org.testng.internal.TestInvoker.invokeMethod(TestInvoker.java:597)
	at org.testng.internal.TestInvoker.invokeTestMethod(TestInvoker.java:173)
	at org.testng.internal.MethodRunner.runInSequence(MethodRunner.java:46)
	at org.testng.internal.TestInvoker$MethodInvocationAgent.invoke(TestInvoker.java:816)
	at org.testng.internal.TestInvoker.invokeTestMethods(TestInvoker.java:146)
	at org.testng.internal.TestMethodWorker.invokeTestMethods(TestMethodWorker.java:146)
	at org.testng.internal.TestMethodWorker.run(TestMethodWorker.java:128)
	at java.util.ArrayList.forEach(Unknown Source)
	at org.testng.TestRunner.privateRun(TestRunner.java:766)
	at org.testng.TestRunner.run(TestRunner.java:587)
	at org.testng.SuiteRunner.runTest(SuiteRunner.java:384)
	at org.testng.SuiteRunner.runSequentially(SuiteRunner.java:378)
	at org.testng.SuiteRunner.privateRun(SuiteRunner.java:337)
	at org.testng.SuiteRunner.run(SuiteRunner.java:286)
	at org.testng.SuiteRunnerWorker.runSuite(SuiteRunnerWorker.java:53)
	at org.testng.SuiteRunnerWorker.run(SuiteRunnerWorker.java:96)
	at org.testng.TestNG.runSuitesSequentially(TestNG.java:1187)
	at org.testng.TestNG.runSuitesLocally(TestNG.java:1109)
	at org.testng.TestNG.runSuites(TestNG.java:1039)
	at org.testng.TestNG.run(TestNG.java:1007)
	at org.testng.remote.AbstractRemoteTestNG.run(AbstractRemoteTestNG.java:115)
	at org.testng.remote.RemoteTestNG.initAndRun(RemoteTestNG.java:251)
	at org.testng.remote.RemoteTestNG.main(RemoteTestNG.java:77)
</pre></div></td>
<td>68</td>
<td>testcases.managecards.TC43ManageCardsIsthereanythingelseCheckinUnblockCancellationMessage@b9afc07</td></tr>
<tr>
<td title='testcases.managecards.TC48ManageCardsInvalidinputwhileUnblockConfirmationMessage.ManageCardsUnblockCardsSelectionbyText()'><b>ManageCardsUnblockCardsSelectionbyText</b><br>Test class: testcases.managecards.TC48ManageCardsInvalidinputwhileUnblockConfirmationMessage</td>
<td><div><pre>java.lang.RuntimeException: FAILED
	at utils.Reporter.reportStep(Reporter.java:29)
	at wrappers.GenericWrappers.verifyElementisPresent(GenericWrappers.java:1163)
	at pages.ManageCardsPage.VerifyCardIsPresent(ManageCardsPage.java:215)
	at testcases.managecards.TC48ManageCardsInvalidinputwhileUnblockConfirmationMessage.ManageCardsUnblockCardsSelectionbyText(TC48ManageCardsInvalidinputwhileUnblockConfirmationMessage.java:44)
	at java.util.ArrayList.forEach(Unknown Source)
... Removed 27 stack frames</pre></div><a href='#' onClick='toggleBox("stack-trace1208575414", this, "Click to show all stack frames", "Click to hide stack frames")'>Click to show all stack frames</a>
<div class='stack-trace' id='stack-trace1208575414'><pre>java.lang.RuntimeException: FAILED
	at utils.Reporter.reportStep(Reporter.java:29)
	at wrappers.GenericWrappers.verifyElementisPresent(GenericWrappers.java:1163)
	at pages.ManageCardsPage.VerifyCardIsPresent(ManageCardsPage.java:215)
	at testcases.managecards.TC48ManageCardsInvalidinputwhileUnblockConfirmationMessage.ManageCardsUnblockCardsSelectionbyText(TC48ManageCardsInvalidinputwhileUnblockConfirmationMessage.java:44)
	at sun.reflect.NativeMethodAccessorImpl.invoke0(Native Method)
	at sun.reflect.NativeMethodAccessorImpl.invoke(Unknown Source)
	at sun.reflect.DelegatingMethodAccessorImpl.invoke(Unknown Source)
	at java.lang.reflect.Method.invoke(Unknown Source)
	at org.testng.internal.MethodInvocationHelper.invokeMethod(MethodInvocationHelper.java:134)
	at org.testng.internal.TestInvoker.invokeMethod(TestInvoker.java:597)
	at org.testng.internal.TestInvoker.invokeTestMethod(TestInvoker.java:173)
	at org.testng.internal.MethodRunner.runInSequence(MethodRunner.java:46)
	at org.testng.internal.TestInvoker$MethodInvocationAgent.invoke(TestInvoker.java:816)
	at org.testng.internal.TestInvoker.invokeTestMethods(TestInvoker.java:146)
	at org.testng.internal.TestMethodWorker.invokeTestMethods(TestMethodWorker.java:146)
	at org.testng.internal.TestMethodWorker.run(TestMethodWorker.java:128)
	at java.util.ArrayList.forEach(Unknown Source)
	at org.testng.TestRunner.privateRun(TestRunner.java:766)
	at org.testng.TestRunner.run(TestRunner.java:587)
	at org.testng.SuiteRunner.runTest(SuiteRunner.java:384)
	at org.testng.SuiteRunner.runSequentially(SuiteRunner.java:378)
	at org.testng.SuiteRunner.privateRun(SuiteRunner.java:337)
	at org.testng.SuiteRunner.run(SuiteRunner.java:286)
	at org.testng.SuiteRunnerWorker.runSuite(SuiteRunnerWorker.java:53)
	at org.testng.SuiteRunnerWorker.run(SuiteRunnerWorker.java:96)
	at org.testng.TestNG.runSuitesSequentially(TestNG.java:1187)
	at org.testng.TestNG.runSuitesLocally(TestNG.java:1109)
	at org.testng.TestNG.runSuites(TestNG.java:1039)
	at org.testng.TestNG.run(TestNG.java:1007)
	at org.testng.remote.AbstractRemoteTestNG.run(AbstractRemoteTestNG.java:115)
	at org.testng.remote.RemoteTestNG.initAndRun(RemoteTestNG.java:251)
	at org.testng.remote.RemoteTestNG.main(RemoteTestNG.java:77)
</pre></div></td>
<td>32</td>
<td>testcases.managecards.TC48ManageCardsInvalidinputwhileUnblockConfirmationMessage@15bfd87</td></tr>
<tr>
<td title='testcases.managecards.TC39ManageCardsUnblockConfirmationMessage.ManageCardsUnblockConfirmationMessage()'><b>ManageCardsUnblockConfirmationMessage</b><br>Test class: testcases.managecards.TC39ManageCardsUnblockConfirmationMessage</td>
<td><div><pre>java.lang.RuntimeException: FAILED
	at utils.Reporter.reportStep(Reporter.java:29)
	at wrappers.GenericWrappers.enterByXpath(GenericWrappers.java:435)
	at pages.ManageCardsPage.EnterUserName(ManageCardsPage.java:16)
	at testcases.managecards.TC39ManageCardsUnblockConfirmationMessage.ManageCardsUnblockConfirmationMessage(TC39ManageCardsUnblockConfirmationMessage.java:50)
	at java.util.ArrayList.forEach(Unknown Source)
... Removed 27 stack frames</pre></div><a href='#' onClick='toggleBox("stack-trace1001408920", this, "Click to show all stack frames", "Click to hide stack frames")'>Click to show all stack frames</a>
<div class='stack-trace' id='stack-trace1001408920'><pre>java.lang.RuntimeException: FAILED
	at utils.Reporter.reportStep(Reporter.java:29)
	at wrappers.GenericWrappers.enterByXpath(GenericWrappers.java:435)
	at pages.ManageCardsPage.EnterUserName(ManageCardsPage.java:16)
	at testcases.managecards.TC39ManageCardsUnblockConfirmationMessage.ManageCardsUnblockConfirmationMessage(TC39ManageCardsUnblockConfirmationMessage.java:50)
	at sun.reflect.NativeMethodAccessorImpl.invoke0(Native Method)
	at sun.reflect.NativeMethodAccessorImpl.invoke(Unknown Source)
	at sun.reflect.DelegatingMethodAccessorImpl.invoke(Unknown Source)
	at java.lang.reflect.Method.invoke(Unknown Source)
	at org.testng.internal.MethodInvocationHelper.invokeMethod(MethodInvocationHelper.java:134)
	at org.testng.internal.TestInvoker.invokeMethod(TestInvoker.java:597)
	at org.testng.internal.TestInvoker.invokeTestMethod(TestInvoker.java:173)
	at org.testng.internal.MethodRunner.runInSequence(MethodRunner.java:46)
	at org.testng.internal.TestInvoker$MethodInvocationAgent.invoke(TestInvoker.java:816)
	at org.testng.internal.TestInvoker.invokeTestMethods(TestInvoker.java:146)
	at org.testng.internal.TestMethodWorker.invokeTestMethods(TestMethodWorker.java:146)
	at org.testng.internal.TestMethodWorker.run(TestMethodWorker.java:128)
	at java.util.ArrayList.forEach(Unknown Source)
	at org.testng.TestRunner.privateRun(TestRunner.java:766)
	at org.testng.TestRunner.run(TestRunner.java:587)
	at org.testng.SuiteRunner.runTest(SuiteRunner.java:384)
	at org.testng.SuiteRunner.runSequentially(SuiteRunner.java:378)
	at org.testng.SuiteRunner.privateRun(SuiteRunner.java:337)
	at org.testng.SuiteRunner.run(SuiteRunner.java:286)
	at org.testng.SuiteRunnerWorker.runSuite(SuiteRunnerWorker.java:53)
	at org.testng.SuiteRunnerWorker.run(SuiteRunnerWorker.java:96)
	at org.testng.TestNG.runSuitesSequentially(TestNG.java:1187)
	at org.testng.TestNG.runSuitesLocally(TestNG.java:1109)
	at org.testng.TestNG.runSuites(TestNG.java:1039)
	at org.testng.TestNG.run(TestNG.java:1007)
	at org.testng.remote.AbstractRemoteTestNG.run(AbstractRemoteTestNG.java:115)
	at org.testng.remote.RemoteTestNG.initAndRun(RemoteTestNG.java:251)
	at org.testng.remote.RemoteTestNG.main(RemoteTestNG.java:77)
</pre></div></td>
<td>54</td>
<td>testcases.managecards.TC39ManageCardsUnblockConfirmationMessage@aecb35a</td></tr>
<tr>
<td title='testcases.managecards.TC50ManageCardsUnblockCreditCard.ManageCardsUnblockCreditCard()'><b>ManageCardsUnblockCreditCard</b><br>Test class: testcases.managecards.TC50ManageCardsUnblockCreditCard</td>
<td><div><pre>java.lang.RuntimeException: FAILED
	at utils.Reporter.reportStep(Reporter.java:29)
	at wrappers.GenericWrappers.verifyElementisPresent(GenericWrappers.java:1163)
	at pages.ManageCardsPage.VerifyCardIsPresent(ManageCardsPage.java:215)
	at testcases.managecards.TC50ManageCardsUnblockCreditCard.ManageCardsUnblockCreditCard(TC50ManageCardsUnblockCreditCard.java:44)
	at java.util.ArrayList.forEach(Unknown Source)
... Removed 27 stack frames</pre></div><a href='#' onClick='toggleBox("stack-trace1750853119", this, "Click to show all stack frames", "Click to hide stack frames")'>Click to show all stack frames</a>
<div class='stack-trace' id='stack-trace1750853119'><pre>java.lang.RuntimeException: FAILED
	at utils.Reporter.reportStep(Reporter.java:29)
	at wrappers.GenericWrappers.verifyElementisPresent(GenericWrappers.java:1163)
	at pages.ManageCardsPage.VerifyCardIsPresent(ManageCardsPage.java:215)
	at testcases.managecards.TC50ManageCardsUnblockCreditCard.ManageCardsUnblockCreditCard(TC50ManageCardsUnblockCreditCard.java:44)
	at sun.reflect.NativeMethodAccessorImpl.invoke0(Native Method)
	at sun.reflect.NativeMethodAccessorImpl.invoke(Unknown Source)
	at sun.reflect.DelegatingMethodAccessorImpl.invoke(Unknown Source)
	at java.lang.reflect.Method.invoke(Unknown Source)
	at org.testng.internal.MethodInvocationHelper.invokeMethod(MethodInvocationHelper.java:134)
	at org.testng.internal.TestInvoker.invokeMethod(TestInvoker.java:597)
	at org.testng.internal.TestInvoker.invokeTestMethod(TestInvoker.java:173)
	at org.testng.internal.MethodRunner.runInSequence(MethodRunner.java:46)
	at org.testng.internal.TestInvoker$MethodInvocationAgent.invoke(TestInvoker.java:816)
	at org.testng.internal.TestInvoker.invokeTestMethods(TestInvoker.java:146)
	at org.testng.internal.TestMethodWorker.invokeTestMethods(TestMethodWorker.java:146)
	at org.testng.internal.TestMethodWorker.run(TestMethodWorker.java:128)
	at java.util.ArrayList.forEach(Unknown Source)
	at org.testng.TestRunner.privateRun(TestRunner.java:766)
	at org.testng.TestRunner.run(TestRunner.java:587)
	at org.testng.SuiteRunner.runTest(SuiteRunner.java:384)
	at org.testng.SuiteRunner.runSequentially(SuiteRunner.java:378)
	at org.testng.SuiteRunner.privateRun(SuiteRunner.java:337)
	at org.testng.SuiteRunner.run(SuiteRunner.java:286)
	at org.testng.SuiteRunnerWorker.runSuite(SuiteRunnerWorker.java:53)
	at org.testng.SuiteRunnerWorker.run(SuiteRunnerWorker.java:96)
	at org.testng.TestNG.runSuitesSequentially(TestNG.java:1187)
	at org.testng.TestNG.runSuitesLocally(TestNG.java:1109)
	at org.testng.TestNG.runSuites(TestNG.java:1039)
	at org.testng.TestNG.run(TestNG.java:1007)
	at org.testng.remote.AbstractRemoteTestNG.run(AbstractRemoteTestNG.java:115)
	at org.testng.remote.RemoteTestNG.initAndRun(RemoteTestNG.java:251)
	at org.testng.remote.RemoteTestNG.main(RemoteTestNG.java:77)
</pre></div></td>
<td>35</td>
<td>testcases.managecards.TC50ManageCardsUnblockCreditCard@57f23557</td></tr>
<tr>
<td title='testcases.managecards.TC51ManageCardsUnBlockCreditCardWhenUserhaveOneCreditcard.ManageCardsUnblockCreditCard()'><b>ManageCardsUnblockCreditCard</b><br>Test class: testcases.managecards.TC51ManageCardsUnBlockCreditCardWhenUserhaveOneCreditcard</td>
<td><div><pre>java.lang.RuntimeException: FAILED
	at utils.Reporter.reportStep(Reporter.java:29)
	at wrappers.GenericWrappers.verifyElementisPresent(GenericWrappers.java:1163)
	at pages.ManageCardsPage.VerifyCardIsPresent(ManageCardsPage.java:215)
	at testcases.managecards.TC51ManageCardsUnBlockCreditCardWhenUserhaveOneCreditcard.ManageCardsUnblockCreditCard(TC51ManageCardsUnBlockCreditCardWhenUserhaveOneCreditcard.java:44)
	at java.util.ArrayList.forEach(Unknown Source)
... Removed 27 stack frames</pre></div><a href='#' onClick='toggleBox("stack-trace110051893", this, "Click to show all stack frames", "Click to hide stack frames")'>Click to show all stack frames</a>
<div class='stack-trace' id='stack-trace110051893'><pre>java.lang.RuntimeException: FAILED
	at utils.Reporter.reportStep(Reporter.java:29)
	at wrappers.GenericWrappers.verifyElementisPresent(GenericWrappers.java:1163)
	at pages.ManageCardsPage.VerifyCardIsPresent(ManageCardsPage.java:215)
	at testcases.managecards.TC51ManageCardsUnBlockCreditCardWhenUserhaveOneCreditcard.ManageCardsUnblockCreditCard(TC51ManageCardsUnBlockCreditCardWhenUserhaveOneCreditcard.java:44)
	at sun.reflect.NativeMethodAccessorImpl.invoke0(Native Method)
	at sun.reflect.NativeMethodAccessorImpl.invoke(Unknown Source)
	at sun.reflect.DelegatingMethodAccessorImpl.invoke(Unknown Source)
	at java.lang.reflect.Method.invoke(Unknown Source)
	at org.testng.internal.MethodInvocationHelper.invokeMethod(MethodInvocationHelper.java:134)
	at org.testng.internal.TestInvoker.invokeMethod(TestInvoker.java:597)
	at org.testng.internal.TestInvoker.invokeTestMethod(TestInvoker.java:173)
	at org.testng.internal.MethodRunner.runInSequence(MethodRunner.java:46)
	at org.testng.internal.TestInvoker$MethodInvocationAgent.invoke(TestInvoker.java:816)
	at org.testng.internal.TestInvoker.invokeTestMethods(TestInvoker.java:146)
	at org.testng.internal.TestMethodWorker.invokeTestMethods(TestMethodWorker.java:146)
	at org.testng.internal.TestMethodWorker.run(TestMethodWorker.java:128)
	at java.util.ArrayList.forEach(Unknown Source)
	at org.testng.TestRunner.privateRun(TestRunner.java:766)
	at org.testng.TestRunner.run(TestRunner.java:587)
	at org.testng.SuiteRunner.runTest(SuiteRunner.java:384)
	at org.testng.SuiteRunner.runSequentially(SuiteRunner.java:378)
	at org.testng.SuiteRunner.privateRun(SuiteRunner.java:337)
	at org.testng.SuiteRunner.run(SuiteRunner.java:286)
	at org.testng.SuiteRunnerWorker.runSuite(SuiteRunnerWorker.java:53)
	at org.testng.SuiteRunnerWorker.run(SuiteRunnerWorker.java:96)
	at org.testng.TestNG.runSuitesSequentially(TestNG.java:1187)
	at org.testng.TestNG.runSuitesLocally(TestNG.java:1109)
	at org.testng.TestNG.runSuites(TestNG.java:1039)
	at org.testng.TestNG.run(TestNG.java:1007)
	at org.testng.remote.AbstractRemoteTestNG.run(AbstractRemoteTestNG.java:115)
	at org.testng.remote.RemoteTestNG.initAndRun(RemoteTestNG.java:251)
	at org.testng.remote.RemoteTestNG.main(RemoteTestNG.java:77)
</pre></div></td>
<td>36</td>
<td>testcases.managecards.TC51ManageCardsUnBlockCreditCardWhenUserhaveOneCreditcard@3d0f8e03</td></tr>
<tr>
<td title='testcases.managecards.TC40ManageCardsUnblockSuccessMessage.ManageCardsUnblockSuccessMessage()'><b>ManageCardsUnblockSuccessMessage</b><br>Test class: testcases.managecards.TC40ManageCardsUnblockSuccessMessage</td>
<td><div><pre>java.lang.RuntimeException: FAILED
	at utils.Reporter.reportStep(Reporter.java:29)
	at wrappers.GenericWrappers.verifyElementisPresent(GenericWrappers.java:1163)
	at pages.ManageCardsPage.VerifyCardIsPresent(ManageCardsPage.java:215)
	at testcases.managecards.TC40ManageCardsUnblockSuccessMessage.ManageCardsUnblockSuccessMessage(TC40ManageCardsUnblockSuccessMessage.java:44)
	at java.util.ArrayList.forEach(Unknown Source)
... Removed 27 stack frames</pre></div><a href='#' onClick='toggleBox("stack-trace554554522", this, "Click to show all stack frames", "Click to hide stack frames")'>Click to show all stack frames</a>
<div class='stack-trace' id='stack-trace554554522'><pre>java.lang.RuntimeException: FAILED
	at utils.Reporter.reportStep(Reporter.java:29)
	at wrappers.GenericWrappers.verifyElementisPresent(GenericWrappers.java:1163)
	at pages.ManageCardsPage.VerifyCardIsPresent(ManageCardsPage.java:215)
	at testcases.managecards.TC40ManageCardsUnblockSuccessMessage.ManageCardsUnblockSuccessMessage(TC40ManageCardsUnblockSuccessMessage.java:44)
	at sun.reflect.NativeMethodAccessorImpl.invoke0(Native Method)
	at sun.reflect.NativeMethodAccessorImpl.invoke(Unknown Source)
	at sun.reflect.DelegatingMethodAccessorImpl.invoke(Unknown Source)
	at java.lang.reflect.Method.invoke(Unknown Source)
	at org.testng.internal.MethodInvocationHelper.invokeMethod(MethodInvocationHelper.java:134)
	at org.testng.internal.TestInvoker.invokeMethod(TestInvoker.java:597)
	at org.testng.internal.TestInvoker.invokeTestMethod(TestInvoker.java:173)
	at org.testng.internal.MethodRunner.runInSequence(MethodRunner.java:46)
	at org.testng.internal.TestInvoker$MethodInvocationAgent.invoke(TestInvoker.java:816)
	at org.testng.internal.TestInvoker.invokeTestMethods(TestInvoker.java:146)
	at org.testng.internal.TestMethodWorker.invokeTestMethods(TestMethodWorker.java:146)
	at org.testng.internal.TestMethodWorker.run(TestMethodWorker.java:128)
	at java.util.ArrayList.forEach(Unknown Source)
	at org.testng.TestRunner.privateRun(TestRunner.java:766)
	at org.testng.TestRunner.run(TestRunner.java:587)
	at org.testng.SuiteRunner.runTest(SuiteRunner.java:384)
	at org.testng.SuiteRunner.runSequentially(SuiteRunner.java:378)
	at org.testng.SuiteRunner.privateRun(SuiteRunner.java:337)
	at org.testng.SuiteRunner.run(SuiteRunner.java:286)
	at org.testng.SuiteRunnerWorker.runSuite(SuiteRunnerWorker.java:53)
	at org.testng.SuiteRunnerWorker.run(SuiteRunnerWorker.java:96)
	at org.testng.TestNG.runSuitesSequentially(TestNG.java:1187)
	at org.testng.TestNG.runSuitesLocally(TestNG.java:1109)
	at org.testng.TestNG.runSuites(TestNG.java:1039)
	at org.testng.TestNG.run(TestNG.java:1007)
	at org.testng.remote.AbstractRemoteTestNG.run(AbstractRemoteTestNG.java:115)
	at org.testng.remote.RemoteTestNG.initAndRun(RemoteTestNG.java:251)
	at org.testng.remote.RemoteTestNG.main(RemoteTestNG.java:77)
</pre></div></td>
<td>33</td>
<td>testcases.managecards.TC40ManageCardsUnblockSuccessMessage@5fcd892a</td></tr>
<tr>
<td title='testcases.managecards.TC46ManageCardsInvalidinputwhileCardstoUnblockselection.ManageCardsUnblockSuccessMessage()'><b>ManageCardsUnblockSuccessMessage</b><br>Test class: testcases.managecards.TC46ManageCardsInvalidinputwhileCardstoUnblockselection</td>
<td><div><pre>java.lang.RuntimeException: FAILED
	at utils.Reporter.reportStep(Reporter.java:29)
	at wrappers.GenericWrappers.verifyElementisPresent(GenericWrappers.java:1163)
	at pages.ManageCardsPage.VerifyCardIsPresent(ManageCardsPage.java:215)
	at testcases.managecards.TC46ManageCardsInvalidinputwhileCardstoUnblockselection.ManageCardsUnblockSuccessMessage(TC46ManageCardsInvalidinputwhileCardstoUnblockselection.java:44)
	at java.util.ArrayList.forEach(Unknown Source)
... Removed 27 stack frames</pre></div><a href='#' onClick='toggleBox("stack-trace1273300084", this, "Click to show all stack frames", "Click to hide stack frames")'>Click to show all stack frames</a>
<div class='stack-trace' id='stack-trace1273300084'><pre>java.lang.RuntimeException: FAILED
	at utils.Reporter.reportStep(Reporter.java:29)
	at wrappers.GenericWrappers.verifyElementisPresent(GenericWrappers.java:1163)
	at pages.ManageCardsPage.VerifyCardIsPresent(ManageCardsPage.java:215)
	at testcases.managecards.TC46ManageCardsInvalidinputwhileCardstoUnblockselection.ManageCardsUnblockSuccessMessage(TC46ManageCardsInvalidinputwhileCardstoUnblockselection.java:44)
	at sun.reflect.NativeMethodAccessorImpl.invoke0(Native Method)
	at sun.reflect.NativeMethodAccessorImpl.invoke(Unknown Source)
	at sun.reflect.DelegatingMethodAccessorImpl.invoke(Unknown Source)
	at java.lang.reflect.Method.invoke(Unknown Source)
	at org.testng.internal.MethodInvocationHelper.invokeMethod(MethodInvocationHelper.java:134)
	at org.testng.internal.TestInvoker.invokeMethod(TestInvoker.java:597)
	at org.testng.internal.TestInvoker.invokeTestMethod(TestInvoker.java:173)
	at org.testng.internal.MethodRunner.runInSequence(MethodRunner.java:46)
	at org.testng.internal.TestInvoker$MethodInvocationAgent.invoke(TestInvoker.java:816)
	at org.testng.internal.TestInvoker.invokeTestMethods(TestInvoker.java:146)
	at org.testng.internal.TestMethodWorker.invokeTestMethods(TestMethodWorker.java:146)
	at org.testng.internal.TestMethodWorker.run(TestMethodWorker.java:128)
	at java.util.ArrayList.forEach(Unknown Source)
	at org.testng.TestRunner.privateRun(TestRunner.java:766)
	at org.testng.TestRunner.run(TestRunner.java:587)
	at org.testng.SuiteRunner.runTest(SuiteRunner.java:384)
	at org.testng.SuiteRunner.runSequentially(SuiteRunner.java:378)
	at org.testng.SuiteRunner.privateRun(SuiteRunner.java:337)
	at org.testng.SuiteRunner.run(SuiteRunner.java:286)
	at org.testng.SuiteRunnerWorker.runSuite(SuiteRunnerWorker.java:53)
	at org.testng.SuiteRunnerWorker.run(SuiteRunnerWorker.java:96)
	at org.testng.TestNG.runSuitesSequentially(TestNG.java:1187)
	at org.testng.TestNG.runSuitesLocally(TestNG.java:1109)
	at org.testng.TestNG.runSuites(TestNG.java:1039)
	at org.testng.TestNG.run(TestNG.java:1007)
	at org.testng.remote.AbstractRemoteTestNG.run(AbstractRemoteTestNG.java:115)
	at org.testng.remote.RemoteTestNG.initAndRun(RemoteTestNG.java:251)
	at org.testng.remote.RemoteTestNG.main(RemoteTestNG.java:77)
</pre></div></td>
<td>33</td>
<td>testcases.managecards.TC46ManageCardsInvalidinputwhileCardstoUnblockselection@80169cf</td></tr>
<tr>
<td title='testcases.managecards.TC47ManageCardsTwoConsecutiveWrongEntryinCardstoUnblockselection.ManageCardsUnblockSuccessMessage()'><b>ManageCardsUnblockSuccessMessage</b><br>Test class: testcases.managecards.TC47ManageCardsTwoConsecutiveWrongEntryinCardstoUnblockselection</td>
<td><div><pre>java.lang.RuntimeException: FAILED
	at utils.Reporter.reportStep(Reporter.java:29)
	at wrappers.GenericWrappers.verifyElementisPresent(GenericWrappers.java:1163)
	at pages.ManageCardsPage.VerifyCardIsPresent(ManageCardsPage.java:215)
	at testcases.managecards.TC47ManageCardsTwoConsecutiveWrongEntryinCardstoUnblockselection.ManageCardsUnblockSuccessMessage(TC47ManageCardsTwoConsecutiveWrongEntryinCardstoUnblockselection.java:44)
	at java.util.ArrayList.forEach(Unknown Source)
... Removed 27 stack frames</pre></div><a href='#' onClick='toggleBox("stack-trace709975110", this, "Click to show all stack frames", "Click to hide stack frames")'>Click to show all stack frames</a>
<div class='stack-trace' id='stack-trace709975110'><pre>java.lang.RuntimeException: FAILED
	at utils.Reporter.reportStep(Reporter.java:29)
	at wrappers.GenericWrappers.verifyElementisPresent(GenericWrappers.java:1163)
	at pages.ManageCardsPage.VerifyCardIsPresent(ManageCardsPage.java:215)
	at testcases.managecards.TC47ManageCardsTwoConsecutiveWrongEntryinCardstoUnblockselection.ManageCardsUnblockSuccessMessage(TC47ManageCardsTwoConsecutiveWrongEntryinCardstoUnblockselection.java:44)
	at sun.reflect.NativeMethodAccessorImpl.invoke0(Native Method)
	at sun.reflect.NativeMethodAccessorImpl.invoke(Unknown Source)
	at sun.reflect.DelegatingMethodAccessorImpl.invoke(Unknown Source)
	at java.lang.reflect.Method.invoke(Unknown Source)
	at org.testng.internal.MethodInvocationHelper.invokeMethod(MethodInvocationHelper.java:134)
	at org.testng.internal.TestInvoker.invokeMethod(TestInvoker.java:597)
	at org.testng.internal.TestInvoker.invokeTestMethod(TestInvoker.java:173)
	at org.testng.internal.MethodRunner.runInSequence(MethodRunner.java:46)
	at org.testng.internal.TestInvoker$MethodInvocationAgent.invoke(TestInvoker.java:816)
	at org.testng.internal.TestInvoker.invokeTestMethods(TestInvoker.java:146)
	at org.testng.internal.TestMethodWorker.invokeTestMethods(TestMethodWorker.java:146)
	at org.testng.internal.TestMethodWorker.run(TestMethodWorker.java:128)
	at java.util.ArrayList.forEach(Unknown Source)
	at org.testng.TestRunner.privateRun(TestRunner.java:766)
	at org.testng.TestRunner.run(TestRunner.java:587)
	at org.testng.SuiteRunner.runTest(SuiteRunner.java:384)
	at org.testng.SuiteRunner.runSequentially(SuiteRunner.java:378)
	at org.testng.SuiteRunner.privateRun(SuiteRunner.java:337)
	at org.testng.SuiteRunner.run(SuiteRunner.java:286)
	at org.testng.SuiteRunnerWorker.runSuite(SuiteRunnerWorker.java:53)
	at org.testng.SuiteRunnerWorker.run(SuiteRunnerWorker.java:96)
	at org.testng.TestNG.runSuitesSequentially(TestNG.java:1187)
	at org.testng.TestNG.runSuitesLocally(TestNG.java:1109)
	at org.testng.TestNG.runSuites(TestNG.java:1039)
	at org.testng.TestNG.run(TestNG.java:1007)
	at org.testng.remote.AbstractRemoteTestNG.run(AbstractRemoteTestNG.java:115)
	at org.testng.remote.RemoteTestNG.initAndRun(RemoteTestNG.java:251)
	at org.testng.remote.RemoteTestNG.main(RemoteTestNG.java:77)
</pre></div></td>
<td>32</td>
<td>testcases.managecards.TC47ManageCardsTwoConsecutiveWrongEntryinCardstoUnblockselection@5427c60c</td></tr>
<tr>
<td title='testcases.managecards.TC49ManageCardsTwoConsecutiveWrongEntryinUnBlockConfirmationMessage.ManageCardsUnblockSuccessMessage()'><b>ManageCardsUnblockSuccessMessage</b><br>Test class: testcases.managecards.TC49ManageCardsTwoConsecutiveWrongEntryinUnBlockConfirmationMessage</td>
<td><div><pre>java.lang.RuntimeException: FAILED
	at utils.Reporter.reportStep(Reporter.java:29)
	at wrappers.GenericWrappers.verifyElementisPresent(GenericWrappers.java:1163)
	at pages.ManageCardsPage.VerifyCardIsPresent(ManageCardsPage.java:215)
	at testcases.managecards.TC49ManageCardsTwoConsecutiveWrongEntryinUnBlockConfirmationMessage.ManageCardsUnblockSuccessMessage(TC49ManageCardsTwoConsecutiveWrongEntryinUnBlockConfirmationMessage.java:44)
	at java.util.ArrayList.forEach(Unknown Source)
... Removed 27 stack frames</pre></div><a href='#' onClick='toggleBox("stack-trace1359229998", this, "Click to show all stack frames", "Click to hide stack frames")'>Click to show all stack frames</a>
<div class='stack-trace' id='stack-trace1359229998'><pre>java.lang.RuntimeException: FAILED
	at utils.Reporter.reportStep(Reporter.java:29)
	at wrappers.GenericWrappers.verifyElementisPresent(GenericWrappers.java:1163)
	at pages.ManageCardsPage.VerifyCardIsPresent(ManageCardsPage.java:215)
	at testcases.managecards.TC49ManageCardsTwoConsecutiveWrongEntryinUnBlockConfirmationMessage.ManageCardsUnblockSuccessMessage(TC49ManageCardsTwoConsecutiveWrongEntryinUnBlockConfirmationMessage.java:44)
	at sun.reflect.NativeMethodAccessorImpl.invoke0(Native Method)
	at sun.reflect.NativeMethodAccessorImpl.invoke(Unknown Source)
	at sun.reflect.DelegatingMethodAccessorImpl.invoke(Unknown Source)
	at java.lang.reflect.Method.invoke(Unknown Source)
	at org.testng.internal.MethodInvocationHelper.invokeMethod(MethodInvocationHelper.java:134)
	at org.testng.internal.TestInvoker.invokeMethod(TestInvoker.java:597)
	at org.testng.internal.TestInvoker.invokeTestMethod(TestInvoker.java:173)
	at org.testng.internal.MethodRunner.runInSequence(MethodRunner.java:46)
	at org.testng.internal.TestInvoker$MethodInvocationAgent.invoke(TestInvoker.java:816)
	at org.testng.internal.TestInvoker.invokeTestMethods(TestInvoker.java:146)
	at org.testng.internal.TestMethodWorker.invokeTestMethods(TestMethodWorker.java:146)
	at org.testng.internal.TestMethodWorker.run(TestMethodWorker.java:128)
	at java.util.ArrayList.forEach(Unknown Source)
	at org.testng.TestRunner.privateRun(TestRunner.java:766)
	at org.testng.TestRunner.run(TestRunner.java:587)
	at org.testng.SuiteRunner.runTest(SuiteRunner.java:384)
	at org.testng.SuiteRunner.runSequentially(SuiteRunner.java:378)
	at org.testng.SuiteRunner.privateRun(SuiteRunner.java:337)
	at org.testng.SuiteRunner.run(SuiteRunner.java:286)
	at org.testng.SuiteRunnerWorker.runSuite(SuiteRunnerWorker.java:53)
	at org.testng.SuiteRunnerWorker.run(SuiteRunnerWorker.java:96)
	at org.testng.TestNG.runSuitesSequentially(TestNG.java:1187)
	at org.testng.TestNG.runSuitesLocally(TestNG.java:1109)
	at org.testng.TestNG.runSuites(TestNG.java:1039)
	at org.testng.TestNG.run(TestNG.java:1007)
	at org.testng.remote.AbstractRemoteTestNG.run(AbstractRemoteTestNG.java:115)
	at org.testng.remote.RemoteTestNG.initAndRun(RemoteTestNG.java:251)
	at org.testng.remote.RemoteTestNG.main(RemoteTestNG.java:77)
</pre></div></td>
<td>32</td>
<td>testcases.managecards.TC49ManageCardsTwoConsecutiveWrongEntryinUnBlockConfirmationMessage@543e710e</td></tr>
</table><p>
<table width='100%' border='1' class='invocation-passed'>
<tr><td colspan='4' align='center'><b>PASSED TESTS</b></td></tr>
<tr><td><b>Test method</b></td>
<td width="30%"><b>Exception</b></td>
<td width="10%"><b>Time (seconds)</b></td>
<td><b>Instance</b></td>
</tr>
<tr>
<td title='testcases.chequebookrequest.TC06ChequeBookRequestAccountSelectionByClick.ChequeBookRequestAccountSelectionByClickAxcessPlusAccount()'><b>ChequeBookRequestAccountSelectionByClickAxcessPlusAccount</b><br>Test class: testcases.chequebookrequest.TC06ChequeBookRequestAccountSelectionByClick</td>
<td></td>
<td>33</td>
<td>testcases.chequebookrequest.TC06ChequeBookRequestAccountSelectionByClick@69379752</td></tr>
<tr>
<td title='testcases.chequebookrequest.TC06ChequeBookRequestAccountSelectionByClick.ChequeBookRequestAccountSelectionByClickRegularCurrentAccount()'><b>ChequeBookRequestAccountSelectionByClickRegularCurrentAccount</b><br>Test class: testcases.chequebookrequest.TC06ChequeBookRequestAccountSelectionByClick</td>
<td></td>
<td>34</td>
<td>testcases.chequebookrequest.TC06ChequeBookRequestAccountSelectionByClick@69379752</td></tr>
<tr>
<td title='testcases.chequebookrequest.TC06ChequeBookRequestAccountSelectionByClick.ChequeBookRequestAccountSelectionByClickSuperValueAccount()'><b>ChequeBookRequestAccountSelectionByClickSuperValueAccount</b><br>Test class: testcases.chequebookrequest.TC06ChequeBookRequestAccountSelectionByClick</td>
<td></td>
<td>40</td>
<td>testcases.chequebookrequest.TC06ChequeBookRequestAccountSelectionByClick@69379752</td></tr>
<tr>
<td title='testcases.chequebookrequest.TC07ChequeBookRequestAccountSelectionByText.ChequeBookRequestAccountSelectionByTextAxcessPlusAccount()'><b>ChequeBookRequestAccountSelectionByTextAxcessPlusAccount</b><br>Test class: testcases.chequebookrequest.TC07ChequeBookRequestAccountSelectionByText</td>
<td></td>
<td>38</td>
<td>testcases.chequebookrequest.TC07ChequeBookRequestAccountSelectionByText@27fe3806</td></tr>
<tr>
<td title='testcases.chequebookrequest.TC07ChequeBookRequestAccountSelectionByText.ChequeBookRequestAccountSelectionByTextRegularCurrentAccount()'><b>ChequeBookRequestAccountSelectionByTextRegularCurrentAccount</b><br>Test class: testcases.chequebookrequest.TC07ChequeBookRequestAccountSelectionByText</td>
<td></td>
<td>35</td>
<td>testcases.chequebookrequest.TC07ChequeBookRequestAccountSelectionByText@27fe3806</td></tr>
<tr>
<td title='testcases.chequebookrequest.TC07ChequeBookRequestAccountSelectionByText.ChequeBookRequestAccountSelectionByTextSuperValueAccount()'><b>ChequeBookRequestAccountSelectionByTextSuperValueAccount</b><br>Test class: testcases.chequebookrequest.TC07ChequeBookRequestAccountSelectionByText</td>
<td></td>
<td>37</td>
<td>testcases.chequebookrequest.TC07ChequeBookRequestAccountSelectionByText@27fe3806</td></tr>
<tr>
<td title='testcases.chequebookrequest.TC08ChequeBookRequestDeliveryAddressMessageCheck.ChequeBookRequestAccountSelectionByTextSuperValueAccount()'><b>ChequeBookRequestAccountSelectionByTextSuperValueAccount</b><br>Test class: testcases.chequebookrequest.TC08ChequeBookRequestDeliveryAddressMessageCheck</td>
<td></td>
<td>40</td>
<td>testcases.chequebookrequest.TC08ChequeBookRequestDeliveryAddressMessageCheck@5f71c76a</td></tr>
<tr>
<td title='testcases.chequebookrequest.TC09ChequeBookRequestAccountNameDisplayinConfirmationMessage.ChequeBookRequestAccountSelectionByTextSuperValueAccount()'><b>ChequeBookRequestAccountSelectionByTextSuperValueAccount</b><br>Test class: testcases.chequebookrequest.TC09ChequeBookRequestAccountNameDisplayinConfirmationMessage</td>
<td></td>
<td>40</td>
<td>testcases.chequebookrequest.TC09ChequeBookRequestAccountNameDisplayinConfirmationMessage@1d7acb34</td></tr>
<tr>
<td title='testcases.chequebookrequest.TC10ChequeBookRequestConfirmAndCancelButtonsCheck.ChequeBookRequestAccountSelectionByTextSuperValueAccount()'><b>ChequeBookRequestAccountSelectionByTextSuperValueAccount</b><br>Test class: testcases.chequebookrequest.TC10ChequeBookRequestConfirmAndCancelButtonsCheck</td>
<td></td>
<td>40</td>
<td>testcases.chequebookrequest.TC10ChequeBookRequestConfirmAndCancelButtonsCheck@48a242ce</td></tr>
<tr>
<td title='testcases.chequebookrequest.TC01ChequeBookRequestIconCheck.ChequeBookRequestIconCheck()'><b>ChequeBookRequestIconCheck</b><br>Test class: testcases.chequebookrequest.TC01ChequeBookRequestIconCheck</td>
<td></td>
<td>11</td>
<td>testcases.chequebookrequest.TC01ChequeBookRequestIconCheck@6366ebe0</td></tr>
<tr>
<td title='testcases.chequebookrequest.TC05ChequeBookRequestIntentAccountDisplayMessage.ChequeBookRequestIntentAccountDisplayMessage()'><b>ChequeBookRequestIntentAccountDisplayMessage</b><br>Test class: testcases.chequebookrequest.TC05ChequeBookRequestIntentAccountDisplayMessage</td>
<td></td>
<td>34</td>
<td>testcases.chequebookrequest.TC05ChequeBookRequestIntentAccountDisplayMessage@17baae6e</td></tr>
<tr>
<td title='testcases.chequebookrequest.TC12ChequeBookRequestIsthereanythingelseinSuccesfulMessageCheck.ChequeBookRequestIsthereanythingelseinSuccesfulMessageCheck()'><b>ChequeBookRequestIsthereanythingelseinSuccesfulMessageCheck</b><br>Test class: testcases.chequebookrequest.TC12ChequeBookRequestIsthereanythingelseinSuccesfulMessageCheck</td>
<td></td>
<td>45</td>
<td>testcases.chequebookrequest.TC12ChequeBookRequestIsthereanythingelseinSuccesfulMessageCheck@4f51b3e0</td></tr>
<tr>
<td title='testcases.chequebookrequest.TC11ChequeBookRequestSuccesfulMessageCheck.ChequeBookRequestSuccesfulMessageCheck()'><b>ChequeBookRequestSuccesfulMessageCheck</b><br>Test class: testcases.chequebookrequest.TC11ChequeBookRequestSuccesfulMessageCheck</td>
<td></td>
<td>47</td>
<td>testcases.chequebookrequest.TC11ChequeBookRequestSuccesfulMessageCheck@1e4a7dd4</td></tr>
<tr>
<td title='testcases.chequebookrequest.TC04ChequeBookRequestTextAfterLogin.ChequeBookRequestTextAfterLogin()'><b>ChequeBookRequestTextAfterLogin</b><br>Test class: testcases.chequebookrequest.TC04ChequeBookRequestTextAfterLogin</td>
<td></td>
<td>33</td>
<td>testcases.chequebookrequest.TC04ChequeBookRequestTextAfterLogin@43d7741f</td></tr>
<tr>
<td title='testcases.chequebookrequest.TC16ChequeBookRequestbyWrongAccountName.ChequeBookRequestTextAfterLogin()'><b>ChequeBookRequestTextAfterLogin</b><br>Test class: testcases.chequebookrequest.TC16ChequeBookRequestbyWrongAccountName</td>
<td></td>
<td>32</td>
<td>testcases.chequebookrequest.TC16ChequeBookRequestbyWrongAccountName@51b279c9</td></tr>
<tr>
<td title='testcases.chequebookrequest.TC17ChequeBookRequestbyAccountNameUserDontHave.ChequeBookRequestTextAfterLogin()'><b>ChequeBookRequestTextAfterLogin</b><br>Test class: testcases.chequebookrequest.TC17ChequeBookRequestbyAccountNameUserDontHave</td>
<td></td>
<td>33</td>
<td>testcases.chequebookrequest.TC17ChequeBookRequestbyAccountNameUserDontHave@1ad282e0</td></tr>
<tr>
<td title='testcases.chequebookrequest.TC32ChequeBookRequestWrongInputTwiceWhileConfirmingRequest.ChequeBookRequestWrongInputTwiceWhileConfirmingRequest()'><b>ChequeBookRequestWrongInputTwiceWhileConfirmingRequest</b><br>Test class: testcases.chequebookrequest.TC32ChequeBookRequestWrongInputTwiceWhileConfirmingRequest</td>
<td></td>
<td>55</td>
<td>testcases.chequebookrequest.TC32ChequeBookRequestWrongInputTwiceWhileConfirmingRequest@2bea5ab4</td></tr>
<tr>
<td title='testcases.chequebookrequest.TC30ChequeBookRequestWrongInputTwiceWhileSelectingAccount.ChequeBookRequestWrongInputTwiceWhileSelectingAccount()'><b>ChequeBookRequestWrongInputTwiceWhileSelectingAccount</b><br>Test class: testcases.chequebookrequest.TC30ChequeBookRequestWrongInputTwiceWhileSelectingAccount</td>
<td></td>
<td>44</td>
<td>testcases.chequebookrequest.TC30ChequeBookRequestWrongInputTwiceWhileSelectingAccount@de3a06f</td></tr>
<tr>
<td title='testcases.chequebookrequest.TC31ChequeBookRequestWrongInputWhileConfirmingRequest.ChequeBookRequestWrongInputWhileConfirmingRequest()'><b>ChequeBookRequestWrongInputWhileConfirmingRequest</b><br>Test class: testcases.chequebookrequest.TC31ChequeBookRequestWrongInputWhileConfirmingRequest</td>
<td></td>
<td>48</td>
<td>testcases.chequebookrequest.TC31ChequeBookRequestWrongInputWhileConfirmingRequest@76b10754</td></tr>
<tr>
<td title='testcases.chequebookrequest.TC29ChequeBookRequestWrongInputWhileSelectingAccount.ChequeBookRequestWrongInputWhileSelectingAccount()'><b>ChequeBookRequestWrongInputWhileSelectingAccount</b><br>Test class: testcases.chequebookrequest.TC29ChequeBookRequestWrongInputWhileSelectingAccount</td>
<td></td>
<td>37</td>
<td>testcases.chequebookrequest.TC29ChequeBookRequestWrongInputWhileSelectingAccount@6c9f5c0d</td></tr>
<tr>
<td title='testcases.chequebookrequest.TC15ChequeBookRequestbyAccountNameCorrectAccountName.ChequeBookRequestbyAccountNameCorrectAccountName()'><b>ChequeBookRequestbyAccountNameCorrectAccountName</b><br>Test class: testcases.chequebookrequest.TC15ChequeBookRequestbyAccountNameCorrectAccountName</td>
<td></td>
<td>38</td>
<td>testcases.chequebookrequest.TC15ChequeBookRequestbyAccountNameCorrectAccountName@133e16fd</td></tr>
<tr>
<td title='testcases.chequebookrequest.TC19ChequeBookRequestbyAccountTypeUserdonthave.ChequeBookRequestbyAccountTypeCorrectAccountType()'><b>ChequeBookRequestbyAccountTypeCorrectAccountType</b><br>Test class: testcases.chequebookrequest.TC19ChequeBookRequestbyAccountTypeUserdonthave</td>
<td></td>
<td>29</td>
<td>testcases.chequebookrequest.TC19ChequeBookRequestbyAccountTypeUserdonthave@1cab0bfb</td></tr>
<tr>
<td title='testcases.chequebookrequest.TC20ChequeBookRequestbyAccountTypeUserhaveOnlyOneAccount.ChequeBookRequestbyAccountTypeUserhaveOnlyOneAccount()'><b>ChequeBookRequestbyAccountTypeUserhaveOnlyOneAccount</b><br>Test class: testcases.chequebookrequest.TC20ChequeBookRequestbyAccountTypeUserhaveOnlyOneAccount</td>
<td></td>
<td>30</td>
<td>testcases.chequebookrequest.TC20ChequeBookRequestbyAccountTypeUserhaveOnlyOneAccount@5e955596</td></tr>
<tr>
<td title='testcases.managecards.TC02ManageCardIconClickWithoutLogin.ManageCardIconClickWithoutLogin()'><b>ManageCardIconClickWithoutLogin</b><br>Test class: testcases.managecards.TC02ManageCardIconClickWithoutLogin</td>
<td></td>
<td>32</td>
<td>testcases.managecards.TC02ManageCardIconClickWithoutLogin@b3d7190</td></tr>
<tr>
<td title='testcases.managecards.TC11ManageCardsBlockCancellationMessage.ManageCardsBlockCancellationMessage()'><b>ManageCardsBlockCancellationMessage</b><br>Test class: testcases.managecards.TC11ManageCardsBlockCancellationMessage</td>
<td></td>
<td>52</td>
<td>testcases.managecards.TC11ManageCardsBlockCancellationMessage@24b1d79b</td></tr>
<tr>
<td title='testcases.managecards.TC30ManageCardsBlockCardNumberEndingWithUserhaveonlyonecard.ManageCardsBlockCardNumberEndingWithUserhaveonlyonecard()'><b>ManageCardsBlockCardNumberEndingWithUserhaveonlyonecard</b><br>Test class: testcases.managecards.TC30ManageCardsBlockCardNumberEndingWithUserhaveonlyonecard</td>
<td></td>
<td>67</td>
<td>testcases.managecards.TC30ManageCardsBlockCardNumberEndingWithUserhaveonlyonecard@61ca2dfa</td></tr>
<tr>
<td title='testcases.managecards.TC31ManageCardsBlockCardNumberEndingWrongcardnumber.ManageCardsBlockCardNumberEndingWrongcardnumber()'><b>ManageCardsBlockCardNumberEndingWrongcardnumber</b><br>Test class: testcases.managecards.TC31ManageCardsBlockCardNumberEndingWrongcardnumber</td>
<td></td>
<td>30</td>
<td>testcases.managecards.TC31ManageCardsBlockCardNumberEndingWrongcardnumber@4b53f538</td></tr>
<tr>
<td title='testcases.managecards.TC09ManageCardsBlockConfirmationMessage.ManageCardsBlockConfirmationMessage()'><b>ManageCardsBlockConfirmationMessage</b><br>Test class: testcases.managecards.TC09ManageCardsBlockConfirmationMessage</td>
<td></td>
<td>46</td>
<td>testcases.managecards.TC09ManageCardsBlockConfirmationMessage@52525845</td></tr>
<tr>
<td title='testcases.managecards.TC20ManageCardsBlockCreditCard.ManageCardsBlockCreditCard()'><b>ManageCardsBlockCreditCard</b><br>Test class: testcases.managecards.TC20ManageCardsBlockCreditCard</td>
<td></td>
<td>30</td>
<td>testcases.managecards.TC20ManageCardsBlockCreditCard@543788f3</td></tr>
<tr>
<td title='testcases.managecards.TC21ManageCardsBlockCreditCardWhenUserhaveOneCreditcard.ManageCardsBlockCreditCard()'><b>ManageCardsBlockCreditCard</b><br>Test class: testcases.managecards.TC21ManageCardsBlockCreditCardWhenUserhaveOneCreditcard</td>
<td></td>
<td>67</td>
<td>testcases.managecards.TC21ManageCardsBlockCreditCardWhenUserhaveOneCreditcard@6d3af739</td></tr>
<tr>
<td title='testcases.managecards.TC23ManageCardsBlockDebitCard.ManageCardsBlockCreditCard()'><b>ManageCardsBlockCreditCard</b><br>Test class: testcases.managecards.TC23ManageCardsBlockDebitCard</td>
<td></td>
<td>31</td>
<td>testcases.managecards.TC23ManageCardsBlockDebitCard@16022d9d</td></tr>
<tr>
<td title='testcases.managecards.TC24ManageCardsBlockCreditCardWhenUserhaveOneDebitcard.ManageCardsBlockCreditCard()'><b>ManageCardsBlockCreditCard</b><br>Test class: testcases.managecards.TC24ManageCardsBlockCreditCardWhenUserhaveOneDebitcard</td>
<td></td>
<td>66</td>
<td>testcases.managecards.TC24ManageCardsBlockCreditCardWhenUserhaveOneDebitcard@7e9a5fbe</td></tr>
<tr>
<td title='testcases.managecards.ManageCardsusingCardNumberEndingwithUserhaveonlyoneCard.ManageCardsBlockDebitCardbyCardName()'><b>ManageCardsBlockDebitCardbyCardName</b><br>Test class: testcases.managecards.ManageCardsusingCardNumberEndingwithUserhaveonlyoneCard</td>
<td></td>
<td>81</td>
<td>testcases.managecards.ManageCardsusingCardNumberEndingwithUserhaveonlyoneCard@5d11346a</td></tr>
<tr>
<td title='testcases.managecards.TC26ManageCardsBlockDebitCardbyCardName.ManageCardsBlockDebitCardbyCardName()'><b>ManageCardsBlockDebitCardbyCardName</b><br>Test class: testcases.managecards.TC26ManageCardsBlockDebitCardbyCardName</td>
<td></td>
<td>67</td>
<td>testcases.managecards.TC26ManageCardsBlockDebitCardbyCardName@71623278</td></tr>
<tr>
<td title='testcases.managecards.TC27ManageCardsBlockCreditCardbyCardName.ManageCardsBlockDebitCardbyCardName()'><b>ManageCardsBlockDebitCardbyCardName</b><br>Test class: testcases.managecards.TC27ManageCardsBlockCreditCardbyCardName</td>
<td></td>
<td>67</td>
<td>testcases.managecards.TC27ManageCardsBlockCreditCardbyCardName@768b970c</td></tr>
<tr>
<td title='testcases.managecards.TC29ManageCardsBlockCardNumberEnding.ManageCardsBlockDebitCardbyCardName()'><b>ManageCardsBlockDebitCardbyCardName</b><br>Test class: testcases.managecards.TC29ManageCardsBlockCardNumberEnding</td>
<td></td>
<td>70</td>
<td>testcases.managecards.TC29ManageCardsBlockCardNumberEnding@15b3e5b</td></tr>
<tr>
<td title='testcases.managecards.TC10ManageCardsBlockSuccessfulMessage.ManageCardsBlockSuccessfulMessage()'><b>ManageCardsBlockSuccessfulMessage</b><br>Test class: testcases.managecards.TC10ManageCardsBlockSuccessfulMessage</td>
<td></td>
<td>87</td>
<td>testcases.managecards.TC10ManageCardsBlockSuccessfulMessage@3b94d659</td></tr>
<tr>
<td title='testcases.managecards.TC12ManageCardsIsthereanythingelseCheckinBlockSuccessfulMessage.ManageCardsBlockSuccessfulMessage()'><b>ManageCardsBlockSuccessfulMessage</b><br>Test class: testcases.managecards.TC12ManageCardsIsthereanythingelseCheckinBlockSuccessfulMessage</td>
<td></td>
<td>88</td>
<td>testcases.managecards.TC12ManageCardsIsthereanythingelseCheckinBlockSuccessfulMessage@68ceda24</td></tr>
<tr>
<td title='testcases.managecards.TC05ManageCardsBlockTypeDisplay.ManageCardsBlockUnblockTypeDisplay()'><b>ManageCardsBlockUnblockTypeDisplay</b><br>Test class: testcases.managecards.TC05ManageCardsBlockTypeDisplay</td>
<td></td>
<td>30</td>
<td>testcases.managecards.TC05ManageCardsBlockTypeDisplay@fe18270</td></tr>
<tr>
<td title='testcases.managecards.TC35ManageCardsUnBlockTypeDisplay.ManageCardsBlockUnblockTypeDisplay()'><b>ManageCardsBlockUnblockTypeDisplay</b><br>Test class: testcases.managecards.TC35ManageCardsUnBlockTypeDisplay</td>
<td></td>
<td>29</td>
<td>testcases.managecards.TC35ManageCardsUnBlockTypeDisplay@7ba18f1b</td></tr>
<tr>
<td title='testcases.managecards.TC07ManageCardsCardSelection.ManageCardsCardSelection()'><b>ManageCardsCardSelection</b><br>Test class: testcases.managecards.TC07ManageCardsCardSelection</td>
<td></td>
<td>41</td>
<td>testcases.managecards.TC07ManageCardsCardSelection@6dde5c8c</td></tr>
<tr>
<td title='testcases.managecards.TC33ManageCardsCardSelectionClick.ManageCardsCardSelection()'><b>ManageCardsCardSelection</b><br>Test class: testcases.managecards.TC33ManageCardsCardSelectionClick</td>
<td></td>
<td>44</td>
<td>testcases.managecards.TC33ManageCardsCardSelectionClick@4bb4de6a</td></tr>
<tr>
<td title='testcases.managecards.TC08ManageCardsCardSelectionByText.ManageCardsCardSelectionByText()'><b>ManageCardsCardSelectionByText</b><br>Test class: testcases.managecards.TC08ManageCardsCardSelectionByText</td>
<td></td>
<td>47</td>
<td>testcases.managecards.TC08ManageCardsCardSelectionByText@5123a213</td></tr>
<tr>
<td title='testcases.managecards.TC06ManageCardsClickBlockButton.ManageCardsClickBlockButton()'><b>ManageCardsClickBlockButton</b><br>Test class: testcases.managecards.TC06ManageCardsClickBlockButton</td>
<td></td>
<td>34</td>
<td>testcases.managecards.TC06ManageCardsClickBlockButton@6fb0d3ed</td></tr>
<tr>
<td title='testcases.managecards.TC36ManageCardsClickUnblockButton.ManageCardsClickUnblockButton()'><b>ManageCardsClickUnblockButton</b><br>Test class: testcases.managecards.TC36ManageCardsClickUnblockButton</td>
<td></td>
<td>34</td>
<td>testcases.managecards.TC36ManageCardsClickUnblockButton@2f8f5f62</td></tr>
<tr>
<td title='testcases.managecards.TC16ManageCardsInvalidInputwhileCardstoBlockSelection.ManageCardsInvalidInputwhileCardstoBlockSelection()'><b>ManageCardsInvalidInputwhileCardstoBlockSelection</b><br>Test class: testcases.managecards.TC16ManageCardsInvalidInputwhileCardstoBlockSelection</td>
<td></td>
<td>44</td>
<td>testcases.managecards.TC16ManageCardsInvalidInputwhileCardstoBlockSelection@103f852</td></tr>
<tr>
<td title='testcases.managecards.TC18ManageCardsInvalidinputwhileBlockConfirmationMessage.ManageCardsInvalidinputwhileBlockConfirmationMessage()'><b>ManageCardsInvalidinputwhileBlockConfirmationMessage</b><br>Test class: testcases.managecards.TC18ManageCardsInvalidinputwhileBlockConfirmationMessage</td>
<td></td>
<td>47</td>
<td>testcases.managecards.TC18ManageCardsInvalidinputwhileBlockConfirmationMessage@4516af24</td></tr>
<tr>
<td title='testcases.managecards.TC14ManageCardsInvalidinputwhileBlockTypeselection.ManageCardsInvalidinputwhileBlockUnblockTypeselection()'><b>ManageCardsInvalidinputwhileBlockUnblockTypeselection</b><br>Test class: testcases.managecards.TC14ManageCardsInvalidinputwhileBlockTypeselection</td>
<td></td>
<td>35</td>
<td>testcases.managecards.TC14ManageCardsInvalidinputwhileBlockTypeselection@35a50a4c</td></tr>
<tr>
<td title='testcases.managecards.TC44ManageCardsInvalidinputwhileUnblockTypeselection.ManageCardsInvalidinputwhileBlockUnblockTypeselection()'><b>ManageCardsInvalidinputwhileBlockUnblockTypeselection</b><br>Test class: testcases.managecards.TC44ManageCardsInvalidinputwhileUnblockTypeselection</td>
<td></td>
<td>39</td>
<td>testcases.managecards.TC44ManageCardsInvalidinputwhileUnblockTypeselection@382db087</td></tr>
<tr>
<td title='testcases.managecards.TC13ManageCardsIsthereanythingelseCheckinBlockCancellationMessage.ManageCardsIsthereanythingelseCheckinBlockCancellationMessage()'><b>ManageCardsIsthereanythingelseCheckinBlockCancellationMessage</b><br>Test class: testcases.managecards.TC13ManageCardsIsthereanythingelseCheckinBlockCancellationMessage</td>
<td></td>
<td>52</td>
<td>testcases.managecards.TC13ManageCardsIsthereanythingelseCheckinBlockCancellationMessage@281e3708</td></tr>
<tr>
<td title='testcases.managecards.TC19ManageCardsTwoConsecutiveWrongEntryinBlockConfirmationMessage.ManageCardsTwoConsecutiveWrongEntryinBlockConfirmationMessage()'><b>ManageCardsTwoConsecutiveWrongEntryinBlockConfirmationMessage</b><br>Test class: testcases.managecards.TC19ManageCardsTwoConsecutiveWrongEntryinBlockConfirmationMessage</td>
<td></td>
<td>54</td>
<td>testcases.managecards.TC19ManageCardsTwoConsecutiveWrongEntryinBlockConfirmationMessage@4ae82894</td></tr>
<tr>
<td title='testcases.managecards.TC15ManageCardsTwoConsecutiveWrongEntryinBlockTypeselection.ManageCardsTwoConsecutiveWrongEntryinBlockUnblockTypeselection()'><b>ManageCardsTwoConsecutiveWrongEntryinBlockUnblockTypeselection</b><br>Test class: testcases.managecards.TC15ManageCardsTwoConsecutiveWrongEntryinBlockTypeselection</td>
<td></td>
<td>44</td>
<td>testcases.managecards.TC15ManageCardsTwoConsecutiveWrongEntryinBlockTypeselection@1f021e6c</td></tr>
<tr>
<td title='testcases.managecards.TC45ManageCardsTwoConsecutiveWrongEntryinUnblockTypeselection.ManageCardsTwoConsecutiveWrongEntryinBlockUnblockTypeselection()'><b>ManageCardsTwoConsecutiveWrongEntryinBlockUnblockTypeselection</b><br>Test class: testcases.managecards.TC45ManageCardsTwoConsecutiveWrongEntryinUnblockTypeselection</td>
<td></td>
<td>46</td>
<td>testcases.managecards.TC45ManageCardsTwoConsecutiveWrongEntryinUnblockTypeselection@73d4cc9e</td></tr>
<tr>
<td title='testcases.managecards.TC17ManageCardsTwoConsecutiveWrongEntryinCardstoblockselection.ManageCardsTwoConsecutiveWrongEntryinCardstoblockselection()'><b>ManageCardsTwoConsecutiveWrongEntryinCardstoblockselection</b><br>Test class: testcases.managecards.TC17ManageCardsTwoConsecutiveWrongEntryinCardstoblockselection</td>
<td></td>
<td>50</td>
<td>testcases.managecards.TC17ManageCardsTwoConsecutiveWrongEntryinCardstoblockselection@587c290d</td></tr>
<tr>
<td title='testcases.managecards.TC37ManageCardsUnblockCardSelection.ManageCardsUnblockCardSelection()'><b>ManageCardsUnblockCardSelection</b><br>Test class: testcases.managecards.TC37ManageCardsUnblockCardSelection</td>
<td></td>
<td>150</td>
<td>testcases.managecards.TC37ManageCardsUnblockCardSelection@1068e947</td></tr>
<tr>
<td title='testcases.managecards.TC38ManageCardsUnblockCardsSelectionbyText.ManageCardsUnblockCardsSelectionbyText()'><b>ManageCardsUnblockCardsSelectionbyText</b><br>Test class: testcases.managecards.TC38ManageCardsUnblockCardsSelectionbyText</td>
<td></td>
<td>66</td>
<td>testcases.managecards.TC38ManageCardsUnblockCardsSelectionbyText@7dc222ae</td></tr>
<tr>
<td title='testcases.managecards.TC04ManageCardsUsingText.ManageCardsUsingText()'><b>ManageCardsUsingText</b><br>Test class: testcases.managecards.TC04ManageCardsUsingText</td>
<td></td>
<td>27</td>
<td>testcases.managecards.TC04ManageCardsUsingText@10d59286</td></tr>
<tr>
<td title='testcases.managecards.TC32ManageCardsValidaitonMessageDisplayforUserNOThavingCardstoBlock.ManageCardsValidaitonMessageDisplayforUserNOThavingCardstoBlock()'><b>ManageCardsValidaitonMessageDisplayforUserNOThavingCardstoBlock</b><br>Test class: testcases.managecards.TC32ManageCardsValidaitonMessageDisplayforUserNOThavingCardstoBlock</td>
<td></td>
<td>76</td>
<td>testcases.managecards.TC32ManageCardsValidaitonMessageDisplayforUserNOThavingCardstoBlock@134593bf</td></tr>
<tr>
<td title='testcases.managecards.ManageCardsValidaitonMessageDisplayforUserNOThavingCardstoUnblock.ManageCardsValidaitonMessageDisplayforUserNOThavingCardstoUnblock()'><b>ManageCardsValidaitonMessageDisplayforUserNOThavingCardstoUnblock</b><br>Test class: testcases.managecards.ManageCardsValidaitonMessageDisplayforUserNOThavingCardstoUnblock</td>
<td></td>
<td>38</td>
<td>testcases.managecards.ManageCardsValidaitonMessageDisplayforUserNOThavingCardstoUnblock@7a36aefa</td></tr>
<tr>
<td title='testcases.managecards.TC28ManageCardsValidationMessageDisplayforWrongCardName.ManageCardsValidationMessageDisplayforWrongCardName()'><b>ManageCardsValidationMessageDisplayforWrongCardName</b><br>Test class: testcases.managecards.TC28ManageCardsValidationMessageDisplayforWrongCardName</td>
<td></td>
<td>34</td>
<td>testcases.managecards.TC28ManageCardsValidationMessageDisplayforWrongCardName@5a4041cc</td></tr>
<tr>
<td title='testcases.managecards.TC25ManageCardsValidationMessageDisplaywhenuserhaveNoDebitcard.ManageCardsValidationMessageDisplaywhenuserhavenoDebitcard()'><b>ManageCardsValidationMessageDisplaywhenuserhavenoDebitcard</b><br>Test class: testcases.managecards.TC25ManageCardsValidationMessageDisplaywhenuserhaveNoDebitcard</td>
<td></td>
<td>29</td>
<td>testcases.managecards.TC25ManageCardsValidationMessageDisplaywhenuserhaveNoDebitcard@44a3ec6b</td></tr>
<tr>
<td title='testcases.managecards.TC22ManageCardsValidationMessageDisplayWhenUserhaveNoCreditcard.ManageCardsValidationMessageDisplaywhenuserhavenocreditcard()'><b>ManageCardsValidationMessageDisplaywhenuserhavenocreditcard</b><br>Test class: testcases.managecards.TC22ManageCardsValidationMessageDisplayWhenUserhaveNoCreditcard</td>
<td></td>
<td>29</td>
<td>testcases.managecards.TC22ManageCardsValidationMessageDisplayWhenUserhaveNoCreditcard@1da51a35</td></tr>
</table><p>
</body>
</html>