<?xml version="1.0" encoding="UTF-8"?>
<!-- Generated by org.testng.reporters.JUnitReportReporter -->
<testsuite skipped="3" hostname="Lenovo-PC" name="testcases.recharge.JIRA_TC03VerifyTheUsserUtteranceForRecharge" tests="10" failures="0" timestamp="2020-04-03T18:45:41 IST" time="410.406" errors="2">
  <testcase name="afterMethod" time="20.623" classname="testcases.recharge.JIRA_TC03VerifyTheUsserUtteranceForRecharge">
    <error type="java.lang.RuntimeException" message="FAILED">
      <![CDATA[java.lang.RuntimeException: FAILED
at utils.Reporter.reportStep(Reporter.java:29)
at wrappers.GenericWrappers.quitBrowser(GenericWrappers.java:553)
at wrappers.ProjectWrappers.afterMethod(ProjectWrappers.java:62)
at sun.reflect.NativeMethodAccessorImpl.invoke0(Native Method)
at sun.reflect.NativeMethodAccessorImpl.invoke(Unknown Source)
at sun.reflect.DelegatingMethodAccessorImpl.invoke(Unknown Source)
at java.lang.reflect.Method.invoke(Unknown Source)
at org.testng.internal.MethodInvocationHelper.invokeMethod(MethodInvocationHelper.java:134)
at org.testng.internal.MethodInvocationHelper.invokeMethodConsideringTimeout(MethodInvocationHelper.java:63)
at org.testng.internal.ConfigInvoker.invokeConfigurationMethod(ConfigInvoker.java:348)
at org.testng.internal.ConfigInvoker.invokeConfigurations(ConfigInvoker.java:302)
at org.testng.internal.TestInvoker.runConfigMethods(TestInvoker.java:695)
at org.testng.internal.TestInvoker.runAfterGroupsConfigurations(TestInvoker.java:671)
at org.testng.internal.TestInvoker.invokeMethod(TestInvoker.java:655)
at org.testng.internal.TestInvoker.invokeTestMethod(TestInvoker.java:173)
at org.testng.internal.MethodRunner.runInSequence(MethodRunner.java:46)
at org.testng.internal.TestInvoker$MethodInvocationAgent.invoke(TestInvoker.java:816)
at org.testng.internal.TestInvoker.invokeTestMethods(TestInvoker.java:146)
at org.testng.internal.TestMethodWorker.invokeTestMethods(TestMethodWorker.java:146)
at org.testng.internal.TestMethodWorker.run(TestMethodWorker.java:128)
at java.util.ArrayList.forEach(Unknown Source)
at org.testng.TestRunner.privateRun(TestRunner.java:766)
at org.testng.TestRunner.run(TestRunner.java:587)
at org.testng.SuiteRunner.runTest(SuiteRunner.java:384)
at org.testng.SuiteRunner.runSequentially(SuiteRunner.java:378)
at org.testng.SuiteRunner.privateRun(SuiteRunner.java:337)
at org.testng.SuiteRunner.run(SuiteRunner.java:286)
at org.testng.SuiteRunnerWorker.runSuite(SuiteRunnerWorker.java:53)
at org.testng.SuiteRunnerWorker.run(SuiteRunnerWorker.java:96)
at org.testng.TestNG.runSuitesSequentially(TestNG.java:1187)
at org.testng.TestNG.runSuitesLocally(TestNG.java:1109)
at org.testng.TestNG.runSuites(TestNG.java:1039)
at org.testng.TestNG.run(TestNG.java:1007)
at org.testng.remote.AbstractRemoteTestNG.run(AbstractRemoteTestNG.java:115)
at org.testng.remote.RemoteTestNG.initAndRun(RemoteTestNG.java:251)
at org.testng.remote.RemoteTestNG.main(RemoteTestNG.java:77)
]]>
    </error>
  </testcase> <!-- afterMethod -->
  <system-out/>
  <testcase name="RechargeUtteranceOne" time="86.516" classname="testcases.recharge.JIRA_TC03VerifyTheUsserUtteranceForRecharge"/>
  <system-out/>
  <testcase name="RechargeUtteranceTwo" time="56.532" classname="testcases.recharge.JIRA_TC03VerifyTheUsserUtteranceForRecharge"/>
  <system-out/>
  <testcase name="RechargeUtteranceThree" time="57.414" classname="testcases.recharge.JIRA_TC03VerifyTheUsserUtteranceForRecharge"/>
  <system-out/>
  <testcase name="RechargeUtteranceFour" time="53.620" classname="testcases.recharge.JIRA_TC03VerifyTheUsserUtteranceForRecharge"/>
  <system-out/>
  <testcase name="RechargeUtteranceFive" time="57.890" classname="testcases.recharge.JIRA_TC03VerifyTheUsserUtteranceForRecharge">
    <error type="java.lang.RuntimeException" message="FAILED">
      <![CDATA[java.lang.RuntimeException: FAILED
at utils.Reporter.reportStep(Reporter.java:29)
at wrappers.GenericWrappers.verifyTextByXpath(GenericWrappers.java:474)
at pages.RechargePage.verifySelectAccountText(RechargePage.java:169)
at testcases.recharge.JIRA_TC03VerifyTheUsserUtteranceForRecharge.RechargeUtteranceFive(JIRA_TC03VerifyTheUsserUtteranceForRecharge.java:105)
at sun.reflect.NativeMethodAccessorImpl.invoke0(Native Method)
at sun.reflect.NativeMethodAccessorImpl.invoke(Unknown Source)
at sun.reflect.DelegatingMethodAccessorImpl.invoke(Unknown Source)
at java.lang.reflect.Method.invoke(Unknown Source)
at org.testng.internal.MethodInvocationHelper.invokeMethod(MethodInvocationHelper.java:134)
at org.testng.internal.TestInvoker.invokeMethod(TestInvoker.java:597)
at org.testng.internal.TestInvoker.invokeTestMethod(TestInvoker.java:173)
at org.testng.internal.MethodRunner.runInSequence(MethodRunner.java:46)
at org.testng.internal.TestInvoker$MethodInvocationAgent.invoke(TestInvoker.java:816)
at org.testng.internal.TestInvoker.invokeTestMethods(TestInvoker.java:146)
at org.testng.internal.TestMethodWorker.invokeTestMethods(TestMethodWorker.java:146)
at org.testng.internal.TestMethodWorker.run(TestMethodWorker.java:128)
at java.util.ArrayList.forEach(Unknown Source)
at org.testng.TestRunner.privateRun(TestRunner.java:766)
at org.testng.TestRunner.run(TestRunner.java:587)
at org.testng.SuiteRunner.runTest(SuiteRunner.java:384)
at org.testng.SuiteRunner.runSequentially(SuiteRunner.java:378)
at org.testng.SuiteRunner.privateRun(SuiteRunner.java:337)
at org.testng.SuiteRunner.run(SuiteRunner.java:286)
at org.testng.SuiteRunnerWorker.runSuite(SuiteRunnerWorker.java:53)
at org.testng.SuiteRunnerWorker.run(SuiteRunnerWorker.java:96)
at org.testng.TestNG.runSuitesSequentially(TestNG.java:1187)
at org.testng.TestNG.runSuitesLocally(TestNG.java:1109)
at org.testng.TestNG.runSuites(TestNG.java:1039)
at org.testng.TestNG.run(TestNG.java:1007)
at org.testng.remote.AbstractRemoteTestNG.run(AbstractRemoteTestNG.java:115)
at org.testng.remote.RemoteTestNG.initAndRun(RemoteTestNG.java:251)
at org.testng.remote.RemoteTestNG.main(RemoteTestNG.java:77)
]]>
    </error>
  </testcase> <!-- RechargeUtteranceFive -->
  <system-out/>
  <testcase name="RechargeUtteranceSix" time="52.504" classname="testcases.recharge.JIRA_TC03VerifyTheUsserUtteranceForRecharge"/>
  <system-out/>
  <testcase name="RechargeUtteranceSeven" time="14.014" classname="testcases.recharge.JIRA_TC03VerifyTheUsserUtteranceForRecharge">
    <skipped/>
  </testcase> <!-- RechargeUtteranceSeven -->
  <system-out/>
  <testcase name="RechargeUtteranceEight" time="11.293" classname="testcases.recharge.JIRA_TC03VerifyTheUsserUtteranceForRecharge">
    <skipped/>
  </testcase> <!-- RechargeUtteranceEight -->
  <system-out/>
  <testcase name="RechargeUtteranceNine" time="0.000" classname="testcases.recharge.JIRA_TC03VerifyTheUsserUtteranceForRecharge">
    <skipped/>
  </testcase> <!-- RechargeUtteranceNine -->
  <system-out/>
</testsuite> <!-- testcases.recharge.JIRA_TC03VerifyTheUsserUtteranceForRecharge -->
