<?xml version="1.0" encoding="UTF-8"?>
<!-- Generated by org.testng.reporters.JUnitReportReporter -->
<testsuite skipped="0" hostname="Lenovo-PC" name="testcases.statementrequest.TC49StatementRequestByMonthSupportedIntentUtterance" tests="3" failures="0" timestamp="2020-05-05T20:25:32 IST" time="124.994" errors="1">
  <testcase name="StatementRequestIntentOneByMonth" time="30.476" classname="testcases.statementrequest.TC49StatementRequestByMonthSupportedIntentUtterance">
    <error type="java.lang.RuntimeException" message="FAILED">
      <![CDATA[java.lang.RuntimeException: FAILED
at utils.Reporter.reportStep(Reporter.java:29)
at wrappers.GenericWrappers.clickWrapper(GenericWrappers.java:376)
at wrappers.GenericWrappers.clickByXpath(GenericWrappers.java:761)
at pages.StatementRequestPage.ClickSplashLogo(StatementRequestPage.java:23)
at testcases.statementrequest.TC49StatementRequestByMonthSupportedIntentUtterance.StatementRequestIntentOneByMonth(TC49StatementRequestByMonthSupportedIntentUtterance.java:33)
at sun.reflect.NativeMethodAccessorImpl.invoke0(Native Method)
at sun.reflect.NativeMethodAccessorImpl.invoke(Unknown Source)
at sun.reflect.DelegatingMethodAccessorImpl.invoke(Unknown Source)
at java.lang.reflect.Method.invoke(Unknown Source)
at org.testng.internal.MethodInvocationHelper.invokeMethod(MethodInvocationHelper.java:134)
at org.testng.internal.TestInvoker.invokeMethod(TestInvoker.java:597)
at org.testng.internal.TestInvoker.invokeTestMethod(TestInvoker.java:173)
at org.testng.internal.MethodRunner.runInSequence(MethodRunner.java:46)
at org.testng.internal.TestInvoker$MethodInvocationAgent.invoke(TestInvoker.java:816)
at org.testng.internal.TestInvoker.invokeTestMethods(TestInvoker.java:146)
at org.testng.internal.TestMethodWorker.invokeTestMethods(TestMethodWorker.java:146)
at org.testng.internal.TestMethodWorker.run(TestMethodWorker.java:128)
at java.util.ArrayList.forEach(Unknown Source)
at org.testng.TestRunner.privateRun(TestRunner.java:766)
at org.testng.TestRunner.run(TestRunner.java:587)
at org.testng.SuiteRunner.runTest(SuiteRunner.java:384)
at org.testng.SuiteRunner.runSequentially(SuiteRunner.java:378)
at org.testng.SuiteRunner.privateRun(SuiteRunner.java:337)
at org.testng.SuiteRunner.run(SuiteRunner.java:286)
at org.testng.SuiteRunnerWorker.runSuite(SuiteRunnerWorker.java:53)
at org.testng.SuiteRunnerWorker.run(SuiteRunnerWorker.java:96)
at org.testng.TestNG.runSuitesSequentially(TestNG.java:1187)
at org.testng.TestNG.runSuitesLocally(TestNG.java:1109)
at org.testng.TestNG.runSuites(TestNG.java:1039)
at org.testng.TestNG.run(TestNG.java:1007)
at org.testng.remote.AbstractRemoteTestNG.run(AbstractRemoteTestNG.java:115)
at org.testng.remote.RemoteTestNG.initAndRun(RemoteTestNG.java:251)
at org.testng.remote.RemoteTestNG.main(RemoteTestNG.java:77)
]]>
    </error>
  </testcase> <!-- StatementRequestIntentOneByMonth -->
  <system-out/>
  <testcase name="StatementRequestIntentTwoByMonth" time="47.917" classname="testcases.statementrequest.TC49StatementRequestByMonthSupportedIntentUtterance"/>
  <system-out/>
  <testcase name="StatementRequestIntentThreeByMonth" time="46.601" classname="testcases.statementrequest.TC49StatementRequestByMonthSupportedIntentUtterance"/>
  <system-out/>
</testsuite> <!-- testcases.statementrequest.TC49StatementRequestByMonthSupportedIntentUtterance -->
