<html>
<head>
<title>TestNG:  BillerPayeeTestCases</title>
<link href="../testng.css" rel="stylesheet" type="text/css" />
<link href="../my-testng.css" rel="stylesheet" type="text/css" />

<style type="text/css">
.log { display: none;} 
.stack-trace { display: none;} 
</style>
<script type="text/javascript">
<!--
function flip(e) {
  current = e.style.display;
  if (current == 'block') {
    e.style.display = 'none';
    return 0;
  }
  else {
    e.style.display = 'block';
    return 1;
  }
}

function toggleBox(szDivId, elem, msg1, msg2)
{
  var res = -1;  if (document.getElementById) {
    res = flip(document.getElementById(szDivId));
  }
  else if (document.all) {
    // this is the way old msie versions work
    res = flip(document.all[szDivId]);
  }
  if(elem) {
    if(res == 0) elem.innerHTML = msg1; else elem.innerHTML = msg2;
  }

}

function toggleAllBoxes() {
  if (document.getElementsByTagName) {
    d = document.getElementsByTagName('div');
    for (i = 0; i < d.length; i++) {
      if (d[i].className == 'log') {
        flip(d[i]);
      }
    }
  }
}

// -->
</script>

</head>
<body>
<h2 align='center'>BillerPayeeTestCases</h2><table border='1' align="center">
<tr>
<td>Tests passed/Failed/Skipped:</td><td>21/2/0</td>
</tr><tr>
<td>Started on:</td><td>Mon Mar 11 18:56:19 IST 2019</td>
</tr>
<tr><td>Total time:</td><td>3348 seconds (3348551 ms)</td>
</tr><tr>
<td>Included groups:</td><td></td>
</tr><tr>
<td>Excluded groups:</td><td></td>
</tr>
</table><p/>
<small><i>(Hover the method name to see the test class name)</i></small><p/>
<table width='100%' border='1' class='invocation-failed'>
<tr><td colspan='4' align='center'><b>FAILED TESTS</b></td></tr>
<tr><td><b>Test method</b></td>
<td width="30%"><b>Exception</b></td>
<td width="10%"><b>Time (seconds)</b></td>
<td><b>Instance</b></td>
</tr>
<tr>
<td title='testcases.DBP16170.CreateApproveBeneficiary()'><b>CreateApproveBeneficiary</b><br>Test class: testcases.DBP16170</td>
<td><div><pre>java.lang.RuntimeException: FAILED
	at utils.Reporter.reportStep(Reporter.java:29)
	at wrappers.GenericWrappers.clickWrapper(GenericWrappers.java:362)
	at wrappers.GenericWrappers.clickByXpath(GenericWrappers.java:734)
	at pages.BillerPayeeManagementPage.clickCancelbtn(BillerPayeeManagementPage.java:93)
	at testcases.DBP16170.CreateApproveBeneficiary(DBP16170.java:65)
... Removed 25 stack frames</pre></div><a href='#' onClick='toggleBox("stack-trace538667887", this, "Click to show all stack frames", "Click to hide stack frames")'>Click to show all stack frames</a>
<div class='stack-trace' id='stack-trace538667887'><pre>java.lang.RuntimeException: FAILED
	at utils.Reporter.reportStep(Reporter.java:29)
	at wrappers.GenericWrappers.clickWrapper(GenericWrappers.java:362)
	at wrappers.GenericWrappers.clickByXpath(GenericWrappers.java:734)
	at pages.BillerPayeeManagementPage.clickCancelbtn(BillerPayeeManagementPage.java:93)
	at testcases.DBP16170.CreateApproveBeneficiary(DBP16170.java:65)
	at sun.reflect.NativeMethodAccessorImpl.invoke0(Native Method)
	at sun.reflect.NativeMethodAccessorImpl.invoke(Unknown Source)
	at sun.reflect.DelegatingMethodAccessorImpl.invoke(Unknown Source)
	at java.lang.reflect.Method.invoke(Unknown Source)
	at org.testng.internal.MethodInvocationHelper.invokeMethod(MethodInvocationHelper.java:124)
	at org.testng.internal.Invoker.invokeMethod(Invoker.java:580)
	at org.testng.internal.Invoker.invokeTestMethod(Invoker.java:716)
	at org.testng.internal.Invoker.invokeTestMethods(Invoker.java:988)
	at org.testng.internal.TestMethodWorker.invokeTestMethods(TestMethodWorker.java:125)
	at org.testng.internal.TestMethodWorker.run(TestMethodWorker.java:109)
	at org.testng.TestRunner.privateRun(TestRunner.java:648)
	at org.testng.TestRunner.run(TestRunner.java:505)
	at org.testng.SuiteRunner.runTest(SuiteRunner.java:455)
	at org.testng.SuiteRunner.runSequentially(SuiteRunner.java:450)
	at org.testng.SuiteRunner.privateRun(SuiteRunner.java:415)
	at org.testng.SuiteRunner.run(SuiteRunner.java:364)
	at org.testng.SuiteRunnerWorker.runSuite(SuiteRunnerWorker.java:52)
	at org.testng.SuiteRunnerWorker.run(SuiteRunnerWorker.java:84)
	at org.testng.TestNG.runSuitesSequentially(TestNG.java:1208)
	at org.testng.TestNG.runSuitesLocally(TestNG.java:1137)
	at org.testng.TestNG.runSuites(TestNG.java:1049)
	at org.testng.TestNG.run(TestNG.java:1017)
	at org.testng.remote.AbstractRemoteTestNG.run(AbstractRemoteTestNG.java:114)
	at org.testng.remote.RemoteTestNG.initAndRun(RemoteTestNG.java:251)
	at org.testng.remote.RemoteTestNG.main(RemoteTestNG.java:77)
</pre></div></td>
<td>113</td>
<td>testcases.DBP16170@8b87145</td></tr>
<tr>
<td title='testcases.DBP16151.validateBillerCategory()'><b>validateBillerCategory</b><br>Test class: testcases.DBP16151</td>
<td><div><pre>java.lang.RuntimeException: FAILED
	at utils.Reporter.reportStep(Reporter.java:29)
	at wrappers.GenericWrappers.clickWrapper(GenericWrappers.java:353)
	at wrappers.GenericWrappers.clickByXpath(GenericWrappers.java:734)
	at pages.BillerPayeeManagementPage.clickCreateBillPayee(BillerPayeeManagementPage.java:190)
	at testcases.DBP16151.validateBillerCategory(DBP16151.java:37)
... Removed 25 stack frames</pre></div><a href='#' onClick='toggleBox("stack-trace1528769018", this, "Click to show all stack frames", "Click to hide stack frames")'>Click to show all stack frames</a>
<div class='stack-trace' id='stack-trace1528769018'><pre>java.lang.RuntimeException: FAILED
	at utils.Reporter.reportStep(Reporter.java:29)
	at wrappers.GenericWrappers.clickWrapper(GenericWrappers.java:353)
	at wrappers.GenericWrappers.clickByXpath(GenericWrappers.java:734)
	at pages.BillerPayeeManagementPage.clickCreateBillPayee(BillerPayeeManagementPage.java:190)
	at testcases.DBP16151.validateBillerCategory(DBP16151.java:37)
	at sun.reflect.NativeMethodAccessorImpl.invoke0(Native Method)
	at sun.reflect.NativeMethodAccessorImpl.invoke(Unknown Source)
	at sun.reflect.DelegatingMethodAccessorImpl.invoke(Unknown Source)
	at java.lang.reflect.Method.invoke(Unknown Source)
	at org.testng.internal.MethodInvocationHelper.invokeMethod(MethodInvocationHelper.java:124)
	at org.testng.internal.Invoker.invokeMethod(Invoker.java:580)
	at org.testng.internal.Invoker.invokeTestMethod(Invoker.java:716)
	at org.testng.internal.Invoker.invokeTestMethods(Invoker.java:988)
	at org.testng.internal.TestMethodWorker.invokeTestMethods(TestMethodWorker.java:125)
	at org.testng.internal.TestMethodWorker.run(TestMethodWorker.java:109)
	at org.testng.TestRunner.privateRun(TestRunner.java:648)
	at org.testng.TestRunner.run(TestRunner.java:505)
	at org.testng.SuiteRunner.runTest(SuiteRunner.java:455)
	at org.testng.SuiteRunner.runSequentially(SuiteRunner.java:450)
	at org.testng.SuiteRunner.privateRun(SuiteRunner.java:415)
	at org.testng.SuiteRunner.run(SuiteRunner.java:364)
	at org.testng.SuiteRunnerWorker.runSuite(SuiteRunnerWorker.java:52)
	at org.testng.SuiteRunnerWorker.run(SuiteRunnerWorker.java:84)
	at org.testng.TestNG.runSuitesSequentially(TestNG.java:1208)
	at org.testng.TestNG.runSuitesLocally(TestNG.java:1137)
	at org.testng.TestNG.runSuites(TestNG.java:1049)
	at org.testng.TestNG.run(TestNG.java:1017)
	at org.testng.remote.AbstractRemoteTestNG.run(AbstractRemoteTestNG.java:114)
	at org.testng.remote.RemoteTestNG.initAndRun(RemoteTestNG.java:251)
	at org.testng.remote.RemoteTestNG.main(RemoteTestNG.java:77)
</pre></div></td>
<td>56</td>
<td>testcases.DBP16151@7ba18f1b</td></tr>
</table><p>
<table width='100%' border='1' class='invocation-passed'>
<tr><td colspan='4' align='center'><b>PASSED TESTS</b></td></tr>
<tr><td><b>Test method</b></td>
<td width="30%"><b>Exception</b></td>
<td width="10%"><b>Time (seconds)</b></td>
<td><b>Instance</b></td>
</tr>
<tr>
<td title='testcases.DBP16142.ApproveBillertest()'><b>ApproveBillertest</b><br>Test class: testcases.DBP16142</td>
<td></td>
<td>239</td>
<td>testcases.DBP16142@5a4041cc</td></tr>
<tr>
<td title='testcases.DBP16146.CheckerBillPayeePagination()'><b>CheckerBillPayeePagination</b><br>Test class: testcases.DBP16146</td>
<td></td>
<td>46</td>
<td>testcases.DBP16146@6d3af739</td></tr>
<tr>
<td title='testcases.DBP16144.CheckerRejectWorkFlow()'><b>CheckerRejectWorkFlow</b><br>Test class: testcases.DBP16144</td>
<td></td>
<td>135</td>
<td>testcases.DBP16144@71623278</td></tr>
<tr>
<td title='testcases.DBP16147.CheckerRejectionFlow()'><b>CheckerRejectionFlow</b><br>Test class: testcases.DBP16147</td>
<td></td>
<td>115</td>
<td>testcases.DBP16147@543788f3</td></tr>
<tr>
<td title='testcases.DBP16156.CheckerVerifyPendingRepairStatus()'><b>CheckerVerifyPendingRepairStatus</b><br>Test class: testcases.DBP16156</td>
<td></td>
<td>149</td>
<td>testcases.DBP16156@44a3ec6b</td></tr>
<tr>
<td title='testcases.DBP16140.CheckerVerifyStatusInWorkFlow()'><b>CheckerVerifyStatusInWorkFlow</b><br>Test class: testcases.DBP16140</td>
<td></td>
<td>113</td>
<td>testcases.DBP16140@4bb4de6a</td></tr>
<tr>
<td title='testcases.DBP16145.CheckerVerifytheStatus()'><b>CheckerVerifytheStatus</b><br>Test class: testcases.DBP16145</td>
<td></td>
<td>100</td>
<td>testcases.DBP16145@7e9a5fbe</td></tr>
<tr>
<td title='testcases.DBP16171.CreateApproveBeneficiary()'><b>CreateApproveBeneficiary</b><br>Test class: testcases.DBP16171</td>
<td></td>
<td>113</td>
<td>testcases.DBP16171@aecb35a</td></tr>
<tr>
<td title='testcases.DBP16153.CreateBiller()'><b>CreateBiller</b><br>Test class: testcases.DBP16153</td>
<td></td>
<td>112</td>
<td>testcases.DBP16153@15b3e5b</td></tr>
<tr>
<td title='testcases.DBP16160.EditPendingRepirStatus()'><b>EditPendingRepirStatus</b><br>Test class: testcases.DBP16160</td>
<td></td>
<td>218</td>
<td>testcases.DBP16160@7dc222ae</td></tr>
<tr>
<td title='testcases.DBP16180.MakerDelatePayeeInPayeeList()'><b>MakerDelatePayeeInPayeeList</b><br>Test class: testcases.DBP16180</td>
<td></td>
<td>262</td>
<td>testcases.DBP16180@6483f5ae</td></tr>
<tr>
<td title='testcases.DBP16157.MakerDeletePendingRepairRecord()'><b>MakerDeletePendingRepairRecord</b><br>Test class: testcases.DBP16157</td>
<td></td>
<td>148</td>
<td>testcases.DBP16157@1da51a35</td></tr>
<tr>
<td title='testcases.DBP16159.MakerEditPendingRepairRecord()'><b>MakerEditPendingRepairRecord</b><br>Test class: testcases.DBP16159</td>
<td></td>
<td>217</td>
<td>testcases.DBP16159@4ae82894</td></tr>
<tr>
<td title='testcases.DBP16161.MakerEditPendingRepairRecord()'><b>MakerEditPendingRepairRecord</b><br>Test class: testcases.DBP16161</td>
<td></td>
<td>219</td>
<td>testcases.DBP16161@1068e947</td></tr>
<tr>
<td title='testcases.DBP16179.MakerPayeeListPagination()'><b>MakerPayeeListPagination</b><br>Test class: testcases.DBP16179</td>
<td></td>
<td>54</td>
<td>testcases.DBP16179@16022d9d</td></tr>
<tr>
<td title='testcases.DBP16141.MakerPayeeListPagination()'><b>MakerPayeeListPagination</b><br>Test class: testcases.DBP16141</td>
<td></td>
<td>55</td>
<td>testcases.DBP16141@61ca2dfa</td></tr>
<tr>
<td title='testcases.DBP16182.MakerSearchPayeeInPayeeListandDelete()'><b>MakerSearchPayeeInPayeeListandDelete</b><br>Test class: testcases.DBP16182</td>
<td></td>
<td>244</td>
<td>testcases.DBP16182@5fcd892a</td></tr>
<tr>
<td title='testcases.DBP16155.MakerSearchPendingRepairRecordInManageWorkFlow()'><b>MakerSearchPendingRepairRecordInManageWorkFlow</b><br>Test class: testcases.DBP16155</td>
<td></td>
<td>149</td>
<td>testcases.DBP16155@768b970c</td></tr>
<tr>
<td title='testcases.DBP16163.MakerSubmitEditedPendingRepairRecord()'><b>MakerSubmitEditedPendingRepairRecord</b><br>Test class: testcases.DBP16163</td>
<td></td>
<td>216</td>
<td>testcases.DBP16163@134593bf</td></tr>
<tr>
<td title='testcases.DBP16152.validateBillerCategory()'><b>validateBillerCategory</b><br>Test class: testcases.DBP16152</td>
<td></td>
<td>56</td>
<td>testcases.DBP16152@4b53f538</td></tr>
<tr>
<td title='testcases.DBP16150.validateBillerCategory()'><b>validateBillerCategory</b><br>Test class: testcases.DBP16150</td>
<td></td>
<td>86</td>
<td>testcases.DBP16150@2f8f5f62</td></tr>
</table><p>
</body>
</html>