<html>
<head>
<title>TestNG:  Vaira</title>
<link href="../testng.css" rel="stylesheet" type="text/css" />
<link href="../my-testng.css" rel="stylesheet" type="text/css" />

<style type="text/css">
.log { display: none;} 
.stack-trace { display: none;} 
</style>
<script type="text/javascript">
<!--
function flip(e) {
  current = e.style.display;
  if (current == 'block') {
    e.style.display = 'none';
    return 0;
  }
  else {
    e.style.display = 'block';
    return 1;
  }
}

function toggleBox(szDivId, elem, msg1, msg2)
{
  var res = -1;  if (document.getElementById) {
    res = flip(document.getElementById(szDivId));
  }
  else if (document.all) {
    // this is the way old msie versions work
    res = flip(document.all[szDivId]);
  }
  if(elem) {
    if(res == 0) elem.innerHTML = msg1; else elem.innerHTML = msg2;
  }

}

function toggleAllBoxes() {
  if (document.getElementsByTagName) {
    d = document.getElementsByTagName('div');
    for (i = 0; i < d.length; i++) {
      if (d[i].className == 'log') {
        flip(d[i]);
      }
    }
  }
}

// -->
</script>

</head>
<body>
<h2 align='center'>Vaira</h2><table border='1' align="center">
<tr>
<td>Tests passed/Failed/Skipped:</td><td>39/13/0</td>
</tr><tr>
<td>Started on:</td><td>Fri May 08 00:42:17 IST 2020</td>
</tr>
<tr><td>Total time:</td><td>3860 seconds (3860420 ms)</td>
</tr><tr>
<td>Included groups:</td><td></td>
</tr><tr>
<td>Excluded groups:</td><td></td>
</tr>
</table><p/>
<small><i>(Hover the method name to see the test class name)</i></small><p/>
<table width='100%' border='1' class='invocation-failed'>
<tr><td colspan='4' align='center'><b>FAILED TESTS</b></td></tr>
<tr><td><b>Test method</b></td>
<td width="30%"><b>Exception</b></td>
<td width="10%"><b>Time (seconds)</b></td>
<td><b>Instance</b></td>
</tr>
<tr>
<td title='testcases.managecards.TC11ManageCardsBlockCancellationMessage.ManageCardsBlockCancellationMessage()'><b>ManageCardsBlockCancellationMessage</b><br>Test class: testcases.managecards.TC11ManageCardsBlockCancellationMessage</td>
<td><div><pre>java.lang.RuntimeException: FAILED
	at utils.Reporter.reportStep(Reporter.java:28)
	at wrappers.GenericWrappers.verifyTextByXpath(GenericWrappers.java:475)
	at pages.ManageCardsPage.VerifyManageCardClientMessage(ManageCardsPage.java:186)
	at testcases.managecards.TC11ManageCardsBlockCancellationMessage.ManageCardsBlockCancellationMessage(TC11ManageCardsBlockCancellationMessage.java:53)
	at java.util.ArrayList.forEach(Unknown Source)
... Removed 27 stack frames</pre></div><a href='#' onClick='toggleBox("stack-trace434123672", this, "Click to show all stack frames", "Click to hide stack frames")'>Click to show all stack frames</a>
<div class='stack-trace' id='stack-trace434123672'><pre>java.lang.RuntimeException: FAILED
	at utils.Reporter.reportStep(Reporter.java:28)
	at wrappers.GenericWrappers.verifyTextByXpath(GenericWrappers.java:475)
	at pages.ManageCardsPage.VerifyManageCardClientMessage(ManageCardsPage.java:186)
	at testcases.managecards.TC11ManageCardsBlockCancellationMessage.ManageCardsBlockCancellationMessage(TC11ManageCardsBlockCancellationMessage.java:53)
	at sun.reflect.NativeMethodAccessorImpl.invoke0(Native Method)
	at sun.reflect.NativeMethodAccessorImpl.invoke(Unknown Source)
	at sun.reflect.DelegatingMethodAccessorImpl.invoke(Unknown Source)
	at java.lang.reflect.Method.invoke(Unknown Source)
	at org.testng.internal.MethodInvocationHelper.invokeMethod(MethodInvocationHelper.java:135)
	at org.testng.internal.TestInvoker.invokeMethod(TestInvoker.java:598)
	at org.testng.internal.TestInvoker.invokeTestMethod(TestInvoker.java:174)
	at org.testng.internal.MethodRunner.runInSequence(MethodRunner.java:46)
	at org.testng.internal.TestInvoker$MethodInvocationAgent.invoke(TestInvoker.java:821)
	at org.testng.internal.TestInvoker.invokeTestMethods(TestInvoker.java:147)
	at org.testng.internal.TestMethodWorker.invokeTestMethods(TestMethodWorker.java:146)
	at org.testng.internal.TestMethodWorker.run(TestMethodWorker.java:128)
	at java.util.ArrayList.forEach(Unknown Source)
	at org.testng.TestRunner.privateRun(TestRunner.java:767)
	at org.testng.TestRunner.run(TestRunner.java:588)
	at org.testng.SuiteRunner.runTest(SuiteRunner.java:384)
	at org.testng.SuiteRunner.runSequentially(SuiteRunner.java:378)
	at org.testng.SuiteRunner.privateRun(SuiteRunner.java:337)
	at org.testng.SuiteRunner.run(SuiteRunner.java:286)
	at org.testng.SuiteRunnerWorker.runSuite(SuiteRunnerWorker.java:53)
	at org.testng.SuiteRunnerWorker.run(SuiteRunnerWorker.java:96)
	at org.testng.TestNG.runSuitesSequentially(TestNG.java:1214)
	at org.testng.TestNG.runSuitesLocally(TestNG.java:1136)
	at org.testng.TestNG.runSuites(TestNG.java:1066)
	at org.testng.TestNG.run(TestNG.java:1034)
	at org.testng.remote.AbstractRemoteTestNG.run(AbstractRemoteTestNG.java:115)
	at org.testng.remote.RemoteTestNG.initAndRun(RemoteTestNG.java:251)
	at org.testng.remote.RemoteTestNG.main(RemoteTestNG.java:77)
</pre></div></td>
<td>71</td>
<td>testcases.managecards.TC11ManageCardsBlockCancellationMessage@149494d8</td></tr>
<tr>
<td title='testcases.managecards.TC33ManageCardsCardSelectionClick.ManageCardsCardSelection()'><b>ManageCardsCardSelection</b><br>Test class: testcases.managecards.TC33ManageCardsCardSelectionClick</td>
<td><div><pre>java.lang.RuntimeException: FAILED
	at utils.Reporter.reportStep(Reporter.java:28)
	at wrappers.GenericWrappers.clickWrapper(GenericWrappers.java:376)
	at wrappers.GenericWrappers.clickByXpath(GenericWrappers.java:761)
	at pages.ManageCardsPage.ClickSplashLogo(ManageCardsPage.java:38)
	at testcases.managecards.TC33ManageCardsCardSelectionClick.ManageCardsCardSelection(TC33ManageCardsCardSelectionClick.java:33)
	at java.util.ArrayList.forEach(Unknown Source)
... Removed 27 stack frames</pre></div><a href='#' onClick='toggleBox("stack-trace1301723496", this, "Click to show all stack frames", "Click to hide stack frames")'>Click to show all stack frames</a>
<div class='stack-trace' id='stack-trace1301723496'><pre>java.lang.RuntimeException: FAILED
	at utils.Reporter.reportStep(Reporter.java:28)
	at wrappers.GenericWrappers.clickWrapper(GenericWrappers.java:376)
	at wrappers.GenericWrappers.clickByXpath(GenericWrappers.java:761)
	at pages.ManageCardsPage.ClickSplashLogo(ManageCardsPage.java:38)
	at testcases.managecards.TC33ManageCardsCardSelectionClick.ManageCardsCardSelection(TC33ManageCardsCardSelectionClick.java:33)
	at sun.reflect.NativeMethodAccessorImpl.invoke0(Native Method)
	at sun.reflect.NativeMethodAccessorImpl.invoke(Unknown Source)
	at sun.reflect.DelegatingMethodAccessorImpl.invoke(Unknown Source)
	at java.lang.reflect.Method.invoke(Unknown Source)
	at org.testng.internal.MethodInvocationHelper.invokeMethod(MethodInvocationHelper.java:135)
	at org.testng.internal.TestInvoker.invokeMethod(TestInvoker.java:598)
	at org.testng.internal.TestInvoker.invokeTestMethod(TestInvoker.java:174)
	at org.testng.internal.MethodRunner.runInSequence(MethodRunner.java:46)
	at org.testng.internal.TestInvoker$MethodInvocationAgent.invoke(TestInvoker.java:821)
	at org.testng.internal.TestInvoker.invokeTestMethods(TestInvoker.java:147)
	at org.testng.internal.TestMethodWorker.invokeTestMethods(TestMethodWorker.java:146)
	at org.testng.internal.TestMethodWorker.run(TestMethodWorker.java:128)
	at java.util.ArrayList.forEach(Unknown Source)
	at org.testng.TestRunner.privateRun(TestRunner.java:767)
	at org.testng.TestRunner.run(TestRunner.java:588)
	at org.testng.SuiteRunner.runTest(SuiteRunner.java:384)
	at org.testng.SuiteRunner.runSequentially(SuiteRunner.java:378)
	at org.testng.SuiteRunner.privateRun(SuiteRunner.java:337)
	at org.testng.SuiteRunner.run(SuiteRunner.java:286)
	at org.testng.SuiteRunnerWorker.runSuite(SuiteRunnerWorker.java:53)
	at org.testng.SuiteRunnerWorker.run(SuiteRunnerWorker.java:96)
	at org.testng.TestNG.runSuitesSequentially(TestNG.java:1214)
	at org.testng.TestNG.runSuitesLocally(TestNG.java:1136)
	at org.testng.TestNG.runSuites(TestNG.java:1066)
	at org.testng.TestNG.run(TestNG.java:1034)
	at org.testng.remote.AbstractRemoteTestNG.run(AbstractRemoteTestNG.java:115)
	at org.testng.remote.RemoteTestNG.initAndRun(RemoteTestNG.java:251)
	at org.testng.remote.RemoteTestNG.main(RemoteTestNG.java:77)
</pre></div></td>
<td>23</td>
<td>testcases.managecards.TC33ManageCardsCardSelectionClick@31f924f5</td></tr>
<tr>
<td title='testcases.managecards.TC13ManageCardsIsthereanythingelseCheckinBlockCancellationMessage.ManageCardsIsthereanythingelseCheckinBlockCancellationMessage()'><b>ManageCardsIsthereanythingelseCheckinBlockCancellationMessage</b><br>Test class: testcases.managecards.TC13ManageCardsIsthereanythingelseCheckinBlockCancellationMessage</td>
<td><div><pre>java.lang.RuntimeException: FAILED
	at utils.Reporter.reportStep(Reporter.java:28)
	at wrappers.GenericWrappers.verifyTextByXpath(GenericWrappers.java:475)
	at pages.ManageCardsPage.VerifyManageCardClientMessage(ManageCardsPage.java:186)
	at testcases.managecards.TC13ManageCardsIsthereanythingelseCheckinBlockCancellationMessage.ManageCardsIsthereanythingelseCheckinBlockCancellationMessage(TC13ManageCardsIsthereanythingelseCheckinBlockCancellationMessage.java:53)
	at java.util.ArrayList.forEach(Unknown Source)
... Removed 27 stack frames</pre></div><a href='#' onClick='toggleBox("stack-trace1372725646", this, "Click to show all stack frames", "Click to hide stack frames")'>Click to show all stack frames</a>
<div class='stack-trace' id='stack-trace1372725646'><pre>java.lang.RuntimeException: FAILED
	at utils.Reporter.reportStep(Reporter.java:28)
	at wrappers.GenericWrappers.verifyTextByXpath(GenericWrappers.java:475)
	at pages.ManageCardsPage.VerifyManageCardClientMessage(ManageCardsPage.java:186)
	at testcases.managecards.TC13ManageCardsIsthereanythingelseCheckinBlockCancellationMessage.ManageCardsIsthereanythingelseCheckinBlockCancellationMessage(TC13ManageCardsIsthereanythingelseCheckinBlockCancellationMessage.java:53)
	at sun.reflect.NativeMethodAccessorImpl.invoke0(Native Method)
	at sun.reflect.NativeMethodAccessorImpl.invoke(Unknown Source)
	at sun.reflect.DelegatingMethodAccessorImpl.invoke(Unknown Source)
	at java.lang.reflect.Method.invoke(Unknown Source)
	at org.testng.internal.MethodInvocationHelper.invokeMethod(MethodInvocationHelper.java:135)
	at org.testng.internal.TestInvoker.invokeMethod(TestInvoker.java:598)
	at org.testng.internal.TestInvoker.invokeTestMethod(TestInvoker.java:174)
	at org.testng.internal.MethodRunner.runInSequence(MethodRunner.java:46)
	at org.testng.internal.TestInvoker$MethodInvocationAgent.invoke(TestInvoker.java:821)
	at org.testng.internal.TestInvoker.invokeTestMethods(TestInvoker.java:147)
	at org.testng.internal.TestMethodWorker.invokeTestMethods(TestMethodWorker.java:146)
	at org.testng.internal.TestMethodWorker.run(TestMethodWorker.java:128)
	at java.util.ArrayList.forEach(Unknown Source)
	at org.testng.TestRunner.privateRun(TestRunner.java:767)
	at org.testng.TestRunner.run(TestRunner.java:588)
	at org.testng.SuiteRunner.runTest(SuiteRunner.java:384)
	at org.testng.SuiteRunner.runSequentially(SuiteRunner.java:378)
	at org.testng.SuiteRunner.privateRun(SuiteRunner.java:337)
	at org.testng.SuiteRunner.run(SuiteRunner.java:286)
	at org.testng.SuiteRunnerWorker.runSuite(SuiteRunnerWorker.java:53)
	at org.testng.SuiteRunnerWorker.run(SuiteRunnerWorker.java:96)
	at org.testng.TestNG.runSuitesSequentially(TestNG.java:1214)
	at org.testng.TestNG.runSuitesLocally(TestNG.java:1136)
	at org.testng.TestNG.runSuites(TestNG.java:1066)
	at org.testng.TestNG.run(TestNG.java:1034)
	at org.testng.remote.AbstractRemoteTestNG.run(AbstractRemoteTestNG.java:115)
	at org.testng.remote.RemoteTestNG.initAndRun(RemoteTestNG.java:251)
	at org.testng.remote.RemoteTestNG.main(RemoteTestNG.java:77)
</pre></div></td>
<td>68</td>
<td>testcases.managecards.TC13ManageCardsIsthereanythingelseCheckinBlockCancellationMessage@646007f4</td></tr>
<tr>
<td title='testcases.managecards.TC41ManageCardsUnblockCancellationMessage.ManageCardsUnblockCancellationMessage()'><b>ManageCardsUnblockCancellationMessage</b><br>Test class: testcases.managecards.TC41ManageCardsUnblockCancellationMessage</td>
<td><div><pre>java.lang.RuntimeException: FAILED
	at utils.Reporter.reportStep(Reporter.java:28)
	at wrappers.GenericWrappers.verifyTextByXpath(GenericWrappers.java:475)
	at pages.ManageCardsPage.VerifyManageCardClientMessage(ManageCardsPage.java:186)
	at testcases.managecards.TC41ManageCardsUnblockCancellationMessage.ManageCardsUnblockCancellationMessage(TC41ManageCardsUnblockCancellationMessage.java:54)
	at java.util.ArrayList.forEach(Unknown Source)
... Removed 27 stack frames</pre></div><a href='#' onClick='toggleBox("stack-trace943121084", this, "Click to show all stack frames", "Click to hide stack frames")'>Click to show all stack frames</a>
<div class='stack-trace' id='stack-trace943121084'><pre>java.lang.RuntimeException: FAILED
	at utils.Reporter.reportStep(Reporter.java:28)
	at wrappers.GenericWrappers.verifyTextByXpath(GenericWrappers.java:475)
	at pages.ManageCardsPage.VerifyManageCardClientMessage(ManageCardsPage.java:186)
	at testcases.managecards.TC41ManageCardsUnblockCancellationMessage.ManageCardsUnblockCancellationMessage(TC41ManageCardsUnblockCancellationMessage.java:54)
	at sun.reflect.NativeMethodAccessorImpl.invoke0(Native Method)
	at sun.reflect.NativeMethodAccessorImpl.invoke(Unknown Source)
	at sun.reflect.DelegatingMethodAccessorImpl.invoke(Unknown Source)
	at java.lang.reflect.Method.invoke(Unknown Source)
	at org.testng.internal.MethodInvocationHelper.invokeMethod(MethodInvocationHelper.java:135)
	at org.testng.internal.TestInvoker.invokeMethod(TestInvoker.java:598)
	at org.testng.internal.TestInvoker.invokeTestMethod(TestInvoker.java:174)
	at org.testng.internal.MethodRunner.runInSequence(MethodRunner.java:46)
	at org.testng.internal.TestInvoker$MethodInvocationAgent.invoke(TestInvoker.java:821)
	at org.testng.internal.TestInvoker.invokeTestMethods(TestInvoker.java:147)
	at org.testng.internal.TestMethodWorker.invokeTestMethods(TestMethodWorker.java:146)
	at org.testng.internal.TestMethodWorker.run(TestMethodWorker.java:128)
	at java.util.ArrayList.forEach(Unknown Source)
	at org.testng.TestRunner.privateRun(TestRunner.java:767)
	at org.testng.TestRunner.run(TestRunner.java:588)
	at org.testng.SuiteRunner.runTest(SuiteRunner.java:384)
	at org.testng.SuiteRunner.runSequentially(SuiteRunner.java:378)
	at org.testng.SuiteRunner.privateRun(SuiteRunner.java:337)
	at org.testng.SuiteRunner.run(SuiteRunner.java:286)
	at org.testng.SuiteRunnerWorker.runSuite(SuiteRunnerWorker.java:53)
	at org.testng.SuiteRunnerWorker.run(SuiteRunnerWorker.java:96)
	at org.testng.TestNG.runSuitesSequentially(TestNG.java:1214)
	at org.testng.TestNG.runSuitesLocally(TestNG.java:1136)
	at org.testng.TestNG.runSuites(TestNG.java:1066)
	at org.testng.TestNG.run(TestNG.java:1034)
	at org.testng.remote.AbstractRemoteTestNG.run(AbstractRemoteTestNG.java:115)
	at org.testng.remote.RemoteTestNG.initAndRun(RemoteTestNG.java:251)
	at org.testng.remote.RemoteTestNG.main(RemoteTestNG.java:77)
</pre></div></td>
<td>100</td>
<td>testcases.managecards.TC41ManageCardsUnblockCancellationMessage@7a36aefa</td></tr>
<tr>
<td title='testcases.managecards.TC42ManageCardsIsthereanythingelseCheckinUnblockSuccessfulMessage.ManageCardsUnblockCancellationMessage()'><b>ManageCardsUnblockCancellationMessage</b><br>Test class: testcases.managecards.TC42ManageCardsIsthereanythingelseCheckinUnblockSuccessfulMessage</td>
<td><div><pre>java.lang.RuntimeException: FAILED
	at utils.Reporter.reportStep(Reporter.java:28)
	at wrappers.GenericWrappers.verifyElementisPresent(GenericWrappers.java:1164)
	at pages.ManageCardsPage.VerifyCardIsPresent(ManageCardsPage.java:221)
	at testcases.managecards.TC42ManageCardsIsthereanythingelseCheckinUnblockSuccessfulMessage.ManageCardsUnblockCancellationMessage(TC42ManageCardsIsthereanythingelseCheckinUnblockSuccessfulMessage.java:40)
	at java.util.ArrayList.forEach(Unknown Source)
... Removed 27 stack frames</pre></div><a href='#' onClick='toggleBox("stack-trace2095985600", this, "Click to show all stack frames", "Click to hide stack frames")'>Click to show all stack frames</a>
<div class='stack-trace' id='stack-trace2095985600'><pre>java.lang.RuntimeException: FAILED
	at utils.Reporter.reportStep(Reporter.java:28)
	at wrappers.GenericWrappers.verifyElementisPresent(GenericWrappers.java:1164)
	at pages.ManageCardsPage.VerifyCardIsPresent(ManageCardsPage.java:221)
	at testcases.managecards.TC42ManageCardsIsthereanythingelseCheckinUnblockSuccessfulMessage.ManageCardsUnblockCancellationMessage(TC42ManageCardsIsthereanythingelseCheckinUnblockSuccessfulMessage.java:40)
	at sun.reflect.NativeMethodAccessorImpl.invoke0(Native Method)
	at sun.reflect.NativeMethodAccessorImpl.invoke(Unknown Source)
	at sun.reflect.DelegatingMethodAccessorImpl.invoke(Unknown Source)
	at java.lang.reflect.Method.invoke(Unknown Source)
	at org.testng.internal.MethodInvocationHelper.invokeMethod(MethodInvocationHelper.java:135)
	at org.testng.internal.TestInvoker.invokeMethod(TestInvoker.java:598)
	at org.testng.internal.TestInvoker.invokeTestMethod(TestInvoker.java:174)
	at org.testng.internal.MethodRunner.runInSequence(MethodRunner.java:46)
	at org.testng.internal.TestInvoker$MethodInvocationAgent.invoke(TestInvoker.java:821)
	at org.testng.internal.TestInvoker.invokeTestMethods(TestInvoker.java:147)
	at org.testng.internal.TestMethodWorker.invokeTestMethods(TestMethodWorker.java:146)
	at org.testng.internal.TestMethodWorker.run(TestMethodWorker.java:128)
	at java.util.ArrayList.forEach(Unknown Source)
	at org.testng.TestRunner.privateRun(TestRunner.java:767)
	at org.testng.TestRunner.run(TestRunner.java:588)
	at org.testng.SuiteRunner.runTest(SuiteRunner.java:384)
	at org.testng.SuiteRunner.runSequentially(SuiteRunner.java:378)
	at org.testng.SuiteRunner.privateRun(SuiteRunner.java:337)
	at org.testng.SuiteRunner.run(SuiteRunner.java:286)
	at org.testng.SuiteRunnerWorker.runSuite(SuiteRunnerWorker.java:53)
	at org.testng.SuiteRunnerWorker.run(SuiteRunnerWorker.java:96)
	at org.testng.TestNG.runSuitesSequentially(TestNG.java:1214)
	at org.testng.TestNG.runSuitesLocally(TestNG.java:1136)
	at org.testng.TestNG.runSuites(TestNG.java:1066)
	at org.testng.TestNG.run(TestNG.java:1034)
	at org.testng.remote.AbstractRemoteTestNG.run(AbstractRemoteTestNG.java:115)
	at org.testng.remote.RemoteTestNG.initAndRun(RemoteTestNG.java:251)
	at org.testng.remote.RemoteTestNG.main(RemoteTestNG.java:77)
</pre></div></td>
<td>49</td>
<td>testcases.managecards.TC42ManageCardsIsthereanythingelseCheckinUnblockSuccessfulMessage@17211155</td></tr>
<tr>
<td title='testcases.managecards.TC43ManageCardsIsthereanythingelseCheckinUnblockCancellationMessage.ManageCardsUnblockCancellationMessage()'><b>ManageCardsUnblockCancellationMessage</b><br>Test class: testcases.managecards.TC43ManageCardsIsthereanythingelseCheckinUnblockCancellationMessage</td>
<td><div><pre>java.lang.RuntimeException: FAILED
	at utils.Reporter.reportStep(Reporter.java:28)
	at wrappers.GenericWrappers.verifyElementisPresent(GenericWrappers.java:1164)
	at pages.ManageCardsPage.VerifyCardIsPresent(ManageCardsPage.java:221)
	at testcases.managecards.TC43ManageCardsIsthereanythingelseCheckinUnblockCancellationMessage.ManageCardsUnblockCancellationMessage(TC43ManageCardsIsthereanythingelseCheckinUnblockCancellationMessage.java:40)
	at java.util.ArrayList.forEach(Unknown Source)
... Removed 27 stack frames</pre></div><a href='#' onClick='toggleBox("stack-trace2042778892", this, "Click to show all stack frames", "Click to hide stack frames")'>Click to show all stack frames</a>
<div class='stack-trace' id='stack-trace2042778892'><pre>java.lang.RuntimeException: FAILED
	at utils.Reporter.reportStep(Reporter.java:28)
	at wrappers.GenericWrappers.verifyElementisPresent(GenericWrappers.java:1164)
	at pages.ManageCardsPage.VerifyCardIsPresent(ManageCardsPage.java:221)
	at testcases.managecards.TC43ManageCardsIsthereanythingelseCheckinUnblockCancellationMessage.ManageCardsUnblockCancellationMessage(TC43ManageCardsIsthereanythingelseCheckinUnblockCancellationMessage.java:40)
	at sun.reflect.NativeMethodAccessorImpl.invoke0(Native Method)
	at sun.reflect.NativeMethodAccessorImpl.invoke(Unknown Source)
	at sun.reflect.DelegatingMethodAccessorImpl.invoke(Unknown Source)
	at java.lang.reflect.Method.invoke(Unknown Source)
	at org.testng.internal.MethodInvocationHelper.invokeMethod(MethodInvocationHelper.java:135)
	at org.testng.internal.TestInvoker.invokeMethod(TestInvoker.java:598)
	at org.testng.internal.TestInvoker.invokeTestMethod(TestInvoker.java:174)
	at org.testng.internal.MethodRunner.runInSequence(MethodRunner.java:46)
	at org.testng.internal.TestInvoker$MethodInvocationAgent.invoke(TestInvoker.java:821)
	at org.testng.internal.TestInvoker.invokeTestMethods(TestInvoker.java:147)
	at org.testng.internal.TestMethodWorker.invokeTestMethods(TestMethodWorker.java:146)
	at org.testng.internal.TestMethodWorker.run(TestMethodWorker.java:128)
	at java.util.ArrayList.forEach(Unknown Source)
	at org.testng.TestRunner.privateRun(TestRunner.java:767)
	at org.testng.TestRunner.run(TestRunner.java:588)
	at org.testng.SuiteRunner.runTest(SuiteRunner.java:384)
	at org.testng.SuiteRunner.runSequentially(SuiteRunner.java:378)
	at org.testng.SuiteRunner.privateRun(SuiteRunner.java:337)
	at org.testng.SuiteRunner.run(SuiteRunner.java:286)
	at org.testng.SuiteRunnerWorker.runSuite(SuiteRunnerWorker.java:53)
	at org.testng.SuiteRunnerWorker.run(SuiteRunnerWorker.java:96)
	at org.testng.TestNG.runSuitesSequentially(TestNG.java:1214)
	at org.testng.TestNG.runSuitesLocally(TestNG.java:1136)
	at org.testng.TestNG.runSuites(TestNG.java:1066)
	at org.testng.TestNG.run(TestNG.java:1034)
	at org.testng.remote.AbstractRemoteTestNG.run(AbstractRemoteTestNG.java:115)
	at org.testng.remote.RemoteTestNG.initAndRun(RemoteTestNG.java:251)
	at org.testng.remote.RemoteTestNG.main(RemoteTestNG.java:77)
</pre></div></td>
<td>41</td>
<td>testcases.managecards.TC43ManageCardsIsthereanythingelseCheckinUnblockCancellationMessage@b3d7190</td></tr>
<tr>
<td title='testcases.managecards.TC48ManageCardsInvalidinputwhileUnblockConfirmationMessage.ManageCardsUnblockCardsSelectionbyText()'><b>ManageCardsUnblockCardsSelectionbyText</b><br>Test class: testcases.managecards.TC48ManageCardsInvalidinputwhileUnblockConfirmationMessage</td>
<td><div><pre>java.lang.RuntimeException: FAILED
	at utils.Reporter.reportStep(Reporter.java:28)
	at wrappers.GenericWrappers.verifyElementisPresent(GenericWrappers.java:1164)
	at pages.ManageCardsPage.VerifyCardIsPresent(ManageCardsPage.java:221)
	at testcases.managecards.TC48ManageCardsInvalidinputwhileUnblockConfirmationMessage.ManageCardsUnblockCardsSelectionbyText(TC48ManageCardsInvalidinputwhileUnblockConfirmationMessage.java:40)
	at java.util.ArrayList.forEach(Unknown Source)
... Removed 27 stack frames</pre></div><a href='#' onClick='toggleBox("stack-trace2137214094", this, "Click to show all stack frames", "Click to hide stack frames")'>Click to show all stack frames</a>
<div class='stack-trace' id='stack-trace2137214094'><pre>java.lang.RuntimeException: FAILED
	at utils.Reporter.reportStep(Reporter.java:28)
	at wrappers.GenericWrappers.verifyElementisPresent(GenericWrappers.java:1164)
	at pages.ManageCardsPage.VerifyCardIsPresent(ManageCardsPage.java:221)
	at testcases.managecards.TC48ManageCardsInvalidinputwhileUnblockConfirmationMessage.ManageCardsUnblockCardsSelectionbyText(TC48ManageCardsInvalidinputwhileUnblockConfirmationMessage.java:40)
	at sun.reflect.NativeMethodAccessorImpl.invoke0(Native Method)
	at sun.reflect.NativeMethodAccessorImpl.invoke(Unknown Source)
	at sun.reflect.DelegatingMethodAccessorImpl.invoke(Unknown Source)
	at java.lang.reflect.Method.invoke(Unknown Source)
	at org.testng.internal.MethodInvocationHelper.invokeMethod(MethodInvocationHelper.java:135)
	at org.testng.internal.TestInvoker.invokeMethod(TestInvoker.java:598)
	at org.testng.internal.TestInvoker.invokeTestMethod(TestInvoker.java:174)
	at org.testng.internal.MethodRunner.runInSequence(MethodRunner.java:46)
	at org.testng.internal.TestInvoker$MethodInvocationAgent.invoke(TestInvoker.java:821)
	at org.testng.internal.TestInvoker.invokeTestMethods(TestInvoker.java:147)
	at org.testng.internal.TestMethodWorker.invokeTestMethods(TestMethodWorker.java:146)
	at org.testng.internal.TestMethodWorker.run(TestMethodWorker.java:128)
	at java.util.ArrayList.forEach(Unknown Source)
	at org.testng.TestRunner.privateRun(TestRunner.java:767)
	at org.testng.TestRunner.run(TestRunner.java:588)
	at org.testng.SuiteRunner.runTest(SuiteRunner.java:384)
	at org.testng.SuiteRunner.runSequentially(SuiteRunner.java:378)
	at org.testng.SuiteRunner.privateRun(SuiteRunner.java:337)
	at org.testng.SuiteRunner.run(SuiteRunner.java:286)
	at org.testng.SuiteRunnerWorker.runSuite(SuiteRunnerWorker.java:53)
	at org.testng.SuiteRunnerWorker.run(SuiteRunnerWorker.java:96)
	at org.testng.TestNG.runSuitesSequentially(TestNG.java:1214)
	at org.testng.TestNG.runSuitesLocally(TestNG.java:1136)
	at org.testng.TestNG.runSuites(TestNG.java:1066)
	at org.testng.TestNG.run(TestNG.java:1034)
	at org.testng.remote.AbstractRemoteTestNG.run(AbstractRemoteTestNG.java:115)
	at org.testng.remote.RemoteTestNG.initAndRun(RemoteTestNG.java:251)
	at org.testng.remote.RemoteTestNG.main(RemoteTestNG.java:77)
</pre></div></td>
<td>54</td>
<td>testcases.managecards.TC48ManageCardsInvalidinputwhileUnblockConfirmationMessage@6dde5c8c</td></tr>
<tr>
<td title='testcases.managecards.TC50ManageCardsUnblockCreditCard.ManageCardsUnblockCreditCard()'><b>ManageCardsUnblockCreditCard</b><br>Test class: testcases.managecards.TC50ManageCardsUnblockCreditCard</td>
<td><div><pre>java.lang.RuntimeException: FAILED
	at utils.Reporter.reportStep(Reporter.java:28)
	at wrappers.GenericWrappers.verifyElementisPresent(GenericWrappers.java:1164)
	at pages.ManageCardsPage.VerifyCardIsPresent(ManageCardsPage.java:221)
	at testcases.managecards.TC50ManageCardsUnblockCreditCard.ManageCardsUnblockCreditCard(TC50ManageCardsUnblockCreditCard.java:40)
	at java.util.ArrayList.forEach(Unknown Source)
... Removed 27 stack frames</pre></div><a href='#' onClick='toggleBox("stack-trace394372681", this, "Click to show all stack frames", "Click to hide stack frames")'>Click to show all stack frames</a>
<div class='stack-trace' id='stack-trace394372681'><pre>java.lang.RuntimeException: FAILED
	at utils.Reporter.reportStep(Reporter.java:28)
	at wrappers.GenericWrappers.verifyElementisPresent(GenericWrappers.java:1164)
	at pages.ManageCardsPage.VerifyCardIsPresent(ManageCardsPage.java:221)
	at testcases.managecards.TC50ManageCardsUnblockCreditCard.ManageCardsUnblockCreditCard(TC50ManageCardsUnblockCreditCard.java:40)
	at sun.reflect.NativeMethodAccessorImpl.invoke0(Native Method)
	at sun.reflect.NativeMethodAccessorImpl.invoke(Unknown Source)
	at sun.reflect.DelegatingMethodAccessorImpl.invoke(Unknown Source)
	at java.lang.reflect.Method.invoke(Unknown Source)
	at org.testng.internal.MethodInvocationHelper.invokeMethod(MethodInvocationHelper.java:135)
	at org.testng.internal.TestInvoker.invokeMethod(TestInvoker.java:598)
	at org.testng.internal.TestInvoker.invokeTestMethod(TestInvoker.java:174)
	at org.testng.internal.MethodRunner.runInSequence(MethodRunner.java:46)
	at org.testng.internal.TestInvoker$MethodInvocationAgent.invoke(TestInvoker.java:821)
	at org.testng.internal.TestInvoker.invokeTestMethods(TestInvoker.java:147)
	at org.testng.internal.TestMethodWorker.invokeTestMethods(TestMethodWorker.java:146)
	at org.testng.internal.TestMethodWorker.run(TestMethodWorker.java:128)
	at java.util.ArrayList.forEach(Unknown Source)
	at org.testng.TestRunner.privateRun(TestRunner.java:767)
	at org.testng.TestRunner.run(TestRunner.java:588)
	at org.testng.SuiteRunner.runTest(SuiteRunner.java:384)
	at org.testng.SuiteRunner.runSequentially(SuiteRunner.java:378)
	at org.testng.SuiteRunner.privateRun(SuiteRunner.java:337)
	at org.testng.SuiteRunner.run(SuiteRunner.java:286)
	at org.testng.SuiteRunnerWorker.runSuite(SuiteRunnerWorker.java:53)
	at org.testng.SuiteRunnerWorker.run(SuiteRunnerWorker.java:96)
	at org.testng.TestNG.runSuitesSequentially(TestNG.java:1214)
	at org.testng.TestNG.runSuitesLocally(TestNG.java:1136)
	at org.testng.TestNG.runSuites(TestNG.java:1066)
	at org.testng.TestNG.run(TestNG.java:1034)
	at org.testng.remote.AbstractRemoteTestNG.run(AbstractRemoteTestNG.java:115)
	at org.testng.remote.RemoteTestNG.initAndRun(RemoteTestNG.java:251)
	at org.testng.remote.RemoteTestNG.main(RemoteTestNG.java:77)
</pre></div></td>
<td>41</td>
<td>testcases.managecards.TC50ManageCardsUnblockCreditCard@52525845</td></tr>
<tr>
<td title='testcases.managecards.TC51ManageCardsUnBlockCreditCardWhenUserhaveOneCreditcard.ManageCardsUnblockCreditCard()'><b>ManageCardsUnblockCreditCard</b><br>Test class: testcases.managecards.TC51ManageCardsUnBlockCreditCardWhenUserhaveOneCreditcard</td>
<td><div><pre>java.lang.RuntimeException: FAILED
	at utils.Reporter.reportStep(Reporter.java:28)
	at wrappers.GenericWrappers.verifyElementisPresent(GenericWrappers.java:1164)
	at pages.ManageCardsPage.VerifyCardIsPresent(ManageCardsPage.java:221)
	at testcases.managecards.TC51ManageCardsUnBlockCreditCardWhenUserhaveOneCreditcard.ManageCardsUnblockCreditCard(TC51ManageCardsUnBlockCreditCardWhenUserhaveOneCreditcard.java:40)
	at java.util.ArrayList.forEach(Unknown Source)
... Removed 27 stack frames</pre></div><a href='#' onClick='toggleBox("stack-trace1329092780", this, "Click to show all stack frames", "Click to hide stack frames")'>Click to show all stack frames</a>
<div class='stack-trace' id='stack-trace1329092780'><pre>java.lang.RuntimeException: FAILED
	at utils.Reporter.reportStep(Reporter.java:28)
	at wrappers.GenericWrappers.verifyElementisPresent(GenericWrappers.java:1164)
	at pages.ManageCardsPage.VerifyCardIsPresent(ManageCardsPage.java:221)
	at testcases.managecards.TC51ManageCardsUnBlockCreditCardWhenUserhaveOneCreditcard.ManageCardsUnblockCreditCard(TC51ManageCardsUnBlockCreditCardWhenUserhaveOneCreditcard.java:40)
	at sun.reflect.NativeMethodAccessorImpl.invoke0(Native Method)
	at sun.reflect.NativeMethodAccessorImpl.invoke(Unknown Source)
	at sun.reflect.DelegatingMethodAccessorImpl.invoke(Unknown Source)
	at java.lang.reflect.Method.invoke(Unknown Source)
	at org.testng.internal.MethodInvocationHelper.invokeMethod(MethodInvocationHelper.java:135)
	at org.testng.internal.TestInvoker.invokeMethod(TestInvoker.java:598)
	at org.testng.internal.TestInvoker.invokeTestMethod(TestInvoker.java:174)
	at org.testng.internal.MethodRunner.runInSequence(MethodRunner.java:46)
	at org.testng.internal.TestInvoker$MethodInvocationAgent.invoke(TestInvoker.java:821)
	at org.testng.internal.TestInvoker.invokeTestMethods(TestInvoker.java:147)
	at org.testng.internal.TestMethodWorker.invokeTestMethods(TestMethodWorker.java:146)
	at org.testng.internal.TestMethodWorker.run(TestMethodWorker.java:128)
	at java.util.ArrayList.forEach(Unknown Source)
	at org.testng.TestRunner.privateRun(TestRunner.java:767)
	at org.testng.TestRunner.run(TestRunner.java:588)
	at org.testng.SuiteRunner.runTest(SuiteRunner.java:384)
	at org.testng.SuiteRunner.runSequentially(SuiteRunner.java:378)
	at org.testng.SuiteRunner.privateRun(SuiteRunner.java:337)
	at org.testng.SuiteRunner.run(SuiteRunner.java:286)
	at org.testng.SuiteRunnerWorker.runSuite(SuiteRunnerWorker.java:53)
	at org.testng.SuiteRunnerWorker.run(SuiteRunnerWorker.java:96)
	at org.testng.TestNG.runSuitesSequentially(TestNG.java:1214)
	at org.testng.TestNG.runSuitesLocally(TestNG.java:1136)
	at org.testng.TestNG.runSuites(TestNG.java:1066)
	at org.testng.TestNG.run(TestNG.java:1034)
	at org.testng.remote.AbstractRemoteTestNG.run(AbstractRemoteTestNG.java:115)
	at org.testng.remote.RemoteTestNG.initAndRun(RemoteTestNG.java:251)
	at org.testng.remote.RemoteTestNG.main(RemoteTestNG.java:77)
</pre></div></td>
<td>49</td>
<td>testcases.managecards.TC51ManageCardsUnBlockCreditCardWhenUserhaveOneCreditcard@3b94d659</td></tr>
<tr>
<td title='testcases.managecards.TC46ManageCardsInvalidinputwhileCardstoUnblockselection.ManageCardsUnblockSuccessMessage()'><b>ManageCardsUnblockSuccessMessage</b><br>Test class: testcases.managecards.TC46ManageCardsInvalidinputwhileCardstoUnblockselection</td>
<td><div><pre>java.lang.RuntimeException: FAILED
	at utils.Reporter.reportStep(Reporter.java:28)
	at wrappers.GenericWrappers.verifyElementisPresent(GenericWrappers.java:1164)
	at pages.ManageCardsPage.VerifyCardIsPresent(ManageCardsPage.java:221)
	at testcases.managecards.TC46ManageCardsInvalidinputwhileCardstoUnblockselection.ManageCardsUnblockSuccessMessage(TC46ManageCardsInvalidinputwhileCardstoUnblockselection.java:40)
	at java.util.ArrayList.forEach(Unknown Source)
... Removed 27 stack frames</pre></div><a href='#' onClick='toggleBox("stack-trace796119731", this, "Click to show all stack frames", "Click to hide stack frames")'>Click to show all stack frames</a>
<div class='stack-trace' id='stack-trace796119731'><pre>java.lang.RuntimeException: FAILED
	at utils.Reporter.reportStep(Reporter.java:28)
	at wrappers.GenericWrappers.verifyElementisPresent(GenericWrappers.java:1164)
	at pages.ManageCardsPage.VerifyCardIsPresent(ManageCardsPage.java:221)
	at testcases.managecards.TC46ManageCardsInvalidinputwhileCardstoUnblockselection.ManageCardsUnblockSuccessMessage(TC46ManageCardsInvalidinputwhileCardstoUnblockselection.java:40)
	at sun.reflect.NativeMethodAccessorImpl.invoke0(Native Method)
	at sun.reflect.NativeMethodAccessorImpl.invoke(Unknown Source)
	at sun.reflect.DelegatingMethodAccessorImpl.invoke(Unknown Source)
	at java.lang.reflect.Method.invoke(Unknown Source)
	at org.testng.internal.MethodInvocationHelper.invokeMethod(MethodInvocationHelper.java:135)
	at org.testng.internal.TestInvoker.invokeMethod(TestInvoker.java:598)
	at org.testng.internal.TestInvoker.invokeTestMethod(TestInvoker.java:174)
	at org.testng.internal.MethodRunner.runInSequence(MethodRunner.java:46)
	at org.testng.internal.TestInvoker$MethodInvocationAgent.invoke(TestInvoker.java:821)
	at org.testng.internal.TestInvoker.invokeTestMethods(TestInvoker.java:147)
	at org.testng.internal.TestMethodWorker.invokeTestMethods(TestMethodWorker.java:146)
	at org.testng.internal.TestMethodWorker.run(TestMethodWorker.java:128)
	at java.util.ArrayList.forEach(Unknown Source)
	at org.testng.TestRunner.privateRun(TestRunner.java:767)
	at org.testng.TestRunner.run(TestRunner.java:588)
	at org.testng.SuiteRunner.runTest(SuiteRunner.java:384)
	at org.testng.SuiteRunner.runSequentially(SuiteRunner.java:378)
	at org.testng.SuiteRunner.privateRun(SuiteRunner.java:337)
	at org.testng.SuiteRunner.run(SuiteRunner.java:286)
	at org.testng.SuiteRunnerWorker.runSuite(SuiteRunnerWorker.java:53)
	at org.testng.SuiteRunnerWorker.run(SuiteRunnerWorker.java:96)
	at org.testng.TestNG.runSuitesSequentially(TestNG.java:1214)
	at org.testng.TestNG.runSuitesLocally(TestNG.java:1136)
	at org.testng.TestNG.runSuites(TestNG.java:1066)
	at org.testng.TestNG.run(TestNG.java:1034)
	at org.testng.remote.AbstractRemoteTestNG.run(AbstractRemoteTestNG.java:115)
	at org.testng.remote.RemoteTestNG.initAndRun(RemoteTestNG.java:251)
	at org.testng.remote.RemoteTestNG.main(RemoteTestNG.java:77)
</pre></div></td>
<td>40</td>
<td>testcases.managecards.TC46ManageCardsInvalidinputwhileCardstoUnblockselection@fe18270</td></tr>
<tr>
<td title='testcases.managecards.TC47ManageCardsTwoConsecutiveWrongEntryinCardstoUnblockselection.ManageCardsUnblockSuccessMessage()'><b>ManageCardsUnblockSuccessMessage</b><br>Test class: testcases.managecards.TC47ManageCardsTwoConsecutiveWrongEntryinCardstoUnblockselection</td>
<td><div><pre>java.lang.RuntimeException: FAILED
	at utils.Reporter.reportStep(Reporter.java:28)
	at wrappers.GenericWrappers.verifyElementisPresent(GenericWrappers.java:1164)
	at pages.ManageCardsPage.VerifyCardIsPresent(ManageCardsPage.java:221)
	at testcases.managecards.TC47ManageCardsTwoConsecutiveWrongEntryinCardstoUnblockselection.ManageCardsUnblockSuccessMessage(TC47ManageCardsTwoConsecutiveWrongEntryinCardstoUnblockselection.java:40)
	at java.util.ArrayList.forEach(Unknown Source)
... Removed 27 stack frames</pre></div><a href='#' onClick='toggleBox("stack-trace416945359", this, "Click to show all stack frames", "Click to hide stack frames")'>Click to show all stack frames</a>
<div class='stack-trace' id='stack-trace416945359'><pre>java.lang.RuntimeException: FAILED
	at utils.Reporter.reportStep(Reporter.java:28)
	at wrappers.GenericWrappers.verifyElementisPresent(GenericWrappers.java:1164)
	at pages.ManageCardsPage.VerifyCardIsPresent(ManageCardsPage.java:221)
	at testcases.managecards.TC47ManageCardsTwoConsecutiveWrongEntryinCardstoUnblockselection.ManageCardsUnblockSuccessMessage(TC47ManageCardsTwoConsecutiveWrongEntryinCardstoUnblockselection.java:40)
	at sun.reflect.NativeMethodAccessorImpl.invoke0(Native Method)
	at sun.reflect.NativeMethodAccessorImpl.invoke(Unknown Source)
	at sun.reflect.DelegatingMethodAccessorImpl.invoke(Unknown Source)
	at java.lang.reflect.Method.invoke(Unknown Source)
	at org.testng.internal.MethodInvocationHelper.invokeMethod(MethodInvocationHelper.java:135)
	at org.testng.internal.TestInvoker.invokeMethod(TestInvoker.java:598)
	at org.testng.internal.TestInvoker.invokeTestMethod(TestInvoker.java:174)
	at org.testng.internal.MethodRunner.runInSequence(MethodRunner.java:46)
	at org.testng.internal.TestInvoker$MethodInvocationAgent.invoke(TestInvoker.java:821)
	at org.testng.internal.TestInvoker.invokeTestMethods(TestInvoker.java:147)
	at org.testng.internal.TestMethodWorker.invokeTestMethods(TestMethodWorker.java:146)
	at org.testng.internal.TestMethodWorker.run(TestMethodWorker.java:128)
	at java.util.ArrayList.forEach(Unknown Source)
	at org.testng.TestRunner.privateRun(TestRunner.java:767)
	at org.testng.TestRunner.run(TestRunner.java:588)
	at org.testng.SuiteRunner.runTest(SuiteRunner.java:384)
	at org.testng.SuiteRunner.runSequentially(SuiteRunner.java:378)
	at org.testng.SuiteRunner.privateRun(SuiteRunner.java:337)
	at org.testng.SuiteRunner.run(SuiteRunner.java:286)
	at org.testng.SuiteRunnerWorker.runSuite(SuiteRunnerWorker.java:53)
	at org.testng.SuiteRunnerWorker.run(SuiteRunnerWorker.java:96)
	at org.testng.TestNG.runSuitesSequentially(TestNG.java:1214)
	at org.testng.TestNG.runSuitesLocally(TestNG.java:1136)
	at org.testng.TestNG.runSuites(TestNG.java:1066)
	at org.testng.TestNG.run(TestNG.java:1034)
	at org.testng.remote.AbstractRemoteTestNG.run(AbstractRemoteTestNG.java:115)
	at org.testng.remote.RemoteTestNG.initAndRun(RemoteTestNG.java:251)
	at org.testng.remote.RemoteTestNG.main(RemoteTestNG.java:77)
</pre></div></td>
<td>46</td>
<td>testcases.managecards.TC47ManageCardsTwoConsecutiveWrongEntryinCardstoUnblockselection@6fb0d3ed</td></tr>
<tr>
<td title='testcases.managecards.TC49ManageCardsTwoConsecutiveWrongEntryinUnBlockConfirmationMessage.ManageCardsUnblockSuccessMessage()'><b>ManageCardsUnblockSuccessMessage</b><br>Test class: testcases.managecards.TC49ManageCardsTwoConsecutiveWrongEntryinUnBlockConfirmationMessage</td>
<td><div><pre>java.lang.RuntimeException: FAILED
	at utils.Reporter.reportStep(Reporter.java:28)
	at wrappers.GenericWrappers.verifyElementisPresent(GenericWrappers.java:1164)
	at pages.ManageCardsPage.VerifyCardIsPresent(ManageCardsPage.java:221)
	at testcases.managecards.TC49ManageCardsTwoConsecutiveWrongEntryinUnBlockConfirmationMessage.ManageCardsUnblockSuccessMessage(TC49ManageCardsTwoConsecutiveWrongEntryinUnBlockConfirmationMessage.java:40)
	at java.util.ArrayList.forEach(Unknown Source)
... Removed 27 stack frames</pre></div><a href='#' onClick='toggleBox("stack-trace1169096408", this, "Click to show all stack frames", "Click to hide stack frames")'>Click to show all stack frames</a>
<div class='stack-trace' id='stack-trace1169096408'><pre>java.lang.RuntimeException: FAILED
	at utils.Reporter.reportStep(Reporter.java:28)
	at wrappers.GenericWrappers.verifyElementisPresent(GenericWrappers.java:1164)
	at pages.ManageCardsPage.VerifyCardIsPresent(ManageCardsPage.java:221)
	at testcases.managecards.TC49ManageCardsTwoConsecutiveWrongEntryinUnBlockConfirmationMessage.ManageCardsUnblockSuccessMessage(TC49ManageCardsTwoConsecutiveWrongEntryinUnBlockConfirmationMessage.java:40)
	at sun.reflect.NativeMethodAccessorImpl.invoke0(Native Method)
	at sun.reflect.NativeMethodAccessorImpl.invoke(Unknown Source)
	at sun.reflect.DelegatingMethodAccessorImpl.invoke(Unknown Source)
	at java.lang.reflect.Method.invoke(Unknown Source)
	at org.testng.internal.MethodInvocationHelper.invokeMethod(MethodInvocationHelper.java:135)
	at org.testng.internal.TestInvoker.invokeMethod(TestInvoker.java:598)
	at org.testng.internal.TestInvoker.invokeTestMethod(TestInvoker.java:174)
	at org.testng.internal.MethodRunner.runInSequence(MethodRunner.java:46)
	at org.testng.internal.TestInvoker$MethodInvocationAgent.invoke(TestInvoker.java:821)
	at org.testng.internal.TestInvoker.invokeTestMethods(TestInvoker.java:147)
	at org.testng.internal.TestMethodWorker.invokeTestMethods(TestMethodWorker.java:146)
	at org.testng.internal.TestMethodWorker.run(TestMethodWorker.java:128)
	at java.util.ArrayList.forEach(Unknown Source)
	at org.testng.TestRunner.privateRun(TestRunner.java:767)
	at org.testng.TestRunner.run(TestRunner.java:588)
	at org.testng.SuiteRunner.runTest(SuiteRunner.java:384)
	at org.testng.SuiteRunner.runSequentially(SuiteRunner.java:378)
	at org.testng.SuiteRunner.privateRun(SuiteRunner.java:337)
	at org.testng.SuiteRunner.run(SuiteRunner.java:286)
	at org.testng.SuiteRunnerWorker.runSuite(SuiteRunnerWorker.java:53)
	at org.testng.SuiteRunnerWorker.run(SuiteRunnerWorker.java:96)
	at org.testng.TestNG.runSuitesSequentially(TestNG.java:1214)
	at org.testng.TestNG.runSuitesLocally(TestNG.java:1136)
	at org.testng.TestNG.runSuites(TestNG.java:1066)
	at org.testng.TestNG.run(TestNG.java:1034)
	at org.testng.remote.AbstractRemoteTestNG.run(AbstractRemoteTestNG.java:115)
	at org.testng.remote.RemoteTestNG.initAndRun(RemoteTestNG.java:251)
	at org.testng.remote.RemoteTestNG.main(RemoteTestNG.java:77)
</pre></div></td>
<td>53</td>
<td>testcases.managecards.TC49ManageCardsTwoConsecutiveWrongEntryinUnBlockConfirmationMessage@5123a213</td></tr>
<tr>
<td title='testcases.managecards.TC32ManageCardsValidaitonMessageDisplayforUserNOThavingCardstoBlock.ManageCardsValidaitonMessageDisplayforUserNOThavingCardstoBlock()'><b>ManageCardsValidaitonMessageDisplayforUserNOThavingCardstoBlock</b><br>Test class: testcases.managecards.TC32ManageCardsValidaitonMessageDisplayforUserNOThavingCardstoBlock</td>
<td><div><pre>java.lang.RuntimeException: FAILED
	at utils.Reporter.reportStep(Reporter.java:28)
	at wrappers.GenericWrappers.clickWrapper(GenericWrappers.java:376)
	at wrappers.GenericWrappers.clickByXpath(GenericWrappers.java:761)
	at pages.ManageCardsPage.clickConfirmButton(ManageCardsPage.java:136)
	at testcases.managecards.TC32ManageCardsValidaitonMessageDisplayforUserNOThavingCardstoBlock.ManageCardsValidaitonMessageDisplayforUserNOThavingCardstoBlock(TC32ManageCardsValidaitonMessageDisplayforUserNOThavingCardstoBlock.java:55)
	at java.util.ArrayList.forEach(Unknown Source)
... Removed 27 stack frames</pre></div><a href='#' onClick='toggleBox("stack-trace419851903", this, "Click to show all stack frames", "Click to hide stack frames")'>Click to show all stack frames</a>
<div class='stack-trace' id='stack-trace419851903'><pre>java.lang.RuntimeException: FAILED
	at utils.Reporter.reportStep(Reporter.java:28)
	at wrappers.GenericWrappers.clickWrapper(GenericWrappers.java:376)
	at wrappers.GenericWrappers.clickByXpath(GenericWrappers.java:761)
	at pages.ManageCardsPage.clickConfirmButton(ManageCardsPage.java:136)
	at testcases.managecards.TC32ManageCardsValidaitonMessageDisplayforUserNOThavingCardstoBlock.ManageCardsValidaitonMessageDisplayforUserNOThavingCardstoBlock(TC32ManageCardsValidaitonMessageDisplayforUserNOThavingCardstoBlock.java:55)
	at sun.reflect.NativeMethodAccessorImpl.invoke0(Native Method)
	at sun.reflect.NativeMethodAccessorImpl.invoke(Unknown Source)
	at sun.reflect.DelegatingMethodAccessorImpl.invoke(Unknown Source)
	at java.lang.reflect.Method.invoke(Unknown Source)
	at org.testng.internal.MethodInvocationHelper.invokeMethod(MethodInvocationHelper.java:135)
	at org.testng.internal.TestInvoker.invokeMethod(TestInvoker.java:598)
	at org.testng.internal.TestInvoker.invokeTestMethod(TestInvoker.java:174)
	at org.testng.internal.MethodRunner.runInSequence(MethodRunner.java:46)
	at org.testng.internal.TestInvoker$MethodInvocationAgent.invoke(TestInvoker.java:821)
	at org.testng.internal.TestInvoker.invokeTestMethods(TestInvoker.java:147)
	at org.testng.internal.TestMethodWorker.invokeTestMethods(TestMethodWorker.java:146)
	at org.testng.internal.TestMethodWorker.run(TestMethodWorker.java:128)
	at java.util.ArrayList.forEach(Unknown Source)
	at org.testng.TestRunner.privateRun(TestRunner.java:767)
	at org.testng.TestRunner.run(TestRunner.java:588)
	at org.testng.SuiteRunner.runTest(SuiteRunner.java:384)
	at org.testng.SuiteRunner.runSequentially(SuiteRunner.java:378)
	at org.testng.SuiteRunner.privateRun(SuiteRunner.java:337)
	at org.testng.SuiteRunner.run(SuiteRunner.java:286)
	at org.testng.SuiteRunnerWorker.runSuite(SuiteRunnerWorker.java:53)
	at org.testng.SuiteRunnerWorker.run(SuiteRunnerWorker.java:96)
	at org.testng.TestNG.runSuitesSequentially(TestNG.java:1214)
	at org.testng.TestNG.runSuitesLocally(TestNG.java:1136)
	at org.testng.TestNG.runSuites(TestNG.java:1066)
	at org.testng.TestNG.run(TestNG.java:1034)
	at org.testng.remote.AbstractRemoteTestNG.run(AbstractRemoteTestNG.java:115)
	at org.testng.remote.RemoteTestNG.initAndRun(RemoteTestNG.java:251)
	at org.testng.remote.RemoteTestNG.main(RemoteTestNG.java:77)
</pre></div></td>
<td>118</td>
<td>testcases.managecards.TC32ManageCardsValidaitonMessageDisplayforUserNOThavingCardstoBlock@5c18298f</td></tr>
</table><p>
<table width='100%' border='1' class='invocation-passed'>
<tr><td colspan='4' align='center'><b>PASSED TESTS</b></td></tr>
<tr><td><b>Test method</b></td>
<td width="30%"><b>Exception</b></td>
<td width="10%"><b>Time (seconds)</b></td>
<td><b>Instance</b></td>
</tr>
<tr>
<td title='testcases.managecards.TC01ManageCardIconCheck.ManageCardIconCheck()'><b>ManageCardIconCheck</b><br>Test class: testcases.managecards.TC01ManageCardIconCheck</td>
<td></td>
<td>11</td>
<td>testcases.managecards.TC01ManageCardIconCheck@2eda0940</td></tr>
<tr>
<td title='testcases.managecards.TC02ManageCardIconClickWithoutLogin.ManageCardIconClickWithoutLogin()'><b>ManageCardIconClickWithoutLogin</b><br>Test class: testcases.managecards.TC02ManageCardIconClickWithoutLogin</td>
<td></td>
<td>29</td>
<td>testcases.managecards.TC02ManageCardIconClickWithoutLogin@3578436e</td></tr>
<tr>
<td title='testcases.managecards.TC03ManageCardsIconClickAfterLogin.ManageCardIconClickWithoutLogin()'><b>ManageCardIconClickWithoutLogin</b><br>Test class: testcases.managecards.TC03ManageCardsIconClickAfterLogin</td>
<td></td>
<td>32</td>
<td>testcases.managecards.TC03ManageCardsIconClickAfterLogin@706a04ae</td></tr>
<tr>
<td title='testcases.managecards.TC30ManageCardsBlockCardNumberEndingWithUserhaveonlyonecard.ManageCardsBlockCardNumberEndingWithUserhaveonlyonecard()'><b>ManageCardsBlockCardNumberEndingWithUserhaveonlyonecard</b><br>Test class: testcases.managecards.TC30ManageCardsBlockCardNumberEndingWithUserhaveonlyonecard</td>
<td></td>
<td>92</td>
<td>testcases.managecards.TC30ManageCardsBlockCardNumberEndingWithUserhaveonlyonecard@fcd6521</td></tr>
<tr>
<td title='testcases.managecards.TC31ManageCardsBlockCardNumberEndingWrongcardnumber.ManageCardsBlockCardNumberEndingWrongcardnumber()'><b>ManageCardsBlockCardNumberEndingWrongcardnumber</b><br>Test class: testcases.managecards.TC31ManageCardsBlockCardNumberEndingWrongcardnumber</td>
<td></td>
<td>37</td>
<td>testcases.managecards.TC31ManageCardsBlockCardNumberEndingWrongcardnumber@27d415d9</td></tr>
<tr>
<td title='testcases.managecards.TC09ManageCardsBlockConfirmationMessage.ManageCardsBlockConfirmationMessage()'><b>ManageCardsBlockConfirmationMessage</b><br>Test class: testcases.managecards.TC09ManageCardsBlockConfirmationMessage</td>
<td></td>
<td>56</td>
<td>testcases.managecards.TC09ManageCardsBlockConfirmationMessage@4d1b0d2a</td></tr>
<tr>
<td title='testcases.managecards.TC20ManageCardsBlockCreditCard.ManageCardsBlockCreditCard()'><b>ManageCardsBlockCreditCard</b><br>Test class: testcases.managecards.TC20ManageCardsBlockCreditCard</td>
<td></td>
<td>35</td>
<td>testcases.managecards.TC20ManageCardsBlockCreditCard@548ad73b</td></tr>
<tr>
<td title='testcases.managecards.TC21ManageCardsBlockCreditCardWhenUserhaveOneCreditcard.ManageCardsBlockCreditCard()'><b>ManageCardsBlockCreditCard</b><br>Test class: testcases.managecards.TC21ManageCardsBlockCreditCardWhenUserhaveOneCreditcard</td>
<td></td>
<td>91</td>
<td>testcases.managecards.TC21ManageCardsBlockCreditCardWhenUserhaveOneCreditcard@4c762604</td></tr>
<tr>
<td title='testcases.managecards.TC23ManageCardsBlockDebitCard.ManageCardsBlockCreditCard()'><b>ManageCardsBlockCreditCard</b><br>Test class: testcases.managecards.TC23ManageCardsBlockDebitCard</td>
<td></td>
<td>36</td>
<td>testcases.managecards.TC23ManageCardsBlockDebitCard@727803de</td></tr>
<tr>
<td title='testcases.managecards.TC24ManageCardsBlockCreditCardWhenUserhaveOneDebitcard.ManageCardsBlockCreditCard()'><b>ManageCardsBlockCreditCard</b><br>Test class: testcases.managecards.TC24ManageCardsBlockCreditCardWhenUserhaveOneDebitcard</td>
<td></td>
<td>91</td>
<td>testcases.managecards.TC24ManageCardsBlockCreditCardWhenUserhaveOneDebitcard@704921a5</td></tr>
<tr>
<td title='testcases.managecards.ManageCardsusingCardNumberEndingwithUserhaveonlyoneCard.ManageCardsBlockDebitCardbyCardName()'><b>ManageCardsBlockDebitCardbyCardName</b><br>Test class: testcases.managecards.ManageCardsusingCardNumberEndingwithUserhaveonlyoneCard</td>
<td></td>
<td>99</td>
<td>testcases.managecards.ManageCardsusingCardNumberEndingwithUserhaveonlyoneCard@43a0cee9</td></tr>
<tr>
<td title='testcases.managecards.TC26ManageCardsBlockDebitCardbyCardName.ManageCardsBlockDebitCardbyCardName()'><b>ManageCardsBlockDebitCardbyCardName</b><br>Test class: testcases.managecards.TC26ManageCardsBlockDebitCardbyCardName</td>
<td></td>
<td>91</td>
<td>testcases.managecards.TC26ManageCardsBlockDebitCardbyCardName@24a35978</td></tr>
<tr>
<td title='testcases.managecards.TC27ManageCardsBlockCreditCardbyCardName.ManageCardsBlockDebitCardbyCardName()'><b>ManageCardsBlockDebitCardbyCardName</b><br>Test class: testcases.managecards.TC27ManageCardsBlockCreditCardbyCardName</td>
<td></td>
<td>91</td>
<td>testcases.managecards.TC27ManageCardsBlockCreditCardbyCardName@16f7c8c1</td></tr>
<tr>
<td title='testcases.managecards.TC29ManageCardsBlockCardNumberEnding.ManageCardsBlockDebitCardbyCardName()'><b>ManageCardsBlockDebitCardbyCardName</b><br>Test class: testcases.managecards.TC29ManageCardsBlockCardNumberEnding</td>
<td></td>
<td>90</td>
<td>testcases.managecards.TC29ManageCardsBlockCardNumberEnding@319b92f3</td></tr>
<tr>
<td title='testcases.managecards.TC10ManageCardsBlockSuccessfulMessage.ManageCardsBlockSuccessfulMessage()'><b>ManageCardsBlockSuccessfulMessage</b><br>Test class: testcases.managecards.TC10ManageCardsBlockSuccessfulMessage</td>
<td></td>
<td>114</td>
<td>testcases.managecards.TC10ManageCardsBlockSuccessfulMessage@954b04f</td></tr>
<tr>
<td title='testcases.managecards.TC12ManageCardsIsthereanythingelseCheckinBlockSuccessfulMessage.ManageCardsBlockSuccessfulMessage()'><b>ManageCardsBlockSuccessfulMessage</b><br>Test class: testcases.managecards.TC12ManageCardsIsthereanythingelseCheckinBlockSuccessfulMessage</td>
<td></td>
<td>118</td>
<td>testcases.managecards.TC12ManageCardsIsthereanythingelseCheckinBlockSuccessfulMessage@710726a3</td></tr>
<tr>
<td title='testcases.managecards.TC05ManageCardsBlockTypeDisplay.ManageCardsBlockUnblockTypeDisplay()'><b>ManageCardsBlockUnblockTypeDisplay</b><br>Test class: testcases.managecards.TC05ManageCardsBlockTypeDisplay</td>
<td></td>
<td>38</td>
<td>testcases.managecards.TC05ManageCardsBlockTypeDisplay@10a035a0</td></tr>
<tr>
<td title='testcases.managecards.TC35ManageCardsUnBlockTypeDisplay.ManageCardsBlockUnblockTypeDisplay()'><b>ManageCardsBlockUnblockTypeDisplay</b><br>Test class: testcases.managecards.TC35ManageCardsUnBlockTypeDisplay</td>
<td></td>
<td>37</td>
<td>testcases.managecards.TC35ManageCardsUnBlockTypeDisplay@5579bb86</td></tr>
<tr>
<td title='testcases.managecards.TC07ManageCardsCardSelection.ManageCardsCardSelection()'><b>ManageCardsCardSelection</b><br>Test class: testcases.managecards.TC07ManageCardsCardSelection</td>
<td></td>
<td>47</td>
<td>testcases.managecards.TC07ManageCardsCardSelection@47db50c5</td></tr>
<tr>
<td title='testcases.managecards.TC08ManageCardsCardSelectionByText.ManageCardsCardSelectionByText()'><b>ManageCardsCardSelectionByText</b><br>Test class: testcases.managecards.TC08ManageCardsCardSelectionByText</td>
<td></td>
<td>55</td>
<td>testcases.managecards.TC08ManageCardsCardSelectionByText@5c072e3f</td></tr>
<tr>
<td title='testcases.managecards.TC06ManageCardsClickBlockButton.ManageCardsClickBlockButton()'><b>ManageCardsClickBlockButton</b><br>Test class: testcases.managecards.TC06ManageCardsClickBlockButton</td>
<td></td>
<td>43</td>
<td>testcases.managecards.TC06ManageCardsClickBlockButton@67b467e9</td></tr>
<tr>
<td title='testcases.managecards.TC36ManageCardsClickUnblockButton.ManageCardsClickUnblockButton()'><b>ManageCardsClickUnblockButton</b><br>Test class: testcases.managecards.TC36ManageCardsClickUnblockButton</td>
<td></td>
<td>43</td>
<td>testcases.managecards.TC36ManageCardsClickUnblockButton@5204062d</td></tr>
<tr>
<td title='testcases.managecards.TC16ManageCardsInvalidInputwhileCardstoBlockSelection.ManageCardsInvalidInputwhileCardstoBlockSelection()'><b>ManageCardsInvalidInputwhileCardstoBlockSelection</b><br>Test class: testcases.managecards.TC16ManageCardsInvalidInputwhileCardstoBlockSelection</td>
<td></td>
<td>56</td>
<td>testcases.managecards.TC16ManageCardsInvalidInputwhileCardstoBlockSelection@306279ee</td></tr>
<tr>
<td title='testcases.managecards.TC18ManageCardsInvalidinputwhileBlockConfirmationMessage.ManageCardsInvalidinputwhileBlockConfirmationMessage()'><b>ManageCardsInvalidinputwhileBlockConfirmationMessage</b><br>Test class: testcases.managecards.TC18ManageCardsInvalidinputwhileBlockConfirmationMessage</td>
<td></td>
<td>63</td>
<td>testcases.managecards.TC18ManageCardsInvalidinputwhileBlockConfirmationMessage@4cf4d528</td></tr>
<tr>
<td title='testcases.managecards.TC14ManageCardsInvalidinputwhileBlockTypeselection.ManageCardsInvalidinputwhileBlockUnblockTypeselection()'><b>ManageCardsInvalidinputwhileBlockUnblockTypeselection</b><br>Test class: testcases.managecards.TC14ManageCardsInvalidinputwhileBlockTypeselection</td>
<td></td>
<td>46</td>
<td>testcases.managecards.TC14ManageCardsInvalidinputwhileBlockTypeselection@481a15ff</td></tr>
<tr>
<td title='testcases.managecards.TC44ManageCardsInvalidinputwhileUnblockTypeselection.ManageCardsInvalidinputwhileBlockUnblockTypeselection()'><b>ManageCardsInvalidinputwhileBlockUnblockTypeselection</b><br>Test class: testcases.managecards.TC44ManageCardsInvalidinputwhileUnblockTypeselection</td>
<td></td>
<td>49</td>
<td>testcases.managecards.TC44ManageCardsInvalidinputwhileUnblockTypeselection@5fdba6f9</td></tr>
<tr>
<td title='testcases.managecards.TC19ManageCardsTwoConsecutiveWrongEntryinBlockConfirmationMessage.ManageCardsTwoConsecutiveWrongEntryinBlockConfirmationMessage()'><b>ManageCardsTwoConsecutiveWrongEntryinBlockConfirmationMessage</b><br>Test class: testcases.managecards.TC19ManageCardsTwoConsecutiveWrongEntryinBlockConfirmationMessage</td>
<td></td>
<td>74</td>
<td>testcases.managecards.TC19ManageCardsTwoConsecutiveWrongEntryinBlockConfirmationMessage@77846d2c</td></tr>
<tr>
<td title='testcases.managecards.TC15ManageCardsTwoConsecutiveWrongEntryinBlockTypeselection.ManageCardsTwoConsecutiveWrongEntryinBlockUnblockTypeselection()'><b>ManageCardsTwoConsecutiveWrongEntryinBlockUnblockTypeselection</b><br>Test class: testcases.managecards.TC15ManageCardsTwoConsecutiveWrongEntryinBlockTypeselection</td>
<td></td>
<td>57</td>
<td>testcases.managecards.TC15ManageCardsTwoConsecutiveWrongEntryinBlockTypeselection@78186a70</td></tr>
<tr>
<td title='testcases.managecards.TC45ManageCardsTwoConsecutiveWrongEntryinUnblockTypeselection.ManageCardsTwoConsecutiveWrongEntryinBlockUnblockTypeselection()'><b>ManageCardsTwoConsecutiveWrongEntryinBlockUnblockTypeselection</b><br>Test class: testcases.managecards.TC45ManageCardsTwoConsecutiveWrongEntryinUnblockTypeselection</td>
<td></td>
<td>60</td>
<td>testcases.managecards.TC45ManageCardsTwoConsecutiveWrongEntryinUnblockTypeselection@10d59286</td></tr>
<tr>
<td title='testcases.managecards.TC17ManageCardsTwoConsecutiveWrongEntryinCardstoblockselection.ManageCardsTwoConsecutiveWrongEntryinCardstoblockselection()'><b>ManageCardsTwoConsecutiveWrongEntryinCardstoblockselection</b><br>Test class: testcases.managecards.TC17ManageCardsTwoConsecutiveWrongEntryinCardstoblockselection</td>
<td></td>
<td>69</td>
<td>testcases.managecards.TC17ManageCardsTwoConsecutiveWrongEntryinCardstoblockselection@545997b1</td></tr>
<tr>
<td title='testcases.managecards.TC37ManageCardsUnblockCardSelection.ManageCardsUnblockCardSelection()'><b>ManageCardsUnblockCardSelection</b><br>Test class: testcases.managecards.TC37ManageCardsUnblockCardSelection</td>
<td></td>
<td>207</td>
<td>testcases.managecards.TC37ManageCardsUnblockCardSelection@4fcd19b3</td></tr>
<tr>
<td title='testcases.managecards.TC38ManageCardsUnblockCardsSelectionbyText.ManageCardsUnblockCardsSelectionbyText()'><b>ManageCardsUnblockCardsSelectionbyText</b><br>Test class: testcases.managecards.TC38ManageCardsUnblockCardsSelectionbyText</td>
<td></td>
<td>91</td>
<td>testcases.managecards.TC38ManageCardsUnblockCardsSelectionbyText@376b4233</td></tr>
<tr>
<td title='testcases.managecards.TC39ManageCardsUnblockConfirmationMessage.ManageCardsUnblockConfirmationMessage()'><b>ManageCardsUnblockConfirmationMessage</b><br>Test class: testcases.managecards.TC39ManageCardsUnblockConfirmationMessage</td>
<td></td>
<td>94</td>
<td>testcases.managecards.TC39ManageCardsUnblockConfirmationMessage@2fd66ad3</td></tr>
<tr>
<td title='testcases.managecards.TC40ManageCardsUnblockSuccessMessage.ManageCardsUnblockSuccessMessage()'><b>ManageCardsUnblockSuccessMessage</b><br>Test class: testcases.managecards.TC40ManageCardsUnblockSuccessMessage</td>
<td></td>
<td>93</td>
<td>testcases.managecards.TC40ManageCardsUnblockSuccessMessage@5d11346a</td></tr>
<tr>
<td title='testcases.managecards.TC04ManageCardsUsingText.ManageCardsUsingText()'><b>ManageCardsUsingText</b><br>Test class: testcases.managecards.TC04ManageCardsUsingText</td>
<td></td>
<td>37</td>
<td>testcases.managecards.TC04ManageCardsUsingText@6eceb130</td></tr>
<tr>
<td title='testcases.managecards.ManageCardsValidaitonMessageDisplayforUserNOThavingCardstoUnblock.ManageCardsValidaitonMessageDisplayforUserNOThavingCardstooUnblock()'><b>ManageCardsValidaitonMessageDisplayforUserNOThavingCardstooUnblock</b><br>Test class: testcases.managecards.ManageCardsValidaitonMessageDisplayforUserNOThavingCardstoUnblock</td>
<td></td>
<td>49</td>
<td>testcases.managecards.ManageCardsValidaitonMessageDisplayforUserNOThavingCardstoUnblock@eb21112</td></tr>
<tr>
<td title='testcases.managecards.TC28ManageCardsValidationMessageDisplayforWrongCardName.ManageCardsValidationMessageDisplayforWrongCardName()'><b>ManageCardsValidationMessageDisplayforWrongCardName</b><br>Test class: testcases.managecards.TC28ManageCardsValidationMessageDisplayforWrongCardName</td>
<td></td>
<td>38</td>
<td>testcases.managecards.TC28ManageCardsValidationMessageDisplayforWrongCardName@2f0a87b3</td></tr>
<tr>
<td title='testcases.managecards.TC25ManageCardsValidationMessageDisplaywhenuserhaveNoDebitcard.ManageCardsValidationMessageDisplaywhenuserhavenoDebitcard()'><b>ManageCardsValidationMessageDisplaywhenuserhavenoDebitcard</b><br>Test class: testcases.managecards.TC25ManageCardsValidationMessageDisplaywhenuserhaveNoDebitcard</td>
<td></td>
<td>37</td>
<td>testcases.managecards.TC25ManageCardsValidationMessageDisplaywhenuserhaveNoDebitcard@df27fae</td></tr>
<tr>
<td title='testcases.managecards.TC22ManageCardsValidationMessageDisplayWhenUserhaveNoCreditcard.ManageCardsValidationMessageDisplaywhenuserhavenocreditcard()'><b>ManageCardsValidationMessageDisplaywhenuserhavenocreditcard</b><br>Test class: testcases.managecards.TC22ManageCardsValidationMessageDisplayWhenUserhaveNoCreditcard</td>
<td></td>
<td>37</td>
<td>testcases.managecards.TC22ManageCardsValidationMessageDisplayWhenUserhaveNoCreditcard@2641e737</td></tr>
</table><p>
</body>
</html>