<html>
<head>
<title>TestNG:  vaira1</title>
<link href="../testng.css" rel="stylesheet" type="text/css" />
<link href="../my-testng.css" rel="stylesheet" type="text/css" />

<style type="text/css">
.log { display: none;} 
.stack-trace { display: none;} 
</style>
<script type="text/javascript">
<!--
function flip(e) {
  current = e.style.display;
  if (current == 'block') {
    e.style.display = 'none';
    return 0;
  }
  else {
    e.style.display = 'block';
    return 1;
  }
}

function toggleBox(szDivId, elem, msg1, msg2)
{
  var res = -1;  if (document.getElementById) {
    res = flip(document.getElementById(szDivId));
  }
  else if (document.all) {
    // this is the way old msie versions work
    res = flip(document.all[szDivId]);
  }
  if(elem) {
    if(res == 0) elem.innerHTML = msg1; else elem.innerHTML = msg2;
  }

}

function toggleAllBoxes() {
  if (document.getElementsByTagName) {
    d = document.getElementsByTagName('div');
    for (i = 0; i < d.length; i++) {
      if (d[i].className == 'log') {
        flip(d[i]);
      }
    }
  }
}

// -->
</script>

</head>
<body>
<h2 align='center'>vaira1</h2><table border='1' align="center">
<tr>
<td>Tests passed/Failed/Skipped:</td><td>35/14/0</td>
</tr><tr>
<td>Started on:</td><td>Wed Apr 29 18:29:00 IST 2020</td>
</tr>
<tr><td>Total time:</td><td>2517 seconds (2517269 ms)</td>
</tr><tr>
<td>Included groups:</td><td></td>
</tr><tr>
<td>Excluded groups:</td><td></td>
</tr>
</table><p/>
<small><i>(Hover the method name to see the test class name)</i></small><p/>
<table width='100%' border='1' class='invocation-failed'>
<tr><td colspan='4' align='center'><b>FAILED TESTS</b></td></tr>
<tr><td><b>Test method</b></td>
<td width="30%"><b>Exception</b></td>
<td width="10%"><b>Time (seconds)</b></td>
<td><b>Instance</b></td>
</tr>
<tr>
<td title='testcases.productandservices.TC42PSLoan_ApplyNow.ApplyNow()'><b>ApplyNow</b><br>Test class: testcases.productandservices.TC42PSLoan_ApplyNow</td>
<td><div><pre>java.lang.RuntimeException: FAILED
	at utils.Reporter.reportStep(Reporter.java:29)
	at wrappers.GenericWrappers.clickWrapper(GenericWrappers.java:376)
	at wrappers.GenericWrappers.clickByXpath(GenericWrappers.java:760)
	at pages.ProductsAndServicesPage.ClickApplyNow(ProductsAndServicesPage.java:74)
	at testcases.productandservices.TC42PSLoan_ApplyNow.ApplyNow(TC42PSLoan_ApplyNow.java:42)
	at java.util.ArrayList.forEach(Unknown Source)
... Removed 27 stack frames</pre></div><a href='#' onClick='toggleBox("stack-trace1953048177", this, "Click to show all stack frames", "Click to hide stack frames")'>Click to show all stack frames</a>
<div class='stack-trace' id='stack-trace1953048177'><pre>java.lang.RuntimeException: FAILED
	at utils.Reporter.reportStep(Reporter.java:29)
	at wrappers.GenericWrappers.clickWrapper(GenericWrappers.java:376)
	at wrappers.GenericWrappers.clickByXpath(GenericWrappers.java:760)
	at pages.ProductsAndServicesPage.ClickApplyNow(ProductsAndServicesPage.java:74)
	at testcases.productandservices.TC42PSLoan_ApplyNow.ApplyNow(TC42PSLoan_ApplyNow.java:42)
	at sun.reflect.NativeMethodAccessorImpl.invoke0(Native Method)
	at sun.reflect.NativeMethodAccessorImpl.invoke(Unknown Source)
	at sun.reflect.DelegatingMethodAccessorImpl.invoke(Unknown Source)
	at java.lang.reflect.Method.invoke(Unknown Source)
	at org.testng.internal.MethodInvocationHelper.invokeMethod(MethodInvocationHelper.java:134)
	at org.testng.internal.TestInvoker.invokeMethod(TestInvoker.java:597)
	at org.testng.internal.TestInvoker.invokeTestMethod(TestInvoker.java:173)
	at org.testng.internal.MethodRunner.runInSequence(MethodRunner.java:46)
	at org.testng.internal.TestInvoker$MethodInvocationAgent.invoke(TestInvoker.java:816)
	at org.testng.internal.TestInvoker.invokeTestMethods(TestInvoker.java:146)
	at org.testng.internal.TestMethodWorker.invokeTestMethods(TestMethodWorker.java:146)
	at org.testng.internal.TestMethodWorker.run(TestMethodWorker.java:128)
	at java.util.ArrayList.forEach(Unknown Source)
	at org.testng.TestRunner.privateRun(TestRunner.java:766)
	at org.testng.TestRunner.run(TestRunner.java:587)
	at org.testng.SuiteRunner.runTest(SuiteRunner.java:384)
	at org.testng.SuiteRunner.runSequentially(SuiteRunner.java:378)
	at org.testng.SuiteRunner.privateRun(SuiteRunner.java:337)
	at org.testng.SuiteRunner.run(SuiteRunner.java:286)
	at org.testng.SuiteRunnerWorker.runSuite(SuiteRunnerWorker.java:53)
	at org.testng.SuiteRunnerWorker.run(SuiteRunnerWorker.java:96)
	at org.testng.TestNG.runSuitesSequentially(TestNG.java:1187)
	at org.testng.TestNG.runSuitesLocally(TestNG.java:1109)
	at org.testng.TestNG.runSuites(TestNG.java:1039)
	at org.testng.TestNG.run(TestNG.java:1007)
	at org.testng.remote.AbstractRemoteTestNG.run(AbstractRemoteTestNG.java:115)
	at org.testng.remote.RemoteTestNG.initAndRun(RemoteTestNG.java:251)
	at org.testng.remote.RemoteTestNG.main(RemoteTestNG.java:77)
</pre></div></td>
<td>46</td>
<td>testcases.productandservices.TC42PSLoan_ApplyNow@6dde5c8c</td></tr>
<tr>
<td title='testcases.productandservices.TC48PSDBApplyNowEnrollUsingACardInstruction.ApplyNowEnrollUsingACardInstruction()'><b>ApplyNowEnrollUsingACardInstruction</b><br>Test class: testcases.productandservices.TC48PSDBApplyNowEnrollUsingACardInstruction</td>
<td><div><pre>java.lang.RuntimeException: FAILED
	at utils.Reporter.reportStep(Reporter.java:29)
	at wrappers.GenericWrappers.clickWrapper(GenericWrappers.java:376)
	at wrappers.GenericWrappers.clickByXpath(GenericWrappers.java:760)
	at pages.ProductsAndServicesPage.ClickApplyNow(ProductsAndServicesPage.java:74)
	at testcases.productandservices.TC48PSDBApplyNowEnrollUsingACardInstruction.ApplyNowEnrollUsingACardInstruction(TC48PSDBApplyNowEnrollUsingACardInstruction.java:40)
	at java.util.ArrayList.forEach(Unknown Source)
... Removed 27 stack frames</pre></div><a href='#' onClick='toggleBox("stack-trace779768825", this, "Click to show all stack frames", "Click to hide stack frames")'>Click to show all stack frames</a>
<div class='stack-trace' id='stack-trace779768825'><pre>java.lang.RuntimeException: FAILED
	at utils.Reporter.reportStep(Reporter.java:29)
	at wrappers.GenericWrappers.clickWrapper(GenericWrappers.java:376)
	at wrappers.GenericWrappers.clickByXpath(GenericWrappers.java:760)
	at pages.ProductsAndServicesPage.ClickApplyNow(ProductsAndServicesPage.java:74)
	at testcases.productandservices.TC48PSDBApplyNowEnrollUsingACardInstruction.ApplyNowEnrollUsingACardInstruction(TC48PSDBApplyNowEnrollUsingACardInstruction.java:40)
	at sun.reflect.NativeMethodAccessorImpl.invoke0(Native Method)
	at sun.reflect.NativeMethodAccessorImpl.invoke(Unknown Source)
	at sun.reflect.DelegatingMethodAccessorImpl.invoke(Unknown Source)
	at java.lang.reflect.Method.invoke(Unknown Source)
	at org.testng.internal.MethodInvocationHelper.invokeMethod(MethodInvocationHelper.java:134)
	at org.testng.internal.TestInvoker.invokeMethod(TestInvoker.java:597)
	at org.testng.internal.TestInvoker.invokeTestMethod(TestInvoker.java:173)
	at org.testng.internal.MethodRunner.runInSequence(MethodRunner.java:46)
	at org.testng.internal.TestInvoker$MethodInvocationAgent.invoke(TestInvoker.java:816)
	at org.testng.internal.TestInvoker.invokeTestMethods(TestInvoker.java:146)
	at org.testng.internal.TestMethodWorker.invokeTestMethods(TestMethodWorker.java:146)
	at org.testng.internal.TestMethodWorker.run(TestMethodWorker.java:128)
	at java.util.ArrayList.forEach(Unknown Source)
	at org.testng.TestRunner.privateRun(TestRunner.java:766)
	at org.testng.TestRunner.run(TestRunner.java:587)
	at org.testng.SuiteRunner.runTest(SuiteRunner.java:384)
	at org.testng.SuiteRunner.runSequentially(SuiteRunner.java:378)
	at org.testng.SuiteRunner.privateRun(SuiteRunner.java:337)
	at org.testng.SuiteRunner.run(SuiteRunner.java:286)
	at org.testng.SuiteRunnerWorker.runSuite(SuiteRunnerWorker.java:53)
	at org.testng.SuiteRunnerWorker.run(SuiteRunnerWorker.java:96)
	at org.testng.TestNG.runSuitesSequentially(TestNG.java:1187)
	at org.testng.TestNG.runSuitesLocally(TestNG.java:1109)
	at org.testng.TestNG.runSuites(TestNG.java:1039)
	at org.testng.TestNG.run(TestNG.java:1007)
	at org.testng.remote.AbstractRemoteTestNG.run(AbstractRemoteTestNG.java:115)
	at org.testng.remote.RemoteTestNG.initAndRun(RemoteTestNG.java:251)
	at org.testng.remote.RemoteTestNG.main(RemoteTestNG.java:77)
</pre></div></td>
<td>44</td>
<td>testcases.productandservices.TC48PSDBApplyNowEnrollUsingACardInstruction@281e3708</td></tr>
<tr>
<td title='testcases.productandservices.TC40PSCustomerCareApplyNow.CustomerCareApplyNow()'><b>CustomerCareApplyNow</b><br>Test class: testcases.productandservices.TC40PSCustomerCareApplyNow</td>
<td><div><pre>java.lang.RuntimeException: FAILED
	at utils.Reporter.reportStep(Reporter.java:29)
	at wrappers.GenericWrappers.clickWrapper(GenericWrappers.java:376)
	at wrappers.GenericWrappers.clickByXpath(GenericWrappers.java:760)
	at pages.ProductsAndServicesPage.ClickApplyNow(ProductsAndServicesPage.java:74)
	at testcases.productandservices.TC40PSCustomerCareApplyNow.CustomerCareApplyNow(TC40PSCustomerCareApplyNow.java:47)
	at java.util.ArrayList.forEach(Unknown Source)
... Removed 27 stack frames</pre></div><a href='#' onClick='toggleBox("stack-trace464959004", this, "Click to show all stack frames", "Click to hide stack frames")'>Click to show all stack frames</a>
<div class='stack-trace' id='stack-trace464959004'><pre>java.lang.RuntimeException: FAILED
	at utils.Reporter.reportStep(Reporter.java:29)
	at wrappers.GenericWrappers.clickWrapper(GenericWrappers.java:376)
	at wrappers.GenericWrappers.clickByXpath(GenericWrappers.java:760)
	at pages.ProductsAndServicesPage.ClickApplyNow(ProductsAndServicesPage.java:74)
	at testcases.productandservices.TC40PSCustomerCareApplyNow.CustomerCareApplyNow(TC40PSCustomerCareApplyNow.java:47)
	at sun.reflect.NativeMethodAccessorImpl.invoke0(Native Method)
	at sun.reflect.NativeMethodAccessorImpl.invoke(Unknown Source)
	at sun.reflect.DelegatingMethodAccessorImpl.invoke(Unknown Source)
	at java.lang.reflect.Method.invoke(Unknown Source)
	at org.testng.internal.MethodInvocationHelper.invokeMethod(MethodInvocationHelper.java:134)
	at org.testng.internal.TestInvoker.invokeMethod(TestInvoker.java:597)
	at org.testng.internal.TestInvoker.invokeTestMethod(TestInvoker.java:173)
	at org.testng.internal.MethodRunner.runInSequence(MethodRunner.java:46)
	at org.testng.internal.TestInvoker$MethodInvocationAgent.invoke(TestInvoker.java:816)
	at org.testng.internal.TestInvoker.invokeTestMethods(TestInvoker.java:146)
	at org.testng.internal.TestMethodWorker.invokeTestMethods(TestMethodWorker.java:146)
	at org.testng.internal.TestMethodWorker.run(TestMethodWorker.java:128)
	at java.util.ArrayList.forEach(Unknown Source)
	at org.testng.TestRunner.privateRun(TestRunner.java:766)
	at org.testng.TestRunner.run(TestRunner.java:587)
	at org.testng.SuiteRunner.runTest(SuiteRunner.java:384)
	at org.testng.SuiteRunner.runSequentially(SuiteRunner.java:378)
	at org.testng.SuiteRunner.privateRun(SuiteRunner.java:337)
	at org.testng.SuiteRunner.run(SuiteRunner.java:286)
	at org.testng.SuiteRunnerWorker.runSuite(SuiteRunnerWorker.java:53)
	at org.testng.SuiteRunnerWorker.run(SuiteRunnerWorker.java:96)
	at org.testng.TestNG.runSuitesSequentially(TestNG.java:1187)
	at org.testng.TestNG.runSuitesLocally(TestNG.java:1109)
	at org.testng.TestNG.runSuites(TestNG.java:1039)
	at org.testng.TestNG.run(TestNG.java:1007)
	at org.testng.remote.AbstractRemoteTestNG.run(AbstractRemoteTestNG.java:115)
	at org.testng.remote.RemoteTestNG.initAndRun(RemoteTestNG.java:251)
	at org.testng.remote.RemoteTestNG.main(RemoteTestNG.java:77)
</pre></div></td>
<td>58</td>
<td>testcases.productandservices.TC40PSCustomerCareApplyNow@fe18270</td></tr>
<tr>
<td title='testcases.productandservices.TC44PSDBApplyNowEnrollUsingACardInstruction.EnrollUsingACardInstruction()'><b>EnrollUsingACardInstruction</b><br>Test class: testcases.productandservices.TC44PSDBApplyNowEnrollUsingACardInstruction</td>
<td><div><pre>java.lang.RuntimeException: FAILED
	at utils.Reporter.reportStep(Reporter.java:29)
	at wrappers.GenericWrappers.clickWrapper(GenericWrappers.java:376)
	at wrappers.GenericWrappers.clickByXpath(GenericWrappers.java:760)
	at pages.ProductsAndServicesPage.ClickApplyNow(ProductsAndServicesPage.java:74)
	at testcases.productandservices.TC44PSDBApplyNowEnrollUsingACardInstruction.EnrollUsingACardInstruction(TC44PSDBApplyNowEnrollUsingACardInstruction.java:41)
	at java.util.ArrayList.forEach(Unknown Source)
... Removed 27 stack frames</pre></div><a href='#' onClick='toggleBox("stack-trace300067201", this, "Click to show all stack frames", "Click to hide stack frames")'>Click to show all stack frames</a>
<div class='stack-trace' id='stack-trace300067201'><pre>java.lang.RuntimeException: FAILED
	at utils.Reporter.reportStep(Reporter.java:29)
	at wrappers.GenericWrappers.clickWrapper(GenericWrappers.java:376)
	at wrappers.GenericWrappers.clickByXpath(GenericWrappers.java:760)
	at pages.ProductsAndServicesPage.ClickApplyNow(ProductsAndServicesPage.java:74)
	at testcases.productandservices.TC44PSDBApplyNowEnrollUsingACardInstruction.EnrollUsingACardInstruction(TC44PSDBApplyNowEnrollUsingACardInstruction.java:41)
	at sun.reflect.NativeMethodAccessorImpl.invoke0(Native Method)
	at sun.reflect.NativeMethodAccessorImpl.invoke(Unknown Source)
	at sun.reflect.DelegatingMethodAccessorImpl.invoke(Unknown Source)
	at java.lang.reflect.Method.invoke(Unknown Source)
	at org.testng.internal.MethodInvocationHelper.invokeMethod(MethodInvocationHelper.java:134)
	at org.testng.internal.TestInvoker.invokeMethod(TestInvoker.java:597)
	at org.testng.internal.TestInvoker.invokeTestMethod(TestInvoker.java:173)
	at org.testng.internal.MethodRunner.runInSequence(MethodRunner.java:46)
	at org.testng.internal.TestInvoker$MethodInvocationAgent.invoke(TestInvoker.java:816)
	at org.testng.internal.TestInvoker.invokeTestMethods(TestInvoker.java:146)
	at org.testng.internal.TestMethodWorker.invokeTestMethods(TestMethodWorker.java:146)
	at org.testng.internal.TestMethodWorker.run(TestMethodWorker.java:128)
	at java.util.ArrayList.forEach(Unknown Source)
	at org.testng.TestRunner.privateRun(TestRunner.java:766)
	at org.testng.TestRunner.run(TestRunner.java:587)
	at org.testng.SuiteRunner.runTest(SuiteRunner.java:384)
	at org.testng.SuiteRunner.runSequentially(SuiteRunner.java:378)
	at org.testng.SuiteRunner.privateRun(SuiteRunner.java:337)
	at org.testng.SuiteRunner.run(SuiteRunner.java:286)
	at org.testng.SuiteRunnerWorker.runSuite(SuiteRunnerWorker.java:53)
	at org.testng.SuiteRunnerWorker.run(SuiteRunnerWorker.java:96)
	at org.testng.TestNG.runSuitesSequentially(TestNG.java:1187)
	at org.testng.TestNG.runSuitesLocally(TestNG.java:1109)
	at org.testng.TestNG.runSuites(TestNG.java:1039)
	at org.testng.TestNG.run(TestNG.java:1007)
	at org.testng.remote.AbstractRemoteTestNG.run(AbstractRemoteTestNG.java:115)
	at org.testng.remote.RemoteTestNG.initAndRun(RemoteTestNG.java:251)
	at org.testng.remote.RemoteTestNG.main(RemoteTestNG.java:77)
</pre></div></td>
<td>45</td>
<td>testcases.productandservices.TC44PSDBApplyNowEnrollUsingACardInstruction@52525845</td></tr>
<tr>
<td title='testcases.productandservices.TC45PSDBApplyNowEnrollattheBranchInstruction.EnrollattheBranchInstruction()'><b>EnrollattheBranchInstruction</b><br>Test class: testcases.productandservices.TC45PSDBApplyNowEnrollattheBranchInstruction</td>
<td><div><pre>java.lang.RuntimeException: FAILED
	at utils.Reporter.reportStep(Reporter.java:29)
	at wrappers.GenericWrappers.clickWrapper(GenericWrappers.java:376)
	at wrappers.GenericWrappers.clickByXpath(GenericWrappers.java:760)
	at pages.ProductsAndServicesPage.ClickApplyNow(ProductsAndServicesPage.java:74)
	at testcases.productandservices.TC45PSDBApplyNowEnrollattheBranchInstruction.EnrollattheBranchInstruction(TC45PSDBApplyNowEnrollattheBranchInstruction.java:41)
	at java.util.ArrayList.forEach(Unknown Source)
... Removed 27 stack frames</pre></div><a href='#' onClick='toggleBox("stack-trace1067389414", this, "Click to show all stack frames", "Click to hide stack frames")'>Click to show all stack frames</a>
<div class='stack-trace' id='stack-trace1067389414'><pre>java.lang.RuntimeException: FAILED
	at utils.Reporter.reportStep(Reporter.java:29)
	at wrappers.GenericWrappers.clickWrapper(GenericWrappers.java:376)
	at wrappers.GenericWrappers.clickByXpath(GenericWrappers.java:760)
	at pages.ProductsAndServicesPage.ClickApplyNow(ProductsAndServicesPage.java:74)
	at testcases.productandservices.TC45PSDBApplyNowEnrollattheBranchInstruction.EnrollattheBranchInstruction(TC45PSDBApplyNowEnrollattheBranchInstruction.java:41)
	at sun.reflect.NativeMethodAccessorImpl.invoke0(Native Method)
	at sun.reflect.NativeMethodAccessorImpl.invoke(Unknown Source)
	at sun.reflect.DelegatingMethodAccessorImpl.invoke(Unknown Source)
	at java.lang.reflect.Method.invoke(Unknown Source)
	at org.testng.internal.MethodInvocationHelper.invokeMethod(MethodInvocationHelper.java:134)
	at org.testng.internal.TestInvoker.invokeMethod(TestInvoker.java:597)
	at org.testng.internal.TestInvoker.invokeTestMethod(TestInvoker.java:173)
	at org.testng.internal.MethodRunner.runInSequence(MethodRunner.java:46)
	at org.testng.internal.TestInvoker$MethodInvocationAgent.invoke(TestInvoker.java:816)
	at org.testng.internal.TestInvoker.invokeTestMethods(TestInvoker.java:146)
	at org.testng.internal.TestMethodWorker.invokeTestMethods(TestMethodWorker.java:146)
	at org.testng.internal.TestMethodWorker.run(TestMethodWorker.java:128)
	at java.util.ArrayList.forEach(Unknown Source)
	at org.testng.TestRunner.privateRun(TestRunner.java:766)
	at org.testng.TestRunner.run(TestRunner.java:587)
	at org.testng.SuiteRunner.runTest(SuiteRunner.java:384)
	at org.testng.SuiteRunner.runSequentially(SuiteRunner.java:378)
	at org.testng.SuiteRunner.privateRun(SuiteRunner.java:337)
	at org.testng.SuiteRunner.run(SuiteRunner.java:286)
	at org.testng.SuiteRunnerWorker.runSuite(SuiteRunnerWorker.java:53)
	at org.testng.SuiteRunnerWorker.run(SuiteRunnerWorker.java:96)
	at org.testng.TestNG.runSuitesSequentially(TestNG.java:1187)
	at org.testng.TestNG.runSuitesLocally(TestNG.java:1109)
	at org.testng.TestNG.runSuites(TestNG.java:1039)
	at org.testng.TestNG.run(TestNG.java:1007)
	at org.testng.remote.AbstractRemoteTestNG.run(AbstractRemoteTestNG.java:115)
	at org.testng.remote.RemoteTestNG.initAndRun(RemoteTestNG.java:251)
	at org.testng.remote.RemoteTestNG.main(RemoteTestNG.java:77)
</pre></div></td>
<td>46</td>
<td>testcases.productandservices.TC45PSDBApplyNowEnrollattheBranchInstruction@3b94d659</td></tr>
<tr>
<td title='testcases.productandservices.TC49PSDBApplyNowEnrollattheBranchInstruction.EnrollattheBranchInstruction()'><b>EnrollattheBranchInstruction</b><br>Test class: testcases.productandservices.TC49PSDBApplyNowEnrollattheBranchInstruction</td>
<td><div><pre>java.lang.RuntimeException: FAILED
	at utils.Reporter.reportStep(Reporter.java:29)
	at wrappers.GenericWrappers.clickWrapper(GenericWrappers.java:376)
	at wrappers.GenericWrappers.clickByXpath(GenericWrappers.java:760)
	at pages.ProductsAndServicesPage.ClickApplyNow(ProductsAndServicesPage.java:74)
	at testcases.productandservices.TC49PSDBApplyNowEnrollattheBranchInstruction.EnrollattheBranchInstruction(TC49PSDBApplyNowEnrollattheBranchInstruction.java:40)
	at java.util.ArrayList.forEach(Unknown Source)
... Removed 27 stack frames</pre></div><a href='#' onClick='toggleBox("stack-trace1235373758", this, "Click to show all stack frames", "Click to hide stack frames")'>Click to show all stack frames</a>
<div class='stack-trace' id='stack-trace1235373758'><pre>java.lang.RuntimeException: FAILED
	at utils.Reporter.reportStep(Reporter.java:29)
	at wrappers.GenericWrappers.clickWrapper(GenericWrappers.java:376)
	at wrappers.GenericWrappers.clickByXpath(GenericWrappers.java:760)
	at pages.ProductsAndServicesPage.ClickApplyNow(ProductsAndServicesPage.java:74)
	at testcases.productandservices.TC49PSDBApplyNowEnrollattheBranchInstruction.EnrollattheBranchInstruction(TC49PSDBApplyNowEnrollattheBranchInstruction.java:40)
	at sun.reflect.NativeMethodAccessorImpl.invoke0(Native Method)
	at sun.reflect.NativeMethodAccessorImpl.invoke(Unknown Source)
	at sun.reflect.DelegatingMethodAccessorImpl.invoke(Unknown Source)
	at java.lang.reflect.Method.invoke(Unknown Source)
	at org.testng.internal.MethodInvocationHelper.invokeMethod(MethodInvocationHelper.java:134)
	at org.testng.internal.TestInvoker.invokeMethod(TestInvoker.java:597)
	at org.testng.internal.TestInvoker.invokeTestMethod(TestInvoker.java:173)
	at org.testng.internal.MethodRunner.runInSequence(MethodRunner.java:46)
	at org.testng.internal.TestInvoker$MethodInvocationAgent.invoke(TestInvoker.java:816)
	at org.testng.internal.TestInvoker.invokeTestMethods(TestInvoker.java:146)
	at org.testng.internal.TestMethodWorker.invokeTestMethods(TestMethodWorker.java:146)
	at org.testng.internal.TestMethodWorker.run(TestMethodWorker.java:128)
	at java.util.ArrayList.forEach(Unknown Source)
	at org.testng.TestRunner.privateRun(TestRunner.java:766)
	at org.testng.TestRunner.run(TestRunner.java:587)
	at org.testng.SuiteRunner.runTest(SuiteRunner.java:384)
	at org.testng.SuiteRunner.runSequentially(SuiteRunner.java:378)
	at org.testng.SuiteRunner.privateRun(SuiteRunner.java:337)
	at org.testng.SuiteRunner.run(SuiteRunner.java:286)
	at org.testng.SuiteRunnerWorker.runSuite(SuiteRunnerWorker.java:53)
	at org.testng.SuiteRunnerWorker.run(SuiteRunnerWorker.java:96)
	at org.testng.TestNG.runSuitesSequentially(TestNG.java:1187)
	at org.testng.TestNG.runSuitesLocally(TestNG.java:1109)
	at org.testng.TestNG.runSuites(TestNG.java:1039)
	at org.testng.TestNG.run(TestNG.java:1007)
	at org.testng.remote.AbstractRemoteTestNG.run(AbstractRemoteTestNG.java:115)
	at org.testng.remote.RemoteTestNG.initAndRun(RemoteTestNG.java:251)
	at org.testng.remote.RemoteTestNG.main(RemoteTestNG.java:77)
</pre></div></td>
<td>44</td>
<td>testcases.productandservices.TC49PSDBApplyNowEnrollattheBranchInstruction@35a50a4c</td></tr>
<tr>
<td title='testcases.productandservices.TC36PSInvestmentApplyNowInsruction.InvestmentsApplyNowInstruction()'><b>InvestmentsApplyNowInstruction</b><br>Test class: testcases.productandservices.TC36PSInvestmentApplyNowInsruction</td>
<td><div><pre>java.lang.RuntimeException: FAILED
	at utils.Reporter.reportStep(Reporter.java:29)
	at wrappers.GenericWrappers.clickWrapper(GenericWrappers.java:376)
	at wrappers.GenericWrappers.clickByXpath(GenericWrappers.java:760)
	at pages.ProductsAndServicesPage.ClickApplyNow(ProductsAndServicesPage.java:74)
	at testcases.productandservices.TC36PSInvestmentApplyNowInsruction.InvestmentsApplyNowInstruction(TC36PSInvestmentApplyNowInsruction.java:46)
	at java.util.ArrayList.forEach(Unknown Source)
... Removed 27 stack frames</pre></div><a href='#' onClick='toggleBox("stack-trace1959957748", this, "Click to show all stack frames", "Click to hide stack frames")'>Click to show all stack frames</a>
<div class='stack-trace' id='stack-trace1959957748'><pre>java.lang.RuntimeException: FAILED
	at utils.Reporter.reportStep(Reporter.java:29)
	at wrappers.GenericWrappers.clickWrapper(GenericWrappers.java:376)
	at wrappers.GenericWrappers.clickByXpath(GenericWrappers.java:760)
	at pages.ProductsAndServicesPage.ClickApplyNow(ProductsAndServicesPage.java:74)
	at testcases.productandservices.TC36PSInvestmentApplyNowInsruction.InvestmentsApplyNowInstruction(TC36PSInvestmentApplyNowInsruction.java:46)
	at sun.reflect.NativeMethodAccessorImpl.invoke0(Native Method)
	at sun.reflect.NativeMethodAccessorImpl.invoke(Unknown Source)
	at sun.reflect.DelegatingMethodAccessorImpl.invoke(Unknown Source)
	at java.lang.reflect.Method.invoke(Unknown Source)
	at org.testng.internal.MethodInvocationHelper.invokeMethod(MethodInvocationHelper.java:134)
	at org.testng.internal.TestInvoker.invokeMethod(TestInvoker.java:597)
	at org.testng.internal.TestInvoker.invokeTestMethod(TestInvoker.java:173)
	at org.testng.internal.MethodRunner.runInSequence(MethodRunner.java:46)
	at org.testng.internal.TestInvoker$MethodInvocationAgent.invoke(TestInvoker.java:816)
	at org.testng.internal.TestInvoker.invokeTestMethods(TestInvoker.java:146)
	at org.testng.internal.TestMethodWorker.invokeTestMethods(TestMethodWorker.java:146)
	at org.testng.internal.TestMethodWorker.run(TestMethodWorker.java:128)
	at java.util.ArrayList.forEach(Unknown Source)
	at org.testng.TestRunner.privateRun(TestRunner.java:766)
	at org.testng.TestRunner.run(TestRunner.java:587)
	at org.testng.SuiteRunner.runTest(SuiteRunner.java:384)
	at org.testng.SuiteRunner.runSequentially(SuiteRunner.java:378)
	at org.testng.SuiteRunner.privateRun(SuiteRunner.java:337)
	at org.testng.SuiteRunner.run(SuiteRunner.java:286)
	at org.testng.SuiteRunnerWorker.runSuite(SuiteRunnerWorker.java:53)
	at org.testng.SuiteRunnerWorker.run(SuiteRunnerWorker.java:96)
	at org.testng.TestNG.runSuitesSequentially(TestNG.java:1187)
	at org.testng.TestNG.runSuitesLocally(TestNG.java:1109)
	at org.testng.TestNG.runSuites(TestNG.java:1039)
	at org.testng.TestNG.run(TestNG.java:1007)
	at org.testng.remote.AbstractRemoteTestNG.run(AbstractRemoteTestNG.java:115)
	at org.testng.remote.RemoteTestNG.initAndRun(RemoteTestNG.java:251)
	at org.testng.remote.RemoteTestNG.main(RemoteTestNG.java:77)
</pre></div></td>
<td>83</td>
<td>testcases.productandservices.TC36PSInvestmentApplyNowInsruction@17211155</td></tr>
<tr>
<td title='testcases.productandservices.TC37PSInvestmentInvestOnlineNavigation.InvestmentsInvestOnlineNavigation()'><b>InvestmentsInvestOnlineNavigation</b><br>Test class: testcases.productandservices.TC37PSInvestmentInvestOnlineNavigation</td>
<td><div><pre>java.lang.RuntimeException: FAILED
	at utils.Reporter.reportStep(Reporter.java:29)
	at wrappers.GenericWrappers.clickWrapper(GenericWrappers.java:376)
	at wrappers.GenericWrappers.clickByXpath(GenericWrappers.java:760)
	at pages.ProductsAndServicesPage.ClickSplashLogo(ProductsAndServicesPage.java:42)
	at testcases.productandservices.TC37PSInvestmentInvestOnlineNavigation.InvestmentsInvestOnlineNavigation(TC37PSInvestmentInvestOnlineNavigation.java:35)
	at java.util.ArrayList.forEach(Unknown Source)
... Removed 27 stack frames</pre></div><a href='#' onClick='toggleBox("stack-trace1265271211", this, "Click to show all stack frames", "Click to hide stack frames")'>Click to show all stack frames</a>
<div class='stack-trace' id='stack-trace1265271211'><pre>java.lang.RuntimeException: FAILED
	at utils.Reporter.reportStep(Reporter.java:29)
	at wrappers.GenericWrappers.clickWrapper(GenericWrappers.java:376)
	at wrappers.GenericWrappers.clickByXpath(GenericWrappers.java:760)
	at pages.ProductsAndServicesPage.ClickSplashLogo(ProductsAndServicesPage.java:42)
	at testcases.productandservices.TC37PSInvestmentInvestOnlineNavigation.InvestmentsInvestOnlineNavigation(TC37PSInvestmentInvestOnlineNavigation.java:35)
	at sun.reflect.NativeMethodAccessorImpl.invoke0(Native Method)
	at sun.reflect.NativeMethodAccessorImpl.invoke(Unknown Source)
	at sun.reflect.DelegatingMethodAccessorImpl.invoke(Unknown Source)
	at java.lang.reflect.Method.invoke(Unknown Source)
	at org.testng.internal.MethodInvocationHelper.invokeMethod(MethodInvocationHelper.java:134)
	at org.testng.internal.TestInvoker.invokeMethod(TestInvoker.java:597)
	at org.testng.internal.TestInvoker.invokeTestMethod(TestInvoker.java:173)
	at org.testng.internal.MethodRunner.runInSequence(MethodRunner.java:46)
	at org.testng.internal.TestInvoker$MethodInvocationAgent.invoke(TestInvoker.java:816)
	at org.testng.internal.TestInvoker.invokeTestMethods(TestInvoker.java:146)
	at org.testng.internal.TestMethodWorker.invokeTestMethods(TestMethodWorker.java:146)
	at org.testng.internal.TestMethodWorker.run(TestMethodWorker.java:128)
	at java.util.ArrayList.forEach(Unknown Source)
	at org.testng.TestRunner.privateRun(TestRunner.java:766)
	at org.testng.TestRunner.run(TestRunner.java:587)
	at org.testng.SuiteRunner.runTest(SuiteRunner.java:384)
	at org.testng.SuiteRunner.runSequentially(SuiteRunner.java:378)
	at org.testng.SuiteRunner.privateRun(SuiteRunner.java:337)
	at org.testng.SuiteRunner.run(SuiteRunner.java:286)
	at org.testng.SuiteRunnerWorker.runSuite(SuiteRunnerWorker.java:53)
	at org.testng.SuiteRunnerWorker.run(SuiteRunnerWorker.java:96)
	at org.testng.TestNG.runSuitesSequentially(TestNG.java:1187)
	at org.testng.TestNG.runSuitesLocally(TestNG.java:1109)
	at org.testng.TestNG.runSuites(TestNG.java:1039)
	at org.testng.TestNG.run(TestNG.java:1007)
	at org.testng.remote.AbstractRemoteTestNG.run(AbstractRemoteTestNG.java:115)
	at org.testng.remote.RemoteTestNG.initAndRun(RemoteTestNG.java:251)
	at org.testng.remote.RemoteTestNG.main(RemoteTestNG.java:77)
</pre></div></td>
<td>24</td>
<td>testcases.productandservices.TC37PSInvestmentInvestOnlineNavigation@b3d7190</td></tr>
<tr>
<td title='testcases.productandservices.TC02PSListofAccountsSubMenuCheck.ListofAccountSubMenuCheck()'><b>ListofAccountSubMenuCheck</b><br>Test class: testcases.productandservices.TC02PSListofAccountsSubMenuCheck</td>
<td><div><pre>java.lang.RuntimeException: FAILED
	at utils.Reporter.reportStep(Reporter.java:29)
	at wrappers.GenericWrappers.enterByXpath(GenericWrappers.java:435)
	at pages.ProductsAndServicesPage.EnterTextArea(ProductsAndServicesPage.java:48)
	at testcases.productandservices.TC02PSListofAccountsSubMenuCheck.ListofAccountSubMenuCheck(TC02PSListofAccountsSubMenuCheck.java:36)
	at java.util.ArrayList.forEach(Unknown Source)
... Removed 27 stack frames</pre></div><a href='#' onClick='toggleBox("stack-trace1710783020", this, "Click to show all stack frames", "Click to hide stack frames")'>Click to show all stack frames</a>
<div class='stack-trace' id='stack-trace1710783020'><pre>java.lang.RuntimeException: FAILED
	at utils.Reporter.reportStep(Reporter.java:29)
	at wrappers.GenericWrappers.enterByXpath(GenericWrappers.java:435)
	at pages.ProductsAndServicesPage.EnterTextArea(ProductsAndServicesPage.java:48)
	at testcases.productandservices.TC02PSListofAccountsSubMenuCheck.ListofAccountSubMenuCheck(TC02PSListofAccountsSubMenuCheck.java:36)
	at sun.reflect.NativeMethodAccessorImpl.invoke0(Native Method)
	at sun.reflect.NativeMethodAccessorImpl.invoke(Unknown Source)
	at sun.reflect.DelegatingMethodAccessorImpl.invoke(Unknown Source)
	at java.lang.reflect.Method.invoke(Unknown Source)
	at org.testng.internal.MethodInvocationHelper.invokeMethod(MethodInvocationHelper.java:134)
	at org.testng.internal.TestInvoker.invokeMethod(TestInvoker.java:597)
	at org.testng.internal.TestInvoker.invokeTestMethod(TestInvoker.java:173)
	at org.testng.internal.MethodRunner.runInSequence(MethodRunner.java:46)
	at org.testng.internal.TestInvoker$MethodInvocationAgent.invoke(TestInvoker.java:816)
	at org.testng.internal.TestInvoker.invokeTestMethods(TestInvoker.java:146)
	at org.testng.internal.TestMethodWorker.invokeTestMethods(TestMethodWorker.java:146)
	at org.testng.internal.TestMethodWorker.run(TestMethodWorker.java:128)
	at java.util.ArrayList.forEach(Unknown Source)
	at org.testng.TestRunner.privateRun(TestRunner.java:766)
	at org.testng.TestRunner.run(TestRunner.java:587)
	at org.testng.SuiteRunner.runTest(SuiteRunner.java:384)
	at org.testng.SuiteRunner.runSequentially(SuiteRunner.java:378)
	at org.testng.SuiteRunner.privateRun(SuiteRunner.java:337)
	at org.testng.SuiteRunner.run(SuiteRunner.java:286)
	at org.testng.SuiteRunnerWorker.runSuite(SuiteRunnerWorker.java:53)
	at org.testng.SuiteRunnerWorker.run(SuiteRunnerWorker.java:96)
	at org.testng.TestNG.runSuitesSequentially(TestNG.java:1187)
	at org.testng.TestNG.runSuitesLocally(TestNG.java:1109)
	at org.testng.TestNG.runSuites(TestNG.java:1039)
	at org.testng.TestNG.run(TestNG.java:1007)
	at org.testng.remote.AbstractRemoteTestNG.run(AbstractRemoteTestNG.java:115)
	at org.testng.remote.RemoteTestNG.initAndRun(RemoteTestNG.java:251)
	at org.testng.remote.RemoteTestNG.main(RemoteTestNG.java:77)
</pre></div></td>
<td>43</td>
<td>testcases.productandservices.TC02PSListofAccountsSubMenuCheck@47db50c5</td></tr>
<tr>
<td title='testcases.productandservices.TC18PSApplyNowCreditcardsSubMenuCheck.ListofCreditcardSubMenuCheck()'><b>ListofCreditcardSubMenuCheck</b><br>Test class: testcases.productandservices.TC18PSApplyNowCreditcardsSubMenuCheck</td>
<td><div><pre>java.lang.RuntimeException: FAILED
	at utils.Reporter.reportStep(Reporter.java:29)
	at wrappers.GenericWrappers.verifyElementisPresent(GenericWrappers.java:1163)
	at pages.ProductsAndServicesPage.VerifyMainmenu(ProductsAndServicesPage.java:59)
	at testcases.productandservices.TC18PSApplyNowCreditcardsSubMenuCheck.ListofCreditcardSubMenuCheck(TC18PSApplyNowCreditcardsSubMenuCheck.java:41)
	at java.util.ArrayList.forEach(Unknown Source)
... Removed 27 stack frames</pre></div><a href='#' onClick='toggleBox("stack-trace2085073144", this, "Click to show all stack frames", "Click to hide stack frames")'>Click to show all stack frames</a>
<div class='stack-trace' id='stack-trace2085073144'><pre>java.lang.RuntimeException: FAILED
	at utils.Reporter.reportStep(Reporter.java:29)
	at wrappers.GenericWrappers.verifyElementisPresent(GenericWrappers.java:1163)
	at pages.ProductsAndServicesPage.VerifyMainmenu(ProductsAndServicesPage.java:59)
	at testcases.productandservices.TC18PSApplyNowCreditcardsSubMenuCheck.ListofCreditcardSubMenuCheck(TC18PSApplyNowCreditcardsSubMenuCheck.java:41)
	at sun.reflect.NativeMethodAccessorImpl.invoke0(Native Method)
	at sun.reflect.NativeMethodAccessorImpl.invoke(Unknown Source)
	at sun.reflect.DelegatingMethodAccessorImpl.invoke(Unknown Source)
	at java.lang.reflect.Method.invoke(Unknown Source)
	at org.testng.internal.MethodInvocationHelper.invokeMethod(MethodInvocationHelper.java:134)
	at org.testng.internal.TestInvoker.invokeMethod(TestInvoker.java:597)
	at org.testng.internal.TestInvoker.invokeTestMethod(TestInvoker.java:173)
	at org.testng.internal.MethodRunner.runInSequence(MethodRunner.java:46)
	at org.testng.internal.TestInvoker$MethodInvocationAgent.invoke(TestInvoker.java:816)
	at org.testng.internal.TestInvoker.invokeTestMethods(TestInvoker.java:146)
	at org.testng.internal.TestMethodWorker.invokeTestMethods(TestMethodWorker.java:146)
	at org.testng.internal.TestMethodWorker.run(TestMethodWorker.java:128)
	at java.util.ArrayList.forEach(Unknown Source)
	at org.testng.TestRunner.privateRun(TestRunner.java:766)
	at org.testng.TestRunner.run(TestRunner.java:587)
	at org.testng.SuiteRunner.runTest(SuiteRunner.java:384)
	at org.testng.SuiteRunner.runSequentially(SuiteRunner.java:378)
	at org.testng.SuiteRunner.privateRun(SuiteRunner.java:337)
	at org.testng.SuiteRunner.run(SuiteRunner.java:286)
	at org.testng.SuiteRunnerWorker.runSuite(SuiteRunnerWorker.java:53)
	at org.testng.SuiteRunnerWorker.run(SuiteRunnerWorker.java:96)
	at org.testng.TestNG.runSuitesSequentially(TestNG.java:1187)
	at org.testng.TestNG.runSuitesLocally(TestNG.java:1109)
	at org.testng.TestNG.runSuites(TestNG.java:1039)
	at org.testng.TestNG.run(TestNG.java:1007)
	at org.testng.remote.AbstractRemoteTestNG.run(AbstractRemoteTestNG.java:115)
	at org.testng.remote.RemoteTestNG.initAndRun(RemoteTestNG.java:251)
	at org.testng.remote.RemoteTestNG.main(RemoteTestNG.java:77)
</pre></div></td>
<td>33</td>
<td>testcases.productandservices.TC18PSApplyNowCreditcardsSubMenuCheck@727803de</td></tr>
<tr>
<td title='testcases.productandservices.TC38PSCustomerCareCardsHotline.ListofCustomerCareSubMenuCheck()'><b>ListofCustomerCareSubMenuCheck</b><br>Test class: testcases.productandservices.TC38PSCustomerCareCardsHotline</td>
<td><div><pre>java.lang.RuntimeException: FAILED
	at utils.Reporter.reportStep(Reporter.java:29)
	at wrappers.GenericWrappers.enterByXpath(GenericWrappers.java:435)
	at pages.ProductsAndServicesPage.EnterTextArea(ProductsAndServicesPage.java:48)
	at testcases.productandservices.TC38PSCustomerCareCardsHotline.ListofCustomerCareSubMenuCheck(TC38PSCustomerCareCardsHotline.java:36)
	at java.util.ArrayList.forEach(Unknown Source)
... Removed 27 stack frames</pre></div><a href='#' onClick='toggleBox("stack-trace1616308660", this, "Click to show all stack frames", "Click to hide stack frames")'>Click to show all stack frames</a>
<div class='stack-trace' id='stack-trace1616308660'><pre>java.lang.RuntimeException: FAILED
	at utils.Reporter.reportStep(Reporter.java:29)
	at wrappers.GenericWrappers.enterByXpath(GenericWrappers.java:435)
	at pages.ProductsAndServicesPage.EnterTextArea(ProductsAndServicesPage.java:48)
	at testcases.productandservices.TC38PSCustomerCareCardsHotline.ListofCustomerCareSubMenuCheck(TC38PSCustomerCareCardsHotline.java:36)
	at sun.reflect.NativeMethodAccessorImpl.invoke0(Native Method)
	at sun.reflect.NativeMethodAccessorImpl.invoke(Unknown Source)
	at sun.reflect.DelegatingMethodAccessorImpl.invoke(Unknown Source)
	at java.lang.reflect.Method.invoke(Unknown Source)
	at org.testng.internal.MethodInvocationHelper.invokeMethod(MethodInvocationHelper.java:134)
	at org.testng.internal.TestInvoker.invokeMethod(TestInvoker.java:597)
	at org.testng.internal.TestInvoker.invokeTestMethod(TestInvoker.java:173)
	at org.testng.internal.MethodRunner.runInSequence(MethodRunner.java:46)
	at org.testng.internal.TestInvoker$MethodInvocationAgent.invoke(TestInvoker.java:816)
	at org.testng.internal.TestInvoker.invokeTestMethods(TestInvoker.java:146)
	at org.testng.internal.TestMethodWorker.invokeTestMethods(TestMethodWorker.java:146)
	at org.testng.internal.TestMethodWorker.run(TestMethodWorker.java:128)
	at java.util.ArrayList.forEach(Unknown Source)
	at org.testng.TestRunner.privateRun(TestRunner.java:766)
	at org.testng.TestRunner.run(TestRunner.java:587)
	at org.testng.SuiteRunner.runTest(SuiteRunner.java:384)
	at org.testng.SuiteRunner.runSequentially(SuiteRunner.java:378)
	at org.testng.SuiteRunner.privateRun(SuiteRunner.java:337)
	at org.testng.SuiteRunner.run(SuiteRunner.java:286)
	at org.testng.SuiteRunnerWorker.runSuite(SuiteRunnerWorker.java:53)
	at org.testng.SuiteRunnerWorker.run(SuiteRunnerWorker.java:96)
	at org.testng.TestNG.runSuitesSequentially(TestNG.java:1187)
	at org.testng.TestNG.runSuitesLocally(TestNG.java:1109)
	at org.testng.TestNG.runSuites(TestNG.java:1039)
	at org.testng.TestNG.run(TestNG.java:1007)
	at org.testng.remote.AbstractRemoteTestNG.run(AbstractRemoteTestNG.java:115)
	at org.testng.remote.RemoteTestNG.initAndRun(RemoteTestNG.java:251)
	at org.testng.remote.RemoteTestNG.main(RemoteTestNG.java:77)
</pre></div></td>
<td>9</td>
<td>testcases.productandservices.TC38PSCustomerCareCardsHotline@5fdba6f9</td></tr>
<tr>
<td title='testcases.productandservices.TC46PSAccountApplyNow.PSAcccountApplyNow()'><b>PSAcccountApplyNow</b><br>Test class: testcases.productandservices.TC46PSAccountApplyNow</td>
<td><div><pre>java.lang.RuntimeException: FAILED
	at utils.Reporter.reportStep(Reporter.java:29)
	at wrappers.GenericWrappers.verifyElementisPresent(GenericWrappers.java:1163)
	at pages.ProductsAndServicesPage.VerifyOpenAccountTitle(ProductsAndServicesPage.java:89)
	at testcases.productandservices.TC46PSAccountApplyNow.PSAcccountApplyNow(TC46PSAccountApplyNow.java:40)
	at java.util.ArrayList.forEach(Unknown Source)
... Removed 27 stack frames</pre></div><a href='#' onClick='toggleBox("stack-trace593025047", this, "Click to show all stack frames", "Click to hide stack frames")'>Click to show all stack frames</a>
<div class='stack-trace' id='stack-trace593025047'><pre>java.lang.RuntimeException: FAILED
	at utils.Reporter.reportStep(Reporter.java:29)
	at wrappers.GenericWrappers.verifyElementisPresent(GenericWrappers.java:1163)
	at pages.ProductsAndServicesPage.VerifyOpenAccountTitle(ProductsAndServicesPage.java:89)
	at testcases.productandservices.TC46PSAccountApplyNow.PSAcccountApplyNow(TC46PSAccountApplyNow.java:40)
	at sun.reflect.NativeMethodAccessorImpl.invoke0(Native Method)
	at sun.reflect.NativeMethodAccessorImpl.invoke(Unknown Source)
	at sun.reflect.DelegatingMethodAccessorImpl.invoke(Unknown Source)
	at java.lang.reflect.Method.invoke(Unknown Source)
	at org.testng.internal.MethodInvocationHelper.invokeMethod(MethodInvocationHelper.java:134)
	at org.testng.internal.TestInvoker.invokeMethod(TestInvoker.java:597)
	at org.testng.internal.TestInvoker.invokeTestMethod(TestInvoker.java:173)
	at org.testng.internal.MethodRunner.runInSequence(MethodRunner.java:46)
	at org.testng.internal.TestInvoker$MethodInvocationAgent.invoke(TestInvoker.java:816)
	at org.testng.internal.TestInvoker.invokeTestMethods(TestInvoker.java:146)
	at org.testng.internal.TestMethodWorker.invokeTestMethods(TestMethodWorker.java:146)
	at org.testng.internal.TestMethodWorker.run(TestMethodWorker.java:128)
	at java.util.ArrayList.forEach(Unknown Source)
	at org.testng.TestRunner.privateRun(TestRunner.java:766)
	at org.testng.TestRunner.run(TestRunner.java:587)
	at org.testng.SuiteRunner.runTest(SuiteRunner.java:384)
	at org.testng.SuiteRunner.runSequentially(SuiteRunner.java:378)
	at org.testng.SuiteRunner.privateRun(SuiteRunner.java:337)
	at org.testng.SuiteRunner.run(SuiteRunner.java:286)
	at org.testng.SuiteRunnerWorker.runSuite(SuiteRunnerWorker.java:53)
	at org.testng.SuiteRunnerWorker.run(SuiteRunnerWorker.java:96)
	at org.testng.TestNG.runSuitesSequentially(TestNG.java:1187)
	at org.testng.TestNG.runSuitesLocally(TestNG.java:1109)
	at org.testng.TestNG.runSuites(TestNG.java:1039)
	at org.testng.TestNG.run(TestNG.java:1007)
	at org.testng.remote.AbstractRemoteTestNG.run(AbstractRemoteTestNG.java:115)
	at org.testng.remote.RemoteTestNG.initAndRun(RemoteTestNG.java:251)
	at org.testng.remote.RemoteTestNG.main(RemoteTestNG.java:77)
</pre></div></td>
<td>31</td>
<td>testcases.productandservices.TC46PSAccountApplyNow@24b1d79b</td></tr>
<tr>
<td title='testcases.productandservices.TC15PSHowtoOpenStepsVerification.PSHowtoOpenStepsVerification()'><b>PSHowtoOpenStepsVerification</b><br>Test class: testcases.productandservices.TC15PSHowtoOpenStepsVerification</td>
<td><div><pre>java.lang.RuntimeException: FAILED
	at utils.Reporter.reportStep(Reporter.java:29)
	at wrappers.GenericWrappers.clickWrapper(GenericWrappers.java:376)
	at wrappers.GenericWrappers.clickByXpath(GenericWrappers.java:760)
	at pages.ProductsAndServicesPage.ClickSplashLogo(ProductsAndServicesPage.java:42)
	at testcases.productandservices.TC15PSHowtoOpenStepsVerification.PSHowtoOpenStepsVerification(TC15PSHowtoOpenStepsVerification.java:35)
	at java.util.ArrayList.forEach(Unknown Source)
... Removed 27 stack frames</pre></div><a href='#' onClick='toggleBox("stack-trace1956303740", this, "Click to show all stack frames", "Click to hide stack frames")'>Click to show all stack frames</a>
<div class='stack-trace' id='stack-trace1956303740'><pre>java.lang.RuntimeException: FAILED
	at utils.Reporter.reportStep(Reporter.java:29)
	at wrappers.GenericWrappers.clickWrapper(GenericWrappers.java:376)
	at wrappers.GenericWrappers.clickByXpath(GenericWrappers.java:760)
	at pages.ProductsAndServicesPage.ClickSplashLogo(ProductsAndServicesPage.java:42)
	at testcases.productandservices.TC15PSHowtoOpenStepsVerification.PSHowtoOpenStepsVerification(TC15PSHowtoOpenStepsVerification.java:35)
	at sun.reflect.NativeMethodAccessorImpl.invoke0(Native Method)
	at sun.reflect.NativeMethodAccessorImpl.invoke(Unknown Source)
	at sun.reflect.DelegatingMethodAccessorImpl.invoke(Unknown Source)
	at java.lang.reflect.Method.invoke(Unknown Source)
	at org.testng.internal.MethodInvocationHelper.invokeMethod(MethodInvocationHelper.java:134)
	at org.testng.internal.TestInvoker.invokeMethod(TestInvoker.java:597)
	at org.testng.internal.TestInvoker.invokeTestMethod(TestInvoker.java:173)
	at org.testng.internal.MethodRunner.runInSequence(MethodRunner.java:46)
	at org.testng.internal.TestInvoker$MethodInvocationAgent.invoke(TestInvoker.java:816)
	at org.testng.internal.TestInvoker.invokeTestMethods(TestInvoker.java:146)
	at org.testng.internal.TestMethodWorker.invokeTestMethods(TestMethodWorker.java:146)
	at org.testng.internal.TestMethodWorker.run(TestMethodWorker.java:128)
	at java.util.ArrayList.forEach(Unknown Source)
	at org.testng.TestRunner.privateRun(TestRunner.java:766)
	at org.testng.TestRunner.run(TestRunner.java:587)
	at org.testng.SuiteRunner.runTest(SuiteRunner.java:384)
	at org.testng.SuiteRunner.runSequentially(SuiteRunner.java:378)
	at org.testng.SuiteRunner.privateRun(SuiteRunner.java:337)
	at org.testng.SuiteRunner.run(SuiteRunner.java:286)
	at org.testng.SuiteRunnerWorker.runSuite(SuiteRunnerWorker.java:53)
	at org.testng.SuiteRunnerWorker.run(SuiteRunnerWorker.java:96)
	at org.testng.TestNG.runSuitesSequentially(TestNG.java:1187)
	at org.testng.TestNG.runSuitesLocally(TestNG.java:1109)
	at org.testng.TestNG.runSuites(TestNG.java:1039)
	at org.testng.TestNG.run(TestNG.java:1007)
	at org.testng.remote.AbstractRemoteTestNG.run(AbstractRemoteTestNG.java:115)
	at org.testng.remote.RemoteTestNG.initAndRun(RemoteTestNG.java:251)
	at org.testng.remote.RemoteTestNG.main(RemoteTestNG.java:77)
</pre></div></td>
<td>23</td>
<td>testcases.productandservices.TC15PSHowtoOpenStepsVerification@548ad73b</td></tr>
<tr>
<td title='testcases.productandservices.TC14PSListofForeignCurrencyDetailsCheck.PSListofTimeDepositsDetailsCheck()'><b>PSListofTimeDepositsDetailsCheck</b><br>Test class: testcases.productandservices.TC14PSListofForeignCurrencyDetailsCheck</td>
<td><div><pre>java.lang.RuntimeException: FAILED
	at utils.Reporter.reportStep(Reporter.java:29)
	at wrappers.GenericWrappers.enterByXpath(GenericWrappers.java:435)
	at pages.ProductsAndServicesPage.EnterTextArea(ProductsAndServicesPage.java:48)
	at testcases.productandservices.TC14PSListofForeignCurrencyDetailsCheck.PSListofTimeDepositsDetailsCheck(TC14PSListofForeignCurrencyDetailsCheck.java:36)
	at java.util.ArrayList.forEach(Unknown Source)
... Removed 27 stack frames</pre></div><a href='#' onClick='toggleBox("stack-trace114499348", this, "Click to show all stack frames", "Click to hide stack frames")'>Click to show all stack frames</a>
<div class='stack-trace' id='stack-trace114499348'><pre>java.lang.RuntimeException: FAILED
	at utils.Reporter.reportStep(Reporter.java:29)
	at wrappers.GenericWrappers.enterByXpath(GenericWrappers.java:435)
	at pages.ProductsAndServicesPage.EnterTextArea(ProductsAndServicesPage.java:48)
	at testcases.productandservices.TC14PSListofForeignCurrencyDetailsCheck.PSListofTimeDepositsDetailsCheck(TC14PSListofForeignCurrencyDetailsCheck.java:36)
	at sun.reflect.NativeMethodAccessorImpl.invoke0(Native Method)
	at sun.reflect.NativeMethodAccessorImpl.invoke(Unknown Source)
	at sun.reflect.DelegatingMethodAccessorImpl.invoke(Unknown Source)
	at java.lang.reflect.Method.invoke(Unknown Source)
	at org.testng.internal.MethodInvocationHelper.invokeMethod(MethodInvocationHelper.java:134)
	at org.testng.internal.TestInvoker.invokeMethod(TestInvoker.java:597)
	at org.testng.internal.TestInvoker.invokeTestMethod(TestInvoker.java:173)
	at org.testng.internal.MethodRunner.runInSequence(MethodRunner.java:46)
	at org.testng.internal.TestInvoker$MethodInvocationAgent.invoke(TestInvoker.java:816)
	at org.testng.internal.TestInvoker.invokeTestMethods(TestInvoker.java:146)
	at org.testng.internal.TestMethodWorker.invokeTestMethods(TestMethodWorker.java:146)
	at org.testng.internal.TestMethodWorker.run(TestMethodWorker.java:128)
	at java.util.ArrayList.forEach(Unknown Source)
	at org.testng.TestRunner.privateRun(TestRunner.java:766)
	at org.testng.TestRunner.run(TestRunner.java:587)
	at org.testng.SuiteRunner.runTest(SuiteRunner.java:384)
	at org.testng.SuiteRunner.runSequentially(SuiteRunner.java:378)
	at org.testng.SuiteRunner.privateRun(SuiteRunner.java:337)
	at org.testng.SuiteRunner.run(SuiteRunner.java:286)
	at org.testng.SuiteRunnerWorker.runSuite(SuiteRunnerWorker.java:53)
	at org.testng.SuiteRunnerWorker.run(SuiteRunnerWorker.java:96)
	at org.testng.TestNG.runSuitesSequentially(TestNG.java:1187)
	at org.testng.TestNG.runSuitesLocally(TestNG.java:1109)
	at org.testng.TestNG.runSuites(TestNG.java:1039)
	at org.testng.TestNG.run(TestNG.java:1007)
	at org.testng.remote.AbstractRemoteTestNG.run(AbstractRemoteTestNG.java:115)
	at org.testng.remote.RemoteTestNG.initAndRun(RemoteTestNG.java:251)
	at org.testng.remote.RemoteTestNG.main(RemoteTestNG.java:77)
</pre></div></td>
<td>44</td>
<td>testcases.productandservices.TC14PSListofForeignCurrencyDetailsCheck@77846d2c</td></tr>
</table><p>
<table width='100%' border='1' class='invocation-passed'>
<tr><td colspan='4' align='center'><b>PASSED TESTS</b></td></tr>
<tr><td><b>Test method</b></td>
<td width="30%"><b>Exception</b></td>
<td width="10%"><b>Time (seconds)</b></td>
<td><b>Instance</b></td>
</tr>
<tr>
<td title='testcases.productandservices.TC29PSBranchATMLocationFindBranch.BranchATMLocationFindBranch()'><b>BranchATMLocationFindBranch</b><br>Test class: testcases.productandservices.TC29PSBranchATMLocationFindBranch</td>
<td></td>
<td>67</td>
<td>testcases.productandservices.TC29PSBranchATMLocationFindBranch@5579bb86</td></tr>
<tr>
<td title='testcases.productandservices.TC30PSBranchATMLocationFindanATM.BranchATMLocationFindanATM()'><b>BranchATMLocationFindanATM</b><br>Test class: testcases.productandservices.TC30PSBranchATMLocationFindanATM</td>
<td></td>
<td>64</td>
<td>testcases.productandservices.TC30PSBranchATMLocationFindanATM@5204062d</td></tr>
<tr>
<td title='testcases.productandservices.TC31PSBranchATMLocationWeekendBanking.BranchATMLocationWeekendBankingNavigation()'><b>BranchATMLocationWeekendBankingNavigation</b><br>Test class: testcases.productandservices.TC31PSBranchATMLocationWeekendBanking</td>
<td></td>
<td>62</td>
<td>testcases.productandservices.TC31PSBranchATMLocationWeekendBanking@4fcd19b3</td></tr>
<tr>
<td title='testcases.productandservices.TC39PSCustomerCareBankHotline.CustomerCareBankHotline()'><b>CustomerCareBankHotline</b><br>Test class: testcases.productandservices.TC39PSCustomerCareBankHotline</td>
<td></td>
<td>39</td>
<td>testcases.productandservices.TC39PSCustomerCareBankHotline@10d59286</td></tr>
<tr>
<td title='testcases.productandservices.TC41PSCustomerCareLiveChat.CustomerCareLiveChat()'><b>CustomerCareLiveChat</b><br>Test class: testcases.productandservices.TC41PSCustomerCareLiveChat</td>
<td></td>
<td>58</td>
<td>testcases.productandservices.TC41PSCustomerCareLiveChat@6fb0d3ed</td></tr>
<tr>
<td title='testcases.productandservices.TC43PSDigialBankingDownloadtheApp.DBDownloadTheApp()'><b>DBDownloadTheApp</b><br>Test class: testcases.productandservices.TC43PSDigialBankingDownloadtheApp</td>
<td></td>
<td>48</td>
<td>testcases.productandservices.TC43PSDigialBankingDownloadtheApp@5123a213</td></tr>
<tr>
<td title='testcases.productandservices.TC22PSDigitalBankingOTP.DigitalBankingOTP()'><b>DigitalBankingOTP</b><br>Test class: testcases.productandservices.TC22PSDigitalBankingOTP</td>
<td></td>
<td>27</td>
<td>testcases.productandservices.TC22PSDigitalBankingOTP@16f7c8c1</td></tr>
<tr>
<td title='testcases.productandservices.TC20PSDBEnrollUsingACardInstruction.EnrollUsingACardInstruction()'><b>EnrollUsingACardInstruction</b><br>Test class: testcases.productandservices.TC20PSDBEnrollUsingACardInstruction</td>
<td></td>
<td>40</td>
<td>testcases.productandservices.TC20PSDBEnrollUsingACardInstruction@df27fae</td></tr>
<tr>
<td title='testcases.productandservices.TC21PSDBEnrollattheBranchInstruction.EnrollattheBranchInstruction()'><b>EnrollattheBranchInstruction</b><br>Test class: testcases.productandservices.TC21PSDBEnrollattheBranchInstruction</td>
<td></td>
<td>44</td>
<td>testcases.productandservices.TC21PSDBEnrollattheBranchInstruction@24a35978</td></tr>
<tr>
<td title='testcases.productandservices.TC23PSLoan_HomeLoanForOFWs.HomeLoanForOFWs()'><b>HomeLoanForOFWs</b><br>Test class: testcases.productandservices.TC23PSLoan_HomeLoanForOFWs</td>
<td></td>
<td>54</td>
<td>testcases.productandservices.TC23PSLoan_HomeLoanForOFWs@2f0a87b3</td></tr>
<tr>
<td title='testcases.productandservices.TC35PSInvestmentHowToInvestNewCustomerFlow.HowToInvestNewCustomerFlow()'><b>HowToInvestNewCustomerFlow</b><br>Test class: testcases.productandservices.TC35PSInvestmentHowToInvestNewCustomerFlow</td>
<td></td>
<td>49</td>
<td>testcases.productandservices.TC35PSInvestmentHowToInvestNewCustomerFlow@7a36aefa</td></tr>
<tr>
<td title='testcases.productandservices.TC19PSDBHowtoEnrollSubMenuCheck.HowtoEnrollSubMenuCheck()'><b>HowtoEnrollSubMenuCheck</b><br>Test class: testcases.productandservices.TC19PSDBHowtoEnrollSubMenuCheck</td>
<td></td>
<td>30</td>
<td>testcases.productandservices.TC19PSDBHowtoEnrollSubMenuCheck@704921a5</td></tr>
<tr>
<td title='testcases.productandservices.TC26PSRemittanceHowtoSendMoneyNavigation.HowtoSendMoney()'><b>HowtoSendMoney</b><br>Test class: testcases.productandservices.TC26PSRemittanceHowtoSendMoneyNavigation</td>
<td></td>
<td>62</td>
<td>testcases.productandservices.TC26PSRemittanceHowtoSendMoneyNavigation@27d415d9</td></tr>
<tr>
<td title='testcases.productandservices.TC34PSInvestmentHowToInvestAccountHolderFlow.InvestAccountHolderFlow()'><b>InvestAccountHolderFlow</b><br>Test class: testcases.productandservices.TC34PSInvestmentHowToInvestAccountHolderFlow</td>
<td></td>
<td>49</td>
<td>testcases.productandservices.TC34PSInvestmentHowToInvestAccountHolderFlow@5d11346a</td></tr>
<tr>
<td title='testcases.productandservices.TC32PSInvestmentChooseaFund.InvestmentsChooseAfund()'><b>InvestmentsChooseAfund</b><br>Test class: testcases.productandservices.TC32PSInvestmentChooseaFund</td>
<td></td>
<td>43</td>
<td>testcases.productandservices.TC32PSInvestmentChooseaFund@376b4233</td></tr>
<tr>
<td title='testcases.productandservices.TC33PSInvestmentHowToInvest.InvestmentsHowtoInvest()'><b>InvestmentsHowtoInvest</b><br>Test class: testcases.productandservices.TC33PSInvestmentHowToInvest</td>
<td></td>
<td>42</td>
<td>testcases.productandservices.TC33PSInvestmentHowToInvest@2fd66ad3</td></tr>
<tr>
<td title='testcases.productandservices.TC03PSListofCreditcardsSubMenuCheck.ListofCreditcardSubMenuCheck()'><b>ListofCreditcardSubMenuCheck</b><br>Test class: testcases.productandservices.TC03PSListofCreditcardsSubMenuCheck</td>
<td></td>
<td>28</td>
<td>testcases.productandservices.TC03PSListofCreditcardsSubMenuCheck@5c072e3f</td></tr>
<tr>
<td title='testcases.productandservices.TC04PSListofDigitalbankingSubMenuCheck.ListofCreditcardSubMenuCheck()'><b>ListofCreditcardSubMenuCheck</b><br>Test class: testcases.productandservices.TC04PSListofDigitalbankingSubMenuCheck</td>
<td></td>
<td>18</td>
<td>testcases.productandservices.TC04PSListofDigitalbankingSubMenuCheck@4d1b0d2a</td></tr>
<tr>
<td title='testcases.productandservices.TC17PSChooseaCreditcardsSubMenuCheck.ListofCreditcardSubMenuCheck()'><b>ListofCreditcardSubMenuCheck</b><br>Test class: testcases.productandservices.TC17PSChooseaCreditcardsSubMenuCheck</td>
<td></td>
<td>28</td>
<td>testcases.productandservices.TC17PSChooseaCreditcardsSubMenuCheck@2641e737</td></tr>
<tr>
<td title='testcases.productandservices.TC47PSCreditcardsPromos.ListofCreditcardSubMenuCheck()'><b>ListofCreditcardSubMenuCheck</b><br>Test class: testcases.productandservices.TC47PSCreditcardsPromos</td>
<td></td>
<td>47</td>
<td>testcases.productandservices.TC47PSCreditcardsPromos@68ceda24</td></tr>
<tr>
<td title='testcases.productandservices.TC08PSListofCustomerCareSubMenuCheck.ListofCustomerCareSubMenuCheck()'><b>ListofCustomerCareSubMenuCheck</b><br>Test class: testcases.productandservices.TC08PSListofCustomerCareSubMenuCheck</td>
<td></td>
<td>34</td>
<td>testcases.productandservices.TC08PSListofCustomerCareSubMenuCheck@646007f4</td></tr>
<tr>
<td title='testcases.productandservices.TC09PSListofBranchATMLocationSubMenuCheck.ListofCustomerCareSubMenuCheck()'><b>ListofCustomerCareSubMenuCheck</b><br>Test class: testcases.productandservices.TC09PSListofBranchATMLocationSubMenuCheck</td>
<td></td>
<td>19</td>
<td>testcases.productandservices.TC09PSListofBranchATMLocationSubMenuCheck@481a15ff</td></tr>
<tr>
<td title='testcases.productandservices.TC07PSListofInvestmentsSubMenuCheck.ListofInvestmentsSubMenuCheck()'><b>ListofInvestmentsSubMenuCheck</b><br>Test class: testcases.productandservices.TC07PSListofInvestmentsSubMenuCheck</td>
<td></td>
<td>21</td>
<td>testcases.productandservices.TC07PSListofInvestmentsSubMenuCheck@710726a3</td></tr>
<tr>
<td title='testcases.productandservices.TC05PSListofLoanSubMenuCheck2.ListofLoanSubMenuCheck()'><b>ListofLoanSubMenuCheck</b><br>Test class: testcases.productandservices.TC05PSListofLoanSubMenuCheck2</td>
<td></td>
<td>22</td>
<td>testcases.productandservices.TC05PSListofLoanSubMenuCheck2@954b04f</td></tr>
<tr>
<td title='testcases.productandservices.TC06PSListofRemittanceSubMenuCheck.ListofRemittanceSubMenuCheck()'><b>ListofRemittanceSubMenuCheck</b><br>Test class: testcases.productandservices.TC06PSListofRemittanceSubMenuCheck</td>
<td></td>
<td>19</td>
<td>testcases.productandservices.TC06PSListofRemittanceSubMenuCheck@149494d8</td></tr>
<tr>
<td title='testcases.productandservices.TC01PSListofSubMenuCheck.ListofSubMenuCheck()'><b>ListofSubMenuCheck</b><br>Test class: testcases.productandservices.TC01PSListofSubMenuCheck</td>
<td></td>
<td>38</td>
<td>testcases.productandservices.TC01PSListofSubMenuCheck@67b467e9</td></tr>
<tr>
<td title='testcases.productandservices.TC12PSListofCheckingAccountDetailsCheck.PSListofCheckingAccountDetailsCheck()'><b>PSListofCheckingAccountDetailsCheck</b><br>Test class: testcases.productandservices.TC12PSListofCheckingAccountDetailsCheck</td>
<td></td>
<td>28</td>
<td>testcases.productandservices.TC12PSListofCheckingAccountDetailsCheck@545997b1</td></tr>
<tr>
<td title='testcases.productandservices.TC13PSListofTimeDepositDetailsCheck.PSListofTimeDepositsDetailsCheck()'><b>PSListofTimeDepositsDetailsCheck</b><br>Test class: testcases.productandservices.TC13PSListofTimeDepositDetailsCheck</td>
<td></td>
<td>31</td>
<td>testcases.productandservices.TC13PSListofTimeDepositDetailsCheck@4cf4d528</td></tr>
<tr>
<td title='testcases.productandservices.TC16PSListofValidIDsCheck.PSListofValidIDsCheck()'><b>PSListofValidIDsCheck</b><br>Test class: testcases.productandservices.TC16PSListofValidIDsCheck</td>
<td></td>
<td>26</td>
<td>testcases.productandservices.TC16PSListofValidIDsCheck@4c762604</td></tr>
<tr>
<td title='testcases.productandservices.TC27PSRemittanceReceiveMoneyNavigation.ReceiveMoneyNavigation()'><b>ReceiveMoneyNavigation</b><br>Test class: testcases.productandservices.TC27PSRemittanceReceiveMoneyNavigation</td>
<td></td>
<td>70</td>
<td>testcases.productandservices.TC27PSRemittanceReceiveMoneyNavigation@5c18298f</td></tr>
<tr>
<td title='testcases.productandservices.TC28PSRemittanceTrackerDetailsNavigation.RemittanceTrackerDetailsNavigation()'><b>RemittanceTrackerDetailsNavigation</b><br>Test class: testcases.productandservices.TC28PSRemittanceTrackerDetailsNavigation</td>
<td></td>
<td>56</td>
<td>testcases.productandservices.TC28PSRemittanceTrackerDetailsNavigation@31f924f5</td></tr>
<tr>
<td title='testcases.productandservices.TC25PSLoan_SmartCarLoanNavigation.SmarCarLoan()'><b>SmarCarLoan</b><br>Test class: testcases.productandservices.TC25PSLoan_SmartCarLoanNavigation</td>
<td></td>
<td>58</td>
<td>testcases.productandservices.TC25PSLoan_SmartCarLoanNavigation@fcd6521</td></tr>
<tr>
<td title='testcases.productandservices.TC24PSLoan_SmartHomeLoanNavigation.SmartHomeLoanNavigation()'><b>SmartHomeLoanNavigation</b><br>Test class: testcases.productandservices.TC24PSLoan_SmartHomeLoanNavigation</td>
<td></td>
<td>52</td>
<td>testcases.productandservices.TC24PSLoan_SmartHomeLoanNavigation@319b92f3</td></tr>
<tr>
<td title='testcases.productandservices.TC10PSListofChooseAnAccountSubMenuCheck.TC10PSListofChooseAnAccountSubMenuCheck()'><b>TC10PSListofChooseAnAccountSubMenuCheck</b><br>Test class: testcases.productandservices.TC10PSListofChooseAnAccountSubMenuCheck</td>
<td></td>
<td>25</td>
<td>testcases.productandservices.TC10PSListofChooseAnAccountSubMenuCheck@78186a70</td></tr>
<tr>
<td title='testcases.productandservices.TC11PSListofSavingsAccountDetailsCheck.TC11PSListofSavingsAccountDetailsCheck()'><b>TC11PSListofSavingsAccountDetailsCheck</b><br>Test class: testcases.productandservices.TC11PSListofSavingsAccountDetailsCheck</td>
<td></td>
<td>34</td>
<td>testcases.productandservices.TC11PSListofSavingsAccountDetailsCheck@306279ee</td></tr>
</table><p>
</body>
</html>