<html>
<head>
<title>TestNG:  Vaira</title>
<link href="../testng.css" rel="stylesheet" type="text/css" />
<link href="../my-testng.css" rel="stylesheet" type="text/css" />

<style type="text/css">
.log { display: none;} 
.stack-trace { display: none;} 
</style>
<script type="text/javascript">
<!--
function flip(e) {
  current = e.style.display;
  if (current == 'block') {
    e.style.display = 'none';
    return 0;
  }
  else {
    e.style.display = 'block';
    return 1;
  }
}

function toggleBox(szDivId, elem, msg1, msg2)
{
  var res = -1;  if (document.getElementById) {
    res = flip(document.getElementById(szDivId));
  }
  else if (document.all) {
    // this is the way old msie versions work
    res = flip(document.all[szDivId]);
  }
  if(elem) {
    if(res == 0) elem.innerHTML = msg1; else elem.innerHTML = msg2;
  }

}

function toggleAllBoxes() {
  if (document.getElementsByTagName) {
    d = document.getElementsByTagName('div');
    for (i = 0; i < d.length; i++) {
      if (d[i].className == 'log') {
        flip(d[i]);
      }
    }
  }
}

// -->
</script>

</head>
<body>
<h2 align='center'>Vaira</h2><table border='1' align="center">
<tr>
<td>Tests passed/Failed/Skipped:</td><td>39/10/0</td>
</tr><tr>
<td>Started on:</td><td>Thu May 07 13:24:11 IST 2020</td>
</tr>
<tr><td>Total time:</td><td>713 seconds (713044 ms)</td>
</tr><tr>
<td>Included groups:</td><td></td>
</tr><tr>
<td>Excluded groups:</td><td></td>
</tr>
</table><p/>
<small><i>(Hover the method name to see the test class name)</i></small><p/>
<table width='100%' border='1' class='invocation-failed'>
<tr><td colspan='4' align='center'><b>FAILED TESTS</b></td></tr>
<tr><td><b>Test method</b></td>
<td width="30%"><b>Exception</b></td>
<td width="10%"><b>Time (seconds)</b></td>
<td><b>Instance</b></td>
</tr>
<tr>
<td title='testcases.productandservices.TC42PSLoan_ApplyNow.ApplyNow()'><b>ApplyNow</b><br>Test class: testcases.productandservices.TC42PSLoan_ApplyNow</td>
<td><div><pre>java.lang.RuntimeException: FAILED
	at utils.Reporter.reportStep(Reporter.java:28)
	at wrappers.GenericWrappers.clickWrapper(GenericWrappers.java:376)
	at wrappers.GenericWrappers.clickByXpath(GenericWrappers.java:761)
	at pages.ProductsAndServicesPage.ClickApplyNow(ProductsAndServicesPage.java:75)
	at testcases.productandservices.TC42PSLoan_ApplyNow.ApplyNow(TC42PSLoan_ApplyNow.java:41)
	at java.util.concurrent.ThreadPoolExecutor.runWorker(Unknown Source)
	at java.util.concurrent.ThreadPoolExecutor$Worker.run(Unknown Source)
	at java.lang.Thread.run(Unknown Source)
... Removed 12 stack frames</pre></div><a href='#' onClick='toggleBox("stack-trace2130307954", this, "Click to show all stack frames", "Click to hide stack frames")'>Click to show all stack frames</a>
<div class='stack-trace' id='stack-trace2130307954'><pre>java.lang.RuntimeException: FAILED
	at utils.Reporter.reportStep(Reporter.java:28)
	at wrappers.GenericWrappers.clickWrapper(GenericWrappers.java:376)
	at wrappers.GenericWrappers.clickByXpath(GenericWrappers.java:761)
	at pages.ProductsAndServicesPage.ClickApplyNow(ProductsAndServicesPage.java:75)
	at testcases.productandservices.TC42PSLoan_ApplyNow.ApplyNow(TC42PSLoan_ApplyNow.java:41)
	at sun.reflect.NativeMethodAccessorImpl.invoke0(Native Method)
	at sun.reflect.NativeMethodAccessorImpl.invoke(Unknown Source)
	at sun.reflect.DelegatingMethodAccessorImpl.invoke(Unknown Source)
	at java.lang.reflect.Method.invoke(Unknown Source)
	at org.testng.internal.MethodInvocationHelper.invokeMethod(MethodInvocationHelper.java:135)
	at org.testng.internal.TestInvoker.invokeMethod(TestInvoker.java:598)
	at org.testng.internal.TestInvoker.invokeTestMethod(TestInvoker.java:174)
	at org.testng.internal.MethodRunner.runInSequence(MethodRunner.java:46)
	at org.testng.internal.TestInvoker$MethodInvocationAgent.invoke(TestInvoker.java:821)
	at org.testng.internal.TestInvoker.invokeTestMethods(TestInvoker.java:147)
	at org.testng.internal.TestMethodWorker.invokeTestMethods(TestMethodWorker.java:146)
	at org.testng.internal.TestMethodWorker.run(TestMethodWorker.java:128)
	at java.util.concurrent.ThreadPoolExecutor.runWorker(Unknown Source)
	at java.util.concurrent.ThreadPoolExecutor$Worker.run(Unknown Source)
	at java.lang.Thread.run(Unknown Source)
</pre></div></td>
<td>59</td>
<td>testcases.productandservices.TC42PSLoan_ApplyNow@376b4233</td></tr>
<tr>
<td title='testcases.productandservices.TC48PSDBApplyNowEnrollUsingACardInstruction.ApplyNowEnrollUsingACardInstruction()'><b>ApplyNowEnrollUsingACardInstruction</b><br>Test class: testcases.productandservices.TC48PSDBApplyNowEnrollUsingACardInstruction</td>
<td><div><pre>java.lang.RuntimeException: FAILED
	at utils.Reporter.reportStep(Reporter.java:28)
	at wrappers.GenericWrappers.clickWrapper(GenericWrappers.java:376)
	at wrappers.GenericWrappers.clickByXpath(GenericWrappers.java:761)
	at pages.ProductsAndServicesPage.ClickApplyNow(ProductsAndServicesPage.java:75)
	at testcases.productandservices.TC48PSDBApplyNowEnrollUsingACardInstruction.ApplyNowEnrollUsingACardInstruction(TC48PSDBApplyNowEnrollUsingACardInstruction.java:39)
	at java.util.concurrent.ThreadPoolExecutor.runWorker(Unknown Source)
	at java.util.concurrent.ThreadPoolExecutor$Worker.run(Unknown Source)
	at java.lang.Thread.run(Unknown Source)
... Removed 12 stack frames</pre></div><a href='#' onClick='toggleBox("stack-trace891063897", this, "Click to show all stack frames", "Click to hide stack frames")'>Click to show all stack frames</a>
<div class='stack-trace' id='stack-trace891063897'><pre>java.lang.RuntimeException: FAILED
	at utils.Reporter.reportStep(Reporter.java:28)
	at wrappers.GenericWrappers.clickWrapper(GenericWrappers.java:376)
	at wrappers.GenericWrappers.clickByXpath(GenericWrappers.java:761)
	at pages.ProductsAndServicesPage.ClickApplyNow(ProductsAndServicesPage.java:75)
	at testcases.productandservices.TC48PSDBApplyNowEnrollUsingACardInstruction.ApplyNowEnrollUsingACardInstruction(TC48PSDBApplyNowEnrollUsingACardInstruction.java:39)
	at sun.reflect.NativeMethodAccessorImpl.invoke0(Native Method)
	at sun.reflect.NativeMethodAccessorImpl.invoke(Unknown Source)
	at sun.reflect.DelegatingMethodAccessorImpl.invoke(Unknown Source)
	at java.lang.reflect.Method.invoke(Unknown Source)
	at org.testng.internal.MethodInvocationHelper.invokeMethod(MethodInvocationHelper.java:135)
	at org.testng.internal.TestInvoker.invokeMethod(TestInvoker.java:598)
	at org.testng.internal.TestInvoker.invokeTestMethod(TestInvoker.java:174)
	at org.testng.internal.MethodRunner.runInSequence(MethodRunner.java:46)
	at org.testng.internal.TestInvoker$MethodInvocationAgent.invoke(TestInvoker.java:821)
	at org.testng.internal.TestInvoker.invokeTestMethods(TestInvoker.java:147)
	at org.testng.internal.TestMethodWorker.invokeTestMethods(TestMethodWorker.java:146)
	at org.testng.internal.TestMethodWorker.run(TestMethodWorker.java:128)
	at java.util.concurrent.ThreadPoolExecutor.runWorker(Unknown Source)
	at java.util.concurrent.ThreadPoolExecutor$Worker.run(Unknown Source)
	at java.lang.Thread.run(Unknown Source)
</pre></div></td>
<td>45</td>
<td>testcases.productandservices.TC48PSDBApplyNowEnrollUsingACardInstruction@5fdba6f9</td></tr>
<tr>
<td title='testcases.productandservices.TC40PSCustomerCareApplyNow.CustomerCareApplyNow()'><b>CustomerCareApplyNow</b><br>Test class: testcases.productandservices.TC40PSCustomerCareApplyNow</td>
<td><div><pre>java.lang.RuntimeException: FAILED
	at utils.Reporter.reportStep(Reporter.java:28)
	at wrappers.GenericWrappers.clickWrapper(GenericWrappers.java:376)
	at wrappers.GenericWrappers.clickByXpath(GenericWrappers.java:761)
	at pages.ProductsAndServicesPage.ClickApplyNow(ProductsAndServicesPage.java:75)
	at testcases.productandservices.TC40PSCustomerCareApplyNow.CustomerCareApplyNow(TC40PSCustomerCareApplyNow.java:46)
	at java.util.concurrent.ThreadPoolExecutor.runWorker(Unknown Source)
	at java.util.concurrent.ThreadPoolExecutor$Worker.run(Unknown Source)
	at java.lang.Thread.run(Unknown Source)
... Removed 12 stack frames</pre></div><a href='#' onClick='toggleBox("stack-trace1611045380", this, "Click to show all stack frames", "Click to hide stack frames")'>Click to show all stack frames</a>
<div class='stack-trace' id='stack-trace1611045380'><pre>java.lang.RuntimeException: FAILED
	at utils.Reporter.reportStep(Reporter.java:28)
	at wrappers.GenericWrappers.clickWrapper(GenericWrappers.java:376)
	at wrappers.GenericWrappers.clickByXpath(GenericWrappers.java:761)
	at pages.ProductsAndServicesPage.ClickApplyNow(ProductsAndServicesPage.java:75)
	at testcases.productandservices.TC40PSCustomerCareApplyNow.CustomerCareApplyNow(TC40PSCustomerCareApplyNow.java:46)
	at sun.reflect.NativeMethodAccessorImpl.invoke0(Native Method)
	at sun.reflect.NativeMethodAccessorImpl.invoke(Unknown Source)
	at sun.reflect.DelegatingMethodAccessorImpl.invoke(Unknown Source)
	at java.lang.reflect.Method.invoke(Unknown Source)
	at org.testng.internal.MethodInvocationHelper.invokeMethod(MethodInvocationHelper.java:135)
	at org.testng.internal.TestInvoker.invokeMethod(TestInvoker.java:598)
	at org.testng.internal.TestInvoker.invokeTestMethod(TestInvoker.java:174)
	at org.testng.internal.MethodRunner.runInSequence(MethodRunner.java:46)
	at org.testng.internal.TestInvoker$MethodInvocationAgent.invoke(TestInvoker.java:821)
	at org.testng.internal.TestInvoker.invokeTestMethods(TestInvoker.java:147)
	at org.testng.internal.TestMethodWorker.invokeTestMethods(TestMethodWorker.java:146)
	at org.testng.internal.TestMethodWorker.run(TestMethodWorker.java:128)
	at java.util.concurrent.ThreadPoolExecutor.runWorker(Unknown Source)
	at java.util.concurrent.ThreadPoolExecutor$Worker.run(Unknown Source)
	at java.lang.Thread.run(Unknown Source)
</pre></div></td>
<td>74</td>
<td>testcases.productandservices.TC40PSCustomerCareApplyNow@5204062d</td></tr>
<tr>
<td title='testcases.productandservices.TC44PSDBApplyNowEnrollUsingACardInstruction.EnrollUsingACardInstruction()'><b>EnrollUsingACardInstruction</b><br>Test class: testcases.productandservices.TC44PSDBApplyNowEnrollUsingACardInstruction</td>
<td><div><pre>java.lang.RuntimeException: FAILED
	at utils.Reporter.reportStep(Reporter.java:28)
	at wrappers.GenericWrappers.clickWrapper(GenericWrappers.java:376)
	at wrappers.GenericWrappers.clickByXpath(GenericWrappers.java:761)
	at pages.ProductsAndServicesPage.ClickApplyNow(ProductsAndServicesPage.java:75)
	at testcases.productandservices.TC44PSDBApplyNowEnrollUsingACardInstruction.EnrollUsingACardInstruction(TC44PSDBApplyNowEnrollUsingACardInstruction.java:40)
	at java.util.concurrent.ThreadPoolExecutor.runWorker(Unknown Source)
	at java.util.concurrent.ThreadPoolExecutor$Worker.run(Unknown Source)
	at java.lang.Thread.run(Unknown Source)
... Removed 12 stack frames</pre></div><a href='#' onClick='toggleBox("stack-trace1913819684", this, "Click to show all stack frames", "Click to hide stack frames")'>Click to show all stack frames</a>
<div class='stack-trace' id='stack-trace1913819684'><pre>java.lang.RuntimeException: FAILED
	at utils.Reporter.reportStep(Reporter.java:28)
	at wrappers.GenericWrappers.clickWrapper(GenericWrappers.java:376)
	at wrappers.GenericWrappers.clickByXpath(GenericWrappers.java:761)
	at pages.ProductsAndServicesPage.ClickApplyNow(ProductsAndServicesPage.java:75)
	at testcases.productandservices.TC44PSDBApplyNowEnrollUsingACardInstruction.EnrollUsingACardInstruction(TC44PSDBApplyNowEnrollUsingACardInstruction.java:40)
	at sun.reflect.NativeMethodAccessorImpl.invoke0(Native Method)
	at sun.reflect.NativeMethodAccessorImpl.invoke(Unknown Source)
	at sun.reflect.DelegatingMethodAccessorImpl.invoke(Unknown Source)
	at java.lang.reflect.Method.invoke(Unknown Source)
	at org.testng.internal.MethodInvocationHelper.invokeMethod(MethodInvocationHelper.java:135)
	at org.testng.internal.TestInvoker.invokeMethod(TestInvoker.java:598)
	at org.testng.internal.TestInvoker.invokeTestMethod(TestInvoker.java:174)
	at org.testng.internal.MethodRunner.runInSequence(MethodRunner.java:46)
	at org.testng.internal.TestInvoker$MethodInvocationAgent.invoke(TestInvoker.java:821)
	at org.testng.internal.TestInvoker.invokeTestMethods(TestInvoker.java:147)
	at org.testng.internal.TestMethodWorker.invokeTestMethods(TestMethodWorker.java:146)
	at org.testng.internal.TestMethodWorker.run(TestMethodWorker.java:128)
	at java.util.concurrent.ThreadPoolExecutor.runWorker(Unknown Source)
	at java.util.concurrent.ThreadPoolExecutor$Worker.run(Unknown Source)
	at java.lang.Thread.run(Unknown Source)
</pre></div></td>
<td>49</td>
<td>testcases.productandservices.TC44PSDBApplyNowEnrollUsingACardInstruction@5d11346a</td></tr>
<tr>
<td title='testcases.productandservices.TC45PSDBApplyNowEnrollattheBranchInstruction.EnrollattheBranchInstruction()'><b>EnrollattheBranchInstruction</b><br>Test class: testcases.productandservices.TC45PSDBApplyNowEnrollattheBranchInstruction</td>
<td><div><pre>java.lang.RuntimeException: FAILED
	at utils.Reporter.reportStep(Reporter.java:28)
	at wrappers.GenericWrappers.clickWrapper(GenericWrappers.java:376)
	at wrappers.GenericWrappers.clickByXpath(GenericWrappers.java:761)
	at pages.ProductsAndServicesPage.ClickApplyNow(ProductsAndServicesPage.java:75)
	at testcases.productandservices.TC45PSDBApplyNowEnrollattheBranchInstruction.EnrollattheBranchInstruction(TC45PSDBApplyNowEnrollattheBranchInstruction.java:40)
	at java.util.concurrent.ThreadPoolExecutor.runWorker(Unknown Source)
	at java.util.concurrent.ThreadPoolExecutor$Worker.run(Unknown Source)
	at java.lang.Thread.run(Unknown Source)
... Removed 12 stack frames</pre></div><a href='#' onClick='toggleBox("stack-trace1795886408", this, "Click to show all stack frames", "Click to hide stack frames")'>Click to show all stack frames</a>
<div class='stack-trace' id='stack-trace1795886408'><pre>java.lang.RuntimeException: FAILED
	at utils.Reporter.reportStep(Reporter.java:28)
	at wrappers.GenericWrappers.clickWrapper(GenericWrappers.java:376)
	at wrappers.GenericWrappers.clickByXpath(GenericWrappers.java:761)
	at pages.ProductsAndServicesPage.ClickApplyNow(ProductsAndServicesPage.java:75)
	at testcases.productandservices.TC45PSDBApplyNowEnrollattheBranchInstruction.EnrollattheBranchInstruction(TC45PSDBApplyNowEnrollattheBranchInstruction.java:40)
	at sun.reflect.NativeMethodAccessorImpl.invoke0(Native Method)
	at sun.reflect.NativeMethodAccessorImpl.invoke(Unknown Source)
	at sun.reflect.DelegatingMethodAccessorImpl.invoke(Unknown Source)
	at java.lang.reflect.Method.invoke(Unknown Source)
	at org.testng.internal.MethodInvocationHelper.invokeMethod(MethodInvocationHelper.java:135)
	at org.testng.internal.TestInvoker.invokeMethod(TestInvoker.java:598)
	at org.testng.internal.TestInvoker.invokeTestMethod(TestInvoker.java:174)
	at org.testng.internal.MethodRunner.runInSequence(MethodRunner.java:46)
	at org.testng.internal.TestInvoker$MethodInvocationAgent.invoke(TestInvoker.java:821)
	at org.testng.internal.TestInvoker.invokeTestMethods(TestInvoker.java:147)
	at org.testng.internal.TestMethodWorker.invokeTestMethods(TestMethodWorker.java:146)
	at org.testng.internal.TestMethodWorker.run(TestMethodWorker.java:128)
	at java.util.concurrent.ThreadPoolExecutor.runWorker(Unknown Source)
	at java.util.concurrent.ThreadPoolExecutor$Worker.run(Unknown Source)
	at java.lang.Thread.run(Unknown Source)
</pre></div></td>
<td>49</td>
<td>testcases.productandservices.TC45PSDBApplyNowEnrollattheBranchInstruction@7a36aefa</td></tr>
<tr>
<td title='testcases.productandservices.TC49PSDBApplyNowEnrollattheBranchInstruction.EnrollattheBranchInstruction()'><b>EnrollattheBranchInstruction</b><br>Test class: testcases.productandservices.TC49PSDBApplyNowEnrollattheBranchInstruction</td>
<td><div><pre>java.lang.RuntimeException: FAILED
	at utils.Reporter.reportStep(Reporter.java:28)
	at wrappers.GenericWrappers.clickWrapper(GenericWrappers.java:376)
	at wrappers.GenericWrappers.clickByXpath(GenericWrappers.java:761)
	at pages.ProductsAndServicesPage.ClickApplyNow(ProductsAndServicesPage.java:75)
	at testcases.productandservices.TC49PSDBApplyNowEnrollattheBranchInstruction.EnrollattheBranchInstruction(TC49PSDBApplyNowEnrollattheBranchInstruction.java:39)
	at java.util.concurrent.ThreadPoolExecutor.runWorker(Unknown Source)
	at java.util.concurrent.ThreadPoolExecutor$Worker.run(Unknown Source)
	at java.lang.Thread.run(Unknown Source)
... Removed 12 stack frames</pre></div><a href='#' onClick='toggleBox("stack-trace108173191", this, "Click to show all stack frames", "Click to hide stack frames")'>Click to show all stack frames</a>
<div class='stack-trace' id='stack-trace108173191'><pre>java.lang.RuntimeException: FAILED
	at utils.Reporter.reportStep(Reporter.java:28)
	at wrappers.GenericWrappers.clickWrapper(GenericWrappers.java:376)
	at wrappers.GenericWrappers.clickByXpath(GenericWrappers.java:761)
	at pages.ProductsAndServicesPage.ClickApplyNow(ProductsAndServicesPage.java:75)
	at testcases.productandservices.TC49PSDBApplyNowEnrollattheBranchInstruction.EnrollattheBranchInstruction(TC49PSDBApplyNowEnrollattheBranchInstruction.java:39)
	at sun.reflect.NativeMethodAccessorImpl.invoke0(Native Method)
	at sun.reflect.NativeMethodAccessorImpl.invoke(Unknown Source)
	at sun.reflect.DelegatingMethodAccessorImpl.invoke(Unknown Source)
	at java.lang.reflect.Method.invoke(Unknown Source)
	at org.testng.internal.MethodInvocationHelper.invokeMethod(MethodInvocationHelper.java:135)
	at org.testng.internal.TestInvoker.invokeMethod(TestInvoker.java:598)
	at org.testng.internal.TestInvoker.invokeTestMethod(TestInvoker.java:174)
	at org.testng.internal.MethodRunner.runInSequence(MethodRunner.java:46)
	at org.testng.internal.TestInvoker$MethodInvocationAgent.invoke(TestInvoker.java:821)
	at org.testng.internal.TestInvoker.invokeTestMethods(TestInvoker.java:147)
	at org.testng.internal.TestMethodWorker.invokeTestMethods(TestMethodWorker.java:146)
	at org.testng.internal.TestMethodWorker.run(TestMethodWorker.java:128)
	at java.util.concurrent.ThreadPoolExecutor.runWorker(Unknown Source)
	at java.util.concurrent.ThreadPoolExecutor$Worker.run(Unknown Source)
	at java.lang.Thread.run(Unknown Source)
</pre></div></td>
<td>45</td>
<td>testcases.productandservices.TC49PSDBApplyNowEnrollattheBranchInstruction@10d59286</td></tr>
<tr>
<td title='testcases.productandservices.TC26PSRemittanceHowtoSendMoneyNavigation.HowtoSendMoney()'><b>HowtoSendMoney</b><br>Test class: testcases.productandservices.TC26PSRemittanceHowtoSendMoneyNavigation</td>
<td><div><pre>java.lang.RuntimeException: FAILED
	at utils.Reporter.reportStep(Reporter.java:28)
	at wrappers.GenericWrappers.enterByXpath(GenericWrappers.java:436)
	at pages.ProductsAndServicesPage.EnterTextArea(ProductsAndServicesPage.java:48)
	at testcases.productandservices.TC26PSRemittanceHowtoSendMoneyNavigation.HowtoSendMoney(TC26PSRemittanceHowtoSendMoneyNavigation.java:35)
	at java.util.concurrent.ThreadPoolExecutor.runWorker(Unknown Source)
	at java.util.concurrent.ThreadPoolExecutor$Worker.run(Unknown Source)
	at java.lang.Thread.run(Unknown Source)
... Removed 12 stack frames</pre></div><a href='#' onClick='toggleBox("stack-trace982461530", this, "Click to show all stack frames", "Click to hide stack frames")'>Click to show all stack frames</a>
<div class='stack-trace' id='stack-trace982461530'><pre>java.lang.RuntimeException: FAILED
	at utils.Reporter.reportStep(Reporter.java:28)
	at wrappers.GenericWrappers.enterByXpath(GenericWrappers.java:436)
	at pages.ProductsAndServicesPage.EnterTextArea(ProductsAndServicesPage.java:48)
	at testcases.productandservices.TC26PSRemittanceHowtoSendMoneyNavigation.HowtoSendMoney(TC26PSRemittanceHowtoSendMoneyNavigation.java:35)
	at sun.reflect.NativeMethodAccessorImpl.invoke0(Native Method)
	at sun.reflect.NativeMethodAccessorImpl.invoke(Unknown Source)
	at sun.reflect.DelegatingMethodAccessorImpl.invoke(Unknown Source)
	at java.lang.reflect.Method.invoke(Unknown Source)
	at org.testng.internal.MethodInvocationHelper.invokeMethod(MethodInvocationHelper.java:135)
	at org.testng.internal.TestInvoker.invokeMethod(TestInvoker.java:598)
	at org.testng.internal.TestInvoker.invokeTestMethod(TestInvoker.java:174)
	at org.testng.internal.MethodRunner.runInSequence(MethodRunner.java:46)
	at org.testng.internal.TestInvoker$MethodInvocationAgent.invoke(TestInvoker.java:821)
	at org.testng.internal.TestInvoker.invokeTestMethods(TestInvoker.java:147)
	at org.testng.internal.TestMethodWorker.invokeTestMethods(TestMethodWorker.java:146)
	at org.testng.internal.TestMethodWorker.run(TestMethodWorker.java:128)
	at java.util.concurrent.ThreadPoolExecutor.runWorker(Unknown Source)
	at java.util.concurrent.ThreadPoolExecutor$Worker.run(Unknown Source)
	at java.lang.Thread.run(Unknown Source)
</pre></div></td>
<td>9</td>
<td>testcases.productandservices.TC26PSRemittanceHowtoSendMoneyNavigation@4c762604</td></tr>
<tr>
<td title='testcases.productandservices.TC36PSInvestmentApplyNowInsruction.InvestmentsApplyNowInstruction()'><b>InvestmentsApplyNowInstruction</b><br>Test class: testcases.productandservices.TC36PSInvestmentApplyNowInsruction</td>
<td><div><pre>java.lang.RuntimeException: FAILED
	at utils.Reporter.reportStep(Reporter.java:28)
	at wrappers.GenericWrappers.clickWrapper(GenericWrappers.java:376)
	at wrappers.GenericWrappers.clickByXpath(GenericWrappers.java:761)
	at pages.ProductsAndServicesPage.ClickApplyNow(ProductsAndServicesPage.java:75)
	at testcases.productandservices.TC36PSInvestmentApplyNowInsruction.InvestmentsApplyNowInstruction(TC36PSInvestmentApplyNowInsruction.java:45)
	at java.util.concurrent.ThreadPoolExecutor.runWorker(Unknown Source)
	at java.util.concurrent.ThreadPoolExecutor$Worker.run(Unknown Source)
	at java.lang.Thread.run(Unknown Source)
... Removed 12 stack frames</pre></div><a href='#' onClick='toggleBox("stack-trace1201543733", this, "Click to show all stack frames", "Click to hide stack frames")'>Click to show all stack frames</a>
<div class='stack-trace' id='stack-trace1201543733'><pre>java.lang.RuntimeException: FAILED
	at utils.Reporter.reportStep(Reporter.java:28)
	at wrappers.GenericWrappers.clickWrapper(GenericWrappers.java:376)
	at wrappers.GenericWrappers.clickByXpath(GenericWrappers.java:761)
	at pages.ProductsAndServicesPage.ClickApplyNow(ProductsAndServicesPage.java:75)
	at testcases.productandservices.TC36PSInvestmentApplyNowInsruction.InvestmentsApplyNowInstruction(TC36PSInvestmentApplyNowInsruction.java:45)
	at sun.reflect.NativeMethodAccessorImpl.invoke0(Native Method)
	at sun.reflect.NativeMethodAccessorImpl.invoke(Unknown Source)
	at sun.reflect.DelegatingMethodAccessorImpl.invoke(Unknown Source)
	at java.lang.reflect.Method.invoke(Unknown Source)
	at org.testng.internal.MethodInvocationHelper.invokeMethod(MethodInvocationHelper.java:135)
	at org.testng.internal.TestInvoker.invokeMethod(TestInvoker.java:598)
	at org.testng.internal.TestInvoker.invokeTestMethod(TestInvoker.java:174)
	at org.testng.internal.MethodRunner.runInSequence(MethodRunner.java:46)
	at org.testng.internal.TestInvoker$MethodInvocationAgent.invoke(TestInvoker.java:821)
	at org.testng.internal.TestInvoker.invokeTestMethods(TestInvoker.java:147)
	at org.testng.internal.TestMethodWorker.invokeTestMethods(TestMethodWorker.java:146)
	at org.testng.internal.TestMethodWorker.run(TestMethodWorker.java:128)
	at java.util.concurrent.ThreadPoolExecutor.runWorker(Unknown Source)
	at java.util.concurrent.ThreadPoolExecutor$Worker.run(Unknown Source)
	at java.lang.Thread.run(Unknown Source)
</pre></div></td>
<td>74</td>
<td>testcases.productandservices.TC36PSInvestmentApplyNowInsruction@27d415d9</td></tr>
<tr>
<td title='testcases.productandservices.TC18PSApplyNowCreditcardsSubMenuCheck.ListofCreditcardSubMenuCheck()'><b>ListofCreditcardSubMenuCheck</b><br>Test class: testcases.productandservices.TC18PSApplyNowCreditcardsSubMenuCheck</td>
<td><div><pre>java.lang.RuntimeException: FAILED
	at utils.Reporter.reportStep(Reporter.java:28)
	at wrappers.GenericWrappers.verifyElementisPresent(GenericWrappers.java:1164)
	at pages.ProductsAndServicesPage.VerifyMainmenu(ProductsAndServicesPage.java:60)
	at testcases.productandservices.TC18PSApplyNowCreditcardsSubMenuCheck.ListofCreditcardSubMenuCheck(TC18PSApplyNowCreditcardsSubMenuCheck.java:40)
	at java.util.concurrent.ThreadPoolExecutor.runWorker(Unknown Source)
	at java.util.concurrent.ThreadPoolExecutor$Worker.run(Unknown Source)
	at java.lang.Thread.run(Unknown Source)
... Removed 12 stack frames</pre></div><a href='#' onClick='toggleBox("stack-trace2120409308", this, "Click to show all stack frames", "Click to hide stack frames")'>Click to show all stack frames</a>
<div class='stack-trace' id='stack-trace2120409308'><pre>java.lang.RuntimeException: FAILED
	at utils.Reporter.reportStep(Reporter.java:28)
	at wrappers.GenericWrappers.verifyElementisPresent(GenericWrappers.java:1164)
	at pages.ProductsAndServicesPage.VerifyMainmenu(ProductsAndServicesPage.java:60)
	at testcases.productandservices.TC18PSApplyNowCreditcardsSubMenuCheck.ListofCreditcardSubMenuCheck(TC18PSApplyNowCreditcardsSubMenuCheck.java:40)
	at sun.reflect.NativeMethodAccessorImpl.invoke0(Native Method)
	at sun.reflect.NativeMethodAccessorImpl.invoke(Unknown Source)
	at sun.reflect.DelegatingMethodAccessorImpl.invoke(Unknown Source)
	at java.lang.reflect.Method.invoke(Unknown Source)
	at org.testng.internal.MethodInvocationHelper.invokeMethod(MethodInvocationHelper.java:135)
	at org.testng.internal.TestInvoker.invokeMethod(TestInvoker.java:598)
	at org.testng.internal.TestInvoker.invokeTestMethod(TestInvoker.java:174)
	at org.testng.internal.MethodRunner.runInSequence(MethodRunner.java:46)
	at org.testng.internal.TestInvoker$MethodInvocationAgent.invoke(TestInvoker.java:821)
	at org.testng.internal.TestInvoker.invokeTestMethods(TestInvoker.java:147)
	at org.testng.internal.TestMethodWorker.invokeTestMethods(TestMethodWorker.java:146)
	at org.testng.internal.TestMethodWorker.run(TestMethodWorker.java:128)
	at java.util.concurrent.ThreadPoolExecutor.runWorker(Unknown Source)
	at java.util.concurrent.ThreadPoolExecutor$Worker.run(Unknown Source)
	at java.lang.Thread.run(Unknown Source)
</pre></div></td>
<td>50</td>
<td>testcases.productandservices.TC18PSApplyNowCreditcardsSubMenuCheck@646007f4</td></tr>
<tr>
<td title='testcases.productandservices.TC46PSAccountApplyNow.PSAcccountApplyNow()'><b>PSAcccountApplyNow</b><br>Test class: testcases.productandservices.TC46PSAccountApplyNow</td>
<td><div><pre>java.lang.RuntimeException: FAILED
	at utils.Reporter.reportStep(Reporter.java:28)
	at wrappers.GenericWrappers.verifyElementisPresent(GenericWrappers.java:1164)
	at pages.ProductsAndServicesPage.VerifyOpenAccountTitle(ProductsAndServicesPage.java:90)
	at testcases.productandservices.TC46PSAccountApplyNow.PSAcccountApplyNow(TC46PSAccountApplyNow.java:39)
	at java.util.concurrent.ThreadPoolExecutor.runWorker(Unknown Source)
	at java.util.concurrent.ThreadPoolExecutor$Worker.run(Unknown Source)
	at java.lang.Thread.run(Unknown Source)
... Removed 12 stack frames</pre></div><a href='#' onClick='toggleBox("stack-trace975094311", this, "Click to show all stack frames", "Click to hide stack frames")'>Click to show all stack frames</a>
<div class='stack-trace' id='stack-trace975094311'><pre>java.lang.RuntimeException: FAILED
	at utils.Reporter.reportStep(Reporter.java:28)
	at wrappers.GenericWrappers.verifyElementisPresent(GenericWrappers.java:1164)
	at pages.ProductsAndServicesPage.VerifyOpenAccountTitle(ProductsAndServicesPage.java:90)
	at testcases.productandservices.TC46PSAccountApplyNow.PSAcccountApplyNow(TC46PSAccountApplyNow.java:39)
	at sun.reflect.NativeMethodAccessorImpl.invoke0(Native Method)
	at sun.reflect.NativeMethodAccessorImpl.invoke(Unknown Source)
	at sun.reflect.DelegatingMethodAccessorImpl.invoke(Unknown Source)
	at java.lang.reflect.Method.invoke(Unknown Source)
	at org.testng.internal.MethodInvocationHelper.invokeMethod(MethodInvocationHelper.java:135)
	at org.testng.internal.TestInvoker.invokeMethod(TestInvoker.java:598)
	at org.testng.internal.TestInvoker.invokeTestMethod(TestInvoker.java:174)
	at org.testng.internal.MethodRunner.runInSequence(MethodRunner.java:46)
	at org.testng.internal.TestInvoker$MethodInvocationAgent.invoke(TestInvoker.java:821)
	at org.testng.internal.TestInvoker.invokeTestMethods(TestInvoker.java:147)
	at org.testng.internal.TestMethodWorker.invokeTestMethods(TestMethodWorker.java:146)
	at org.testng.internal.TestMethodWorker.run(TestMethodWorker.java:128)
	at java.util.concurrent.ThreadPoolExecutor.runWorker(Unknown Source)
	at java.util.concurrent.ThreadPoolExecutor$Worker.run(Unknown Source)
	at java.lang.Thread.run(Unknown Source)
</pre></div></td>
<td>29</td>
<td>testcases.productandservices.TC46PSAccountApplyNow@17211155</td></tr>
</table><p>
<table width='100%' border='1' class='invocation-passed'>
<tr><td colspan='4' align='center'><b>PASSED TESTS</b></td></tr>
<tr><td><b>Test method</b></td>
<td width="30%"><b>Exception</b></td>
<td width="10%"><b>Time (seconds)</b></td>
<td><b>Instance</b></td>
</tr>
<tr>
<td title='testcases.productandservices.TC29PSBranchATMLocationFindBranch.BranchATMLocationFindBranch()'><b>BranchATMLocationFindBranch</b><br>Test class: testcases.productandservices.TC29PSBranchATMLocationFindBranch</td>
<td></td>
<td>88</td>
<td>testcases.productandservices.TC29PSBranchATMLocationFindBranch@704921a5</td></tr>
<tr>
<td title='testcases.productandservices.TC30PSBranchATMLocationFindanATM.BranchATMLocationFindanATM()'><b>BranchATMLocationFindanATM</b><br>Test class: testcases.productandservices.TC30PSBranchATMLocationFindanATM</td>
<td></td>
<td>80</td>
<td>testcases.productandservices.TC30PSBranchATMLocationFindanATM@df27fae</td></tr>
<tr>
<td title='testcases.productandservices.TC31PSBranchATMLocationWeekendBanking.BranchATMLocationWeekendBankingNavigation()'><b>BranchATMLocationWeekendBankingNavigation</b><br>Test class: testcases.productandservices.TC31PSBranchATMLocationWeekendBanking</td>
<td></td>
<td>81</td>
<td>testcases.productandservices.TC31PSBranchATMLocationWeekendBanking@24a35978</td></tr>
<tr>
<td title='testcases.productandservices.TC39PSCustomerCareBankHotline.CustomerCareBankHotline()'><b>CustomerCareBankHotline</b><br>Test class: testcases.productandservices.TC39PSCustomerCareBankHotline</td>
<td></td>
<td>60</td>
<td>testcases.productandservices.TC39PSCustomerCareBankHotline@5579bb86</td></tr>
<tr>
<td title='testcases.productandservices.TC41PSCustomerCareLiveChat.CustomerCareLiveChat()'><b>CustomerCareLiveChat</b><br>Test class: testcases.productandservices.TC41PSCustomerCareLiveChat</td>
<td></td>
<td>99</td>
<td>testcases.productandservices.TC41PSCustomerCareLiveChat@4fcd19b3</td></tr>
<tr>
<td title='testcases.productandservices.TC43PSDigialBankingDownloadtheApp.DBDownloadTheApp()'><b>DBDownloadTheApp</b><br>Test class: testcases.productandservices.TC43PSDigialBankingDownloadtheApp</td>
<td></td>
<td>73</td>
<td>testcases.productandservices.TC43PSDigialBankingDownloadtheApp@2fd66ad3</td></tr>
<tr>
<td title='testcases.productandservices.TC22PSDigitalBankingOTP.DigitalBankingOTP()'><b>DigitalBankingOTP</b><br>Test class: testcases.productandservices.TC22PSDigitalBankingOTP</td>
<td></td>
<td>42</td>
<td>testcases.productandservices.TC22PSDigitalBankingOTP@545997b1</td></tr>
<tr>
<td title='testcases.productandservices.TC20PSDBEnrollUsingACardInstruction.EnrollUsingACardInstruction()'><b>EnrollUsingACardInstruction</b><br>Test class: testcases.productandservices.TC20PSDBEnrollUsingACardInstruction</td>
<td></td>
<td>64</td>
<td>testcases.productandservices.TC20PSDBEnrollUsingACardInstruction@78186a70</td></tr>
<tr>
<td title='testcases.productandservices.TC21PSDBEnrollattheBranchInstruction.EnrollattheBranchInstruction()'><b>EnrollattheBranchInstruction</b><br>Test class: testcases.productandservices.TC21PSDBEnrollattheBranchInstruction</td>
<td></td>
<td>59</td>
<td>testcases.productandservices.TC21PSDBEnrollattheBranchInstruction@306279ee</td></tr>
<tr>
<td title='testcases.productandservices.TC23PSLoan_HomeLoanForOFWs.HomeLoanForOFWs()'><b>HomeLoanForOFWs</b><br>Test class: testcases.productandservices.TC23PSLoan_HomeLoanForOFWs</td>
<td></td>
<td>72</td>
<td>testcases.productandservices.TC23PSLoan_HomeLoanForOFWs@4cf4d528</td></tr>
<tr>
<td title='testcases.productandservices.TC35PSInvestmentHowToInvestNewCustomerFlow.HowToInvestNewCustomerFlow()'><b>HowToInvestNewCustomerFlow</b><br>Test class: testcases.productandservices.TC35PSInvestmentHowToInvestNewCustomerFlow</td>
<td></td>
<td>70</td>
<td>testcases.productandservices.TC35PSInvestmentHowToInvestNewCustomerFlow@fcd6521</td></tr>
<tr>
<td title='testcases.productandservices.TC19PSDBHowtoEnrollSubMenuCheck.HowtoEnrollSubMenuCheck()'><b>HowtoEnrollSubMenuCheck</b><br>Test class: testcases.productandservices.TC19PSDBHowtoEnrollSubMenuCheck</td>
<td></td>
<td>47</td>
<td>testcases.productandservices.TC19PSDBHowtoEnrollSubMenuCheck@481a15ff</td></tr>
<tr>
<td title='testcases.productandservices.TC34PSInvestmentHowToInvestAccountHolderFlow.InvestAccountHolderFlow()'><b>InvestAccountHolderFlow</b><br>Test class: testcases.productandservices.TC34PSInvestmentHowToInvestAccountHolderFlow</td>
<td></td>
<td>70</td>
<td>testcases.productandservices.TC34PSInvestmentHowToInvestAccountHolderFlow@319b92f3</td></tr>
<tr>
<td title='testcases.productandservices.TC32PSInvestmentChooseaFund.InvestmentsChooseAfund()'><b>InvestmentsChooseAfund</b><br>Test class: testcases.productandservices.TC32PSInvestmentChooseaFund</td>
<td></td>
<td>59</td>
<td>testcases.productandservices.TC32PSInvestmentChooseaFund@16f7c8c1</td></tr>
<tr>
<td title='testcases.productandservices.TC33PSInvestmentHowToInvest.InvestmentsHowtoInvest()'><b>InvestmentsHowtoInvest</b><br>Test class: testcases.productandservices.TC33PSInvestmentHowToInvest</td>
<td></td>
<td>55</td>
<td>testcases.productandservices.TC33PSInvestmentHowToInvest@2f0a87b3</td></tr>
<tr>
<td title='testcases.productandservices.TC37PSInvestmentInvestOnlineNavigation.InvestmentsInvestOnlineNavigation()'><b>InvestmentsInvestOnlineNavigation</b><br>Test class: testcases.productandservices.TC37PSInvestmentInvestOnlineNavigation</td>
<td></td>
<td>73</td>
<td>testcases.productandservices.TC37PSInvestmentInvestOnlineNavigation@5c18298f</td></tr>
<tr>
<td title='testcases.productandservices.TC02PSListofAccountsSubMenuCheck.ListofAccountSubMenuCheck()'><b>ListofAccountSubMenuCheck</b><br>Test class: testcases.productandservices.TC02PSListofAccountsSubMenuCheck</td>
<td></td>
<td>39</td>
<td>testcases.productandservices.TC02PSListofAccountsSubMenuCheck@1786f9d5</td></tr>
<tr>
<td title='testcases.productandservices.TC03PSListofCreditcardsSubMenuCheck.ListofCreditcardSubMenuCheck()'><b>ListofCreditcardSubMenuCheck</b><br>Test class: testcases.productandservices.TC03PSListofCreditcardsSubMenuCheck</td>
<td></td>
<td>37</td>
<td>testcases.productandservices.TC03PSListofCreditcardsSubMenuCheck@704d6e83</td></tr>
<tr>
<td title='testcases.productandservices.TC04PSListofDigitalbankingSubMenuCheck.ListofCreditcardSubMenuCheck()'><b>ListofCreditcardSubMenuCheck</b><br>Test class: testcases.productandservices.TC04PSListofDigitalbankingSubMenuCheck</td>
<td></td>
<td>39</td>
<td>testcases.productandservices.TC04PSListofDigitalbankingSubMenuCheck@43a0cee9</td></tr>
<tr>
<td title='testcases.productandservices.TC17PSChooseaCreditcardsSubMenuCheck.ListofCreditcardSubMenuCheck()'><b>ListofCreditcardSubMenuCheck</b><br>Test class: testcases.productandservices.TC17PSChooseaCreditcardsSubMenuCheck</td>
<td></td>
<td>48</td>
<td>testcases.productandservices.TC17PSChooseaCreditcardsSubMenuCheck@710726a3</td></tr>
<tr>
<td title='testcases.productandservices.TC47PSCreditcardsPromos.ListofCreditcardSubMenuCheck()'><b>ListofCreditcardSubMenuCheck</b><br>Test class: testcases.productandservices.TC47PSCreditcardsPromos</td>
<td></td>
<td>78</td>
<td>testcases.productandservices.TC47PSCreditcardsPromos@b3d7190</td></tr>
<tr>
<td title='testcases.productandservices.TC09PSListofBranchATMLocationSubMenuCheck.ListofCustomerCareSubMenuCheck()'><b>ListofCustomerCareSubMenuCheck</b><br>Test class: testcases.productandservices.TC09PSListofBranchATMLocationSubMenuCheck</td>
<td></td>
<td>35</td>
<td>testcases.productandservices.TC09PSListofBranchATMLocationSubMenuCheck@6eceb130</td></tr>
<tr>
<td title='testcases.productandservices.TC08PSListofCustomerCareSubMenuCheck.ListofCustomerCareSubMenuCheck()'><b>ListofCustomerCareSubMenuCheck</b><br>Test class: testcases.productandservices.TC08PSListofCustomerCareSubMenuCheck</td>
<td></td>
<td>35</td>
<td>testcases.productandservices.TC08PSListofCustomerCareSubMenuCheck@706a04ae</td></tr>
<tr>
<td title='testcases.productandservices.TC38PSCustomerCareCardsHotline.ListofCustomerCareSubMenuCheck()'><b>ListofCustomerCareSubMenuCheck</b><br>Test class: testcases.productandservices.TC38PSCustomerCareCardsHotline</td>
<td></td>
<td>57</td>
<td>testcases.productandservices.TC38PSCustomerCareCardsHotline@31f924f5</td></tr>
<tr>
<td title='testcases.productandservices.TC07PSListofInvestmentsSubMenuCheck.ListofInvestmentsSubMenuCheck()'><b>ListofInvestmentsSubMenuCheck</b><br>Test class: testcases.productandservices.TC07PSListofInvestmentsSubMenuCheck</td>
<td></td>
<td>37</td>
<td>testcases.productandservices.TC07PSListofInvestmentsSubMenuCheck@3578436e</td></tr>
<tr>
<td title='testcases.productandservices.TC05PSListofLoanSubMenuCheck2.ListofLoanSubMenuCheck()'><b>ListofLoanSubMenuCheck</b><br>Test class: testcases.productandservices.TC05PSListofLoanSubMenuCheck2</td>
<td></td>
<td>39</td>
<td>testcases.productandservices.TC05PSListofLoanSubMenuCheck2@eb21112</td></tr>
<tr>
<td title='testcases.productandservices.TC06PSListofRemittanceSubMenuCheck.ListofRemittanceSubMenuCheck()'><b>ListofRemittanceSubMenuCheck</b><br>Test class: testcases.productandservices.TC06PSListofRemittanceSubMenuCheck</td>
<td></td>
<td>36</td>
<td>testcases.productandservices.TC06PSListofRemittanceSubMenuCheck@2eda0940</td></tr>
<tr>
<td title='testcases.productandservices.TC01PSListofSubMenuCheck.ListofSubMenuCheck()'><b>ListofSubMenuCheck</b><br>Test class: testcases.productandservices.TC01PSListofSubMenuCheck</td>
<td></td>
<td>44</td>
<td>testcases.productandservices.TC01PSListofSubMenuCheck@10dba097</td></tr>
<tr>
<td title='testcases.productandservices.TC15PSHowtoOpenStepsVerification.PSHowtoOpenStepsVerification()'><b>PSHowtoOpenStepsVerification</b><br>Test class: testcases.productandservices.TC15PSHowtoOpenStepsVerification</td>
<td></td>
<td>57</td>
<td>testcases.productandservices.TC15PSHowtoOpenStepsVerification@954b04f</td></tr>
<tr>
<td title='testcases.productandservices.TC12PSListofCheckingAccountDetailsCheck.PSListofCheckingAccountDetailsCheck()'><b>PSListofCheckingAccountDetailsCheck</b><br>Test class: testcases.productandservices.TC12PSListofCheckingAccountDetailsCheck</td>
<td></td>
<td>55</td>
<td>testcases.productandservices.TC12PSListofCheckingAccountDetailsCheck@47db50c5</td></tr>
<tr>
<td title='testcases.productandservices.TC14PSListofForeignCurrencyDetailsCheck.PSListofTimeDepositsDetailsCheck()'><b>PSListofTimeDepositsDetailsCheck</b><br>Test class: testcases.productandservices.TC14PSListofForeignCurrencyDetailsCheck</td>
<td></td>
<td>54</td>
<td>testcases.productandservices.TC14PSListofForeignCurrencyDetailsCheck@4d1b0d2a</td></tr>
<tr>
<td title='testcases.productandservices.TC13PSListofTimeDepositDetailsCheck.PSListofTimeDepositsDetailsCheck()'><b>PSListofTimeDepositsDetailsCheck</b><br>Test class: testcases.productandservices.TC13PSListofTimeDepositDetailsCheck</td>
<td></td>
<td>55</td>
<td>testcases.productandservices.TC13PSListofTimeDepositDetailsCheck@5c072e3f</td></tr>
<tr>
<td title='testcases.productandservices.TC16PSListofValidIDsCheck.PSListofValidIDsCheck()'><b>PSListofValidIDsCheck</b><br>Test class: testcases.productandservices.TC16PSListofValidIDsCheck</td>
<td></td>
<td>40</td>
<td>testcases.productandservices.TC16PSListofValidIDsCheck@149494d8</td></tr>
<tr>
<td title='testcases.productandservices.TC27PSRemittanceReceiveMoneyNavigation.ReceiveMoneyNavigation()'><b>ReceiveMoneyNavigation</b><br>Test class: testcases.productandservices.TC27PSRemittanceReceiveMoneyNavigation</td>
<td></td>
<td>76</td>
<td>testcases.productandservices.TC27PSRemittanceReceiveMoneyNavigation@2641e737</td></tr>
<tr>
<td title='testcases.productandservices.TC28PSRemittanceTrackerDetailsNavigation.RemittanceTrackerDetailsNavigation()'><b>RemittanceTrackerDetailsNavigation</b><br>Test class: testcases.productandservices.TC28PSRemittanceTrackerDetailsNavigation</td>
<td></td>
<td>77</td>
<td>testcases.productandservices.TC28PSRemittanceTrackerDetailsNavigation@727803de</td></tr>
<tr>
<td title='testcases.productandservices.TC25PSLoan_SmartCarLoanNavigation.SmarCarLoan()'><b>SmarCarLoan</b><br>Test class: testcases.productandservices.TC25PSLoan_SmartCarLoanNavigation</td>
<td></td>
<td>65</td>
<td>testcases.productandservices.TC25PSLoan_SmartCarLoanNavigation@548ad73b</td></tr>
<tr>
<td title='testcases.productandservices.TC24PSLoan_SmartHomeLoanNavigation.SmartHomeLoanNavigation()'><b>SmartHomeLoanNavigation</b><br>Test class: testcases.productandservices.TC24PSLoan_SmartHomeLoanNavigation</td>
<td></td>
<td>79</td>
<td>testcases.productandservices.TC24PSLoan_SmartHomeLoanNavigation@77846d2c</td></tr>
<tr>
<td title='testcases.productandservices.TC10PSListofChooseAnAccountSubMenuCheck.TC10PSListofChooseAnAcccountSubMenuCheck()'><b>TC10PSListofChooseAnAcccountSubMenuCheck</b><br>Test class: testcases.productandservices.TC10PSListofChooseAnAccountSubMenuCheck</td>
<td></td>
<td>42</td>
<td>testcases.productandservices.TC10PSListofChooseAnAccountSubMenuCheck@10a035a0</td></tr>
<tr>
<td title='testcases.productandservices.TC11PSListofSavingsAccountDetailsCheck.TC11PSListofSavingsAccounttDetailsCheck()'><b>TC11PSListofSavingsAccounttDetailsCheck</b><br>Test class: testcases.productandservices.TC11PSListofSavingsAccountDetailsCheck</td>
<td></td>
<td>58</td>
<td>testcases.productandservices.TC11PSListofSavingsAccountDetailsCheck@67b467e9</td></tr>
</table><p>
</body>
</html>