<html>
<head>
<title>TestNG:  Vaira</title>
<link href="../testng.css" rel="stylesheet" type="text/css" />
<link href="../my-testng.css" rel="stylesheet" type="text/css" />

<style type="text/css">
.log { display: none;} 
.stack-trace { display: none;} 
</style>
<script type="text/javascript">
<!--
function flip(e) {
  current = e.style.display;
  if (current == 'block') {
    e.style.display = 'none';
    return 0;
  }
  else {
    e.style.display = 'block';
    return 1;
  }
}

function toggleBox(szDivId, elem, msg1, msg2)
{
  var res = -1;  if (document.getElementById) {
    res = flip(document.getElementById(szDivId));
  }
  else if (document.all) {
    // this is the way old msie versions work
    res = flip(document.all[szDivId]);
  }
  if(elem) {
    if(res == 0) elem.innerHTML = msg1; else elem.innerHTML = msg2;
  }

}

function toggleAllBoxes() {
  if (document.getElementsByTagName) {
    d = document.getElementsByTagName('div');
    for (i = 0; i < d.length; i++) {
      if (d[i].className == 'log') {
        flip(d[i]);
      }
    }
  }
}

// -->
</script>

</head>
<body>
<h2 align='center'>Vaira</h2><table border='1' align="center">
<tr>
<td>Tests passed/Failed/Skipped:</td><td>50/10/0</td>
</tr><tr>
<td>Started on:</td><td>Thu May 07 10:18:00 IST 2020</td>
</tr>
<tr><td>Total time:</td><td>3452 seconds (3452449 ms)</td>
</tr><tr>
<td>Included groups:</td><td></td>
</tr><tr>
<td>Excluded groups:</td><td></td>
</tr>
</table><p/>
<small><i>(Hover the method name to see the test class name)</i></small><p/>
<table width='100%' border='1' class='invocation-failed'>
<tr><td colspan='4' align='center'><b>FAILED TESTS</b></td></tr>
<tr><td><b>Test method</b></td>
<td width="30%"><b>Exception</b></td>
<td width="10%"><b>Time (seconds)</b></td>
<td><b>Instance</b></td>
</tr>
<tr>
<td title='testcases.fundtransfer.ownaccount.TC58FundTransferIsThereAnyThingElseICanHelpYouWith.FundTransferTransactionSuccessfulMessage()'><b>FundTransferTransactionSuccessfulMessage</b><br>Test class: testcases.fundtransfer.ownaccount.TC58FundTransferIsThereAnyThingElseICanHelpYouWith</td>
<td><div><pre>java.lang.RuntimeException: FAILED
	at utils.Reporter.reportStep(Reporter.java:29)
	at wrappers.GenericWrappers.verifyTextByXpath(GenericWrappers.java:475)
	at pages.FundTransferPage.VerifyClientResponseMessage(FundTransferPage.java:124)
	at testcases.fundtransfer.ownaccount.TC58FundTransferIsThereAnyThingElseICanHelpYouWith.FundTransferTransactionSuccessfulMessage(TC58FundTransferIsThereAnyThingElseICanHelpYouWith.java:56)
	at java.util.ArrayList.forEach(Unknown Source)
... Removed 27 stack frames</pre></div><a href='#' onClick='toggleBox("stack-trace564429569", this, "Click to show all stack frames", "Click to hide stack frames")'>Click to show all stack frames</a>
<div class='stack-trace' id='stack-trace564429569'><pre>java.lang.RuntimeException: FAILED
	at utils.Reporter.reportStep(Reporter.java:29)
	at wrappers.GenericWrappers.verifyTextByXpath(GenericWrappers.java:475)
	at pages.FundTransferPage.VerifyClientResponseMessage(FundTransferPage.java:124)
	at testcases.fundtransfer.ownaccount.TC58FundTransferIsThereAnyThingElseICanHelpYouWith.FundTransferTransactionSuccessfulMessage(TC58FundTransferIsThereAnyThingElseICanHelpYouWith.java:56)
	at sun.reflect.NativeMethodAccessorImpl.invoke0(Native Method)
	at sun.reflect.NativeMethodAccessorImpl.invoke(Unknown Source)
	at sun.reflect.DelegatingMethodAccessorImpl.invoke(Unknown Source)
	at java.lang.reflect.Method.invoke(Unknown Source)
	at org.testng.internal.MethodInvocationHelper.invokeMethod(MethodInvocationHelper.java:135)
	at org.testng.internal.TestInvoker.invokeMethod(TestInvoker.java:598)
	at org.testng.internal.TestInvoker.invokeTestMethod(TestInvoker.java:174)
	at org.testng.internal.MethodRunner.runInSequence(MethodRunner.java:46)
	at org.testng.internal.TestInvoker$MethodInvocationAgent.invoke(TestInvoker.java:821)
	at org.testng.internal.TestInvoker.invokeTestMethods(TestInvoker.java:147)
	at org.testng.internal.TestMethodWorker.invokeTestMethods(TestMethodWorker.java:146)
	at org.testng.internal.TestMethodWorker.run(TestMethodWorker.java:128)
	at java.util.ArrayList.forEach(Unknown Source)
	at org.testng.TestRunner.privateRun(TestRunner.java:767)
	at org.testng.TestRunner.run(TestRunner.java:588)
	at org.testng.SuiteRunner.runTest(SuiteRunner.java:384)
	at org.testng.SuiteRunner.runSequentially(SuiteRunner.java:378)
	at org.testng.SuiteRunner.privateRun(SuiteRunner.java:337)
	at org.testng.SuiteRunner.run(SuiteRunner.java:286)
	at org.testng.SuiteRunnerWorker.runSuite(SuiteRunnerWorker.java:53)
	at org.testng.SuiteRunnerWorker.run(SuiteRunnerWorker.java:96)
	at org.testng.TestNG.runSuitesSequentially(TestNG.java:1214)
	at org.testng.TestNG.runSuitesLocally(TestNG.java:1136)
	at org.testng.TestNG.runSuites(TestNG.java:1066)
	at org.testng.TestNG.run(TestNG.java:1034)
	at org.testng.remote.AbstractRemoteTestNG.run(AbstractRemoteTestNG.java:115)
	at org.testng.remote.RemoteTestNG.initAndRun(RemoteTestNG.java:251)
	at org.testng.remote.RemoteTestNG.main(RemoteTestNG.java:77)
</pre></div></td>
<td>93</td>
<td>testcases.fundtransfer.ownaccount.TC58FundTransferIsThereAnyThingElseICanHelpYouWith@35a50a4c</td></tr>
<tr>
<td title='testcases.fundtransfer.ownaccount.TC24FundTransferAccountTypeEndingwithCorrectAccountNumberCheck.FundTransferTransferfromCreditAccounts()'><b>FundTransferTransferfromCreditAccounts</b><br>Test class: testcases.fundtransfer.ownaccount.TC24FundTransferAccountTypeEndingwithCorrectAccountNumberCheck</td>
<td><div><pre>java.lang.RuntimeException: FAILED
	at utils.Reporter.reportStep(Reporter.java:29)
	at wrappers.GenericWrappers.clickWrapper(GenericWrappers.java:367)
	at wrappers.GenericWrappers.clickByXpath(GenericWrappers.java:761)
	at pages.FundTransferPage.EnterTextArea(FundTransferPage.java:61)
	at testcases.fundtransfer.ownaccount.TC24FundTransferAccountTypeEndingwithCorrectAccountNumberCheck.FundTransferTransferfromCreditAccounts(TC24FundTransferAccountTypeEndingwithCorrectAccountNumberCheck.java:38)
	at java.util.ArrayList.forEach(Unknown Source)
... Removed 27 stack frames</pre></div><a href='#' onClick='toggleBox("stack-trace121393343", this, "Click to show all stack frames", "Click to hide stack frames")'>Click to show all stack frames</a>
<div class='stack-trace' id='stack-trace121393343'><pre>java.lang.RuntimeException: FAILED
	at utils.Reporter.reportStep(Reporter.java:29)
	at wrappers.GenericWrappers.clickWrapper(GenericWrappers.java:367)
	at wrappers.GenericWrappers.clickByXpath(GenericWrappers.java:761)
	at pages.FundTransferPage.EnterTextArea(FundTransferPage.java:61)
	at testcases.fundtransfer.ownaccount.TC24FundTransferAccountTypeEndingwithCorrectAccountNumberCheck.FundTransferTransferfromCreditAccounts(TC24FundTransferAccountTypeEndingwithCorrectAccountNumberCheck.java:38)
	at sun.reflect.NativeMethodAccessorImpl.invoke0(Native Method)
	at sun.reflect.NativeMethodAccessorImpl.invoke(Unknown Source)
	at sun.reflect.DelegatingMethodAccessorImpl.invoke(Unknown Source)
	at java.lang.reflect.Method.invoke(Unknown Source)
	at org.testng.internal.MethodInvocationHelper.invokeMethod(MethodInvocationHelper.java:135)
	at org.testng.internal.TestInvoker.invokeMethod(TestInvoker.java:598)
	at org.testng.internal.TestInvoker.invokeTestMethod(TestInvoker.java:174)
	at org.testng.internal.MethodRunner.runInSequence(MethodRunner.java:46)
	at org.testng.internal.TestInvoker$MethodInvocationAgent.invoke(TestInvoker.java:821)
	at org.testng.internal.TestInvoker.invokeTestMethods(TestInvoker.java:147)
	at org.testng.internal.TestMethodWorker.invokeTestMethods(TestMethodWorker.java:146)
	at org.testng.internal.TestMethodWorker.run(TestMethodWorker.java:128)
	at java.util.ArrayList.forEach(Unknown Source)
	at org.testng.TestRunner.privateRun(TestRunner.java:767)
	at org.testng.TestRunner.run(TestRunner.java:588)
	at org.testng.SuiteRunner.runTest(SuiteRunner.java:384)
	at org.testng.SuiteRunner.runSequentially(SuiteRunner.java:378)
	at org.testng.SuiteRunner.privateRun(SuiteRunner.java:337)
	at org.testng.SuiteRunner.run(SuiteRunner.java:286)
	at org.testng.SuiteRunnerWorker.runSuite(SuiteRunnerWorker.java:53)
	at org.testng.SuiteRunnerWorker.run(SuiteRunnerWorker.java:96)
	at org.testng.TestNG.runSuitesSequentially(TestNG.java:1214)
	at org.testng.TestNG.runSuitesLocally(TestNG.java:1136)
	at org.testng.TestNG.runSuites(TestNG.java:1066)
	at org.testng.TestNG.run(TestNG.java:1034)
	at org.testng.remote.AbstractRemoteTestNG.run(AbstractRemoteTestNG.java:115)
	at org.testng.remote.RemoteTestNG.initAndRun(RemoteTestNG.java:251)
	at org.testng.remote.RemoteTestNG.main(RemoteTestNG.java:77)
</pre></div></td>
<td>33</td>
<td>testcases.fundtransfer.ownaccount.TC24FundTransferAccountTypeEndingwithCorrectAccountNumberCheck@727803de</td></tr>
<tr>
<td title='testcases.fundtransfer.ownaccount.TC32FundTransferOwnAccountsbyTOAccountTypeUserDontHaveAccount.FundTransferWrongAccountNameTransferCheck()'><b>FundTransferWrongAccountNameTransferCheck</b><br>Test class: testcases.fundtransfer.ownaccount.TC32FundTransferOwnAccountsbyTOAccountTypeUserDontHaveAccount</td>
<td><div><pre>java.lang.RuntimeException: FAILED
	at utils.Reporter.reportStep(Reporter.java:29)
	at wrappers.GenericWrappers.verifyTextByXpath(GenericWrappers.java:475)
	at pages.FundTransferPage.VerifyClientResponseMessage(FundTransferPage.java:124)
	at testcases.fundtransfer.ownaccount.TC32FundTransferOwnAccountsbyTOAccountTypeUserDontHaveAccount.FundTransferWrongAccountNameTransferCheck(TC32FundTransferOwnAccountsbyTOAccountTypeUserDontHaveAccount.java:39)
	at java.util.ArrayList.forEach(Unknown Source)
... Removed 27 stack frames</pre></div><a href='#' onClick='toggleBox("stack-trace1482750590", this, "Click to show all stack frames", "Click to hide stack frames")'>Click to show all stack frames</a>
<div class='stack-trace' id='stack-trace1482750590'><pre>java.lang.RuntimeException: FAILED
	at utils.Reporter.reportStep(Reporter.java:29)
	at wrappers.GenericWrappers.verifyTextByXpath(GenericWrappers.java:475)
	at pages.FundTransferPage.VerifyClientResponseMessage(FundTransferPage.java:124)
	at testcases.fundtransfer.ownaccount.TC32FundTransferOwnAccountsbyTOAccountTypeUserDontHaveAccount.FundTransferWrongAccountNameTransferCheck(TC32FundTransferOwnAccountsbyTOAccountTypeUserDontHaveAccount.java:39)
	at sun.reflect.NativeMethodAccessorImpl.invoke0(Native Method)
	at sun.reflect.NativeMethodAccessorImpl.invoke(Unknown Source)
	at sun.reflect.DelegatingMethodAccessorImpl.invoke(Unknown Source)
	at java.lang.reflect.Method.invoke(Unknown Source)
	at org.testng.internal.MethodInvocationHelper.invokeMethod(MethodInvocationHelper.java:135)
	at org.testng.internal.TestInvoker.invokeMethod(TestInvoker.java:598)
	at org.testng.internal.TestInvoker.invokeTestMethod(TestInvoker.java:174)
	at org.testng.internal.MethodRunner.runInSequence(MethodRunner.java:46)
	at org.testng.internal.TestInvoker$MethodInvocationAgent.invoke(TestInvoker.java:821)
	at org.testng.internal.TestInvoker.invokeTestMethods(TestInvoker.java:147)
	at org.testng.internal.TestMethodWorker.invokeTestMethods(TestMethodWorker.java:146)
	at org.testng.internal.TestMethodWorker.run(TestMethodWorker.java:128)
	at java.util.ArrayList.forEach(Unknown Source)
	at org.testng.TestRunner.privateRun(TestRunner.java:767)
	at org.testng.TestRunner.run(TestRunner.java:588)
	at org.testng.SuiteRunner.runTest(SuiteRunner.java:384)
	at org.testng.SuiteRunner.runSequentially(SuiteRunner.java:378)
	at org.testng.SuiteRunner.privateRun(SuiteRunner.java:337)
	at org.testng.SuiteRunner.run(SuiteRunner.java:286)
	at org.testng.SuiteRunnerWorker.runSuite(SuiteRunnerWorker.java:53)
	at org.testng.SuiteRunnerWorker.run(SuiteRunnerWorker.java:96)
	at org.testng.TestNG.runSuitesSequentially(TestNG.java:1214)
	at org.testng.TestNG.runSuitesLocally(TestNG.java:1136)
	at org.testng.TestNG.runSuites(TestNG.java:1066)
	at org.testng.TestNG.run(TestNG.java:1034)
	at org.testng.remote.AbstractRemoteTestNG.run(AbstractRemoteTestNG.java:115)
	at org.testng.remote.RemoteTestNG.initAndRun(RemoteTestNG.java:251)
	at org.testng.remote.RemoteTestNG.main(RemoteTestNG.java:77)
</pre></div></td>
<td>30</td>
<td>testcases.fundtransfer.ownaccount.TC32FundTransferOwnAccountsbyTOAccountTypeUserDontHaveAccount@27d415d9</td></tr>
<tr>
<td title='testcases.fundtransfer.ownaccount.TC40FundsTransfer100fromEmployeeBankingAccounttoeSaverAccount.FundsTransfer100fromEmployeeBankingAccounttoeSaverAccount()'><b>FundsTransfer100fromEmployeeBankingAccounttoeSaverAccount</b><br>Test class: testcases.fundtransfer.ownaccount.TC40FundsTransfer100fromEmployeeBankingAccounttoeSaverAccount</td>
<td><div><pre>java.lang.RuntimeException: FAILED
	at utils.Reporter.reportStep(Reporter.java:29)
	at wrappers.GenericWrappers.clickWrapper(GenericWrappers.java:367)
	at wrappers.GenericWrappers.clickByXpath(GenericWrappers.java:761)
	at pages.FundTransferPage.ClickFundTransferElement(FundTransferPage.java:136)
	at testcases.fundtransfer.ownaccount.TC40FundsTransfer100fromEmployeeBankingAccounttoeSaverAccount.FundsTransfer100fromEmployeeBankingAccounttoeSaverAccount(TC40FundsTransfer100fromEmployeeBankingAccounttoeSaverAccount.java:44)
	at java.util.ArrayList.forEach(Unknown Source)
... Removed 27 stack frames</pre></div><a href='#' onClick='toggleBox("stack-trace1443696949", this, "Click to show all stack frames", "Click to hide stack frames")'>Click to show all stack frames</a>
<div class='stack-trace' id='stack-trace1443696949'><pre>java.lang.RuntimeException: FAILED
	at utils.Reporter.reportStep(Reporter.java:29)
	at wrappers.GenericWrappers.clickWrapper(GenericWrappers.java:367)
	at wrappers.GenericWrappers.clickByXpath(GenericWrappers.java:761)
	at pages.FundTransferPage.ClickFundTransferElement(FundTransferPage.java:136)
	at testcases.fundtransfer.ownaccount.TC40FundsTransfer100fromEmployeeBankingAccounttoeSaverAccount.FundsTransfer100fromEmployeeBankingAccounttoeSaverAccount(TC40FundsTransfer100fromEmployeeBankingAccounttoeSaverAccount.java:44)
	at sun.reflect.NativeMethodAccessorImpl.invoke0(Native Method)
	at sun.reflect.NativeMethodAccessorImpl.invoke(Unknown Source)
	at sun.reflect.DelegatingMethodAccessorImpl.invoke(Unknown Source)
	at java.lang.reflect.Method.invoke(Unknown Source)
	at org.testng.internal.MethodInvocationHelper.invokeMethod(MethodInvocationHelper.java:135)
	at org.testng.internal.TestInvoker.invokeMethod(TestInvoker.java:598)
	at org.testng.internal.TestInvoker.invokeTestMethod(TestInvoker.java:174)
	at org.testng.internal.MethodRunner.runInSequence(MethodRunner.java:46)
	at org.testng.internal.TestInvoker$MethodInvocationAgent.invoke(TestInvoker.java:821)
	at org.testng.internal.TestInvoker.invokeTestMethods(TestInvoker.java:147)
	at org.testng.internal.TestMethodWorker.invokeTestMethods(TestMethodWorker.java:146)
	at org.testng.internal.TestMethodWorker.run(TestMethodWorker.java:128)
	at java.util.ArrayList.forEach(Unknown Source)
	at org.testng.TestRunner.privateRun(TestRunner.java:767)
	at org.testng.TestRunner.run(TestRunner.java:588)
	at org.testng.SuiteRunner.runTest(SuiteRunner.java:384)
	at org.testng.SuiteRunner.runSequentially(SuiteRunner.java:378)
	at org.testng.SuiteRunner.privateRun(SuiteRunner.java:337)
	at org.testng.SuiteRunner.run(SuiteRunner.java:286)
	at org.testng.SuiteRunnerWorker.runSuite(SuiteRunnerWorker.java:53)
	at org.testng.SuiteRunnerWorker.run(SuiteRunnerWorker.java:96)
	at org.testng.TestNG.runSuitesSequentially(TestNG.java:1214)
	at org.testng.TestNG.runSuitesLocally(TestNG.java:1136)
	at org.testng.TestNG.runSuites(TestNG.java:1066)
	at org.testng.TestNG.run(TestNG.java:1034)
	at org.testng.remote.AbstractRemoteTestNG.run(AbstractRemoteTestNG.java:115)
	at org.testng.remote.RemoteTestNG.initAndRun(RemoteTestNG.java:251)
	at org.testng.remote.RemoteTestNG.main(RemoteTestNG.java:77)
</pre></div></td>
<td>47</td>
<td>testcases.fundtransfer.ownaccount.TC40FundsTransfer100fromEmployeeBankingAccounttoeSaverAccount@5d11346a</td></tr>
<tr>
<td title='testcases.fundtransfer.ownaccount.TC46FundsTransferfromSavingAccountEndWithWrongtoSavingAccountEndWithWrongNumber.FundsTransferfromSavingAccountEndWithWrongtoSavingAccountEndWithWrongNumber()'><b>FundsTransferfromSavingAccountEndWithWrongtoSavingAccountEndWithWrongNumber</b><br>Test class: testcases.fundtransfer.ownaccount.TC46FundsTransferfromSavingAccountEndWithWrongtoSavingAccountEndWithWrongNumber</td>
<td><div><pre>java.lang.RuntimeException: FAILED
	at utils.Reporter.reportStep(Reporter.java:29)
	at wrappers.GenericWrappers.clickWrapper(GenericWrappers.java:367)
	at wrappers.GenericWrappers.clickByXpath(GenericWrappers.java:761)
	at pages.FundTransferPage.ClickFundTransferElement(FundTransferPage.java:136)
	at testcases.fundtransfer.ownaccount.TC46FundsTransferfromSavingAccountEndWithWrongtoSavingAccountEndWithWrongNumber.FundsTransferfromSavingAccountEndWithWrongtoSavingAccountEndWithWrongNumber(TC46FundsTransferfromSavingAccountEndWithWrongtoSavingAccountEndWithWrongNumber.java:44)
	at java.util.ArrayList.forEach(Unknown Source)
... Removed 27 stack frames</pre></div><a href='#' onClick='toggleBox("stack-trace621378250", this, "Click to show all stack frames", "Click to hide stack frames")'>Click to show all stack frames</a>
<div class='stack-trace' id='stack-trace621378250'><pre>java.lang.RuntimeException: FAILED
	at utils.Reporter.reportStep(Reporter.java:29)
	at wrappers.GenericWrappers.clickWrapper(GenericWrappers.java:367)
	at wrappers.GenericWrappers.clickByXpath(GenericWrappers.java:761)
	at pages.FundTransferPage.ClickFundTransferElement(FundTransferPage.java:136)
	at testcases.fundtransfer.ownaccount.TC46FundsTransferfromSavingAccountEndWithWrongtoSavingAccountEndWithWrongNumber.FundsTransferfromSavingAccountEndWithWrongtoSavingAccountEndWithWrongNumber(TC46FundsTransferfromSavingAccountEndWithWrongtoSavingAccountEndWithWrongNumber.java:44)
	at sun.reflect.NativeMethodAccessorImpl.invoke0(Native Method)
	at sun.reflect.NativeMethodAccessorImpl.invoke(Unknown Source)
	at sun.reflect.DelegatingMethodAccessorImpl.invoke(Unknown Source)
	at java.lang.reflect.Method.invoke(Unknown Source)
	at org.testng.internal.MethodInvocationHelper.invokeMethod(MethodInvocationHelper.java:135)
	at org.testng.internal.TestInvoker.invokeMethod(TestInvoker.java:598)
	at org.testng.internal.TestInvoker.invokeTestMethod(TestInvoker.java:174)
	at org.testng.internal.MethodRunner.runInSequence(MethodRunner.java:46)
	at org.testng.internal.TestInvoker$MethodInvocationAgent.invoke(TestInvoker.java:821)
	at org.testng.internal.TestInvoker.invokeTestMethods(TestInvoker.java:147)
	at org.testng.internal.TestMethodWorker.invokeTestMethods(TestMethodWorker.java:146)
	at org.testng.internal.TestMethodWorker.run(TestMethodWorker.java:128)
	at java.util.ArrayList.forEach(Unknown Source)
	at org.testng.TestRunner.privateRun(TestRunner.java:767)
	at org.testng.TestRunner.run(TestRunner.java:588)
	at org.testng.SuiteRunner.runTest(SuiteRunner.java:384)
	at org.testng.SuiteRunner.runSequentially(SuiteRunner.java:378)
	at org.testng.SuiteRunner.privateRun(SuiteRunner.java:337)
	at org.testng.SuiteRunner.run(SuiteRunner.java:286)
	at org.testng.SuiteRunnerWorker.runSuite(SuiteRunnerWorker.java:53)
	at org.testng.SuiteRunnerWorker.run(SuiteRunnerWorker.java:96)
	at org.testng.TestNG.runSuitesSequentially(TestNG.java:1214)
	at org.testng.TestNG.runSuitesLocally(TestNG.java:1136)
	at org.testng.TestNG.runSuites(TestNG.java:1066)
	at org.testng.TestNG.run(TestNG.java:1034)
	at org.testng.remote.AbstractRemoteTestNG.run(AbstractRemoteTestNG.java:115)
	at org.testng.remote.RemoteTestNG.initAndRun(RemoteTestNG.java:251)
	at org.testng.remote.RemoteTestNG.main(RemoteTestNG.java:77)
</pre></div></td>
<td>50</td>
<td>testcases.fundtransfer.ownaccount.TC46FundsTransferfromSavingAccountEndWithWrongtoSavingAccountEndWithWrongNumber@fe18270</td></tr>
<tr>
<td title='testcases.fundtransfer.ownaccount.TC47FundsTransferFromandToSameAccount.FundsTransferfromSavingAccountEndWithWrongtoSavingAccountEndWithWrongNumber()'><b>FundsTransferfromSavingAccountEndWithWrongtoSavingAccountEndWithWrongNumber</b><br>Test class: testcases.fundtransfer.ownaccount.TC47FundsTransferFromandToSameAccount</td>
<td><div><pre>java.lang.RuntimeException: FAILED
	at utils.Reporter.reportStep(Reporter.java:29)
	at wrappers.GenericWrappers.verifyTextByXpath(GenericWrappers.java:475)
	at pages.FundTransferPage.VerifyClientResponseMessage(FundTransferPage.java:124)
	at testcases.fundtransfer.ownaccount.TC47FundsTransferFromandToSameAccount.FundsTransferfromSavingAccountEndWithWrongtoSavingAccountEndWithWrongNumber(TC47FundsTransferFromandToSameAccount.java:39)
	at java.util.ArrayList.forEach(Unknown Source)
... Removed 27 stack frames</pre></div><a href='#' onClick='toggleBox("stack-trace890766596", this, "Click to show all stack frames", "Click to hide stack frames")'>Click to show all stack frames</a>
<div class='stack-trace' id='stack-trace890766596'><pre>java.lang.RuntimeException: FAILED
	at utils.Reporter.reportStep(Reporter.java:29)
	at wrappers.GenericWrappers.verifyTextByXpath(GenericWrappers.java:475)
	at pages.FundTransferPage.VerifyClientResponseMessage(FundTransferPage.java:124)
	at testcases.fundtransfer.ownaccount.TC47FundsTransferFromandToSameAccount.FundsTransferfromSavingAccountEndWithWrongtoSavingAccountEndWithWrongNumber(TC47FundsTransferFromandToSameAccount.java:39)
	at sun.reflect.NativeMethodAccessorImpl.invoke0(Native Method)
	at sun.reflect.NativeMethodAccessorImpl.invoke(Unknown Source)
	at sun.reflect.DelegatingMethodAccessorImpl.invoke(Unknown Source)
	at java.lang.reflect.Method.invoke(Unknown Source)
	at org.testng.internal.MethodInvocationHelper.invokeMethod(MethodInvocationHelper.java:135)
	at org.testng.internal.TestInvoker.invokeMethod(TestInvoker.java:598)
	at org.testng.internal.TestInvoker.invokeTestMethod(TestInvoker.java:174)
	at org.testng.internal.MethodRunner.runInSequence(MethodRunner.java:46)
	at org.testng.internal.TestInvoker$MethodInvocationAgent.invoke(TestInvoker.java:821)
	at org.testng.internal.TestInvoker.invokeTestMethods(TestInvoker.java:147)
	at org.testng.internal.TestMethodWorker.invokeTestMethods(TestMethodWorker.java:146)
	at org.testng.internal.TestMethodWorker.run(TestMethodWorker.java:128)
	at java.util.ArrayList.forEach(Unknown Source)
	at org.testng.TestRunner.privateRun(TestRunner.java:767)
	at org.testng.TestRunner.run(TestRunner.java:588)
	at org.testng.SuiteRunner.runTest(SuiteRunner.java:384)
	at org.testng.SuiteRunner.runSequentially(SuiteRunner.java:378)
	at org.testng.SuiteRunner.privateRun(SuiteRunner.java:337)
	at org.testng.SuiteRunner.run(SuiteRunner.java:286)
	at org.testng.SuiteRunnerWorker.runSuite(SuiteRunnerWorker.java:53)
	at org.testng.SuiteRunnerWorker.run(SuiteRunnerWorker.java:96)
	at org.testng.TestNG.runSuitesSequentially(TestNG.java:1214)
	at org.testng.TestNG.runSuitesLocally(TestNG.java:1136)
	at org.testng.TestNG.runSuites(TestNG.java:1066)
	at org.testng.TestNG.run(TestNG.java:1034)
	at org.testng.remote.AbstractRemoteTestNG.run(AbstractRemoteTestNG.java:115)
	at org.testng.remote.RemoteTestNG.initAndRun(RemoteTestNG.java:251)
	at org.testng.remote.RemoteTestNG.main(RemoteTestNG.java:77)
</pre></div></td>
<td>30</td>
<td>testcases.fundtransfer.ownaccount.TC47FundsTransferFromandToSameAccount@6fb0d3ed</td></tr>
<tr>
<td title='testcases.fundtransfer.ownaccount.TC33FundsTransfertoOwnAccountsbyTOAccountTypeCreditAccount.FundsTransfertoOwnAccountsbyTOAccountTypeCreditAccount()'><b>FundsTransfertoOwnAccountsbyTOAccountTypeCreditAccount</b><br>Test class: testcases.fundtransfer.ownaccount.TC33FundsTransfertoOwnAccountsbyTOAccountTypeCreditAccount</td>
<td><div><pre>org.openqa.selenium.NoSuchElementException: no such element: Unable to locate element: {&quot;method&quot;:&quot;xpath&quot;,&quot;selector&quot;:&quot;//div[@id=&apos;mxTTMessage&apos;][contains(text(),&apos;transfer&apos;)]&quot;}
  (Session info: headless chrome=81.0.4044.129)
  (Driver info: chromedriver=2.36.540470 (e522d04694c7ebea4ba8821272dbef4f9b818c91),platform=Windows NT 10.0.18362 x86_64) (WARNING: The server did not provide any stacktrace information)
Command duration or timeout: 0 milliseconds
For documentation on this error, please visit: http://seleniumhq.org/exceptions/no_such_element.html
Build info: version: &apos;3.14.0&apos;, revision: &apos;aacccce0&apos;, time: &apos;2018-08-02T20:19:58.91Z&apos;
System info: host: &apos;VIKRAM-VASU&apos;, ip: &apos;192.168.0.105&apos;, os.name: &apos;Windows 10&apos;, os.arch: &apos;amd64&apos;, os.version: &apos;10.0&apos;, java.version: &apos;1.8.0_251&apos;
Driver info: org.openqa.selenium.chrome.ChromeDriver
Capabilities {acceptInsecureCerts: false, acceptSslCerts: false, applicationCacheEnabled: false, browserConnectionEnabled: false, browserName: chrome, chrome: {chromedriverVersion: 2.36.540470 (e522d04694c7eb..., userDataDir: C:\Users\VIKRAM~1\AppData\L...}, cssSelectorsEnabled: true, databaseEnabled: false, handlesAlerts: true, hasTouchScreen: false, javascriptEnabled: true, locationContextEnabled: true, mobileEmulationEnabled: false, nativeEvents: true, networkConnectionEnabled: false, pageLoadStrategy: normal, platform: XP, platformName: XP, rotatable: false, setWindowRect: true, takesHeapSnapshot: true, takesScreenshot: true, unexpectedAlertBehaviour: , unhandledPromptBehavior: , version: 81.0.4044.129, webStorageEnabled: true}
Session ID: 4abf53834487eba79670d26f66b7cc95
*** Element info: {Using=xpath, value=//div[@id=&apos;mxTTMessage&apos;][contains(text(),&apos;transfer&apos;)]}
	at org.openqa.selenium.remote.ErrorHandler.createThrowable(ErrorHandler.java:214)
	at org.openqa.selenium.remote.ErrorHandler.throwIfResponseFailed(ErrorHandler.java:166)
	at org.openqa.selenium.remote.http.JsonHttpResponseCodec.reconstructValue(JsonHttpResponseCodec.java:40)
	at org.openqa.selenium.remote.http.AbstractHttpResponseCodec.decode(AbstractHttpResponseCodec.java:80)
	at org.openqa.selenium.remote.http.AbstractHttpResponseCodec.decode(AbstractHttpResponseCodec.java:44)
	at org.openqa.selenium.remote.HttpCommandExecutor.execute(HttpCommandExecutor.java:158)
	at org.openqa.selenium.remote.service.DriverCommandExecutor.execute(DriverCommandExecutor.java:83)
	at org.openqa.selenium.remote.RemoteWebDriver.execute(RemoteWebDriver.java:548)
	at org.openqa.selenium.remote.RemoteWebDriver.findElement(RemoteWebDriver.java:322)
	at org.openqa.selenium.remote.RemoteWebDriver.findElementByXPath(RemoteWebDriver.java:424)
	at org.openqa.selenium.By$ByXPath.findElement(By.java:353)
	at org.openqa.selenium.remote.RemoteWebDriver.findElement(RemoteWebDriver.java:314)
	at pages.FundTransferPage.verifyTransferText(FundTransferPage.java:198)
	at testcases.fundtransfer.ownaccount.TC33FundsTransfertoOwnAccountsbyTOAccountTypeCreditAccount.FundsTransfertoOwnAccountsbyTOAccountTypeCreditAccount(TC33FundsTransfertoOwnAccountsbyTOAccountTypeCreditAccount.java:39)
	at java.util.ArrayList.forEach(Unknown Source)
... Removed 31 stack frames</pre></div><a href='#' onClick='toggleBox("stack-trace1419185472", this, "Click to show all stack frames", "Click to hide stack frames")'>Click to show all stack frames</a>
<div class='stack-trace' id='stack-trace1419185472'><pre>org.openqa.selenium.NoSuchElementException: no such element: Unable to locate element: {&quot;method&quot;:&quot;xpath&quot;,&quot;selector&quot;:&quot;//div[@id=&apos;mxTTMessage&apos;][contains(text(),&apos;transfer&apos;)]&quot;}
  (Session info: headless chrome=81.0.4044.129)
  (Driver info: chromedriver=2.36.540470 (e522d04694c7ebea4ba8821272dbef4f9b818c91),platform=Windows NT 10.0.18362 x86_64) (WARNING: The server did not provide any stacktrace information)
Command duration or timeout: 0 milliseconds
For documentation on this error, please visit: http://seleniumhq.org/exceptions/no_such_element.html
Build info: version: &apos;3.14.0&apos;, revision: &apos;aacccce0&apos;, time: &apos;2018-08-02T20:19:58.91Z&apos;
System info: host: &apos;VIKRAM-VASU&apos;, ip: &apos;192.168.0.105&apos;, os.name: &apos;Windows 10&apos;, os.arch: &apos;amd64&apos;, os.version: &apos;10.0&apos;, java.version: &apos;1.8.0_251&apos;
Driver info: org.openqa.selenium.chrome.ChromeDriver
Capabilities {acceptInsecureCerts: false, acceptSslCerts: false, applicationCacheEnabled: false, browserConnectionEnabled: false, browserName: chrome, chrome: {chromedriverVersion: 2.36.540470 (e522d04694c7eb..., userDataDir: C:\Users\VIKRAM~1\AppData\L...}, cssSelectorsEnabled: true, databaseEnabled: false, handlesAlerts: true, hasTouchScreen: false, javascriptEnabled: true, locationContextEnabled: true, mobileEmulationEnabled: false, nativeEvents: true, networkConnectionEnabled: false, pageLoadStrategy: normal, platform: XP, platformName: XP, rotatable: false, setWindowRect: true, takesHeapSnapshot: true, takesScreenshot: true, unexpectedAlertBehaviour: , unhandledPromptBehavior: , version: 81.0.4044.129, webStorageEnabled: true}
Session ID: 4abf53834487eba79670d26f66b7cc95
*** Element info: {Using=xpath, value=//div[@id=&apos;mxTTMessage&apos;][contains(text(),&apos;transfer&apos;)]}
	at sun.reflect.NativeConstructorAccessorImpl.newInstance0(Native Method)
	at sun.reflect.NativeConstructorAccessorImpl.newInstance(Unknown Source)
	at sun.reflect.DelegatingConstructorAccessorImpl.newInstance(Unknown Source)
	at java.lang.reflect.Constructor.newInstance(Unknown Source)
	at org.openqa.selenium.remote.ErrorHandler.createThrowable(ErrorHandler.java:214)
	at org.openqa.selenium.remote.ErrorHandler.throwIfResponseFailed(ErrorHandler.java:166)
	at org.openqa.selenium.remote.http.JsonHttpResponseCodec.reconstructValue(JsonHttpResponseCodec.java:40)
	at org.openqa.selenium.remote.http.AbstractHttpResponseCodec.decode(AbstractHttpResponseCodec.java:80)
	at org.openqa.selenium.remote.http.AbstractHttpResponseCodec.decode(AbstractHttpResponseCodec.java:44)
	at org.openqa.selenium.remote.HttpCommandExecutor.execute(HttpCommandExecutor.java:158)
	at org.openqa.selenium.remote.service.DriverCommandExecutor.execute(DriverCommandExecutor.java:83)
	at org.openqa.selenium.remote.RemoteWebDriver.execute(RemoteWebDriver.java:548)
	at org.openqa.selenium.remote.RemoteWebDriver.findElement(RemoteWebDriver.java:322)
	at org.openqa.selenium.remote.RemoteWebDriver.findElementByXPath(RemoteWebDriver.java:424)
	at org.openqa.selenium.By$ByXPath.findElement(By.java:353)
	at org.openqa.selenium.remote.RemoteWebDriver.findElement(RemoteWebDriver.java:314)
	at pages.FundTransferPage.verifyTransferText(FundTransferPage.java:198)
	at testcases.fundtransfer.ownaccount.TC33FundsTransfertoOwnAccountsbyTOAccountTypeCreditAccount.FundsTransfertoOwnAccountsbyTOAccountTypeCreditAccount(TC33FundsTransfertoOwnAccountsbyTOAccountTypeCreditAccount.java:39)
	at sun.reflect.NativeMethodAccessorImpl.invoke0(Native Method)
	at sun.reflect.NativeMethodAccessorImpl.invoke(Unknown Source)
	at sun.reflect.DelegatingMethodAccessorImpl.invoke(Unknown Source)
	at java.lang.reflect.Method.invoke(Unknown Source)
	at org.testng.internal.MethodInvocationHelper.invokeMethod(MethodInvocationHelper.java:135)
	at org.testng.internal.TestInvoker.invokeMethod(TestInvoker.java:598)
	at org.testng.internal.TestInvoker.invokeTestMethod(TestInvoker.java:174)
	at org.testng.internal.MethodRunner.runInSequence(MethodRunner.java:46)
	at org.testng.internal.TestInvoker$MethodInvocationAgent.invoke(TestInvoker.java:821)
	at org.testng.internal.TestInvoker.invokeTestMethods(TestInvoker.java:147)
	at org.testng.internal.TestMethodWorker.invokeTestMethods(TestMethodWorker.java:146)
	at org.testng.internal.TestMethodWorker.run(TestMethodWorker.java:128)
	at java.util.ArrayList.forEach(Unknown Source)
	at org.testng.TestRunner.privateRun(TestRunner.java:767)
	at org.testng.TestRunner.run(TestRunner.java:588)
	at org.testng.SuiteRunner.runTest(SuiteRunner.java:384)
	at org.testng.SuiteRunner.runSequentially(SuiteRunner.java:378)
	at org.testng.SuiteRunner.privateRun(SuiteRunner.java:337)
	at org.testng.SuiteRunner.run(SuiteRunner.java:286)
	at org.testng.SuiteRunnerWorker.runSuite(SuiteRunnerWorker.java:53)
	at org.testng.SuiteRunnerWorker.run(SuiteRunnerWorker.java:96)
	at org.testng.TestNG.runSuitesSequentially(TestNG.java:1214)
	at org.testng.TestNG.runSuitesLocally(TestNG.java:1136)
	at org.testng.TestNG.runSuites(TestNG.java:1066)
	at org.testng.TestNG.run(TestNG.java:1034)
	at org.testng.remote.AbstractRemoteTestNG.run(AbstractRemoteTestNG.java:115)
	at org.testng.remote.RemoteTestNG.initAndRun(RemoteTestNG.java:251)
	at org.testng.remote.RemoteTestNG.main(RemoteTestNG.java:77)
</pre></div></td>
<td>32</td>
<td>testcases.fundtransfer.ownaccount.TC33FundsTransfertoOwnAccountsbyTOAccountTypeCreditAccount@5c18298f</td></tr>
<tr>
<td title='testcases.fundtransfer.ownaccount.TC35FundsTransfertoOwnAccountsbyTOAccountTypeEndingWith.FundsTransfertoOwnAccountsbyTOAccountTypeCreditAccount()'><b>FundsTransfertoOwnAccountsbyTOAccountTypeCreditAccount</b><br>Test class: testcases.fundtransfer.ownaccount.TC35FundsTransfertoOwnAccountsbyTOAccountTypeEndingWith</td>
<td><div><pre>java.lang.RuntimeException: FAILED
	at utils.Reporter.reportStep(Reporter.java:29)
	at wrappers.GenericWrappers.verifyTextByXpath(GenericWrappers.java:475)
	at pages.FundTransferPage.verifyWrongAccountText(FundTransferPage.java:247)
	at testcases.fundtransfer.ownaccount.TC35FundsTransfertoOwnAccountsbyTOAccountTypeEndingWith.FundsTransfertoOwnAccountsbyTOAccountTypeCreditAccount(TC35FundsTransfertoOwnAccountsbyTOAccountTypeEndingWith.java:39)
	at java.util.ArrayList.forEach(Unknown Source)
... Removed 27 stack frames</pre></div><a href='#' onClick='toggleBox("stack-trace1426475861", this, "Click to show all stack frames", "Click to hide stack frames")'>Click to show all stack frames</a>
<div class='stack-trace' id='stack-trace1426475861'><pre>java.lang.RuntimeException: FAILED
	at utils.Reporter.reportStep(Reporter.java:29)
	at wrappers.GenericWrappers.verifyTextByXpath(GenericWrappers.java:475)
	at pages.FundTransferPage.verifyWrongAccountText(FundTransferPage.java:247)
	at testcases.fundtransfer.ownaccount.TC35FundsTransfertoOwnAccountsbyTOAccountTypeEndingWith.FundsTransfertoOwnAccountsbyTOAccountTypeCreditAccount(TC35FundsTransfertoOwnAccountsbyTOAccountTypeEndingWith.java:39)
	at sun.reflect.NativeMethodAccessorImpl.invoke0(Native Method)
	at sun.reflect.NativeMethodAccessorImpl.invoke(Unknown Source)
	at sun.reflect.DelegatingMethodAccessorImpl.invoke(Unknown Source)
	at java.lang.reflect.Method.invoke(Unknown Source)
	at org.testng.internal.MethodInvocationHelper.invokeMethod(MethodInvocationHelper.java:135)
	at org.testng.internal.TestInvoker.invokeMethod(TestInvoker.java:598)
	at org.testng.internal.TestInvoker.invokeTestMethod(TestInvoker.java:174)
	at org.testng.internal.MethodRunner.runInSequence(MethodRunner.java:46)
	at org.testng.internal.TestInvoker$MethodInvocationAgent.invoke(TestInvoker.java:821)
	at org.testng.internal.TestInvoker.invokeTestMethods(TestInvoker.java:147)
	at org.testng.internal.TestMethodWorker.invokeTestMethods(TestMethodWorker.java:146)
	at org.testng.internal.TestMethodWorker.run(TestMethodWorker.java:128)
	at java.util.ArrayList.forEach(Unknown Source)
	at org.testng.TestRunner.privateRun(TestRunner.java:767)
	at org.testng.TestRunner.run(TestRunner.java:588)
	at org.testng.SuiteRunner.runTest(SuiteRunner.java:384)
	at org.testng.SuiteRunner.runSequentially(SuiteRunner.java:378)
	at org.testng.SuiteRunner.privateRun(SuiteRunner.java:337)
	at org.testng.SuiteRunner.run(SuiteRunner.java:286)
	at org.testng.SuiteRunnerWorker.runSuite(SuiteRunnerWorker.java:53)
	at org.testng.SuiteRunnerWorker.run(SuiteRunnerWorker.java:96)
	at org.testng.TestNG.runSuitesSequentially(TestNG.java:1214)
	at org.testng.TestNG.runSuitesLocally(TestNG.java:1136)
	at org.testng.TestNG.runSuites(TestNG.java:1066)
	at org.testng.TestNG.run(TestNG.java:1034)
	at org.testng.remote.AbstractRemoteTestNG.run(AbstractRemoteTestNG.java:115)
	at org.testng.remote.RemoteTestNG.initAndRun(RemoteTestNG.java:251)
	at org.testng.remote.RemoteTestNG.main(RemoteTestNG.java:77)
</pre></div></td>
<td>38</td>
<td>testcases.fundtransfer.ownaccount.TC35FundsTransfertoOwnAccountsbyTOAccountTypeEndingWith@5579bb86</td></tr>
<tr>
<td title='testcases.fundtransfer.ownaccount.TC36FundsTransfertoOwnAccountsbyTOAccountTypeEndingWithDifferentAccountType.FundsTransfertoOwnAccountsbyTOAccountTypeCreditAccount()'><b>FundsTransfertoOwnAccountsbyTOAccountTypeCreditAccount</b><br>Test class: testcases.fundtransfer.ownaccount.TC36FundsTransfertoOwnAccountsbyTOAccountTypeEndingWithDifferentAccountType</td>
<td><div><pre>java.lang.RuntimeException: FAILED
	at utils.Reporter.reportStep(Reporter.java:29)
	at wrappers.GenericWrappers.verifyTextByXpath(GenericWrappers.java:475)
	at pages.FundTransferPage.VerifyClientResponseMessage(FundTransferPage.java:124)
	at testcases.fundtransfer.ownaccount.TC36FundsTransfertoOwnAccountsbyTOAccountTypeEndingWithDifferentAccountType.FundsTransfertoOwnAccountsbyTOAccountTypeCreditAccount(TC36FundsTransfertoOwnAccountsbyTOAccountTypeEndingWithDifferentAccountType.java:45)
	at java.util.ArrayList.forEach(Unknown Source)
... Removed 27 stack frames</pre></div><a href='#' onClick='toggleBox("stack-trace138580382", this, "Click to show all stack frames", "Click to hide stack frames")'>Click to show all stack frames</a>
<div class='stack-trace' id='stack-trace138580382'><pre>java.lang.RuntimeException: FAILED
	at utils.Reporter.reportStep(Reporter.java:29)
	at wrappers.GenericWrappers.verifyTextByXpath(GenericWrappers.java:475)
	at pages.FundTransferPage.VerifyClientResponseMessage(FundTransferPage.java:124)
	at testcases.fundtransfer.ownaccount.TC36FundsTransfertoOwnAccountsbyTOAccountTypeEndingWithDifferentAccountType.FundsTransfertoOwnAccountsbyTOAccountTypeCreditAccount(TC36FundsTransfertoOwnAccountsbyTOAccountTypeEndingWithDifferentAccountType.java:45)
	at sun.reflect.NativeMethodAccessorImpl.invoke0(Native Method)
	at sun.reflect.NativeMethodAccessorImpl.invoke(Unknown Source)
	at sun.reflect.DelegatingMethodAccessorImpl.invoke(Unknown Source)
	at java.lang.reflect.Method.invoke(Unknown Source)
	at org.testng.internal.MethodInvocationHelper.invokeMethod(MethodInvocationHelper.java:135)
	at org.testng.internal.TestInvoker.invokeMethod(TestInvoker.java:598)
	at org.testng.internal.TestInvoker.invokeTestMethod(TestInvoker.java:174)
	at org.testng.internal.MethodRunner.runInSequence(MethodRunner.java:46)
	at org.testng.internal.TestInvoker$MethodInvocationAgent.invoke(TestInvoker.java:821)
	at org.testng.internal.TestInvoker.invokeTestMethods(TestInvoker.java:147)
	at org.testng.internal.TestMethodWorker.invokeTestMethods(TestMethodWorker.java:146)
	at org.testng.internal.TestMethodWorker.run(TestMethodWorker.java:128)
	at java.util.ArrayList.forEach(Unknown Source)
	at org.testng.TestRunner.privateRun(TestRunner.java:767)
	at org.testng.TestRunner.run(TestRunner.java:588)
	at org.testng.SuiteRunner.runTest(SuiteRunner.java:384)
	at org.testng.SuiteRunner.runSequentially(SuiteRunner.java:378)
	at org.testng.SuiteRunner.privateRun(SuiteRunner.java:337)
	at org.testng.SuiteRunner.run(SuiteRunner.java:286)
	at org.testng.SuiteRunnerWorker.runSuite(SuiteRunnerWorker.java:53)
	at org.testng.SuiteRunnerWorker.run(SuiteRunnerWorker.java:96)
	at org.testng.TestNG.runSuitesSequentially(TestNG.java:1214)
	at org.testng.TestNG.runSuitesLocally(TestNG.java:1136)
	at org.testng.TestNG.runSuites(TestNG.java:1066)
	at org.testng.TestNG.run(TestNG.java:1034)
	at org.testng.remote.AbstractRemoteTestNG.run(AbstractRemoteTestNG.java:115)
	at org.testng.remote.RemoteTestNG.initAndRun(RemoteTestNG.java:251)
	at org.testng.remote.RemoteTestNG.main(RemoteTestNG.java:77)
</pre></div></td>
<td>74</td>
<td>testcases.fundtransfer.ownaccount.TC36FundsTransfertoOwnAccountsbyTOAccountTypeEndingWithDifferentAccountType@5204062d</td></tr>
<tr>
<td title='testcases.fundtransfer.ownaccount.TC37FundsTransfertoOwnAccountsbyTOAccountTypeEndingWithDifferentAccountType.FundsTransfertoOwnAccountsbyTOAccountTypeCreditAccount()'><b>FundsTransfertoOwnAccountsbyTOAccountTypeCreditAccount</b><br>Test class: testcases.fundtransfer.ownaccount.TC37FundsTransfertoOwnAccountsbyTOAccountTypeEndingWithDifferentAccountType</td>
<td><div><pre>java.lang.RuntimeException: FAILED
	at utils.Reporter.reportStep(Reporter.java:29)
	at wrappers.GenericWrappers.clickWrapper(GenericWrappers.java:376)
	at wrappers.GenericWrappers.clickByXpath(GenericWrappers.java:761)
	at pages.FundTransferPage.ClickSplashLogo(FundTransferPage.java:46)
	at testcases.fundtransfer.ownaccount.TC37FundsTransfertoOwnAccountsbyTOAccountTypeEndingWithDifferentAccountType.FundsTransfertoOwnAccountsbyTOAccountTypeCreditAccount(TC37FundsTransfertoOwnAccountsbyTOAccountTypeEndingWithDifferentAccountType.java:32)
	at java.util.ArrayList.forEach(Unknown Source)
... Removed 27 stack frames</pre></div><a href='#' onClick='toggleBox("stack-trace900325371", this, "Click to show all stack frames", "Click to hide stack frames")'>Click to show all stack frames</a>
<div class='stack-trace' id='stack-trace900325371'><pre>java.lang.RuntimeException: FAILED
	at utils.Reporter.reportStep(Reporter.java:29)
	at wrappers.GenericWrappers.clickWrapper(GenericWrappers.java:376)
	at wrappers.GenericWrappers.clickByXpath(GenericWrappers.java:761)
	at pages.FundTransferPage.ClickSplashLogo(FundTransferPage.java:46)
	at testcases.fundtransfer.ownaccount.TC37FundsTransfertoOwnAccountsbyTOAccountTypeEndingWithDifferentAccountType.FundsTransfertoOwnAccountsbyTOAccountTypeCreditAccount(TC37FundsTransfertoOwnAccountsbyTOAccountTypeEndingWithDifferentAccountType.java:32)
	at sun.reflect.NativeMethodAccessorImpl.invoke0(Native Method)
	at sun.reflect.NativeMethodAccessorImpl.invoke(Unknown Source)
	at sun.reflect.DelegatingMethodAccessorImpl.invoke(Unknown Source)
	at java.lang.reflect.Method.invoke(Unknown Source)
	at org.testng.internal.MethodInvocationHelper.invokeMethod(MethodInvocationHelper.java:135)
	at org.testng.internal.TestInvoker.invokeMethod(TestInvoker.java:598)
	at org.testng.internal.TestInvoker.invokeTestMethod(TestInvoker.java:174)
	at org.testng.internal.MethodRunner.runInSequence(MethodRunner.java:46)
	at org.testng.internal.TestInvoker$MethodInvocationAgent.invoke(TestInvoker.java:821)
	at org.testng.internal.TestInvoker.invokeTestMethods(TestInvoker.java:147)
	at org.testng.internal.TestMethodWorker.invokeTestMethods(TestMethodWorker.java:146)
	at org.testng.internal.TestMethodWorker.run(TestMethodWorker.java:128)
	at java.util.ArrayList.forEach(Unknown Source)
	at org.testng.TestRunner.privateRun(TestRunner.java:767)
	at org.testng.TestRunner.run(TestRunner.java:588)
	at org.testng.SuiteRunner.runTest(SuiteRunner.java:384)
	at org.testng.SuiteRunner.runSequentially(SuiteRunner.java:378)
	at org.testng.SuiteRunner.privateRun(SuiteRunner.java:337)
	at org.testng.SuiteRunner.run(SuiteRunner.java:286)
	at org.testng.SuiteRunnerWorker.runSuite(SuiteRunnerWorker.java:53)
	at org.testng.SuiteRunnerWorker.run(SuiteRunnerWorker.java:96)
	at org.testng.TestNG.runSuitesSequentially(TestNG.java:1214)
	at org.testng.TestNG.runSuitesLocally(TestNG.java:1136)
	at org.testng.TestNG.runSuites(TestNG.java:1066)
	at org.testng.TestNG.run(TestNG.java:1034)
	at org.testng.remote.AbstractRemoteTestNG.run(AbstractRemoteTestNG.java:115)
	at org.testng.remote.RemoteTestNG.initAndRun(RemoteTestNG.java:251)
	at org.testng.remote.RemoteTestNG.main(RemoteTestNG.java:77)
</pre></div></td>
<td>23</td>
<td>testcases.fundtransfer.ownaccount.TC37FundsTransfertoOwnAccountsbyTOAccountTypeEndingWithDifferentAccountType@4fcd19b3</td></tr>
</table><p>
<table width='100%' border='1' class='invocation-passed'>
<tr><td colspan='4' align='center'><b>PASSED TESTS</b></td></tr>
<tr><td><b>Test method</b></td>
<td width="30%"><b>Exception</b></td>
<td width="10%"><b>Time (seconds)</b></td>
<td><b>Instance</b></td>
</tr>
<tr>
<td title='testcases.fundtransfer.ownaccount.TC27FundTransferAccountNumberEndingwithCorrectNumberCheck.FundTransferAccountNumberEndingwithCorrectNumberCheck()'><b>FundTransferAccountNumberEndingwithCorrectNumberCheck</b><br>Test class: testcases.fundtransfer.ownaccount.TC27FundTransferAccountNumberEndingwithCorrectNumberCheck</td>
<td></td>
<td>52</td>
<td>testcases.fundtransfer.ownaccount.TC27FundTransferAccountNumberEndingwithCorrectNumberCheck@24a35978</td></tr>
<tr>
<td title='testcases.fundtransfer.ownaccount.TC28FundTransferAccountNumberEndingwithWrongNumberCheck.FundTransferAccountNumberEndingwithCorrectNumberCheck()'><b>FundTransferAccountNumberEndingwithCorrectNumberCheck</b><br>Test class: testcases.fundtransfer.ownaccount.TC28FundTransferAccountNumberEndingwithWrongNumberCheck</td>
<td></td>
<td>61</td>
<td>testcases.fundtransfer.ownaccount.TC28FundTransferAccountNumberEndingwithWrongNumberCheck@16f7c8c1</td></tr>
<tr>
<td title='testcases.fundtransfer.ownaccount.TC21FundTransferCorrectAccountTypeEntryCheck.FundTransferCorrectAccountTypeEntryCheck()'><b>FundTransferCorrectAccountTypeEntryCheck</b><br>Test class: testcases.fundtransfer.ownaccount.TC21FundTransferCorrectAccountTypeEntryCheck</td>
<td></td>
<td>60</td>
<td>testcases.fundtransfer.ownaccount.TC21FundTransferCorrectAccountTypeEntryCheck@4c762604</td></tr>
<tr>
<td title='testcases.fundtransfer.ownaccount.TC15FundTransferCorrectAmountEntryTransactionConfirmationMessageCheck.FundTransferCorrectAmountEntryTransactionConfirmationMessageCheck()'><b>FundTransferCorrectAmountEntryTransactionConfirmationMessageCheck</b><br>Test class: testcases.fundtransfer.ownaccount.TC15FundTransferCorrectAmountEntryTransactionConfirmationMessageCheck</td>
<td></td>
<td>64</td>
<td>testcases.fundtransfer.ownaccount.TC15FundTransferCorrectAmountEntryTransactionConfirmationMessageCheck@78186a70</td></tr>
<tr>
<td title='testcases.fundtransfer.ownaccount.TC04FundTransferIconClickWithoutLogin.FundTransferIconClickWithoutLogin()'><b>FundTransferIconClickWithoutLogin</b><br>Test class: testcases.fundtransfer.ownaccount.TC04FundTransferIconClickWithoutLogin</td>
<td></td>
<td>22</td>
<td>testcases.fundtransfer.ownaccount.TC04FundTransferIconClickWithoutLogin@6eceb130</td></tr>
<tr>
<td title='testcases.fundtransfer.ownaccount.TC01FundTransferNavigationClickFTLogo.FundTransferNavigationClickFTLogo()'><b>FundTransferNavigationClickFTLogo</b><br>Test class: testcases.fundtransfer.ownaccount.TC01FundTransferNavigationClickFTLogo</td>
<td></td>
<td>32</td>
<td>testcases.fundtransfer.ownaccount.TC01FundTransferNavigationClickFTLogo@2eda0940</td></tr>
<tr>
<td title='testcases.fundtransfer.ownaccount.TC02FundTransferNavigationByText.FundTransferNavigationClickFTLogo()'><b>FundTransferNavigationClickFTLogo</b><br>Test class: testcases.fundtransfer.ownaccount.TC02FundTransferNavigationByText</td>
<td></td>
<td>33</td>
<td>testcases.fundtransfer.ownaccount.TC02FundTransferNavigationByText@3578436e</td></tr>
<tr>
<td title='testcases.fundtransfer.ownaccount.TC08FundTransferOwnAccountSelection.FundTransferNavigationClickFTLogo()'><b>FundTransferNavigationClickFTLogo</b><br>Test class: testcases.fundtransfer.ownaccount.TC08FundTransferOwnAccountSelection</td>
<td></td>
<td>48</td>
<td>testcases.fundtransfer.ownaccount.TC08FundTransferOwnAccountSelection@5c072e3f</td></tr>
<tr>
<td title='testcases.fundtransfer.ownaccount.TC09FundTransferOwnFromAccountSelection.FundTransferNavigationClickFTLogo()'><b>FundTransferNavigationClickFTLogo</b><br>Test class: testcases.fundtransfer.ownaccount.TC09FundTransferOwnFromAccountSelection</td>
<td></td>
<td>43</td>
<td>testcases.fundtransfer.ownaccount.TC09FundTransferOwnFromAccountSelection@4d1b0d2a</td></tr>
<tr>
<td title='testcases.fundtransfer.ownaccount.TC11FundTransferSelecttheFromAccountsFromthelistofAccounts.FundTransferSelecttheFromAccountsFromthelistofAccounts()'><b>FundTransferSelecttheFromAccountsFromthelistofAccounts</b><br>Test class: testcases.fundtransfer.ownaccount.TC11FundTransferSelecttheFromAccountsFromthelistofAccounts</td>
<td></td>
<td>57</td>
<td>testcases.fundtransfer.ownaccount.TC11FundTransferSelecttheFromAccountsFromthelistofAccounts@149494d8</td></tr>
<tr>
<td title='testcases.fundtransfer.ownaccount.TC12FundTransferWrongToAccount.FundTransferSelecttheFromAccountsFromthelistofAccounts()'><b>FundTransferSelecttheFromAccountsFromthelistofAccounts</b><br>Test class: testcases.fundtransfer.ownaccount.TC12FundTransferWrongToAccount</td>
<td></td>
<td>64</td>
<td>testcases.fundtransfer.ownaccount.TC12FundTransferWrongToAccount@710726a3</td></tr>
<tr>
<td title='testcases.fundtransfer.ownaccount.TC13FundTransferTOAccountSelectionCheckAmountEntryMessagecheck.FundTransferSelecttheFromAccountsFromthelistofAccounts()'><b>FundTransferSelecttheFromAccountsFromthelistofAccounts</b><br>Test class: testcases.fundtransfer.ownaccount.TC13FundTransferTOAccountSelectionCheckAmountEntryMessagecheck</td>
<td></td>
<td>60</td>
<td>testcases.fundtransfer.ownaccount.TC13FundTransferTOAccountSelectionCheckAmountEntryMessagecheck@646007f4</td></tr>
<tr>
<td title='testcases.fundtransfer.ownaccount.TC03FundTransferValidationUserTextConversation.FundTransferText()'><b>FundTransferText</b><br>Test class: testcases.fundtransfer.ownaccount.TC03FundTransferValidationUserTextConversation</td>
<td></td>
<td>32</td>
<td>testcases.fundtransfer.ownaccount.TC03FundTransferValidationUserTextConversation@706a04ae</td></tr>
<tr>
<td title='testcases.fundtransfer.ownaccount.TC05FundTransferUsingUtterances.FundTransferText()'><b>FundTransferText</b><br>Test class: testcases.fundtransfer.ownaccount.TC05FundTransferUsingUtterances</td>
<td></td>
<td>30</td>
<td>testcases.fundtransfer.ownaccount.TC05FundTransferUsingUtterances@10a035a0</td></tr>
<tr>
<td title='testcases.fundtransfer.ownaccount.TC06FundTransferInvalidTransferTypeSelectedMessageCheck.FundTransferText()'><b>FundTransferText</b><br>Test class: testcases.fundtransfer.ownaccount.TC06FundTransferInvalidTransferTypeSelectedMessageCheck</td>
<td></td>
<td>37</td>
<td>testcases.fundtransfer.ownaccount.TC06FundTransferInvalidTransferTypeSelectedMessageCheck@67b467e9</td></tr>
<tr>
<td title='testcases.fundtransfer.ownaccount.TC07FundTransferAccountSelectionMessageCheck.FundTransferText()'><b>FundTransferText</b><br>Test class: testcases.fundtransfer.ownaccount.TC07FundTransferAccountSelectionMessageCheck</td>
<td></td>
<td>39</td>
<td>testcases.fundtransfer.ownaccount.TC07FundTransferAccountSelectionMessageCheck@47db50c5</td></tr>
<tr>
<td title='testcases.fundtransfer.ownaccount.TC03FundTransferValidationUserTextConversation.FundTransferText2()'><b>FundTransferText2</b><br>Test class: testcases.fundtransfer.ownaccount.TC03FundTransferValidationUserTextConversation</td>
<td></td>
<td>32</td>
<td>testcases.fundtransfer.ownaccount.TC03FundTransferValidationUserTextConversation@706a04ae</td></tr>
<tr>
<td title='testcases.fundtransfer.ownaccount.TC05FundTransferUsingUtterances.FundTransferText2()'><b>FundTransferText2</b><br>Test class: testcases.fundtransfer.ownaccount.TC05FundTransferUsingUtterances</td>
<td></td>
<td>29</td>
<td>testcases.fundtransfer.ownaccount.TC05FundTransferUsingUtterances@10a035a0</td></tr>
<tr>
<td title='testcases.fundtransfer.ownaccount.TC03FundTransferValidationUserTextConversation.FundTransferText3()'><b>FundTransferText3</b><br>Test class: testcases.fundtransfer.ownaccount.TC03FundTransferValidationUserTextConversation</td>
<td></td>
<td>32</td>
<td>testcases.fundtransfer.ownaccount.TC03FundTransferValidationUserTextConversation@706a04ae</td></tr>
<tr>
<td title='testcases.fundtransfer.ownaccount.TC05FundTransferUsingUtterances.FundTransferText3()'><b>FundTransferText3</b><br>Test class: testcases.fundtransfer.ownaccount.TC05FundTransferUsingUtterances</td>
<td></td>
<td>29</td>
<td>testcases.fundtransfer.ownaccount.TC05FundTransferUsingUtterances@10a035a0</td></tr>
<tr>
<td title='testcases.fundtransfer.ownaccount.TC03FundTransferValidationUserTextConversation.FundTransferText4()'><b>FundTransferText4</b><br>Test class: testcases.fundtransfer.ownaccount.TC03FundTransferValidationUserTextConversation</td>
<td></td>
<td>32</td>
<td>testcases.fundtransfer.ownaccount.TC03FundTransferValidationUserTextConversation@706a04ae</td></tr>
<tr>
<td title='testcases.fundtransfer.ownaccount.TC05FundTransferUsingUtterances.FundTransferText4()'><b>FundTransferText4</b><br>Test class: testcases.fundtransfer.ownaccount.TC05FundTransferUsingUtterances</td>
<td></td>
<td>29</td>
<td>testcases.fundtransfer.ownaccount.TC05FundTransferUsingUtterances@10a035a0</td></tr>
<tr>
<td title='testcases.fundtransfer.ownaccount.TC29FundTransferToOwnAccountsbyTOAccountName.FundTransferToOwnAccountsbyTOAccountName()'><b>FundTransferToOwnAccountsbyTOAccountName</b><br>Test class: testcases.fundtransfer.ownaccount.TC29FundTransferToOwnAccountsbyTOAccountName</td>
<td></td>
<td>51</td>
<td>testcases.fundtransfer.ownaccount.TC29FundTransferToOwnAccountsbyTOAccountName@2f0a87b3</td></tr>
<tr>
<td title='testcases.fundtransfer.ownaccount.TC18FundTransferTransactionCancellationMessage.FundTransferTransactionCancellationMessage()'><b>FundTransferTransactionCancellationMessage</b><br>Test class: testcases.fundtransfer.ownaccount.TC18FundTransferTransactionCancellationMessage</td>
<td></td>
<td>74</td>
<td>testcases.fundtransfer.ownaccount.TC18FundTransferTransactionCancellationMessage@4cf4d528</td></tr>
<tr>
<td title='testcases.fundtransfer.ownaccount.TC19FundTransferCorrectAccountNameTransferCheck.FundTransferTransactionCancellationMessage()'><b>FundTransferTransactionCancellationMessage</b><br>Test class: testcases.fundtransfer.ownaccount.TC19FundTransferCorrectAccountNameTransferCheck</td>
<td></td>
<td>58</td>
<td>testcases.fundtransfer.ownaccount.TC19FundTransferCorrectAccountNameTransferCheck@77846d2c</td></tr>
<tr>
<td title='testcases.fundtransfer.ownaccount.TC17FundTransferTransactionSuccessfulMessage.FundTransferTransactionSuccessfulMessage()'><b>FundTransferTransactionSuccessfulMessage</b><br>Test class: testcases.fundtransfer.ownaccount.TC17FundTransferTransactionSuccessfulMessage</td>
<td></td>
<td>77</td>
<td>testcases.fundtransfer.ownaccount.TC17FundTransferTransactionSuccessfulMessage@545997b1</td></tr>
<tr>
<td title='testcases.fundtransfer.ownaccount.TC54FundTransferInvalidInputTwiceConfirmationMessage.FundTransferTransactionSuccessfulMessage()'><b>FundTransferTransactionSuccessfulMessage</b><br>Test class: testcases.fundtransfer.ownaccount.TC54FundTransferInvalidInputTwiceConfirmationMessage</td>
<td></td>
<td>90</td>
<td>testcases.fundtransfer.ownaccount.TC54FundTransferInvalidInputTwiceConfirmationMessage@281e3708</td></tr>
<tr>
<td title='testcases.fundtransfer.ownaccount.TC23FundTransferTransferfromCreditAccounts.FundTransferTransferfromCreditAccounts()'><b>FundTransferTransferfromCreditAccounts</b><br>Test class: testcases.fundtransfer.ownaccount.TC23FundTransferTransferfromCreditAccounts</td>
<td></td>
<td>60</td>
<td>testcases.fundtransfer.ownaccount.TC23FundTransferTransferfromCreditAccounts@2641e737</td></tr>
<tr>
<td title='testcases.fundtransfer.ownaccount.TC25FundTransferAccountTypeEndingwithWrongAccountNumberCheck.FundTransferTransferfromCreditAccounts()'><b>FundTransferTransferfromCreditAccounts</b><br>Test class: testcases.fundtransfer.ownaccount.TC25FundTransferAccountTypeEndingwithWrongAccountNumberCheck</td>
<td></td>
<td>63</td>
<td>testcases.fundtransfer.ownaccount.TC25FundTransferAccountTypeEndingwithWrongAccountNumberCheck@704921a5</td></tr>
<tr>
<td title='testcases.fundtransfer.ownaccount.TC50FundTransferUserHaveOnlyOneAccount.FundTransferUserHaveOnlyOneAccount()'><b>FundTransferUserHaveOnlyOneAccount</b><br>Test class: testcases.fundtransfer.ownaccount.TC50FundTransferUserHaveOnlyOneAccount</td>
<td></td>
<td>30</td>
<td>testcases.fundtransfer.ownaccount.TC50FundTransferUserHaveOnlyOneAccount@52525845</td></tr>
<tr>
<td title='testcases.fundtransfer.ownaccount.TC20FundTransferWrongAccountNameTransferCheck.FundTransferWrongAccountNameTransferCheck()'><b>FundTransferWrongAccountNameTransferCheck</b><br>Test class: testcases.fundtransfer.ownaccount.TC20FundTransferWrongAccountNameTransferCheck</td>
<td></td>
<td>64</td>
<td>testcases.fundtransfer.ownaccount.TC20FundTransferWrongAccountNameTransferCheck@548ad73b</td></tr>
<tr>
<td title='testcases.fundtransfer.ownaccount.TC26FundTransferAccountTypeEndingwithOtherAccountTypeNumberCheck.FundTransferWrongAccountNameTransferCheck()'><b>FundTransferWrongAccountNameTransferCheck</b><br>Test class: testcases.fundtransfer.ownaccount.TC26FundTransferAccountTypeEndingwithOtherAccountTypeNumberCheck</td>
<td></td>
<td>65</td>
<td>testcases.fundtransfer.ownaccount.TC26FundTransferAccountTypeEndingwithOtherAccountTypeNumberCheck@df27fae</td></tr>
<tr>
<td title='testcases.fundtransfer.ownaccount.TC30FundTransferWrongToAccountNameTransferCheck.FundTransferWrongAccountNameTransferCheck()'><b>FundTransferWrongAccountNameTransferCheck</b><br>Test class: testcases.fundtransfer.ownaccount.TC30FundTransferWrongToAccountNameTransferCheck</td>
<td></td>
<td>57</td>
<td>testcases.fundtransfer.ownaccount.TC30FundTransferWrongToAccountNameTransferCheck@319b92f3</td></tr>
<tr>
<td title='testcases.fundtransfer.ownaccount.TC31FundTransferOwnAccountsbyTOAccountType.FundTransferWrongAccountNameTransferCheck()'><b>FundTransferWrongAccountNameTransferCheck</b><br>Test class: testcases.fundtransfer.ownaccount.TC31FundTransferOwnAccountsbyTOAccountType</td>
<td></td>
<td>45</td>
<td>testcases.fundtransfer.ownaccount.TC31FundTransferOwnAccountsbyTOAccountType@fcd6521</td></tr>
<tr>
<td title='testcases.fundtransfer.ownaccount.TC14FundTransferWrongAmountEnteredMessageCheck.FundTransferWrongAmountEnteredMessageCheck()'><b>FundTransferWrongAmountEnteredMessageCheck</b><br>Test class: testcases.fundtransfer.ownaccount.TC14FundTransferWrongAmountEnteredMessageCheck</td>
<td></td>
<td>63</td>
<td>testcases.fundtransfer.ownaccount.TC14FundTransferWrongAmountEnteredMessageCheck@481a15ff</td></tr>
<tr>
<td title='testcases.fundtransfer.ownaccount.TC52FundTransferTwoInvalidAccountType.FundTransferWrongAmountEnteredMessageCheck()'><b>FundTransferWrongAmountEnteredMessageCheck</b><br>Test class: testcases.fundtransfer.ownaccount.TC52FundTransferTwoInvalidAccountType</td>
<td></td>
<td>49</td>
<td>testcases.fundtransfer.ownaccount.TC52FundTransferTwoInvalidAccountType@24b1d79b</td></tr>
<tr>
<td title='testcases.fundtransfer.ownaccount.TC53FundTransferWrongAmountEnteredtwicesMessage.FundTransferWrongAmountEnteredMessageCheck()'><b>FundTransferWrongAmountEnteredMessageCheck</b><br>Test class: testcases.fundtransfer.ownaccount.TC53FundTransferWrongAmountEnteredtwicesMessage</td>
<td></td>
<td>83</td>
<td>testcases.fundtransfer.ownaccount.TC53FundTransferWrongAmountEnteredtwicesMessage@68ceda24</td></tr>
<tr>
<td title='testcases.fundtransfer.ownaccount.TC16FundTransferWrongConfirmationInputwhileTransactionConfirmationCheck.FundTransferWrongConfirmationInputwhileTransactionConfirmationCheck()'><b>FundTransferWrongConfirmationInputwhileTransactionConfirmationCheck</b><br>Test class: testcases.fundtransfer.ownaccount.TC16FundTransferWrongConfirmationInputwhileTransactionConfirmationCheck</td>
<td></td>
<td>75</td>
<td>testcases.fundtransfer.ownaccount.TC16FundTransferWrongConfirmationInputwhileTransactionConfirmationCheck@306279ee</td></tr>
<tr>
<td title='testcases.fundtransfer.ownaccount.TC10FundTransferWrongFromAccountSelection.FundTransferWrongFromAccountSelection()'><b>FundTransferWrongFromAccountSelection</b><br>Test class: testcases.fundtransfer.ownaccount.TC10FundTransferWrongFromAccountSelection</td>
<td></td>
<td>52</td>
<td>testcases.fundtransfer.ownaccount.TC10FundTransferWrongFromAccountSelection@954b04f</td></tr>
<tr>
<td title='testcases.fundtransfer.ownaccount.TC51FundTransferTwoInvalidFromAccountSelection.FundTransferWrongFromAccountSelection()'><b>FundTransferWrongFromAccountSelection</b><br>Test class: testcases.fundtransfer.ownaccount.TC51FundTransferTwoInvalidFromAccountSelection</td>
<td></td>
<td>61</td>
<td>testcases.fundtransfer.ownaccount.TC51FundTransferTwoInvalidFromAccountSelection@3b94d659</td></tr>
<tr>
<td title='testcases.fundtransfer.ownaccount.TC42FundsTransferfromCurrentAccounttoCurrentAccount.FundsTransferfromCurrentAccounttoCurrentAccount()'><b>FundsTransferfromCurrentAccounttoCurrentAccount</b><br>Test class: testcases.fundtransfer.ownaccount.TC42FundsTransferfromCurrentAccounttoCurrentAccount</td>
<td></td>
<td>46</td>
<td>testcases.fundtransfer.ownaccount.TC42FundsTransferfromCurrentAccounttoCurrentAccount@17211155</td></tr>
<tr>
<td title='testcases.fundtransfer.ownaccount.TC44FundsTransferfromCurrentAccounttoSavingAccount.FundsTransferfromCurrentAccounttoSavingAccount()'><b>FundsTransferfromCurrentAccounttoSavingAccount</b><br>Test class: testcases.fundtransfer.ownaccount.TC44FundsTransferfromCurrentAccounttoSavingAccount</td>
<td></td>
<td>41</td>
<td>testcases.fundtransfer.ownaccount.TC44FundsTransferfromCurrentAccounttoSavingAccount@5fdba6f9</td></tr>
<tr>
<td title='testcases.fundtransfer.ownaccount.TC48FundsTransferFromAcccountandToAccountEndingWithValidNumber.FundsTransferfromSavingAccountEndWithWrongtoSavingAccountEndWithWrongNumber()'><b>FundsTransferfromSavingAccountEndWithWrongtoSavingAccountEndWithWrongNumber</b><br>Test class: testcases.fundtransfer.ownaccount.TC48FundsTransferFromAcccountandToAccountEndingWithValidNumber</td>
<td></td>
<td>37</td>
<td>testcases.fundtransfer.ownaccount.TC48FundsTransferFromAcccountandToAccountEndingWithValidNumber@6dde5c8c</td></tr>
<tr>
<td title='testcases.fundtransfer.ownaccount.TC49FundsTransferInsufficentFundMessageCheck.FundsTransferfromSavingAccountEndWithWrongtoSavingAccountEndWithWrongNumber()'><b>FundsTransferfromSavingAccountEndWithWrongtoSavingAccountEndWithWrongNumber</b><br>Test class: testcases.fundtransfer.ownaccount.TC49FundsTransferInsufficentFundMessageCheck</td>
<td></td>
<td>46</td>
<td>testcases.fundtransfer.ownaccount.TC49FundsTransferInsufficentFundMessageCheck@5123a213</td></tr>
<tr>
<td title='testcases.fundtransfer.ownaccount.TC45FundsTransferfromSavingAccountEndWithtoSavingAccountEndWith.FundsTransferfromSavingAccountEndWithtoSavingAccountEndWith()'><b>FundsTransferfromSavingAccountEndWithtoSavingAccountEndWith</b><br>Test class: testcases.fundtransfer.ownaccount.TC45FundsTransferfromSavingAccountEndWithtoSavingAccountEndWith</td>
<td></td>
<td>38</td>
<td>testcases.fundtransfer.ownaccount.TC45FundsTransferfromSavingAccountEndWithtoSavingAccountEndWith@10d59286</td></tr>
<tr>
<td title='testcases.fundtransfer.ownaccount.TC43FundsTransferfromSavingAccounttoCurrentAccount.FundsTransferfromSavingAccounttoCurrentAccount()'><b>FundsTransferfromSavingAccounttoCurrentAccount</b><br>Test class: testcases.fundtransfer.ownaccount.TC43FundsTransferfromSavingAccounttoCurrentAccount</td>
<td></td>
<td>41</td>
<td>testcases.fundtransfer.ownaccount.TC43FundsTransferfromSavingAccounttoCurrentAccount@b3d7190</td></tr>
<tr>
<td title='testcases.fundtransfer.ownaccount.TC41FundsTransferfromSavingsAccounttoSavingsAccount.FundsTransferfromSavingsAccounttoSavingsAccount()'><b>FundsTransferfromSavingsAccounttoSavingsAccount</b><br>Test class: testcases.fundtransfer.ownaccount.TC41FundsTransferfromSavingsAccounttoSavingsAccount</td>
<td></td>
<td>38</td>
<td>testcases.fundtransfer.ownaccount.TC41FundsTransferfromSavingsAccounttoSavingsAccount@7a36aefa</td></tr>
<tr>
<td title='testcases.fundtransfer.ownaccount.TC34FundsTransfertoOwnAccountsbyTOAccountTypeEndingWith.FundsTransfertoOwnAccountsbyTOAccountTypeCreditAccount()'><b>FundsTransfertoOwnAccountsbyTOAccountTypeCreditAccount</b><br>Test class: testcases.fundtransfer.ownaccount.TC34FundsTransfertoOwnAccountsbyTOAccountTypeEndingWith</td>
<td></td>
<td>53</td>
<td>testcases.fundtransfer.ownaccount.TC34FundsTransfertoOwnAccountsbyTOAccountTypeEndingWith@31f924f5</td></tr>
<tr>
<td title='testcases.fundtransfer.ownaccount.TC38FundsTransferWrongToAccountTypeEndingwith.FundsTransfertoOwnAccountsbyTOAccountTypeCreditAccount()'><b>FundsTransfertoOwnAccountsbyTOAccountTypeCreditAccount</b><br>Test class: testcases.fundtransfer.ownaccount.TC38FundsTransferWrongToAccountTypeEndingwith</td>
<td></td>
<td>75</td>
<td>testcases.fundtransfer.ownaccount.TC38FundsTransferWrongToAccountTypeEndingwith@376b4233</td></tr>
<tr>
<td title='testcases.fundtransfer.ownaccount.TC39FundsTransfer100fromSuperValueAccounttoRegularCurrentAccount.FundsTransfertoOwnAccountsbyTOAccountTypeCreditAccount()'><b>FundsTransfertoOwnAccountsbyTOAccountTypeCreditAccount</b><br>Test class: testcases.fundtransfer.ownaccount.TC39FundsTransfer100fromSuperValueAccounttoRegularCurrentAccount</td>
<td></td>
<td>45</td>
<td>testcases.fundtransfer.ownaccount.TC39FundsTransfer100fromSuperValueAccounttoRegularCurrentAccount@2fd66ad3</td></tr>
</table><p>
</body>
</html>