<?xml version="1.0" encoding="UTF-8"?>
<!-- Generated by org.testng.reporters.JUnitXMLReporter -->
<testsuite hostname="Lenovo-PC" ignored="156" name="statementrequest" tests="99" failures="21" timestamp="2020-03-26T15:32:21 IST" time="4005.246" errors="0">
  <testcase name="StatementRequestIconCheckWithoutLogin" time="11.951" classname="testcases.statementrequest.TC01SRIconCheckWithoutLogin"/>
  <testcase name="StatementRequestIconCheckAfterLogin" time="24.507" classname="testcases.statementrequest.TC02SRIconCheckAfterLogin"/>
  <testcase name="StatementRequestIconDisplay" time="11.943" classname="testcases.statementrequest.TC03SRIconDisplay"/>
  <testcase name="StatementRequestVerifyIntentOne" time="28.115" classname="testcases.statementrequest.TC04StatementRequestSupportedIntents"/>
  <testcase name="StatementRequestVerifyIntentTwo" time="28.725" classname="testcases.statementrequest.TC04StatementRequestSupportedIntents"/>
  <testcase name="StatementRequestVerifyIntentThree" time="29.507" classname="testcases.statementrequest.TC04StatementRequestSupportedIntents"/>
  <testcase name="StatementRequestVerifyIntentFour" time="27.54" classname="testcases.statementrequest.TC04StatementRequestSupportedIntents"/>
  <testcase name="StatementRequestVerifyIntentFive" time="27.757" classname="testcases.statementrequest.TC04StatementRequestSupportedIntents"/>
  <testcase name="StatementRequestVerifyIntentSix" time="29.327" classname="testcases.statementrequest.TC04StatementRequestSupportedIntents"/>
  <testcase name="StatementRequestViewAccountUsingIntentOne" time="40.179" classname="testcases.statementrequest.TC05StatementRequestDisplaysListOfAllAccounts">
    <failure type="java.lang.RuntimeException" message="FAILED">
      <![CDATA[java.lang.RuntimeException: FAILED
at utils.Reporter.reportStep(Reporter.java:29)
at wrappers.GenericWrappers.verifyTextByXpath(GenericWrappers.java:474)
at pages.StatementRequestPage.VerifyAccount(StatementRequestPage.java:99)
at testcases.statementrequest.TC05StatementRequestDisplaysListOfAllAccounts.StatementRequestViewAccountUsingIntentOne(TC05StatementRequestDisplaysListOfAllAccounts.java:45)
at java.util.ArrayList.forEach(Unknown Source)
... Removed 27 stack frames]]>
    </failure>
  </testcase> <!-- StatementRequestViewAccountUsingIntentOne -->
  <testcase name="StatementRequestViewAccountUsingIntentTwo" time="37.097" classname="testcases.statementrequest.TC05StatementRequestDisplaysListOfAllAccounts">
    <failure type="java.lang.RuntimeException" message="FAILED">
      <![CDATA[java.lang.RuntimeException: FAILED
at utils.Reporter.reportStep(Reporter.java:29)
at wrappers.GenericWrappers.verifyTextByXpath(GenericWrappers.java:474)
at pages.StatementRequestPage.VerifyAccount(StatementRequestPage.java:99)
at testcases.statementrequest.TC05StatementRequestDisplaysListOfAllAccounts.StatementRequestViewAccountUsingIntentTwo(TC05StatementRequestDisplaysListOfAllAccounts.java:67)
at java.util.ArrayList.forEach(Unknown Source)
... Removed 27 stack frames]]>
    </failure>
  </testcase> <!-- StatementRequestViewAccountUsingIntentTwo -->
  <testcase name="StatementRequestViewAccountUsingIntentThree" time="37.089" classname="testcases.statementrequest.TC05StatementRequestDisplaysListOfAllAccounts">
    <failure type="java.lang.RuntimeException" message="FAILED">
      <![CDATA[java.lang.RuntimeException: FAILED
at utils.Reporter.reportStep(Reporter.java:29)
at wrappers.GenericWrappers.verifyTextByXpath(GenericWrappers.java:474)
at pages.StatementRequestPage.VerifyAccount(StatementRequestPage.java:99)
at testcases.statementrequest.TC05StatementRequestDisplaysListOfAllAccounts.StatementRequestViewAccountUsingIntentThree(TC05StatementRequestDisplaysListOfAllAccounts.java:89)
at java.util.ArrayList.forEach(Unknown Source)
... Removed 27 stack frames]]>
    </failure>
  </testcase> <!-- StatementRequestViewAccountUsingIntentThree -->
  <testcase name="StatementRequestViewAccountUsingIntentFour" time="36.363" classname="testcases.statementrequest.TC05StatementRequestDisplaysListOfAllAccounts">
    <failure type="java.lang.RuntimeException" message="FAILED">
      <![CDATA[java.lang.RuntimeException: FAILED
at utils.Reporter.reportStep(Reporter.java:29)
at wrappers.GenericWrappers.verifyTextByXpath(GenericWrappers.java:474)
at pages.StatementRequestPage.VerifyAccount(StatementRequestPage.java:99)
at testcases.statementrequest.TC05StatementRequestDisplaysListOfAllAccounts.StatementRequestViewAccountUsingIntentFour(TC05StatementRequestDisplaysListOfAllAccounts.java:111)
at java.util.ArrayList.forEach(Unknown Source)
... Removed 27 stack frames]]>
    </failure>
  </testcase> <!-- StatementRequestViewAccountUsingIntentFour -->
  <testcase name="StatementRequestViewAccountUsingIntentFive" time="42.297" classname="testcases.statementrequest.TC05StatementRequestDisplaysListOfAllAccounts">
    <failure type="java.lang.RuntimeException" message="FAILED">
      <![CDATA[java.lang.RuntimeException: FAILED
at utils.Reporter.reportStep(Reporter.java:29)
at wrappers.GenericWrappers.verifyTextByXpath(GenericWrappers.java:474)
at pages.StatementRequestPage.VerifyAccount(StatementRequestPage.java:99)
at testcases.statementrequest.TC05StatementRequestDisplaysListOfAllAccounts.StatementRequestViewAccountUsingIntentFive(TC05StatementRequestDisplaysListOfAllAccounts.java:133)
at java.util.ArrayList.forEach(Unknown Source)
... Removed 27 stack frames]]>
    </failure>
  </testcase> <!-- StatementRequestViewAccountUsingIntentFive -->
  <testcase name="StatementRequestViewAccountUsingIntentSix" time="38.851" classname="testcases.statementrequest.TC05StatementRequestDisplaysListOfAllAccounts">
    <failure type="java.lang.RuntimeException" message="FAILED">
      <![CDATA[java.lang.RuntimeException: FAILED
at utils.Reporter.reportStep(Reporter.java:29)
at wrappers.GenericWrappers.verifyTextByXpath(GenericWrappers.java:474)
at pages.StatementRequestPage.VerifyAccount(StatementRequestPage.java:99)
at testcases.statementrequest.TC05StatementRequestDisplaysListOfAllAccounts.StatementRequestViewAccountUsingIntentSix(TC05StatementRequestDisplaysListOfAllAccounts.java:155)
at java.util.ArrayList.forEach(Unknown Source)
... Removed 27 stack frames]]>
    </failure>
  </testcase> <!-- StatementRequestViewAccountUsingIntentSix -->
  <testcase name="StatementRequestSelectUltimateCardAccount" time="34.956" classname="testcases.statementrequest.TC06StatementRequestSelectTheListOfAccounts"/>
  <testcase name="StatementRequestSelectPlatinumRewardAccount" time="37.246" classname="testcases.statementrequest.TC06StatementRequestSelectTheListOfAccounts">
    <failure type="java.lang.RuntimeException" message="FAILED">
      <![CDATA[java.lang.RuntimeException: FAILED
at utils.Reporter.reportStep(Reporter.java:29)
at wrappers.GenericWrappers.verifyTextByXpath(GenericWrappers.java:474)
at pages.StatementRequestPage.VerifyAccount(StatementRequestPage.java:99)
at testcases.statementrequest.TC06StatementRequestSelectTheListOfAccounts.StatementRequestSelectPlatinumRewardAccount(TC06StatementRequestSelectTheListOfAccounts.java:63)
at java.util.ArrayList.forEach(Unknown Source)
... Removed 27 stack frames]]>
    </failure>
  </testcase> <!-- StatementRequestSelectPlatinumRewardAccount -->
  <testcase name="StatementRequestSelectSuperValueAccount" time="32.131" classname="testcases.statementrequest.TC06StatementRequestSelectTheListOfAccounts"/>
  <testcase name="StatementRequestSelectaXcessPlusAccount" time="32.317" classname="testcases.statementrequest.TC06StatementRequestSelectTheListOfAccounts"/>
  <testcase name="StatementRequestSelectRegularCurrentAccount" time="31.88" classname="testcases.statementrequest.TC06StatementRequestSelectTheListOfAccounts"/>
  <testcase name="UltimateCardAccountStatementForLast6Months" time="31.883" classname="testcases.statementrequest.TC07StatementRequestforOnlyLast6Months"/>
  <testcase name="PlatinumRewardsAccountStatementForLast6Months" time="35.314" classname="testcases.statementrequest.TC07StatementRequestforOnlyLast6Months">
    <failure type="java.lang.RuntimeException" message="FAILED">
      <![CDATA[java.lang.RuntimeException: FAILED
at utils.Reporter.reportStep(Reporter.java:29)
at wrappers.GenericWrappers.verifyTextByXpath(GenericWrappers.java:474)
at pages.StatementRequestPage.VerifyAccount(StatementRequestPage.java:99)
at testcases.statementrequest.TC07StatementRequestforOnlyLast6Months.PlatinumRewardsAccountStatementForLast6Months(TC07StatementRequestforOnlyLast6Months.java:63)
at java.util.ArrayList.forEach(Unknown Source)
... Removed 27 stack frames]]>
    </failure>
  </testcase> <!-- PlatinumRewardsAccountStatementForLast6Months -->
  <testcase name="SuperValueAccountStatementForLast6Months" time="31.964" classname="testcases.statementrequest.TC07StatementRequestforOnlyLast6Months"/>
  <testcase name="aXcessPlusAccountStatementForLast6Months" time="31.96" classname="testcases.statementrequest.TC07StatementRequestforOnlyLast6Months"/>
  <testcase name="RegularCurrentAccountStatementForLast6Months" time="31.558" classname="testcases.statementrequest.TC07StatementRequestforOnlyLast6Months"/>
  <testcase name="SelectMonthForUltimateCardAccount" time="35.061" classname="testcases.statementrequest.TC08StatementRequestSelectionOfMonthsFromList"/>
  <testcase name="SelectMonthForPlatinumRewardsAccount" time="34.162" classname="testcases.statementrequest.TC08StatementRequestSelectionOfMonthsFromList">
    <failure type="java.lang.RuntimeException" message="FAILED">
      <![CDATA[java.lang.RuntimeException: FAILED
at utils.Reporter.reportStep(Reporter.java:29)
at wrappers.GenericWrappers.verifyTextByXpath(GenericWrappers.java:474)
at pages.StatementRequestPage.VerifyAccount(StatementRequestPage.java:99)
at testcases.statementrequest.TC08StatementRequestSelectionOfMonthsFromList.SelectMonthForPlatinumRewardsAccount(TC08StatementRequestSelectionOfMonthsFromList.java:64)
at java.util.ArrayList.forEach(Unknown Source)
... Removed 27 stack frames]]>
    </failure>
  </testcase> <!-- SelectMonthForPlatinumRewardsAccount -->
  <testcase name="SelectMonthForSuperValueAccount" time="34.696" classname="testcases.statementrequest.TC08StatementRequestSelectionOfMonthsFromList"/>
  <testcase name="SelectMonthForaXcessPlusAccount" time="34.839" classname="testcases.statementrequest.TC08StatementRequestSelectionOfMonthsFromList"/>
  <testcase name="SelectMonthForRegularCurrentAccount" time="34.819" classname="testcases.statementrequest.TC08StatementRequestSelectionOfMonthsFromList"/>
  <testcase name="viewDownloadTextForUltimateCardAccount" time="36.703" classname="testcases.statementrequest.TC09ViewTheStatementDownloadResponseForTheMonth"/>
  <testcase name="viewDownloadTextForPlatinumRewardsAccount" time="34.506" classname="testcases.statementrequest.TC09ViewTheStatementDownloadResponseForTheMonth">
    <failure type="java.lang.RuntimeException" message="FAILED">
      <![CDATA[java.lang.RuntimeException: FAILED
at utils.Reporter.reportStep(Reporter.java:29)
at wrappers.GenericWrappers.verifyTextByXpath(GenericWrappers.java:474)
at pages.StatementRequestPage.VerifyAccount(StatementRequestPage.java:99)
at testcases.statementrequest.TC09ViewTheStatementDownloadResponseForTheMonth.viewDownloadTextForPlatinumRewardsAccount(TC09ViewTheStatementDownloadResponseForTheMonth.java:65)
at java.util.ArrayList.forEach(Unknown Source)
... Removed 27 stack frames]]>
    </failure>
  </testcase> <!-- viewDownloadTextForPlatinumRewardsAccount -->
  <testcase name="viewDownloadTextForSuperValueAccount" time="36.587" classname="testcases.statementrequest.TC09ViewTheStatementDownloadResponseForTheMonth"/>
  <testcase name="viewDownloadTextForaXcessPlusAccount" time="38.749" classname="testcases.statementrequest.TC09ViewTheStatementDownloadResponseForTheMonth"/>
  <testcase name="viewDownloadTextForRegularCurrentAccount" time="35.936" classname="testcases.statementrequest.TC09ViewTheStatementDownloadResponseForTheMonth"/>
  <testcase name="downloadStatementForUltimateCardAccount" time="40.225" classname="testcases.statementrequest.TC10DownloadStatementForTheSelectedMonth"/>
  <testcase name="downloadStatementForPlatinumRewardsAccount" time="34.629" classname="testcases.statementrequest.TC10DownloadStatementForTheSelectedMonth">
    <failure type="java.lang.RuntimeException" message="FAILED">
      <![CDATA[java.lang.RuntimeException: FAILED
at utils.Reporter.reportStep(Reporter.java:29)
at wrappers.GenericWrappers.verifyTextByXpath(GenericWrappers.java:474)
at pages.StatementRequestPage.VerifyAccount(StatementRequestPage.java:99)
at testcases.statementrequest.TC10DownloadStatementForTheSelectedMonth.downloadStatementForPlatinumRewardsAccount(TC10DownloadStatementForTheSelectedMonth.java:66)
at java.util.ArrayList.forEach(Unknown Source)
... Removed 27 stack frames]]>
    </failure>
  </testcase> <!-- downloadStatementForPlatinumRewardsAccount -->
  <testcase name="downloadStatementForSuperValueAccount" time="39.244" classname="testcases.statementrequest.TC10DownloadStatementForTheSelectedMonth"/>
  <testcase name="downloadStatementForXcessPlusAccount" time="39.784" classname="testcases.statementrequest.TC10DownloadStatementForTheSelectedMonth"/>
  <testcase name="downloadStatementForRegularCurrentAccount" time="39.623" classname="testcases.statementrequest.TC10DownloadStatementForTheSelectedMonth"/>
  <testcase name="BotResponseForWrongAccount" time="39.518" classname="testcases.statementrequest.TC11VerifyWrongAccountSelectedResponseFromBot">
    <failure type="java.lang.RuntimeException" message="FAILED">
      <![CDATA[java.lang.RuntimeException: FAILED
at utils.Reporter.reportStep(Reporter.java:29)
at wrappers.GenericWrappers.verifyTextByXpath(GenericWrappers.java:474)
at pages.StatementRequestPage.verifySelectAccountForWrongAccount(StatementRequestPage.java:134)
at testcases.statementrequest.TC11VerifyWrongAccountSelectedResponseFromBot.BotResponseForWrongAccount(TC11VerifyWrongAccountSelectedResponseFromBot.java:46)
at java.util.ArrayList.forEach(Unknown Source)
... Removed 27 stack frames]]>
    </failure>
  </testcase> <!-- BotResponseForWrongAccount -->
  <testcase name="BotResponseFor2InvalidWrongAccount" time="38.33" classname="testcases.statementrequest.TC12VerifyTwoInvalidAttemptsResponseForWrongAccount">
    <failure type="java.lang.RuntimeException" message="FAILED">
      <![CDATA[java.lang.RuntimeException: FAILED
at utils.Reporter.reportStep(Reporter.java:29)
at wrappers.GenericWrappers.verifyTextByXpath(GenericWrappers.java:474)
at pages.StatementRequestPage.verifySelectAccountForWrongAccount(StatementRequestPage.java:134)
at testcases.statementrequest.TC12VerifyTwoInvalidAttemptsResponseForWrongAccount.BotResponseFor2InvalidWrongAccount(TC12VerifyTwoInvalidAttemptsResponseForWrongAccount.java:46)
at java.util.ArrayList.forEach(Unknown Source)
... Removed 27 stack frames]]>
    </failure>
  </testcase> <!-- BotResponseFor2InvalidWrongAccount -->
  <testcase name="BotResponseForWrongMonth" time="40.05" classname="testcases.statementrequest.TC13VerifyWrongMonthSelectedResponseFromBot"/>
  <testcase name="VerifyResponseFor2InvalidMonth" time="49.179" classname="testcases.statementrequest.TC14Verify2InvalidAttemptsForWrongMonth"/>
  <testcase name="VerifyAnythingElseStatementInDownloadResponseForUltimateAccount" time="39.204" classname="testcases.statementrequest.TC15VerifyAnythingElseStatementInDownloadResponse"/>
  <testcase name="VerifyAnythingElseStatementInDownloadResponseForPlatinumRewardsAccount" time="34.548" classname="testcases.statementrequest.TC15VerifyAnythingElseStatementInDownloadResponse">
    <failure type="java.lang.RuntimeException" message="FAILED">
      <![CDATA[java.lang.RuntimeException: FAILED
at utils.Reporter.reportStep(Reporter.java:29)
at wrappers.GenericWrappers.verifyTextByXpath(GenericWrappers.java:474)
at pages.StatementRequestPage.VerifyAccount(StatementRequestPage.java:99)
at testcases.statementrequest.TC15VerifyAnythingElseStatementInDownloadResponse.VerifyAnythingElseStatementInDownloadResponseForPlatinumRewardsAccount(TC15VerifyAnythingElseStatementInDownloadResponse.java:66)
at java.util.ArrayList.forEach(Unknown Source)
... Removed 27 stack frames]]>
    </failure>
  </testcase> <!-- VerifyAnythingElseStatementInDownloadResponseForPlatinumRewardsAccount -->
  <testcase name="VerifyAnythingElseStatementInDownloadResponseForSuperValueAccount" time="38.209" classname="testcases.statementrequest.TC15VerifyAnythingElseStatementInDownloadResponse"/>
  <testcase name="VerifyAnythingElseStatementInDownloadResponseForaXcessPlusAccount" time="37.83" classname="testcases.statementrequest.TC15VerifyAnythingElseStatementInDownloadResponse"/>
  <testcase name="VerifyAnythingElseStatementInDownloadResponseForRegularCurrentAccount" time="38.729" classname="testcases.statementrequest.TC15VerifyAnythingElseStatementInDownloadResponse"/>
  <testcase name="StatementRequestIntentOneForAccountName" time="32.789" classname="testcases.statementrequest.TC17StatementRequestSupportedIntentsForAccountName"/>
  <testcase name="StatementRequestIntentTwoForAccountName" time="33.35" classname="testcases.statementrequest.TC17StatementRequestSupportedIntentsForAccountName">
    <failure type="java.lang.RuntimeException" message="FAILED">
      <![CDATA[java.lang.RuntimeException: FAILED
at utils.Reporter.reportStep(Reporter.java:29)
at wrappers.GenericWrappers.verifyTextByXpath(GenericWrappers.java:474)
at pages.StatementRequestPage.verifyResponseForWrongMonth(StatementRequestPage.java:159)
at testcases.statementrequest.TC17StatementRequestSupportedIntentsForAccountName.StatementRequestIntentTwoForAccountName(TC17StatementRequestSupportedIntentsForAccountName.java:60)
at java.util.ArrayList.forEach(Unknown Source)
... Removed 27 stack frames]]>
    </failure>
  </testcase> <!-- StatementRequestIntentTwoForAccountName -->
  <testcase name="StatementRequestIntentThreeForAccountName" time="32.662" classname="testcases.statementrequest.TC17StatementRequestSupportedIntentsForAccountName"/>
  <testcase name="StatementRequestIntentFourForAccountName" time="32.49" classname="testcases.statementrequest.TC17StatementRequestSupportedIntentsForAccountName"/>
  <testcase name="StatementRequestIntentOneForSavingAccountType" time="33.353" classname="testcases.statementrequest.TC18StatementRequestForSavingAccountType"/>
  <testcase name="StatementRequestIntentTwoForSavingAccountType" time="32.909" classname="testcases.statementrequest.TC18StatementRequestForSavingAccountType"/>
  <testcase name="StatementRequestIntentThreeForSavingAccountType" time="36.022" classname="testcases.statementrequest.TC18StatementRequestForSavingAccountType"/>
  <testcase name="StatementRequestIntentOneForCheckingAccountType" time="33.892" classname="testcases.statementrequest.TC19StatementRequestForCheckingAccounttType"/>
  <testcase name="StatementRequestIntentTwoForCheckingAccountType" time="33.038" classname="testcases.statementrequest.TC19StatementRequestForCheckingAccounttType"/>
  <testcase name="StatementRequestIntentOneForAccountType" time="35.897" classname="testcases.statementrequest.TC22StatementRequestSupportedIntentsForAccountType"/>
  <testcase name="StatementRequestIntentTwoForAccountType" time="32.274" classname="testcases.statementrequest.TC22StatementRequestSupportedIntentsForAccountType"/>
  <testcase name="StatementRequestIntentThreeForAccountType" time="32.468" classname="testcases.statementrequest.TC22StatementRequestSupportedIntentsForAccountType"/>
  <testcase name="StatementRequestIntentFourForAccountType" time="33.491" classname="testcases.statementrequest.TC22StatementRequestSupportedIntentsForAccountType">
    <failure type="java.lang.RuntimeException" message="FAILED">
      <![CDATA[java.lang.RuntimeException: FAILED
at utils.Reporter.reportStep(Reporter.java:29)
at wrappers.GenericWrappers.verifyTextByXpath(GenericWrappers.java:474)
at pages.StatementRequestPage.verifyDownloadText(StatementRequestPage.java:119)
at testcases.statementrequest.TC22StatementRequestSupportedIntentsForAccountType.StatementRequestIntentFourForAccountType(TC22StatementRequestSupportedIntentsForAccountType.java:101)
at java.util.ArrayList.forEach(Unknown Source)
... Removed 27 stack frames]]>
    </failure>
  </testcase> <!-- StatementRequestIntentFourForAccountType -->
  <testcase name="ViewSavingsAccountForSavingAccountTypeIntentOne" time="31.198" classname="testcases.statementrequest.TC23ViewListOfSavingsAccountForSavingsAccountTypeIntents"/>
  <testcase name="ViewSavingsAccountForSavingAccountTypeIntentTwo" time="31.089" classname="testcases.statementrequest.TC23ViewListOfSavingsAccountForSavingsAccountTypeIntents"/>
  <testcase name="StatementRequestIntentOneForCheckingAccountType" time="28.557" classname="testcases.statementrequest.TC24ViewListOfCurrentAccountsForCurrentAccountTypeIntents"/>
  <testcase name="StatementRequestIntentTwoForCheckingAccountType" time="28.083" classname="testcases.statementrequest.TC24ViewListOfCurrentAccountsForCurrentAccountTypeIntents"/>
  <testcase name="StatementRequestIntentOneForCreditAccountType" time="31.311" classname="testcases.statementrequest.TC25ViewListOfCreditCardAccountsForCreditAccountTypeIntents">
    <failure type="org.openqa.selenium.NoSuchElementException" message="no such element: Unable to locate element: {&amp;quot;method&amp;quot;:&amp;quot;xpath&amp;quot;,&amp;quot;selector&amp;quot;:&amp;quot;//div[@id=&amp;apos;mxCPTTitle&amp;apos;][contains(text(),&amp;apos;Ultimate Card&amp;apos;)]&amp;quot;}
  (Session info: chrome=80.0.3987.149)
  (Driver info: chromedriver=2.36.540470 (e522d04694c7ebea4ba8821272dbef4f9b818c91),platform=Windows NT 6.3.9600 x86_64) (WARNING: The server did not provide any stacktrace information)
Command duration or timeout: 0 milliseconds
For documentation on this error, please visit: http://seleniumhq.org/exceptions/no_such_element.html
Build info: version: &amp;apos;3.14.0&amp;apos;, revision: &amp;apos;aacccce0&amp;apos;, time: &amp;apos;2018-08-02T20:19:58.91Z&amp;apos;
System info: host: &amp;apos;LENOVO-PC&amp;apos;, ip: &amp;apos;192.168.0.114&amp;apos;, os.name: &amp;apos;Windows 8.1&amp;apos;, os.arch: &amp;apos;amd64&amp;apos;, os.version: &amp;apos;6.3&amp;apos;, java.version: &amp;apos;1.8.0_241&amp;apos;
Driver info: org.openqa.selenium.chrome.ChromeDriver
Capabilities {acceptInsecureCerts: false, acceptSslCerts: false, applicationCacheEnabled: false, browserConnectionEnabled: false, browserName: chrome, chrome: {chromedriverVersion: 2.36.540470 (e522d04694c7eb..., userDataDir: C:\Users\SRENIV~1\AppData\L...}, cssSelectorsEnabled: true, databaseEnabled: false, handlesAlerts: true, hasTouchScreen: false, javascriptEnabled: true, locationContextEnabled: true, mobileEmulationEnabled: false, nativeEvents: true, networkConnectionEnabled: false, pageLoadStrategy: normal, platform: XP, platformName: XP, rotatable: false, setWindowRect: true, takesHeapSnapshot: true, takesScreenshot: true, unexpectedAlertBehaviour: , unhandledPromptBehavior: , version: 80.0.3987.149, webStorageEnabled: true}
Session ID: 982e80ac4a59ab0ebf4b4c3c478d93ee
*** Element info: {Using=xpath, value=//div[@id=&amp;apos;mxCPTTitle&amp;apos;][contains(text(),&amp;apos;Ultimate Card&amp;apos;)]}">
      <![CDATA[org.openqa.selenium.NoSuchElementException: no such element: Unable to locate element: {"method":"xpath","selector":"//div[@id='mxCPTTitle'][contains(text(),'Ultimate Card')]"}
  (Session info: chrome=80.0.3987.149)
  (Driver info: chromedriver=2.36.540470 (e522d04694c7ebea4ba8821272dbef4f9b818c91),platform=Windows NT 6.3.9600 x86_64) (WARNING: The server did not provide any stacktrace information)
Command duration or timeout: 0 milliseconds
For documentation on this error, please visit: http://seleniumhq.org/exceptions/no_such_element.html
Build info: version: '3.14.0', revision: 'aacccce0', time: '2018-08-02T20:19:58.91Z'
System info: host: 'LENOVO-PC', ip: '192.168.0.114', os.name: 'Windows 8.1', os.arch: 'amd64', os.version: '6.3', java.version: '1.8.0_241'
Driver info: org.openqa.selenium.chrome.ChromeDriver
Capabilities {acceptInsecureCerts: false, acceptSslCerts: false, applicationCacheEnabled: false, browserConnectionEnabled: false, browserName: chrome, chrome: {chromedriverVersion: 2.36.540470 (e522d04694c7eb..., userDataDir: C:\Users\SRENIV~1\AppData\L...}, cssSelectorsEnabled: true, databaseEnabled: false, handlesAlerts: true, hasTouchScreen: false, javascriptEnabled: true, locationContextEnabled: true, mobileEmulationEnabled: false, nativeEvents: true, networkConnectionEnabled: false, pageLoadStrategy: normal, platform: XP, platformName: XP, rotatable: false, setWindowRect: true, takesHeapSnapshot: true, takesScreenshot: true, unexpectedAlertBehaviour: , unhandledPromptBehavior: , version: 80.0.3987.149, webStorageEnabled: true}
Session ID: 982e80ac4a59ab0ebf4b4c3c478d93ee
*** Element info: {Using=xpath, value=//div[@id='mxCPTTitle'][contains(text(),'Ultimate Card')]}
at org.openqa.selenium.remote.ErrorHandler.createThrowable(ErrorHandler.java:214)
at org.openqa.selenium.remote.ErrorHandler.throwIfResponseFailed(ErrorHandler.java:166)
at org.openqa.selenium.remote.http.JsonHttpResponseCodec.reconstructValue(JsonHttpResponseCodec.java:40)
at org.openqa.selenium.remote.http.AbstractHttpResponseCodec.decode(AbstractHttpResponseCodec.java:80)
at org.openqa.selenium.remote.http.AbstractHttpResponseCodec.decode(AbstractHttpResponseCodec.java:44)
at org.openqa.selenium.remote.HttpCommandExecutor.execute(HttpCommandExecutor.java:158)
at org.openqa.selenium.remote.service.DriverCommandExecutor.execute(DriverCommandExecutor.java:83)
at org.openqa.selenium.remote.RemoteWebDriver.execute(RemoteWebDriver.java:548)
at org.openqa.selenium.remote.RemoteWebDriver.findElement(RemoteWebDriver.java:322)
at org.openqa.selenium.remote.RemoteWebDriver.findElementByXPath(RemoteWebDriver.java:424)
at org.openqa.selenium.By$ByXPath.findElement(By.java:353)
at org.openqa.selenium.remote.RemoteWebDriver.findElement(RemoteWebDriver.java:314)
at wrappers.GenericWrappers.scrollDown(GenericWrappers.java:651)
at pages.StatementRequestPage.scrollDownforCreditAccountName(StatementRequestPage.java:78)
at testcases.statementrequest.TC25ViewListOfCreditCardAccountsForCreditAccountTypeIntents.StatementRequestIntentOneForCreditAccountType(TC25ViewListOfCreditCardAccountsForCreditAccountTypeIntents.java:42)
at java.util.ArrayList.forEach(Unknown Source)
... Removed 31 stack frames]]>
    </failure>
  </testcase> <!-- StatementRequestIntentOneForCreditAccountType -->
  <testcase name="StatementRequestIntentTwoForCreditAccountType" time="30.916" classname="testcases.statementrequest.TC25ViewListOfCreditCardAccountsForCreditAccountTypeIntents">
    <failure type="org.openqa.selenium.NoSuchElementException" message="no such element: Unable to locate element: {&amp;quot;method&amp;quot;:&amp;quot;xpath&amp;quot;,&amp;quot;selector&amp;quot;:&amp;quot;//div[@id=&amp;apos;mxCPTTitle&amp;apos;][contains(text(),&amp;apos;Ultimate Card&amp;apos;)]&amp;quot;}
  (Session info: chrome=80.0.3987.149)
  (Driver info: chromedriver=2.36.540470 (e522d04694c7ebea4ba8821272dbef4f9b818c91),platform=Windows NT 6.3.9600 x86_64) (WARNING: The server did not provide any stacktrace information)
Command duration or timeout: 0 milliseconds
For documentation on this error, please visit: http://seleniumhq.org/exceptions/no_such_element.html
Build info: version: &amp;apos;3.14.0&amp;apos;, revision: &amp;apos;aacccce0&amp;apos;, time: &amp;apos;2018-08-02T20:19:58.91Z&amp;apos;
System info: host: &amp;apos;LENOVO-PC&amp;apos;, ip: &amp;apos;192.168.0.114&amp;apos;, os.name: &amp;apos;Windows 8.1&amp;apos;, os.arch: &amp;apos;amd64&amp;apos;, os.version: &amp;apos;6.3&amp;apos;, java.version: &amp;apos;1.8.0_241&amp;apos;
Driver info: org.openqa.selenium.chrome.ChromeDriver
Capabilities {acceptInsecureCerts: false, acceptSslCerts: false, applicationCacheEnabled: false, browserConnectionEnabled: false, browserName: chrome, chrome: {chromedriverVersion: 2.36.540470 (e522d04694c7eb..., userDataDir: C:\Users\SRENIV~1\AppData\L...}, cssSelectorsEnabled: true, databaseEnabled: false, handlesAlerts: true, hasTouchScreen: false, javascriptEnabled: true, locationContextEnabled: true, mobileEmulationEnabled: false, nativeEvents: true, networkConnectionEnabled: false, pageLoadStrategy: normal, platform: XP, platformName: XP, rotatable: false, setWindowRect: true, takesHeapSnapshot: true, takesScreenshot: true, unexpectedAlertBehaviour: , unhandledPromptBehavior: , version: 80.0.3987.149, webStorageEnabled: true}
Session ID: cd2ec778215ef631ecea62b14d7bae7a
*** Element info: {Using=xpath, value=//div[@id=&amp;apos;mxCPTTitle&amp;apos;][contains(text(),&amp;apos;Ultimate Card&amp;apos;)]}">
      <![CDATA[org.openqa.selenium.NoSuchElementException: no such element: Unable to locate element: {"method":"xpath","selector":"//div[@id='mxCPTTitle'][contains(text(),'Ultimate Card')]"}
  (Session info: chrome=80.0.3987.149)
  (Driver info: chromedriver=2.36.540470 (e522d04694c7ebea4ba8821272dbef4f9b818c91),platform=Windows NT 6.3.9600 x86_64) (WARNING: The server did not provide any stacktrace information)
Command duration or timeout: 0 milliseconds
For documentation on this error, please visit: http://seleniumhq.org/exceptions/no_such_element.html
Build info: version: '3.14.0', revision: 'aacccce0', time: '2018-08-02T20:19:58.91Z'
System info: host: 'LENOVO-PC', ip: '192.168.0.114', os.name: 'Windows 8.1', os.arch: 'amd64', os.version: '6.3', java.version: '1.8.0_241'
Driver info: org.openqa.selenium.chrome.ChromeDriver
Capabilities {acceptInsecureCerts: false, acceptSslCerts: false, applicationCacheEnabled: false, browserConnectionEnabled: false, browserName: chrome, chrome: {chromedriverVersion: 2.36.540470 (e522d04694c7eb..., userDataDir: C:\Users\SRENIV~1\AppData\L...}, cssSelectorsEnabled: true, databaseEnabled: false, handlesAlerts: true, hasTouchScreen: false, javascriptEnabled: true, locationContextEnabled: true, mobileEmulationEnabled: false, nativeEvents: true, networkConnectionEnabled: false, pageLoadStrategy: normal, platform: XP, platformName: XP, rotatable: false, setWindowRect: true, takesHeapSnapshot: true, takesScreenshot: true, unexpectedAlertBehaviour: , unhandledPromptBehavior: , version: 80.0.3987.149, webStorageEnabled: true}
Session ID: cd2ec778215ef631ecea62b14d7bae7a
*** Element info: {Using=xpath, value=//div[@id='mxCPTTitle'][contains(text(),'Ultimate Card')]}
at org.openqa.selenium.remote.ErrorHandler.createThrowable(ErrorHandler.java:214)
at org.openqa.selenium.remote.ErrorHandler.throwIfResponseFailed(ErrorHandler.java:166)
at org.openqa.selenium.remote.http.JsonHttpResponseCodec.reconstructValue(JsonHttpResponseCodec.java:40)
at org.openqa.selenium.remote.http.AbstractHttpResponseCodec.decode(AbstractHttpResponseCodec.java:80)
at org.openqa.selenium.remote.http.AbstractHttpResponseCodec.decode(AbstractHttpResponseCodec.java:44)
at org.openqa.selenium.remote.HttpCommandExecutor.execute(HttpCommandExecutor.java:158)
at org.openqa.selenium.remote.service.DriverCommandExecutor.execute(DriverCommandExecutor.java:83)
at org.openqa.selenium.remote.RemoteWebDriver.execute(RemoteWebDriver.java:548)
at org.openqa.selenium.remote.RemoteWebDriver.findElement(RemoteWebDriver.java:322)
at org.openqa.selenium.remote.RemoteWebDriver.findElementByXPath(RemoteWebDriver.java:424)
at org.openqa.selenium.By$ByXPath.findElement(By.java:353)
at org.openqa.selenium.remote.RemoteWebDriver.findElement(RemoteWebDriver.java:314)
at wrappers.GenericWrappers.scrollDown(GenericWrappers.java:651)
at pages.StatementRequestPage.scrollDownforCreditAccountName(StatementRequestPage.java:78)
at testcases.statementrequest.TC25ViewListOfCreditCardAccountsForCreditAccountTypeIntents.StatementRequestIntentTwoForCreditAccountType(TC25ViewListOfCreditCardAccountsForCreditAccountTypeIntents.java:61)
at java.util.ArrayList.forEach(Unknown Source)
... Removed 31 stack frames]]>
    </failure>
  </testcase> <!-- StatementRequestIntentTwoForCreditAccountType -->
  <testcase name="StatementRequestIntentOneForAccountTypeWithAccountNumberEnding" time="33.915" classname="testcases.statementrequest.TC29StatementRequestForAccountTypeWithAccountNumberSupportedIntent"/>
  <testcase name="StatementRequestIntentTwoForAccountTypeWithAccountNumberEnding" time="34.573" classname="testcases.statementrequest.TC29StatementRequestForAccountTypeWithAccountNumberSupportedIntent"/>
  <testcase name="StatementRequestIntentThreeForAccountTypeWithAccountNumberEnding" time="33.338" classname="testcases.statementrequest.TC29StatementRequestForAccountTypeWithAccountNumberSupportedIntent"/>
  <testcase name="StatementRequestIntentFourForAccountTypeWithAccountNumberEnding" time="33.042" classname="testcases.statementrequest.TC29StatementRequestForAccountTypeWithAccountNumberSupportedIntent"/>
  <testcase name="StatementRequestForCorrectAccountTypeAndAccountNumberEnding" time="32.183" classname="testcases.statementrequest.TC30StatementRequestForCorrectAccountTypeWithAccountNumberEnding"/>
  <testcase name="StatementRequestForCorrectAccountTypeAndInvalidAccountNumberEnding" time="30.058" classname="testcases.statementrequest.TC31StatementRequestForCorrectAccountTypeWithInvalidAccountNumberEnding"/>
  <testcase name="StatementRequestForCorrectAccountTypeAndDifferentAccountTypesAccountNumber" time="30.634" classname="testcases.statementrequest.TC32StatementRequestForCorrectAccountTypeAndDifferentAccountTypesAccountNumber"/>
  <testcase name="StatementRequestOfAccountTypeAndAccountNumberForUserNotHavingAccountType" time="29.899" classname="testcases.statementrequest.TC33StatementRequestOfAccountTypeAndAccountNumberForUserNotHavingAccountType"/>
  <testcase name="StatementRequestForAccountTypeAndAccountNumberGivenTwice" time="36.781" classname="testcases.statementrequest.TC34ResponseOfStatementRequestForAccountTypeAndAccountNumberGivenTwice"/>
  <testcase name="StatementRequestIntentOneForAccountNumberEnding" time="33.397" classname="testcases.statementrequest.TC35StatementRequestByAccountNumberEndingSupportedIntents"/>
  <testcase name="StatementRequestIntentTwoForAccountNumberEnding" time="31.632" classname="testcases.statementrequest.TC35StatementRequestByAccountNumberEndingSupportedIntents"/>
  <testcase name="StatementRequestIntentThreeForAccountNumberEnding" time="32.25" classname="testcases.statementrequest.TC35StatementRequestByAccountNumberEndingSupportedIntents"/>
  <testcase name="StatementRequestForCorrectAccountNumberEnding" time="34.774" classname="testcases.statementrequest.TC36StatementRequestForCorrectAccountNumberEnding"/>
  <testcase name="StatementRequestForInvalidAccountNumberEnding" time="31.334" classname="testcases.statementrequest.TC37StatementRequestResponseForInvalidAccountNumberEnding"/>
  <testcase name="StatementRequestOfAccountNumberWhichIsNotAvailable" time="31.21" classname="testcases.statementrequest.TC38StatementRequestOfAccountNumberWhichIsNotAvailable"/>
  <testcase name="StatementRequestForAccountNumberGivenTwice" time="38.672" classname="testcases.statementrequest.TC39ResponseOfStatementRequestForAccountNumberGivenTwice"/>
  <testcase name="StatementRequestForCardNumberEndingIntentOne" time="35.262" classname="testcases.statementrequest.TC40StatementRequestForCardNumberEndingSupportedIntents"/>
  <testcase name="StatementRequestIntentTwoForAccountName" time="35.462" classname="testcases.statementrequest.TC40StatementRequestForCardNumberEndingSupportedIntents">
    <failure type="java.lang.RuntimeException" message="FAILED">
      <![CDATA[java.lang.RuntimeException: FAILED
at utils.Reporter.reportStep(Reporter.java:29)
at wrappers.GenericWrappers.verifyTextByXpath(GenericWrappers.java:474)
at pages.StatementRequestPage.verifyResponseForWrongMonth(StatementRequestPage.java:159)
at testcases.statementrequest.TC40StatementRequestForCardNumberEndingSupportedIntents.StatementRequestIntentTwoForAccountName(TC40StatementRequestForCardNumberEndingSupportedIntents.java:60)
at java.util.ArrayList.forEach(Unknown Source)
... Removed 27 stack frames]]>
    </failure>
  </testcase> <!-- StatementRequestIntentTwoForAccountName -->
  <testcase name="StatementRequestIntentThreeForAccountName" time="35.302" classname="testcases.statementrequest.TC40StatementRequestForCardNumberEndingSupportedIntents"/>
  <testcase name="StatementRequestForCorrectCardNumberEndingOne" time="33.901" classname="testcases.statementrequest.TC41StatementRequestDownloadForCorrectCardNumberEnding"/>
  <testcase name="StatementRequestForCorrectCardNumberEndingTwo" time="34.172" classname="testcases.statementrequest.TC41StatementRequestDownloadForCorrectCardNumberEnding">
    <failure type="java.lang.RuntimeException" message="FAILED">
      <![CDATA[java.lang.RuntimeException: FAILED
at utils.Reporter.reportStep(Reporter.java:29)
at wrappers.GenericWrappers.verifyTextByXpath(GenericWrappers.java:474)
at pages.StatementRequestPage.verifyResponseForWrongMonth(StatementRequestPage.java:159)
at testcases.statementrequest.TC41StatementRequestDownloadForCorrectCardNumberEnding.StatementRequestForCorrectCardNumberEndingTwo(TC41StatementRequestDownloadForCorrectCardNumberEnding.java:60)
at java.util.ArrayList.forEach(Unknown Source)
... Removed 27 stack frames]]>
    </failure>
  </testcase> <!-- StatementRequestForCorrectCardNumberEndingTwo -->
  <testcase name="StatementRequestForIncorrectCardNumberEndingOne" time="30.481" classname="testcases.statementrequest.TC42StatementRequestDownloadForIncorrectCardNumberEnding"/>
  <testcase name="StatementRequestForIncorrectCardNumberEndingTwo" time="33.583" classname="testcases.statementrequest.TC42StatementRequestDownloadForIncorrectCardNumberEnding"/>
  <testcase name="StatementRequestForCardNumberEndingNotAvailableOne" time="30.019" classname="testcases.statementrequest.TC43StatementRequestDownloadForCardNumberNotAvailable"/>
  <testcase name="StatementRequestForCardNumberEndingNotAvailableTwo" time="29.747" classname="testcases.statementrequest.TC43StatementRequestDownloadForCardNumberNotAvailable"/>
  <testcase name="StatementRequestOneForCardNumberEndingIntentTwice" time="35.956" classname="testcases.statementrequest.TC44BotResponseForSameCardNumberEndingIntentGivenTwice"/>
  <testcase name="StatementRequestTwoForCardNumberEndingIntentTwice" time="39.334" classname="testcases.statementrequest.TC44BotResponseForSameCardNumberEndingIntentGivenTwice">
    <failure type="java.lang.RuntimeException" message="FAILED">
      <![CDATA[java.lang.RuntimeException: FAILED
at utils.Reporter.reportStep(Reporter.java:29)
at wrappers.GenericWrappers.verifyTextByXpath(GenericWrappers.java:474)
at pages.StatementRequestPage.verifyResponseTwoForSameCardNumberEndingIntentAgain(StatementRequestPage.java:174)
at testcases.statementrequest.TC44BotResponseForSameCardNumberEndingIntentGivenTwice.StatementRequestTwoForCardNumberEndingIntentTwice(TC44BotResponseForSameCardNumberEndingIntentGivenTwice.java:61)
at java.util.ArrayList.forEach(Unknown Source)
... Removed 27 stack frames]]>
    </failure>
  </testcase> <!-- StatementRequestTwoForCardNumberEndingIntentTwice -->
  <testcase name="StatementRequestIntentOneForAccountTypeEnding" time="29.608" classname="testcases.statementrequest.TC45StatementRequestForAccountTypeSupportedIntent"/>
  <testcase name="StatementRequestIntentTwoForAccountTypeEnding" time="34.236" classname="testcases.statementrequest.TC45StatementRequestForAccountTypeSupportedIntent"/>
  <testcase name="StatementRequestIntentThreeForAccountTypeEnding" time="32.811" classname="testcases.statementrequest.TC45StatementRequestForAccountTypeSupportedIntent"/>
  <testcase name="StatementRequestForCorrectAccountTypeEnding" time="31.721" classname="testcases.statementrequest.TC46StatementRequestForCorrectAccountType"/>
  <testcase name="@BeforeTest beforeTest" time="0.0" classname="wrappers.ProjectWrappers">
    <ignored/>
  </testcase> <!-- @BeforeTest beforeTest -->
  <testcase name="@BeforeTest beforeTest" time="0.0" classname="wrappers.ProjectWrappers">
    <ignored/>
  </testcase> <!-- @BeforeTest beforeTest -->
  <testcase name="@BeforeTest beforeTest" time="0.0" classname="wrappers.ProjectWrappers">
    <ignored/>
  </testcase> <!-- @BeforeTest beforeTest -->
  <testcase name="@BeforeTest beforeTest" time="0.0" classname="wrappers.ProjectWrappers">
    <ignored/>
  </testcase> <!-- @BeforeTest beforeTest -->
  <testcase name="@BeforeTest beforeTest" time="0.0" classname="wrappers.ProjectWrappers">
    <ignored/>
  </testcase> <!-- @BeforeTest beforeTest -->
  <testcase name="@BeforeTest beforeTest" time="0.0" classname="wrappers.ProjectWrappers">
    <ignored/>
  </testcase> <!-- @BeforeTest beforeTest -->
  <testcase name="@BeforeTest beforeTest" time="0.0" classname="wrappers.ProjectWrappers">
    <ignored/>
  </testcase> <!-- @BeforeTest beforeTest -->
  <testcase name="@BeforeTest beforeTest" time="0.0" classname="wrappers.ProjectWrappers">
    <ignored/>
  </testcase> <!-- @BeforeTest beforeTest -->
  <testcase name="@BeforeTest beforeTest" time="0.0" classname="wrappers.ProjectWrappers">
    <ignored/>
  </testcase> <!-- @BeforeTest beforeTest -->
  <testcase name="@BeforeTest beforeTest" time="0.0" classname="wrappers.ProjectWrappers">
    <ignored/>
  </testcase> <!-- @BeforeTest beforeTest -->
  <testcase name="@BeforeTest beforeTest" time="0.0" classname="wrappers.ProjectWrappers">
    <ignored/>
  </testcase> <!-- @BeforeTest beforeTest -->
  <testcase name="@BeforeTest beforeTest" time="0.0" classname="wrappers.ProjectWrappers">
    <ignored/>
  </testcase> <!-- @BeforeTest beforeTest -->
  <testcase name="@BeforeTest beforeTest" time="0.0" classname="wrappers.ProjectWrappers">
    <ignored/>
  </testcase> <!-- @BeforeTest beforeTest -->
  <testcase name="@BeforeTest beforeTest" time="0.0" classname="wrappers.ProjectWrappers">
    <ignored/>
  </testcase> <!-- @BeforeTest beforeTest -->
  <testcase name="@BeforeTest beforeTest" time="0.0" classname="wrappers.ProjectWrappers">
    <ignored/>
  </testcase> <!-- @BeforeTest beforeTest -->
  <testcase name="@BeforeTest beforeTest" time="0.0" classname="wrappers.ProjectWrappers">
    <ignored/>
  </testcase> <!-- @BeforeTest beforeTest -->
  <testcase name="@BeforeTest beforeTest" time="0.0" classname="wrappers.ProjectWrappers">
    <ignored/>
  </testcase> <!-- @BeforeTest beforeTest -->
  <testcase name="@BeforeTest beforeTest" time="0.0" classname="wrappers.ProjectWrappers">
    <ignored/>
  </testcase> <!-- @BeforeTest beforeTest -->
  <testcase name="@BeforeTest beforeTest" time="0.0" classname="wrappers.ProjectWrappers">
    <ignored/>
  </testcase> <!-- @BeforeTest beforeTest -->
  <testcase name="@BeforeTest beforeTest" time="0.0" classname="wrappers.ProjectWrappers">
    <ignored/>
  </testcase> <!-- @BeforeTest beforeTest -->
  <testcase name="@BeforeTest beforeTest" time="0.0" classname="wrappers.ProjectWrappers">
    <ignored/>
  </testcase> <!-- @BeforeTest beforeTest -->
  <testcase name="@BeforeTest beforeTest" time="0.0" classname="wrappers.ProjectWrappers">
    <ignored/>
  </testcase> <!-- @BeforeTest beforeTest -->
  <testcase name="@BeforeTest beforeTest" time="0.0" classname="wrappers.ProjectWrappers">
    <ignored/>
  </testcase> <!-- @BeforeTest beforeTest -->
  <testcase name="@BeforeTest beforeTest" time="0.0" classname="wrappers.ProjectWrappers">
    <ignored/>
  </testcase> <!-- @BeforeTest beforeTest -->
  <testcase name="@BeforeTest beforeTest" time="0.0" classname="wrappers.ProjectWrappers">
    <ignored/>
  </testcase> <!-- @BeforeTest beforeTest -->
  <testcase name="@BeforeTest beforeTest" time="0.0" classname="wrappers.ProjectWrappers">
    <ignored/>
  </testcase> <!-- @BeforeTest beforeTest -->
  <testcase name="@BeforeTest beforeTest" time="0.0" classname="wrappers.ProjectWrappers">
    <ignored/>
  </testcase> <!-- @BeforeTest beforeTest -->
  <testcase name="@BeforeTest beforeTest" time="0.0" classname="wrappers.ProjectWrappers">
    <ignored/>
  </testcase> <!-- @BeforeTest beforeTest -->
  <testcase name="@BeforeTest beforeTest" time="0.0" classname="wrappers.ProjectWrappers">
    <ignored/>
  </testcase> <!-- @BeforeTest beforeTest -->
  <testcase name="@BeforeTest beforeTest" time="0.0" classname="wrappers.ProjectWrappers">
    <ignored/>
  </testcase> <!-- @BeforeTest beforeTest -->
  <testcase name="@BeforeTest beforeTest" time="0.0" classname="wrappers.ProjectWrappers">
    <ignored/>
  </testcase> <!-- @BeforeTest beforeTest -->
  <testcase name="@BeforeTest beforeTest" time="0.0" classname="wrappers.ProjectWrappers">
    <ignored/>
  </testcase> <!-- @BeforeTest beforeTest -->
  <testcase name="@BeforeTest beforeTest" time="0.0" classname="wrappers.ProjectWrappers">
    <ignored/>
  </testcase> <!-- @BeforeTest beforeTest -->
  <testcase name="@BeforeTest beforeTest" time="0.0" classname="wrappers.ProjectWrappers">
    <ignored/>
  </testcase> <!-- @BeforeTest beforeTest -->
  <testcase name="@BeforeTest beforeTest" time="0.0" classname="wrappers.ProjectWrappers">
    <ignored/>
  </testcase> <!-- @BeforeTest beforeTest -->
  <testcase name="@BeforeTest beforeTest" time="0.0" classname="wrappers.ProjectWrappers">
    <ignored/>
  </testcase> <!-- @BeforeTest beforeTest -->
  <testcase name="@BeforeTest beforeTest" time="0.0" classname="wrappers.ProjectWrappers">
    <ignored/>
  </testcase> <!-- @BeforeTest beforeTest -->
  <testcase name="@BeforeTest beforeTest" time="0.0" classname="wrappers.ProjectWrappers">
    <ignored/>
  </testcase> <!-- @BeforeTest beforeTest -->
  <testcase name="@BeforeTest beforeTest" time="0.0" classname="wrappers.ProjectWrappers">
    <ignored/>
  </testcase> <!-- @BeforeTest beforeTest -->
  <testcase name="@AfterTest afterTest" time="0.0" classname="wrappers.ProjectWrappers">
    <ignored/>
  </testcase> <!-- @AfterTest afterTest -->
  <testcase name="@AfterTest afterTest" time="0.0" classname="wrappers.ProjectWrappers">
    <ignored/>
  </testcase> <!-- @AfterTest afterTest -->
  <testcase name="@AfterTest afterTest" time="0.0" classname="wrappers.ProjectWrappers">
    <ignored/>
  </testcase> <!-- @AfterTest afterTest -->
  <testcase name="@AfterTest afterTest" time="0.0" classname="wrappers.ProjectWrappers">
    <ignored/>
  </testcase> <!-- @AfterTest afterTest -->
  <testcase name="@AfterTest afterTest" time="0.0" classname="wrappers.ProjectWrappers">
    <ignored/>
  </testcase> <!-- @AfterTest afterTest -->
  <testcase name="@AfterTest afterTest" time="0.0" classname="wrappers.ProjectWrappers">
    <ignored/>
  </testcase> <!-- @AfterTest afterTest -->
  <testcase name="@AfterTest afterTest" time="0.0" classname="wrappers.ProjectWrappers">
    <ignored/>
  </testcase> <!-- @AfterTest afterTest -->
  <testcase name="@AfterTest afterTest" time="0.0" classname="wrappers.ProjectWrappers">
    <ignored/>
  </testcase> <!-- @AfterTest afterTest -->
  <testcase name="@AfterTest afterTest" time="0.0" classname="wrappers.ProjectWrappers">
    <ignored/>
  </testcase> <!-- @AfterTest afterTest -->
  <testcase name="@AfterTest afterTest" time="0.0" classname="wrappers.ProjectWrappers">
    <ignored/>
  </testcase> <!-- @AfterTest afterTest -->
  <testcase name="@AfterTest afterTest" time="0.0" classname="wrappers.ProjectWrappers">
    <ignored/>
  </testcase> <!-- @AfterTest afterTest -->
  <testcase name="@AfterTest afterTest" time="0.0" classname="wrappers.ProjectWrappers">
    <ignored/>
  </testcase> <!-- @AfterTest afterTest -->
  <testcase name="@AfterTest afterTest" time="0.0" classname="wrappers.ProjectWrappers">
    <ignored/>
  </testcase> <!-- @AfterTest afterTest -->
  <testcase name="@AfterTest afterTest" time="0.0" classname="wrappers.ProjectWrappers">
    <ignored/>
  </testcase> <!-- @AfterTest afterTest -->
  <testcase name="@AfterTest afterTest" time="0.0" classname="wrappers.ProjectWrappers">
    <ignored/>
  </testcase> <!-- @AfterTest afterTest -->
  <testcase name="@AfterTest afterTest" time="0.0" classname="wrappers.ProjectWrappers">
    <ignored/>
  </testcase> <!-- @AfterTest afterTest -->
  <testcase name="@AfterTest afterTest" time="0.0" classname="wrappers.ProjectWrappers">
    <ignored/>
  </testcase> <!-- @AfterTest afterTest -->
  <testcase name="@AfterTest afterTest" time="0.0" classname="wrappers.ProjectWrappers">
    <ignored/>
  </testcase> <!-- @AfterTest afterTest -->
  <testcase name="@AfterTest afterTest" time="0.0" classname="wrappers.ProjectWrappers">
    <ignored/>
  </testcase> <!-- @AfterTest afterTest -->
  <testcase name="@AfterTest afterTest" time="0.0" classname="wrappers.ProjectWrappers">
    <ignored/>
  </testcase> <!-- @AfterTest afterTest -->
  <testcase name="@AfterTest afterTest" time="0.0" classname="wrappers.ProjectWrappers">
    <ignored/>
  </testcase> <!-- @AfterTest afterTest -->
  <testcase name="@AfterTest afterTest" time="0.0" classname="wrappers.ProjectWrappers">
    <ignored/>
  </testcase> <!-- @AfterTest afterTest -->
  <testcase name="@AfterTest afterTest" time="0.0" classname="wrappers.ProjectWrappers">
    <ignored/>
  </testcase> <!-- @AfterTest afterTest -->
  <testcase name="@AfterTest afterTest" time="0.0" classname="wrappers.ProjectWrappers">
    <ignored/>
  </testcase> <!-- @AfterTest afterTest -->
  <testcase name="@AfterTest afterTest" time="0.0" classname="wrappers.ProjectWrappers">
    <ignored/>
  </testcase> <!-- @AfterTest afterTest -->
  <testcase name="@AfterTest afterTest" time="0.0" classname="wrappers.ProjectWrappers">
    <ignored/>
  </testcase> <!-- @AfterTest afterTest -->
  <testcase name="@AfterTest afterTest" time="0.0" classname="wrappers.ProjectWrappers">
    <ignored/>
  </testcase> <!-- @AfterTest afterTest -->
  <testcase name="@AfterTest afterTest" time="0.0" classname="wrappers.ProjectWrappers">
    <ignored/>
  </testcase> <!-- @AfterTest afterTest -->
  <testcase name="@AfterTest afterTest" time="0.0" classname="wrappers.ProjectWrappers">
    <ignored/>
  </testcase> <!-- @AfterTest afterTest -->
  <testcase name="@AfterTest afterTest" time="0.0" classname="wrappers.ProjectWrappers">
    <ignored/>
  </testcase> <!-- @AfterTest afterTest -->
  <testcase name="@AfterTest afterTest" time="0.0" classname="wrappers.ProjectWrappers">
    <ignored/>
  </testcase> <!-- @AfterTest afterTest -->
  <testcase name="@AfterTest afterTest" time="0.0" classname="wrappers.ProjectWrappers">
    <ignored/>
  </testcase> <!-- @AfterTest afterTest -->
  <testcase name="@AfterTest afterTest" time="0.0" classname="wrappers.ProjectWrappers">
    <ignored/>
  </testcase> <!-- @AfterTest afterTest -->
  <testcase name="@AfterTest afterTest" time="0.0" classname="wrappers.ProjectWrappers">
    <ignored/>
  </testcase> <!-- @AfterTest afterTest -->
  <testcase name="@AfterTest afterTest" time="0.0" classname="wrappers.ProjectWrappers">
    <ignored/>
  </testcase> <!-- @AfterTest afterTest -->
  <testcase name="@AfterTest afterTest" time="0.0" classname="wrappers.ProjectWrappers">
    <ignored/>
  </testcase> <!-- @AfterTest afterTest -->
  <testcase name="@AfterTest afterTest" time="0.0" classname="wrappers.ProjectWrappers">
    <ignored/>
  </testcase> <!-- @AfterTest afterTest -->
  <testcase name="@AfterTest afterTest" time="0.0" classname="wrappers.ProjectWrappers">
    <ignored/>
  </testcase> <!-- @AfterTest afterTest -->
  <testcase name="@AfterTest afterTest" time="0.0" classname="wrappers.ProjectWrappers">
    <ignored/>
  </testcase> <!-- @AfterTest afterTest -->
  <testcase name="@AfterSuite afterSuite" time="0.0" classname="wrappers.ProjectWrappers">
    <ignored/>
  </testcase> <!-- @AfterSuite afterSuite -->
  <testcase name="@AfterSuite afterSuite" time="0.0" classname="wrappers.ProjectWrappers">
    <ignored/>
  </testcase> <!-- @AfterSuite afterSuite -->
  <testcase name="@AfterSuite afterSuite" time="0.0" classname="wrappers.ProjectWrappers">
    <ignored/>
  </testcase> <!-- @AfterSuite afterSuite -->
  <testcase name="@AfterSuite afterSuite" time="0.0" classname="wrappers.ProjectWrappers">
    <ignored/>
  </testcase> <!-- @AfterSuite afterSuite -->
  <testcase name="@AfterSuite afterSuite" time="0.0" classname="wrappers.ProjectWrappers">
    <ignored/>
  </testcase> <!-- @AfterSuite afterSuite -->
  <testcase name="@AfterSuite afterSuite" time="0.0" classname="wrappers.ProjectWrappers">
    <ignored/>
  </testcase> <!-- @AfterSuite afterSuite -->
  <testcase name="@AfterSuite afterSuite" time="0.0" classname="wrappers.ProjectWrappers">
    <ignored/>
  </testcase> <!-- @AfterSuite afterSuite -->
  <testcase name="@AfterSuite afterSuite" time="0.0" classname="wrappers.ProjectWrappers">
    <ignored/>
  </testcase> <!-- @AfterSuite afterSuite -->
  <testcase name="@AfterSuite afterSuite" time="0.0" classname="wrappers.ProjectWrappers">
    <ignored/>
  </testcase> <!-- @AfterSuite afterSuite -->
  <testcase name="@AfterSuite afterSuite" time="0.0" classname="wrappers.ProjectWrappers">
    <ignored/>
  </testcase> <!-- @AfterSuite afterSuite -->
  <testcase name="@AfterSuite afterSuite" time="0.0" classname="wrappers.ProjectWrappers">
    <ignored/>
  </testcase> <!-- @AfterSuite afterSuite -->
  <testcase name="@AfterSuite afterSuite" time="0.0" classname="wrappers.ProjectWrappers">
    <ignored/>
  </testcase> <!-- @AfterSuite afterSuite -->
  <testcase name="@AfterSuite afterSuite" time="0.0" classname="wrappers.ProjectWrappers">
    <ignored/>
  </testcase> <!-- @AfterSuite afterSuite -->
  <testcase name="@AfterSuite afterSuite" time="0.0" classname="wrappers.ProjectWrappers">
    <ignored/>
  </testcase> <!-- @AfterSuite afterSuite -->
  <testcase name="@AfterSuite afterSuite" time="0.0" classname="wrappers.ProjectWrappers">
    <ignored/>
  </testcase> <!-- @AfterSuite afterSuite -->
  <testcase name="@AfterSuite afterSuite" time="0.0" classname="wrappers.ProjectWrappers">
    <ignored/>
  </testcase> <!-- @AfterSuite afterSuite -->
  <testcase name="@AfterSuite afterSuite" time="0.0" classname="wrappers.ProjectWrappers">
    <ignored/>
  </testcase> <!-- @AfterSuite afterSuite -->
  <testcase name="@AfterSuite afterSuite" time="0.0" classname="wrappers.ProjectWrappers">
    <ignored/>
  </testcase> <!-- @AfterSuite afterSuite -->
  <testcase name="@AfterSuite afterSuite" time="0.0" classname="wrappers.ProjectWrappers">
    <ignored/>
  </testcase> <!-- @AfterSuite afterSuite -->
  <testcase name="@AfterSuite afterSuite" time="0.0" classname="wrappers.ProjectWrappers">
    <ignored/>
  </testcase> <!-- @AfterSuite afterSuite -->
  <testcase name="@AfterSuite afterSuite" time="0.0" classname="wrappers.ProjectWrappers">
    <ignored/>
  </testcase> <!-- @AfterSuite afterSuite -->
  <testcase name="@AfterSuite afterSuite" time="0.0" classname="wrappers.ProjectWrappers">
    <ignored/>
  </testcase> <!-- @AfterSuite afterSuite -->
  <testcase name="@AfterSuite afterSuite" time="0.0" classname="wrappers.ProjectWrappers">
    <ignored/>
  </testcase> <!-- @AfterSuite afterSuite -->
  <testcase name="@AfterSuite afterSuite" time="0.0" classname="wrappers.ProjectWrappers">
    <ignored/>
  </testcase> <!-- @AfterSuite afterSuite -->
  <testcase name="@AfterSuite afterSuite" time="0.0" classname="wrappers.ProjectWrappers">
    <ignored/>
  </testcase> <!-- @AfterSuite afterSuite -->
  <testcase name="@AfterSuite afterSuite" time="0.0" classname="wrappers.ProjectWrappers">
    <ignored/>
  </testcase> <!-- @AfterSuite afterSuite -->
  <testcase name="@AfterSuite afterSuite" time="0.0" classname="wrappers.ProjectWrappers">
    <ignored/>
  </testcase> <!-- @AfterSuite afterSuite -->
  <testcase name="@AfterSuite afterSuite" time="0.0" classname="wrappers.ProjectWrappers">
    <ignored/>
  </testcase> <!-- @AfterSuite afterSuite -->
  <testcase name="@AfterSuite afterSuite" time="0.0" classname="wrappers.ProjectWrappers">
    <ignored/>
  </testcase> <!-- @AfterSuite afterSuite -->
  <testcase name="@AfterSuite afterSuite" time="0.0" classname="wrappers.ProjectWrappers">
    <ignored/>
  </testcase> <!-- @AfterSuite afterSuite -->
  <testcase name="@AfterSuite afterSuite" time="0.0" classname="wrappers.ProjectWrappers">
    <ignored/>
  </testcase> <!-- @AfterSuite afterSuite -->
  <testcase name="@AfterSuite afterSuite" time="0.0" classname="wrappers.ProjectWrappers">
    <ignored/>
  </testcase> <!-- @AfterSuite afterSuite -->
  <testcase name="@AfterSuite afterSuite" time="0.0" classname="wrappers.ProjectWrappers">
    <ignored/>
  </testcase> <!-- @AfterSuite afterSuite -->
  <testcase name="@AfterSuite afterSuite" time="0.0" classname="wrappers.ProjectWrappers">
    <ignored/>
  </testcase> <!-- @AfterSuite afterSuite -->
  <testcase name="@AfterSuite afterSuite" time="0.0" classname="wrappers.ProjectWrappers">
    <ignored/>
  </testcase> <!-- @AfterSuite afterSuite -->
  <testcase name="@AfterSuite afterSuite" time="0.0" classname="wrappers.ProjectWrappers">
    <ignored/>
  </testcase> <!-- @AfterSuite afterSuite -->
  <testcase name="@AfterSuite afterSuite" time="0.0" classname="wrappers.ProjectWrappers">
    <ignored/>
  </testcase> <!-- @AfterSuite afterSuite -->
  <testcase name="@AfterSuite afterSuite" time="0.0" classname="wrappers.ProjectWrappers">
    <ignored/>
  </testcase> <!-- @AfterSuite afterSuite -->
  <testcase name="@AfterSuite afterSuite" time="0.0" classname="wrappers.ProjectWrappers">
    <ignored/>
  </testcase> <!-- @AfterSuite afterSuite -->
  <testcase name="@BeforeSuite beforeSuite" time="0.0" classname="wrappers.ProjectWrappers">
    <ignored/>
  </testcase> <!-- @BeforeSuite beforeSuite -->
  <testcase name="@BeforeSuite beforeSuite" time="0.0" classname="wrappers.ProjectWrappers">
    <ignored/>
  </testcase> <!-- @BeforeSuite beforeSuite -->
  <testcase name="@BeforeSuite beforeSuite" time="0.0" classname="wrappers.ProjectWrappers">
    <ignored/>
  </testcase> <!-- @BeforeSuite beforeSuite -->
  <testcase name="@BeforeSuite beforeSuite" time="0.0" classname="wrappers.ProjectWrappers">
    <ignored/>
  </testcase> <!-- @BeforeSuite beforeSuite -->
  <testcase name="@BeforeSuite beforeSuite" time="0.0" classname="wrappers.ProjectWrappers">
    <ignored/>
  </testcase> <!-- @BeforeSuite beforeSuite -->
  <testcase name="@BeforeSuite beforeSuite" time="0.0" classname="wrappers.ProjectWrappers">
    <ignored/>
  </testcase> <!-- @BeforeSuite beforeSuite -->
  <testcase name="@BeforeSuite beforeSuite" time="0.0" classname="wrappers.ProjectWrappers">
    <ignored/>
  </testcase> <!-- @BeforeSuite beforeSuite -->
  <testcase name="@BeforeSuite beforeSuite" time="0.0" classname="wrappers.ProjectWrappers">
    <ignored/>
  </testcase> <!-- @BeforeSuite beforeSuite -->
  <testcase name="@BeforeSuite beforeSuite" time="0.0" classname="wrappers.ProjectWrappers">
    <ignored/>
  </testcase> <!-- @BeforeSuite beforeSuite -->
  <testcase name="@BeforeSuite beforeSuite" time="0.0" classname="wrappers.ProjectWrappers">
    <ignored/>
  </testcase> <!-- @BeforeSuite beforeSuite -->
  <testcase name="@BeforeSuite beforeSuite" time="0.0" classname="wrappers.ProjectWrappers">
    <ignored/>
  </testcase> <!-- @BeforeSuite beforeSuite -->
  <testcase name="@BeforeSuite beforeSuite" time="0.0" classname="wrappers.ProjectWrappers">
    <ignored/>
  </testcase> <!-- @BeforeSuite beforeSuite -->
  <testcase name="@BeforeSuite beforeSuite" time="0.0" classname="wrappers.ProjectWrappers">
    <ignored/>
  </testcase> <!-- @BeforeSuite beforeSuite -->
  <testcase name="@BeforeSuite beforeSuite" time="0.0" classname="wrappers.ProjectWrappers">
    <ignored/>
  </testcase> <!-- @BeforeSuite beforeSuite -->
  <testcase name="@BeforeSuite beforeSuite" time="0.0" classname="wrappers.ProjectWrappers">
    <ignored/>
  </testcase> <!-- @BeforeSuite beforeSuite -->
  <testcase name="@BeforeSuite beforeSuite" time="0.0" classname="wrappers.ProjectWrappers">
    <ignored/>
  </testcase> <!-- @BeforeSuite beforeSuite -->
  <testcase name="@BeforeSuite beforeSuite" time="0.0" classname="wrappers.ProjectWrappers">
    <ignored/>
  </testcase> <!-- @BeforeSuite beforeSuite -->
  <testcase name="@BeforeSuite beforeSuite" time="0.0" classname="wrappers.ProjectWrappers">
    <ignored/>
  </testcase> <!-- @BeforeSuite beforeSuite -->
  <testcase name="@BeforeSuite beforeSuite" time="0.0" classname="wrappers.ProjectWrappers">
    <ignored/>
  </testcase> <!-- @BeforeSuite beforeSuite -->
  <testcase name="@BeforeSuite beforeSuite" time="0.0" classname="wrappers.ProjectWrappers">
    <ignored/>
  </testcase> <!-- @BeforeSuite beforeSuite -->
  <testcase name="@BeforeSuite beforeSuite" time="0.0" classname="wrappers.ProjectWrappers">
    <ignored/>
  </testcase> <!-- @BeforeSuite beforeSuite -->
  <testcase name="@BeforeSuite beforeSuite" time="0.0" classname="wrappers.ProjectWrappers">
    <ignored/>
  </testcase> <!-- @BeforeSuite beforeSuite -->
  <testcase name="@BeforeSuite beforeSuite" time="0.0" classname="wrappers.ProjectWrappers">
    <ignored/>
  </testcase> <!-- @BeforeSuite beforeSuite -->
  <testcase name="@BeforeSuite beforeSuite" time="0.0" classname="wrappers.ProjectWrappers">
    <ignored/>
  </testcase> <!-- @BeforeSuite beforeSuite -->
  <testcase name="@BeforeSuite beforeSuite" time="0.0" classname="wrappers.ProjectWrappers">
    <ignored/>
  </testcase> <!-- @BeforeSuite beforeSuite -->
  <testcase name="@BeforeSuite beforeSuite" time="0.0" classname="wrappers.ProjectWrappers">
    <ignored/>
  </testcase> <!-- @BeforeSuite beforeSuite -->
  <testcase name="@BeforeSuite beforeSuite" time="0.0" classname="wrappers.ProjectWrappers">
    <ignored/>
  </testcase> <!-- @BeforeSuite beforeSuite -->
  <testcase name="@BeforeSuite beforeSuite" time="0.0" classname="wrappers.ProjectWrappers">
    <ignored/>
  </testcase> <!-- @BeforeSuite beforeSuite -->
  <testcase name="@BeforeSuite beforeSuite" time="0.0" classname="wrappers.ProjectWrappers">
    <ignored/>
  </testcase> <!-- @BeforeSuite beforeSuite -->
  <testcase name="@BeforeSuite beforeSuite" time="0.0" classname="wrappers.ProjectWrappers">
    <ignored/>
  </testcase> <!-- @BeforeSuite beforeSuite -->
  <testcase name="@BeforeSuite beforeSuite" time="0.0" classname="wrappers.ProjectWrappers">
    <ignored/>
  </testcase> <!-- @BeforeSuite beforeSuite -->
  <testcase name="@BeforeSuite beforeSuite" time="0.0" classname="wrappers.ProjectWrappers">
    <ignored/>
  </testcase> <!-- @BeforeSuite beforeSuite -->
  <testcase name="@BeforeSuite beforeSuite" time="0.0" classname="wrappers.ProjectWrappers">
    <ignored/>
  </testcase> <!-- @BeforeSuite beforeSuite -->
  <testcase name="@BeforeSuite beforeSuite" time="0.0" classname="wrappers.ProjectWrappers">
    <ignored/>
  </testcase> <!-- @BeforeSuite beforeSuite -->
  <testcase name="@BeforeSuite beforeSuite" time="0.0" classname="wrappers.ProjectWrappers">
    <ignored/>
  </testcase> <!-- @BeforeSuite beforeSuite -->
  <testcase name="@BeforeSuite beforeSuite" time="0.0" classname="wrappers.ProjectWrappers">
    <ignored/>
  </testcase> <!-- @BeforeSuite beforeSuite -->
  <testcase name="@BeforeSuite beforeSuite" time="0.0" classname="wrappers.ProjectWrappers">
    <ignored/>
  </testcase> <!-- @BeforeSuite beforeSuite -->
  <testcase name="@BeforeSuite beforeSuite" time="0.0" classname="wrappers.ProjectWrappers">
    <ignored/>
  </testcase> <!-- @BeforeSuite beforeSuite -->
  <testcase name="@BeforeSuite beforeSuite" time="0.0" classname="wrappers.ProjectWrappers">
    <ignored/>
  </testcase> <!-- @BeforeSuite beforeSuite -->
</testsuite> <!-- statementrequest -->
