<html>
<head>
<title>TestNG:  statementrequest</title>
<link href="../testng.css" rel="stylesheet" type="text/css" />
<link href="../my-testng.css" rel="stylesheet" type="text/css" />

<style type="text/css">
.log { display: none;} 
.stack-trace { display: none;} 
</style>
<script type="text/javascript">
<!--
function flip(e) {
  current = e.style.display;
  if (current == 'block') {
    e.style.display = 'none';
    return 0;
  }
  else {
    e.style.display = 'block';
    return 1;
  }
}

function toggleBox(szDivId, elem, msg1, msg2)
{
  var res = -1;  if (document.getElementById) {
    res = flip(document.getElementById(szDivId));
  }
  else if (document.all) {
    // this is the way old msie versions work
    res = flip(document.all[szDivId]);
  }
  if(elem) {
    if(res == 0) elem.innerHTML = msg1; else elem.innerHTML = msg2;
  }

}

function toggleAllBoxes() {
  if (document.getElementsByTagName) {
    d = document.getElementsByTagName('div');
    for (i = 0; i < d.length; i++) {
      if (d[i].className == 'log') {
        flip(d[i]);
      }
    }
  }
}

// -->
</script>

</head>
<body>
<h2 align='center'>statementrequest</h2><table border='1' align="center">
<tr>
<td>Tests passed/Failed/Skipped:</td><td>78/21/0</td>
</tr><tr>
<td>Started on:</td><td>Thu Mar 26 14:25:35 IST 2020</td>
</tr>
<tr><td>Total time:</td><td>4005 seconds (4005246 ms)</td>
</tr><tr>
<td>Included groups:</td><td></td>
</tr><tr>
<td>Excluded groups:</td><td></td>
</tr>
</table><p/>
<small><i>(Hover the method name to see the test class name)</i></small><p/>
<table width='100%' border='1' class='invocation-failed'>
<tr><td colspan='4' align='center'><b>FAILED TESTS</b></td></tr>
<tr><td><b>Test method</b></td>
<td width="30%"><b>Exception</b></td>
<td width="10%"><b>Time (seconds)</b></td>
<td><b>Instance</b></td>
</tr>
<tr>
<td title='testcases.statementrequest.TC12VerifyTwoInvalidAttemptsResponseForWrongAccount.BotResponseFor2InvalidWrongAccount()'><b>BotResponseFor2InvalidWrongAccount</b><br>Test class: testcases.statementrequest.TC12VerifyTwoInvalidAttemptsResponseForWrongAccount</td>
<td><div><pre>java.lang.RuntimeException: FAILED
	at utils.Reporter.reportStep(Reporter.java:29)
	at wrappers.GenericWrappers.verifyTextByXpath(GenericWrappers.java:474)
	at pages.StatementRequestPage.verifySelectAccountForWrongAccount(StatementRequestPage.java:134)
	at testcases.statementrequest.TC12VerifyTwoInvalidAttemptsResponseForWrongAccount.BotResponseFor2InvalidWrongAccount(TC12VerifyTwoInvalidAttemptsResponseForWrongAccount.java:46)
	at java.util.ArrayList.forEach(Unknown Source)
... Removed 27 stack frames</pre></div><a href='#' onClick='toggleBox("stack-trace108370846", this, "Click to show all stack frames", "Click to hide stack frames")'>Click to show all stack frames</a>
<div class='stack-trace' id='stack-trace108370846'><pre>java.lang.RuntimeException: FAILED
	at utils.Reporter.reportStep(Reporter.java:29)
	at wrappers.GenericWrappers.verifyTextByXpath(GenericWrappers.java:474)
	at pages.StatementRequestPage.verifySelectAccountForWrongAccount(StatementRequestPage.java:134)
	at testcases.statementrequest.TC12VerifyTwoInvalidAttemptsResponseForWrongAccount.BotResponseFor2InvalidWrongAccount(TC12VerifyTwoInvalidAttemptsResponseForWrongAccount.java:46)
	at sun.reflect.NativeMethodAccessorImpl.invoke0(Native Method)
	at sun.reflect.NativeMethodAccessorImpl.invoke(Unknown Source)
	at sun.reflect.DelegatingMethodAccessorImpl.invoke(Unknown Source)
	at java.lang.reflect.Method.invoke(Unknown Source)
	at org.testng.internal.MethodInvocationHelper.invokeMethod(MethodInvocationHelper.java:134)
	at org.testng.internal.TestInvoker.invokeMethod(TestInvoker.java:597)
	at org.testng.internal.TestInvoker.invokeTestMethod(TestInvoker.java:173)
	at org.testng.internal.MethodRunner.runInSequence(MethodRunner.java:46)
	at org.testng.internal.TestInvoker$MethodInvocationAgent.invoke(TestInvoker.java:816)
	at org.testng.internal.TestInvoker.invokeTestMethods(TestInvoker.java:146)
	at org.testng.internal.TestMethodWorker.invokeTestMethods(TestMethodWorker.java:146)
	at org.testng.internal.TestMethodWorker.run(TestMethodWorker.java:128)
	at java.util.ArrayList.forEach(Unknown Source)
	at org.testng.TestRunner.privateRun(TestRunner.java:766)
	at org.testng.TestRunner.run(TestRunner.java:587)
	at org.testng.SuiteRunner.runTest(SuiteRunner.java:384)
	at org.testng.SuiteRunner.runSequentially(SuiteRunner.java:378)
	at org.testng.SuiteRunner.privateRun(SuiteRunner.java:337)
	at org.testng.SuiteRunner.run(SuiteRunner.java:286)
	at org.testng.SuiteRunnerWorker.runSuite(SuiteRunnerWorker.java:53)
	at org.testng.SuiteRunnerWorker.run(SuiteRunnerWorker.java:96)
	at org.testng.TestNG.runSuitesSequentially(TestNG.java:1187)
	at org.testng.TestNG.runSuitesLocally(TestNG.java:1109)
	at org.testng.TestNG.runSuites(TestNG.java:1039)
	at org.testng.TestNG.run(TestNG.java:1007)
	at org.testng.remote.AbstractRemoteTestNG.run(AbstractRemoteTestNG.java:115)
	at org.testng.remote.RemoteTestNG.initAndRun(RemoteTestNG.java:251)
	at org.testng.remote.RemoteTestNG.main(RemoteTestNG.java:77)
</pre></div></td>
<td>38</td>
<td>testcases.statementrequest.TC12VerifyTwoInvalidAttemptsResponseForWrongAccount@67b467e9</td></tr>
<tr>
<td title='testcases.statementrequest.TC11VerifyWrongAccountSelectedResponseFromBot.BotResponseForWrongAccount()'><b>BotResponseForWrongAccount</b><br>Test class: testcases.statementrequest.TC11VerifyWrongAccountSelectedResponseFromBot</td>
<td><div><pre>java.lang.RuntimeException: FAILED
	at utils.Reporter.reportStep(Reporter.java:29)
	at wrappers.GenericWrappers.verifyTextByXpath(GenericWrappers.java:474)
	at pages.StatementRequestPage.verifySelectAccountForWrongAccount(StatementRequestPage.java:134)
	at testcases.statementrequest.TC11VerifyWrongAccountSelectedResponseFromBot.BotResponseForWrongAccount(TC11VerifyWrongAccountSelectedResponseFromBot.java:46)
	at java.util.ArrayList.forEach(Unknown Source)
... Removed 27 stack frames</pre></div><a href='#' onClick='toggleBox("stack-trace2122196107", this, "Click to show all stack frames", "Click to hide stack frames")'>Click to show all stack frames</a>
<div class='stack-trace' id='stack-trace2122196107'><pre>java.lang.RuntimeException: FAILED
	at utils.Reporter.reportStep(Reporter.java:29)
	at wrappers.GenericWrappers.verifyTextByXpath(GenericWrappers.java:474)
	at pages.StatementRequestPage.verifySelectAccountForWrongAccount(StatementRequestPage.java:134)
	at testcases.statementrequest.TC11VerifyWrongAccountSelectedResponseFromBot.BotResponseForWrongAccount(TC11VerifyWrongAccountSelectedResponseFromBot.java:46)
	at sun.reflect.NativeMethodAccessorImpl.invoke0(Native Method)
	at sun.reflect.NativeMethodAccessorImpl.invoke(Unknown Source)
	at sun.reflect.DelegatingMethodAccessorImpl.invoke(Unknown Source)
	at java.lang.reflect.Method.invoke(Unknown Source)
	at org.testng.internal.MethodInvocationHelper.invokeMethod(MethodInvocationHelper.java:134)
	at org.testng.internal.TestInvoker.invokeMethod(TestInvoker.java:597)
	at org.testng.internal.TestInvoker.invokeTestMethod(TestInvoker.java:173)
	at org.testng.internal.MethodRunner.runInSequence(MethodRunner.java:46)
	at org.testng.internal.TestInvoker$MethodInvocationAgent.invoke(TestInvoker.java:816)
	at org.testng.internal.TestInvoker.invokeTestMethods(TestInvoker.java:146)
	at org.testng.internal.TestMethodWorker.invokeTestMethods(TestMethodWorker.java:146)
	at org.testng.internal.TestMethodWorker.run(TestMethodWorker.java:128)
	at java.util.ArrayList.forEach(Unknown Source)
	at org.testng.TestRunner.privateRun(TestRunner.java:766)
	at org.testng.TestRunner.run(TestRunner.java:587)
	at org.testng.SuiteRunner.runTest(SuiteRunner.java:384)
	at org.testng.SuiteRunner.runSequentially(SuiteRunner.java:378)
	at org.testng.SuiteRunner.privateRun(SuiteRunner.java:337)
	at org.testng.SuiteRunner.run(SuiteRunner.java:286)
	at org.testng.SuiteRunnerWorker.runSuite(SuiteRunnerWorker.java:53)
	at org.testng.SuiteRunnerWorker.run(SuiteRunnerWorker.java:96)
	at org.testng.TestNG.runSuitesSequentially(TestNG.java:1187)
	at org.testng.TestNG.runSuitesLocally(TestNG.java:1109)
	at org.testng.TestNG.runSuites(TestNG.java:1039)
	at org.testng.TestNG.run(TestNG.java:1007)
	at org.testng.remote.AbstractRemoteTestNG.run(AbstractRemoteTestNG.java:115)
	at org.testng.remote.RemoteTestNG.initAndRun(RemoteTestNG.java:251)
	at org.testng.remote.RemoteTestNG.main(RemoteTestNG.java:77)
</pre></div></td>
<td>39</td>
<td>testcases.statementrequest.TC11VerifyWrongAccountSelectedResponseFromBot@10a035a0</td></tr>
<tr>
<td title='testcases.statementrequest.TC07StatementRequestforOnlyLast6Months.PlatinumRewardsAccountStatementForLast6Months()'><b>PlatinumRewardsAccountStatementForLast6Months</b><br>Test class: testcases.statementrequest.TC07StatementRequestforOnlyLast6Months</td>
<td><div><pre>java.lang.RuntimeException: FAILED
	at utils.Reporter.reportStep(Reporter.java:29)
	at wrappers.GenericWrappers.verifyTextByXpath(GenericWrappers.java:474)
	at pages.StatementRequestPage.VerifyAccount(StatementRequestPage.java:99)
	at testcases.statementrequest.TC07StatementRequestforOnlyLast6Months.PlatinumRewardsAccountStatementForLast6Months(TC07StatementRequestforOnlyLast6Months.java:63)
	at java.util.ArrayList.forEach(Unknown Source)
... Removed 27 stack frames</pre></div><a href='#' onClick='toggleBox("stack-trace660980732", this, "Click to show all stack frames", "Click to hide stack frames")'>Click to show all stack frames</a>
<div class='stack-trace' id='stack-trace660980732'><pre>java.lang.RuntimeException: FAILED
	at utils.Reporter.reportStep(Reporter.java:29)
	at wrappers.GenericWrappers.verifyTextByXpath(GenericWrappers.java:474)
	at pages.StatementRequestPage.VerifyAccount(StatementRequestPage.java:99)
	at testcases.statementrequest.TC07StatementRequestforOnlyLast6Months.PlatinumRewardsAccountStatementForLast6Months(TC07StatementRequestforOnlyLast6Months.java:63)
	at sun.reflect.NativeMethodAccessorImpl.invoke0(Native Method)
	at sun.reflect.NativeMethodAccessorImpl.invoke(Unknown Source)
	at sun.reflect.DelegatingMethodAccessorImpl.invoke(Unknown Source)
	at java.lang.reflect.Method.invoke(Unknown Source)
	at org.testng.internal.MethodInvocationHelper.invokeMethod(MethodInvocationHelper.java:134)
	at org.testng.internal.TestInvoker.invokeMethod(TestInvoker.java:597)
	at org.testng.internal.TestInvoker.invokeTestMethod(TestInvoker.java:173)
	at org.testng.internal.MethodRunner.runInSequence(MethodRunner.java:46)
	at org.testng.internal.TestInvoker$MethodInvocationAgent.invoke(TestInvoker.java:816)
	at org.testng.internal.TestInvoker.invokeTestMethods(TestInvoker.java:146)
	at org.testng.internal.TestMethodWorker.invokeTestMethods(TestMethodWorker.java:146)
	at org.testng.internal.TestMethodWorker.run(TestMethodWorker.java:128)
	at java.util.ArrayList.forEach(Unknown Source)
	at org.testng.TestRunner.privateRun(TestRunner.java:766)
	at org.testng.TestRunner.run(TestRunner.java:587)
	at org.testng.SuiteRunner.runTest(SuiteRunner.java:384)
	at org.testng.SuiteRunner.runSequentially(SuiteRunner.java:378)
	at org.testng.SuiteRunner.privateRun(SuiteRunner.java:337)
	at org.testng.SuiteRunner.run(SuiteRunner.java:286)
	at org.testng.SuiteRunnerWorker.runSuite(SuiteRunnerWorker.java:53)
	at org.testng.SuiteRunnerWorker.run(SuiteRunnerWorker.java:96)
	at org.testng.TestNG.runSuitesSequentially(TestNG.java:1187)
	at org.testng.TestNG.runSuitesLocally(TestNG.java:1109)
	at org.testng.TestNG.runSuites(TestNG.java:1039)
	at org.testng.TestNG.run(TestNG.java:1007)
	at org.testng.remote.AbstractRemoteTestNG.run(AbstractRemoteTestNG.java:115)
	at org.testng.remote.RemoteTestNG.initAndRun(RemoteTestNG.java:251)
	at org.testng.remote.RemoteTestNG.main(RemoteTestNG.java:77)
</pre></div></td>
<td>35</td>
<td>testcases.statementrequest.TC07StatementRequestforOnlyLast6Months@2eda0940</td></tr>
<tr>
<td title='testcases.statementrequest.TC08StatementRequestSelectionOfMonthsFromList.SelectMonthForPlatinumRewardsAccount()'><b>SelectMonthForPlatinumRewardsAccount</b><br>Test class: testcases.statementrequest.TC08StatementRequestSelectionOfMonthsFromList</td>
<td><div><pre>java.lang.RuntimeException: FAILED
	at utils.Reporter.reportStep(Reporter.java:29)
	at wrappers.GenericWrappers.verifyTextByXpath(GenericWrappers.java:474)
	at pages.StatementRequestPage.VerifyAccount(StatementRequestPage.java:99)
	at testcases.statementrequest.TC08StatementRequestSelectionOfMonthsFromList.SelectMonthForPlatinumRewardsAccount(TC08StatementRequestSelectionOfMonthsFromList.java:64)
	at java.util.ArrayList.forEach(Unknown Source)
... Removed 27 stack frames</pre></div><a href='#' onClick='toggleBox("stack-trace333812325", this, "Click to show all stack frames", "Click to hide stack frames")'>Click to show all stack frames</a>
<div class='stack-trace' id='stack-trace333812325'><pre>java.lang.RuntimeException: FAILED
	at utils.Reporter.reportStep(Reporter.java:29)
	at wrappers.GenericWrappers.verifyTextByXpath(GenericWrappers.java:474)
	at pages.StatementRequestPage.VerifyAccount(StatementRequestPage.java:99)
	at testcases.statementrequest.TC08StatementRequestSelectionOfMonthsFromList.SelectMonthForPlatinumRewardsAccount(TC08StatementRequestSelectionOfMonthsFromList.java:64)
	at sun.reflect.NativeMethodAccessorImpl.invoke0(Native Method)
	at sun.reflect.NativeMethodAccessorImpl.invoke(Unknown Source)
	at sun.reflect.DelegatingMethodAccessorImpl.invoke(Unknown Source)
	at java.lang.reflect.Method.invoke(Unknown Source)
	at org.testng.internal.MethodInvocationHelper.invokeMethod(MethodInvocationHelper.java:134)
	at org.testng.internal.TestInvoker.invokeMethod(TestInvoker.java:597)
	at org.testng.internal.TestInvoker.invokeTestMethod(TestInvoker.java:173)
	at org.testng.internal.MethodRunner.runInSequence(MethodRunner.java:46)
	at org.testng.internal.TestInvoker$MethodInvocationAgent.invoke(TestInvoker.java:816)
	at org.testng.internal.TestInvoker.invokeTestMethods(TestInvoker.java:146)
	at org.testng.internal.TestMethodWorker.invokeTestMethods(TestMethodWorker.java:146)
	at org.testng.internal.TestMethodWorker.run(TestMethodWorker.java:128)
	at java.util.ArrayList.forEach(Unknown Source)
	at org.testng.TestRunner.privateRun(TestRunner.java:766)
	at org.testng.TestRunner.run(TestRunner.java:587)
	at org.testng.SuiteRunner.runTest(SuiteRunner.java:384)
	at org.testng.SuiteRunner.runSequentially(SuiteRunner.java:378)
	at org.testng.SuiteRunner.privateRun(SuiteRunner.java:337)
	at org.testng.SuiteRunner.run(SuiteRunner.java:286)
	at org.testng.SuiteRunnerWorker.runSuite(SuiteRunnerWorker.java:53)
	at org.testng.SuiteRunnerWorker.run(SuiteRunnerWorker.java:96)
	at org.testng.TestNG.runSuitesSequentially(TestNG.java:1187)
	at org.testng.TestNG.runSuitesLocally(TestNG.java:1109)
	at org.testng.TestNG.runSuites(TestNG.java:1039)
	at org.testng.TestNG.run(TestNG.java:1007)
	at org.testng.remote.AbstractRemoteTestNG.run(AbstractRemoteTestNG.java:115)
	at org.testng.remote.RemoteTestNG.initAndRun(RemoteTestNG.java:251)
	at org.testng.remote.RemoteTestNG.main(RemoteTestNG.java:77)
</pre></div></td>
<td>34</td>
<td>testcases.statementrequest.TC08StatementRequestSelectionOfMonthsFromList@3578436e</td></tr>
<tr>
<td title='testcases.statementrequest.TC41StatementRequestDownloadForCorrectCardNumberEnding.StatementRequestForCorrectCardNumberEndingTwo()'><b>StatementRequestForCorrectCardNumberEndingTwo</b><br>Test class: testcases.statementrequest.TC41StatementRequestDownloadForCorrectCardNumberEnding</td>
<td><div><pre>java.lang.RuntimeException: FAILED
	at utils.Reporter.reportStep(Reporter.java:29)
	at wrappers.GenericWrappers.verifyTextByXpath(GenericWrappers.java:474)
	at pages.StatementRequestPage.verifyResponseForWrongMonth(StatementRequestPage.java:159)
	at testcases.statementrequest.TC41StatementRequestDownloadForCorrectCardNumberEnding.StatementRequestForCorrectCardNumberEndingTwo(TC41StatementRequestDownloadForCorrectCardNumberEnding.java:60)
	at java.util.ArrayList.forEach(Unknown Source)
... Removed 27 stack frames</pre></div><a href='#' onClick='toggleBox("stack-trace662930249", this, "Click to show all stack frames", "Click to hide stack frames")'>Click to show all stack frames</a>
<div class='stack-trace' id='stack-trace662930249'><pre>java.lang.RuntimeException: FAILED
	at utils.Reporter.reportStep(Reporter.java:29)
	at wrappers.GenericWrappers.verifyTextByXpath(GenericWrappers.java:474)
	at pages.StatementRequestPage.verifyResponseForWrongMonth(StatementRequestPage.java:159)
	at testcases.statementrequest.TC41StatementRequestDownloadForCorrectCardNumberEnding.StatementRequestForCorrectCardNumberEndingTwo(TC41StatementRequestDownloadForCorrectCardNumberEnding.java:60)
	at sun.reflect.NativeMethodAccessorImpl.invoke0(Native Method)
	at sun.reflect.NativeMethodAccessorImpl.invoke(Unknown Source)
	at sun.reflect.DelegatingMethodAccessorImpl.invoke(Unknown Source)
	at java.lang.reflect.Method.invoke(Unknown Source)
	at org.testng.internal.MethodInvocationHelper.invokeMethod(MethodInvocationHelper.java:134)
	at org.testng.internal.TestInvoker.invokeMethod(TestInvoker.java:597)
	at org.testng.internal.TestInvoker.invokeTestMethod(TestInvoker.java:173)
	at org.testng.internal.MethodRunner.runInSequence(MethodRunner.java:46)
	at org.testng.internal.TestInvoker$MethodInvocationAgent.invoke(TestInvoker.java:816)
	at org.testng.internal.TestInvoker.invokeTestMethods(TestInvoker.java:146)
	at org.testng.internal.TestMethodWorker.invokeTestMethods(TestMethodWorker.java:146)
	at org.testng.internal.TestMethodWorker.run(TestMethodWorker.java:128)
	at java.util.ArrayList.forEach(Unknown Source)
	at org.testng.TestRunner.privateRun(TestRunner.java:766)
	at org.testng.TestRunner.run(TestRunner.java:587)
	at org.testng.SuiteRunner.runTest(SuiteRunner.java:384)
	at org.testng.SuiteRunner.runSequentially(SuiteRunner.java:378)
	at org.testng.SuiteRunner.privateRun(SuiteRunner.java:337)
	at org.testng.SuiteRunner.run(SuiteRunner.java:286)
	at org.testng.SuiteRunnerWorker.runSuite(SuiteRunnerWorker.java:53)
	at org.testng.SuiteRunnerWorker.run(SuiteRunnerWorker.java:96)
	at org.testng.TestNG.runSuitesSequentially(TestNG.java:1187)
	at org.testng.TestNG.runSuitesLocally(TestNG.java:1109)
	at org.testng.TestNG.runSuites(TestNG.java:1039)
	at org.testng.TestNG.run(TestNG.java:1007)
	at org.testng.remote.AbstractRemoteTestNG.run(AbstractRemoteTestNG.java:115)
	at org.testng.remote.RemoteTestNG.initAndRun(RemoteTestNG.java:251)
	at org.testng.remote.RemoteTestNG.main(RemoteTestNG.java:77)
</pre></div></td>
<td>34</td>
<td>testcases.statementrequest.TC41StatementRequestDownloadForCorrectCardNumberEnding@319b92f3</td></tr>
<tr>
<td title='testcases.statementrequest.TC22StatementRequestSupportedIntentsForAccountType.StatementRequestIntentFourForAccountType()'><b>StatementRequestIntentFourForAccountType</b><br>Test class: testcases.statementrequest.TC22StatementRequestSupportedIntentsForAccountType</td>
<td><div><pre>java.lang.RuntimeException: FAILED
	at utils.Reporter.reportStep(Reporter.java:29)
	at wrappers.GenericWrappers.verifyTextByXpath(GenericWrappers.java:474)
	at pages.StatementRequestPage.verifyDownloadText(StatementRequestPage.java:119)
	at testcases.statementrequest.TC22StatementRequestSupportedIntentsForAccountType.StatementRequestIntentFourForAccountType(TC22StatementRequestSupportedIntentsForAccountType.java:101)
	at java.util.ArrayList.forEach(Unknown Source)
... Removed 27 stack frames</pre></div><a href='#' onClick='toggleBox("stack-trace509715383", this, "Click to show all stack frames", "Click to hide stack frames")'>Click to show all stack frames</a>
<div class='stack-trace' id='stack-trace509715383'><pre>java.lang.RuntimeException: FAILED
	at utils.Reporter.reportStep(Reporter.java:29)
	at wrappers.GenericWrappers.verifyTextByXpath(GenericWrappers.java:474)
	at pages.StatementRequestPage.verifyDownloadText(StatementRequestPage.java:119)
	at testcases.statementrequest.TC22StatementRequestSupportedIntentsForAccountType.StatementRequestIntentFourForAccountType(TC22StatementRequestSupportedIntentsForAccountType.java:101)
	at sun.reflect.NativeMethodAccessorImpl.invoke0(Native Method)
	at sun.reflect.NativeMethodAccessorImpl.invoke(Unknown Source)
	at sun.reflect.DelegatingMethodAccessorImpl.invoke(Unknown Source)
	at java.lang.reflect.Method.invoke(Unknown Source)
	at org.testng.internal.MethodInvocationHelper.invokeMethod(MethodInvocationHelper.java:134)
	at org.testng.internal.TestInvoker.invokeMethod(TestInvoker.java:597)
	at org.testng.internal.TestInvoker.invokeTestMethod(TestInvoker.java:173)
	at org.testng.internal.MethodRunner.runInSequence(MethodRunner.java:46)
	at org.testng.internal.TestInvoker$MethodInvocationAgent.invoke(TestInvoker.java:816)
	at org.testng.internal.TestInvoker.invokeTestMethods(TestInvoker.java:146)
	at org.testng.internal.TestMethodWorker.invokeTestMethods(TestMethodWorker.java:146)
	at org.testng.internal.TestMethodWorker.run(TestMethodWorker.java:128)
	at java.util.ArrayList.forEach(Unknown Source)
	at org.testng.TestRunner.privateRun(TestRunner.java:766)
	at org.testng.TestRunner.run(TestRunner.java:587)
	at org.testng.SuiteRunner.runTest(SuiteRunner.java:384)
	at org.testng.SuiteRunner.runSequentially(SuiteRunner.java:378)
	at org.testng.SuiteRunner.privateRun(SuiteRunner.java:337)
	at org.testng.SuiteRunner.run(SuiteRunner.java:286)
	at org.testng.SuiteRunnerWorker.runSuite(SuiteRunnerWorker.java:53)
	at org.testng.SuiteRunnerWorker.run(SuiteRunnerWorker.java:96)
	at org.testng.TestNG.runSuitesSequentially(TestNG.java:1187)
	at org.testng.TestNG.runSuitesLocally(TestNG.java:1109)
	at org.testng.TestNG.runSuites(TestNG.java:1039)
	at org.testng.TestNG.run(TestNG.java:1007)
	at org.testng.remote.AbstractRemoteTestNG.run(AbstractRemoteTestNG.java:115)
	at org.testng.remote.RemoteTestNG.initAndRun(RemoteTestNG.java:251)
	at org.testng.remote.RemoteTestNG.main(RemoteTestNG.java:77)
</pre></div></td>
<td>33</td>
<td>testcases.statementrequest.TC22StatementRequestSupportedIntentsForAccountType@646007f4</td></tr>
<tr>
<td title='testcases.statementrequest.TC25ViewListOfCreditCardAccountsForCreditAccountTypeIntents.StatementRequestIntentOneForCreditAccountType()'><b>StatementRequestIntentOneForCreditAccountType</b><br>Test class: testcases.statementrequest.TC25ViewListOfCreditCardAccountsForCreditAccountTypeIntents</td>
<td><div><pre>org.openqa.selenium.NoSuchElementException: no such element: Unable to locate element: {&quot;method&quot;:&quot;xpath&quot;,&quot;selector&quot;:&quot;//div[@id=&apos;mxCPTTitle&apos;][contains(text(),&apos;Ultimate Card&apos;)]&quot;}
  (Session info: chrome=80.0.3987.149)
  (Driver info: chromedriver=2.36.540470 (e522d04694c7ebea4ba8821272dbef4f9b818c91),platform=Windows NT 6.3.9600 x86_64) (WARNING: The server did not provide any stacktrace information)
Command duration or timeout: 0 milliseconds
For documentation on this error, please visit: http://seleniumhq.org/exceptions/no_such_element.html
Build info: version: &apos;3.14.0&apos;, revision: &apos;aacccce0&apos;, time: &apos;2018-08-02T20:19:58.91Z&apos;
System info: host: &apos;LENOVO-PC&apos;, ip: &apos;192.168.0.114&apos;, os.name: &apos;Windows 8.1&apos;, os.arch: &apos;amd64&apos;, os.version: &apos;6.3&apos;, java.version: &apos;1.8.0_241&apos;
Driver info: org.openqa.selenium.chrome.ChromeDriver
Capabilities {acceptInsecureCerts: false, acceptSslCerts: false, applicationCacheEnabled: false, browserConnectionEnabled: false, browserName: chrome, chrome: {chromedriverVersion: 2.36.540470 (e522d04694c7eb..., userDataDir: C:\Users\SRENIV~1\AppData\L...}, cssSelectorsEnabled: true, databaseEnabled: false, handlesAlerts: true, hasTouchScreen: false, javascriptEnabled: true, locationContextEnabled: true, mobileEmulationEnabled: false, nativeEvents: true, networkConnectionEnabled: false, pageLoadStrategy: normal, platform: XP, platformName: XP, rotatable: false, setWindowRect: true, takesHeapSnapshot: true, takesScreenshot: true, unexpectedAlertBehaviour: , unhandledPromptBehavior: , version: 80.0.3987.149, webStorageEnabled: true}
Session ID: 982e80ac4a59ab0ebf4b4c3c478d93ee
*** Element info: {Using=xpath, value=//div[@id=&apos;mxCPTTitle&apos;][contains(text(),&apos;Ultimate Card&apos;)]}
	at org.openqa.selenium.remote.ErrorHandler.createThrowable(ErrorHandler.java:214)
	at org.openqa.selenium.remote.ErrorHandler.throwIfResponseFailed(ErrorHandler.java:166)
	at org.openqa.selenium.remote.http.JsonHttpResponseCodec.reconstructValue(JsonHttpResponseCodec.java:40)
	at org.openqa.selenium.remote.http.AbstractHttpResponseCodec.decode(AbstractHttpResponseCodec.java:80)
	at org.openqa.selenium.remote.http.AbstractHttpResponseCodec.decode(AbstractHttpResponseCodec.java:44)
	at org.openqa.selenium.remote.HttpCommandExecutor.execute(HttpCommandExecutor.java:158)
	at org.openqa.selenium.remote.service.DriverCommandExecutor.execute(DriverCommandExecutor.java:83)
	at org.openqa.selenium.remote.RemoteWebDriver.execute(RemoteWebDriver.java:548)
	at org.openqa.selenium.remote.RemoteWebDriver.findElement(RemoteWebDriver.java:322)
	at org.openqa.selenium.remote.RemoteWebDriver.findElementByXPath(RemoteWebDriver.java:424)
	at org.openqa.selenium.By$ByXPath.findElement(By.java:353)
	at org.openqa.selenium.remote.RemoteWebDriver.findElement(RemoteWebDriver.java:314)
	at wrappers.GenericWrappers.scrollDown(GenericWrappers.java:651)
	at pages.StatementRequestPage.scrollDownforCreditAccountName(StatementRequestPage.java:78)
	at testcases.statementrequest.TC25ViewListOfCreditCardAccountsForCreditAccountTypeIntents.StatementRequestIntentOneForCreditAccountType(TC25ViewListOfCreditCardAccountsForCreditAccountTypeIntents.java:42)
	at java.util.ArrayList.forEach(Unknown Source)
... Removed 31 stack frames</pre></div><a href='#' onClick='toggleBox("stack-trace1991261872", this, "Click to show all stack frames", "Click to hide stack frames")'>Click to show all stack frames</a>
<div class='stack-trace' id='stack-trace1991261872'><pre>org.openqa.selenium.NoSuchElementException: no such element: Unable to locate element: {&quot;method&quot;:&quot;xpath&quot;,&quot;selector&quot;:&quot;//div[@id=&apos;mxCPTTitle&apos;][contains(text(),&apos;Ultimate Card&apos;)]&quot;}
  (Session info: chrome=80.0.3987.149)
  (Driver info: chromedriver=2.36.540470 (e522d04694c7ebea4ba8821272dbef4f9b818c91),platform=Windows NT 6.3.9600 x86_64) (WARNING: The server did not provide any stacktrace information)
Command duration or timeout: 0 milliseconds
For documentation on this error, please visit: http://seleniumhq.org/exceptions/no_such_element.html
Build info: version: &apos;3.14.0&apos;, revision: &apos;aacccce0&apos;, time: &apos;2018-08-02T20:19:58.91Z&apos;
System info: host: &apos;LENOVO-PC&apos;, ip: &apos;192.168.0.114&apos;, os.name: &apos;Windows 8.1&apos;, os.arch: &apos;amd64&apos;, os.version: &apos;6.3&apos;, java.version: &apos;1.8.0_241&apos;
Driver info: org.openqa.selenium.chrome.ChromeDriver
Capabilities {acceptInsecureCerts: false, acceptSslCerts: false, applicationCacheEnabled: false, browserConnectionEnabled: false, browserName: chrome, chrome: {chromedriverVersion: 2.36.540470 (e522d04694c7eb..., userDataDir: C:\Users\SRENIV~1\AppData\L...}, cssSelectorsEnabled: true, databaseEnabled: false, handlesAlerts: true, hasTouchScreen: false, javascriptEnabled: true, locationContextEnabled: true, mobileEmulationEnabled: false, nativeEvents: true, networkConnectionEnabled: false, pageLoadStrategy: normal, platform: XP, platformName: XP, rotatable: false, setWindowRect: true, takesHeapSnapshot: true, takesScreenshot: true, unexpectedAlertBehaviour: , unhandledPromptBehavior: , version: 80.0.3987.149, webStorageEnabled: true}
Session ID: 982e80ac4a59ab0ebf4b4c3c478d93ee
*** Element info: {Using=xpath, value=//div[@id=&apos;mxCPTTitle&apos;][contains(text(),&apos;Ultimate Card&apos;)]}
	at sun.reflect.NativeConstructorAccessorImpl.newInstance0(Native Method)
	at sun.reflect.NativeConstructorAccessorImpl.newInstance(Unknown Source)
	at sun.reflect.DelegatingConstructorAccessorImpl.newInstance(Unknown Source)
	at java.lang.reflect.Constructor.newInstance(Unknown Source)
	at org.openqa.selenium.remote.ErrorHandler.createThrowable(ErrorHandler.java:214)
	at org.openqa.selenium.remote.ErrorHandler.throwIfResponseFailed(ErrorHandler.java:166)
	at org.openqa.selenium.remote.http.JsonHttpResponseCodec.reconstructValue(JsonHttpResponseCodec.java:40)
	at org.openqa.selenium.remote.http.AbstractHttpResponseCodec.decode(AbstractHttpResponseCodec.java:80)
	at org.openqa.selenium.remote.http.AbstractHttpResponseCodec.decode(AbstractHttpResponseCodec.java:44)
	at org.openqa.selenium.remote.HttpCommandExecutor.execute(HttpCommandExecutor.java:158)
	at org.openqa.selenium.remote.service.DriverCommandExecutor.execute(DriverCommandExecutor.java:83)
	at org.openqa.selenium.remote.RemoteWebDriver.execute(RemoteWebDriver.java:548)
	at org.openqa.selenium.remote.RemoteWebDriver.findElement(RemoteWebDriver.java:322)
	at org.openqa.selenium.remote.RemoteWebDriver.findElementByXPath(RemoteWebDriver.java:424)
	at org.openqa.selenium.By$ByXPath.findElement(By.java:353)
	at org.openqa.selenium.remote.RemoteWebDriver.findElement(RemoteWebDriver.java:314)
	at wrappers.GenericWrappers.scrollDown(GenericWrappers.java:651)
	at pages.StatementRequestPage.scrollDownforCreditAccountName(StatementRequestPage.java:78)
	at testcases.statementrequest.TC25ViewListOfCreditCardAccountsForCreditAccountTypeIntents.StatementRequestIntentOneForCreditAccountType(TC25ViewListOfCreditCardAccountsForCreditAccountTypeIntents.java:42)
	at sun.reflect.NativeMethodAccessorImpl.invoke0(Native Method)
	at sun.reflect.NativeMethodAccessorImpl.invoke(Unknown Source)
	at sun.reflect.DelegatingMethodAccessorImpl.invoke(Unknown Source)
	at java.lang.reflect.Method.invoke(Unknown Source)
	at org.testng.internal.MethodInvocationHelper.invokeMethod(MethodInvocationHelper.java:134)
	at org.testng.internal.TestInvoker.invokeMethod(TestInvoker.java:597)
	at org.testng.internal.TestInvoker.invokeTestMethod(TestInvoker.java:173)
	at org.testng.internal.MethodRunner.runInSequence(MethodRunner.java:46)
	at org.testng.internal.TestInvoker$MethodInvocationAgent.invoke(TestInvoker.java:816)
	at org.testng.internal.TestInvoker.invokeTestMethods(TestInvoker.java:146)
	at org.testng.internal.TestMethodWorker.invokeTestMethods(TestMethodWorker.java:146)
	at org.testng.internal.TestMethodWorker.run(TestMethodWorker.java:128)
	at java.util.ArrayList.forEach(Unknown Source)
	at org.testng.TestRunner.privateRun(TestRunner.java:766)
	at org.testng.TestRunner.run(TestRunner.java:587)
	at org.testng.SuiteRunner.runTest(SuiteRunner.java:384)
	at org.testng.SuiteRunner.runSequentially(SuiteRunner.java:378)
	at org.testng.SuiteRunner.privateRun(SuiteRunner.java:337)
	at org.testng.SuiteRunner.run(SuiteRunner.java:286)
	at org.testng.SuiteRunnerWorker.runSuite(SuiteRunnerWorker.java:53)
	at org.testng.SuiteRunnerWorker.run(SuiteRunnerWorker.java:96)
	at org.testng.TestNG.runSuitesSequentially(TestNG.java:1187)
	at org.testng.TestNG.runSuitesLocally(TestNG.java:1109)
	at org.testng.TestNG.runSuites(TestNG.java:1039)
	at org.testng.TestNG.run(TestNG.java:1007)
	at org.testng.remote.AbstractRemoteTestNG.run(AbstractRemoteTestNG.java:115)
	at org.testng.remote.RemoteTestNG.initAndRun(RemoteTestNG.java:251)
	at org.testng.remote.RemoteTestNG.main(RemoteTestNG.java:77)
</pre></div></td>
<td>31</td>
<td>testcases.statementrequest.TC25ViewListOfCreditCardAccountsForCreditAccountTypeIntents@306279ee</td></tr>
<tr>
<td title='testcases.statementrequest.TC17StatementRequestSupportedIntentsForAccountName.StatementRequestIntentTwoForAccountName()'><b>StatementRequestIntentTwoForAccountName</b><br>Test class: testcases.statementrequest.TC17StatementRequestSupportedIntentsForAccountName</td>
<td><div><pre>java.lang.RuntimeException: FAILED
	at utils.Reporter.reportStep(Reporter.java:29)
	at wrappers.GenericWrappers.verifyTextByXpath(GenericWrappers.java:474)
	at pages.StatementRequestPage.verifyResponseForWrongMonth(StatementRequestPage.java:159)
	at testcases.statementrequest.TC17StatementRequestSupportedIntentsForAccountName.StatementRequestIntentTwoForAccountName(TC17StatementRequestSupportedIntentsForAccountName.java:60)
	at java.util.ArrayList.forEach(Unknown Source)
... Removed 27 stack frames</pre></div><a href='#' onClick='toggleBox("stack-trace959327785", this, "Click to show all stack frames", "Click to hide stack frames")'>Click to show all stack frames</a>
<div class='stack-trace' id='stack-trace959327785'><pre>java.lang.RuntimeException: FAILED
	at utils.Reporter.reportStep(Reporter.java:29)
	at wrappers.GenericWrappers.verifyTextByXpath(GenericWrappers.java:474)
	at pages.StatementRequestPage.verifyResponseForWrongMonth(StatementRequestPage.java:159)
	at testcases.statementrequest.TC17StatementRequestSupportedIntentsForAccountName.StatementRequestIntentTwoForAccountName(TC17StatementRequestSupportedIntentsForAccountName.java:60)
	at sun.reflect.NativeMethodAccessorImpl.invoke0(Native Method)
	at sun.reflect.NativeMethodAccessorImpl.invoke(Unknown Source)
	at sun.reflect.DelegatingMethodAccessorImpl.invoke(Unknown Source)
	at java.lang.reflect.Method.invoke(Unknown Source)
	at org.testng.internal.MethodInvocationHelper.invokeMethod(MethodInvocationHelper.java:134)
	at org.testng.internal.TestInvoker.invokeMethod(TestInvoker.java:597)
	at org.testng.internal.TestInvoker.invokeTestMethod(TestInvoker.java:173)
	at org.testng.internal.MethodRunner.runInSequence(MethodRunner.java:46)
	at org.testng.internal.TestInvoker$MethodInvocationAgent.invoke(TestInvoker.java:816)
	at org.testng.internal.TestInvoker.invokeTestMethods(TestInvoker.java:146)
	at org.testng.internal.TestMethodWorker.invokeTestMethods(TestMethodWorker.java:146)
	at org.testng.internal.TestMethodWorker.run(TestMethodWorker.java:128)
	at java.util.ArrayList.forEach(Unknown Source)
	at org.testng.TestRunner.privateRun(TestRunner.java:766)
	at org.testng.TestRunner.run(TestRunner.java:587)
	at org.testng.SuiteRunner.runTest(SuiteRunner.java:384)
	at org.testng.SuiteRunner.runSequentially(SuiteRunner.java:378)
	at org.testng.SuiteRunner.privateRun(SuiteRunner.java:337)
	at org.testng.SuiteRunner.run(SuiteRunner.java:286)
	at org.testng.SuiteRunnerWorker.runSuite(SuiteRunnerWorker.java:53)
	at org.testng.SuiteRunnerWorker.run(SuiteRunnerWorker.java:96)
	at org.testng.TestNG.runSuitesSequentially(TestNG.java:1187)
	at org.testng.TestNG.runSuitesLocally(TestNG.java:1109)
	at org.testng.TestNG.runSuites(TestNG.java:1039)
	at org.testng.TestNG.run(TestNG.java:1007)
	at org.testng.remote.AbstractRemoteTestNG.run(AbstractRemoteTestNG.java:115)
	at org.testng.remote.RemoteTestNG.initAndRun(RemoteTestNG.java:251)
	at org.testng.remote.RemoteTestNG.main(RemoteTestNG.java:77)
</pre></div></td>
<td>33</td>
<td>testcases.statementrequest.TC17StatementRequestSupportedIntentsForAccountName@954b04f</td></tr>
<tr>
<td title='testcases.statementrequest.TC40StatementRequestForCardNumberEndingSupportedIntents.StatementRequestIntentTwoForAccountName()'><b>StatementRequestIntentTwoForAccountName</b><br>Test class: testcases.statementrequest.TC40StatementRequestForCardNumberEndingSupportedIntents</td>
<td><div><pre>java.lang.RuntimeException: FAILED
	at utils.Reporter.reportStep(Reporter.java:29)
	at wrappers.GenericWrappers.verifyTextByXpath(GenericWrappers.java:474)
	at pages.StatementRequestPage.verifyResponseForWrongMonth(StatementRequestPage.java:159)
	at testcases.statementrequest.TC40StatementRequestForCardNumberEndingSupportedIntents.StatementRequestIntentTwoForAccountName(TC40StatementRequestForCardNumberEndingSupportedIntents.java:60)
	at java.util.ArrayList.forEach(Unknown Source)
... Removed 27 stack frames</pre></div><a href='#' onClick='toggleBox("stack-trace2131155602", this, "Click to show all stack frames", "Click to hide stack frames")'>Click to show all stack frames</a>
<div class='stack-trace' id='stack-trace2131155602'><pre>java.lang.RuntimeException: FAILED
	at utils.Reporter.reportStep(Reporter.java:29)
	at wrappers.GenericWrappers.verifyTextByXpath(GenericWrappers.java:474)
	at pages.StatementRequestPage.verifyResponseForWrongMonth(StatementRequestPage.java:159)
	at testcases.statementrequest.TC40StatementRequestForCardNumberEndingSupportedIntents.StatementRequestIntentTwoForAccountName(TC40StatementRequestForCardNumberEndingSupportedIntents.java:60)
	at sun.reflect.NativeMethodAccessorImpl.invoke0(Native Method)
	at sun.reflect.NativeMethodAccessorImpl.invoke(Unknown Source)
	at sun.reflect.DelegatingMethodAccessorImpl.invoke(Unknown Source)
	at java.lang.reflect.Method.invoke(Unknown Source)
	at org.testng.internal.MethodInvocationHelper.invokeMethod(MethodInvocationHelper.java:134)
	at org.testng.internal.TestInvoker.invokeMethod(TestInvoker.java:597)
	at org.testng.internal.TestInvoker.invokeTestMethod(TestInvoker.java:173)
	at org.testng.internal.MethodRunner.runInSequence(MethodRunner.java:46)
	at org.testng.internal.TestInvoker$MethodInvocationAgent.invoke(TestInvoker.java:816)
	at org.testng.internal.TestInvoker.invokeTestMethods(TestInvoker.java:146)
	at org.testng.internal.TestMethodWorker.invokeTestMethods(TestMethodWorker.java:146)
	at org.testng.internal.TestMethodWorker.run(TestMethodWorker.java:128)
	at java.util.ArrayList.forEach(Unknown Source)
	at org.testng.TestRunner.privateRun(TestRunner.java:766)
	at org.testng.TestRunner.run(TestRunner.java:587)
	at org.testng.SuiteRunner.runTest(SuiteRunner.java:384)
	at org.testng.SuiteRunner.runSequentially(SuiteRunner.java:378)
	at org.testng.SuiteRunner.privateRun(SuiteRunner.java:337)
	at org.testng.SuiteRunner.run(SuiteRunner.java:286)
	at org.testng.SuiteRunnerWorker.runSuite(SuiteRunnerWorker.java:53)
	at org.testng.SuiteRunnerWorker.run(SuiteRunnerWorker.java:96)
	at org.testng.TestNG.runSuitesSequentially(TestNG.java:1187)
	at org.testng.TestNG.runSuitesLocally(TestNG.java:1109)
	at org.testng.TestNG.runSuites(TestNG.java:1039)
	at org.testng.TestNG.run(TestNG.java:1007)
	at org.testng.remote.AbstractRemoteTestNG.run(AbstractRemoteTestNG.java:115)
	at org.testng.remote.RemoteTestNG.initAndRun(RemoteTestNG.java:251)
	at org.testng.remote.RemoteTestNG.main(RemoteTestNG.java:77)
</pre></div></td>
<td>35</td>
<td>testcases.statementrequest.TC40StatementRequestForCardNumberEndingSupportedIntents@2f0a87b3</td></tr>
<tr>
<td title='testcases.statementrequest.TC25ViewListOfCreditCardAccountsForCreditAccountTypeIntents.StatementRequestIntentTwoForCreditAccountType()'><b>StatementRequestIntentTwoForCreditAccountType</b><br>Test class: testcases.statementrequest.TC25ViewListOfCreditCardAccountsForCreditAccountTypeIntents</td>
<td><div><pre>org.openqa.selenium.NoSuchElementException: no such element: Unable to locate element: {&quot;method&quot;:&quot;xpath&quot;,&quot;selector&quot;:&quot;//div[@id=&apos;mxCPTTitle&apos;][contains(text(),&apos;Ultimate Card&apos;)]&quot;}
  (Session info: chrome=80.0.3987.149)
  (Driver info: chromedriver=2.36.540470 (e522d04694c7ebea4ba8821272dbef4f9b818c91),platform=Windows NT 6.3.9600 x86_64) (WARNING: The server did not provide any stacktrace information)
Command duration or timeout: 0 milliseconds
For documentation on this error, please visit: http://seleniumhq.org/exceptions/no_such_element.html
Build info: version: &apos;3.14.0&apos;, revision: &apos;aacccce0&apos;, time: &apos;2018-08-02T20:19:58.91Z&apos;
System info: host: &apos;LENOVO-PC&apos;, ip: &apos;192.168.0.114&apos;, os.name: &apos;Windows 8.1&apos;, os.arch: &apos;amd64&apos;, os.version: &apos;6.3&apos;, java.version: &apos;1.8.0_241&apos;
Driver info: org.openqa.selenium.chrome.ChromeDriver
Capabilities {acceptInsecureCerts: false, acceptSslCerts: false, applicationCacheEnabled: false, browserConnectionEnabled: false, browserName: chrome, chrome: {chromedriverVersion: 2.36.540470 (e522d04694c7eb..., userDataDir: C:\Users\SRENIV~1\AppData\L...}, cssSelectorsEnabled: true, databaseEnabled: false, handlesAlerts: true, hasTouchScreen: false, javascriptEnabled: true, locationContextEnabled: true, mobileEmulationEnabled: false, nativeEvents: true, networkConnectionEnabled: false, pageLoadStrategy: normal, platform: XP, platformName: XP, rotatable: false, setWindowRect: true, takesHeapSnapshot: true, takesScreenshot: true, unexpectedAlertBehaviour: , unhandledPromptBehavior: , version: 80.0.3987.149, webStorageEnabled: true}
Session ID: cd2ec778215ef631ecea62b14d7bae7a
*** Element info: {Using=xpath, value=//div[@id=&apos;mxCPTTitle&apos;][contains(text(),&apos;Ultimate Card&apos;)]}
	at org.openqa.selenium.remote.ErrorHandler.createThrowable(ErrorHandler.java:214)
	at org.openqa.selenium.remote.ErrorHandler.throwIfResponseFailed(ErrorHandler.java:166)
	at org.openqa.selenium.remote.http.JsonHttpResponseCodec.reconstructValue(JsonHttpResponseCodec.java:40)
	at org.openqa.selenium.remote.http.AbstractHttpResponseCodec.decode(AbstractHttpResponseCodec.java:80)
	at org.openqa.selenium.remote.http.AbstractHttpResponseCodec.decode(AbstractHttpResponseCodec.java:44)
	at org.openqa.selenium.remote.HttpCommandExecutor.execute(HttpCommandExecutor.java:158)
	at org.openqa.selenium.remote.service.DriverCommandExecutor.execute(DriverCommandExecutor.java:83)
	at org.openqa.selenium.remote.RemoteWebDriver.execute(RemoteWebDriver.java:548)
	at org.openqa.selenium.remote.RemoteWebDriver.findElement(RemoteWebDriver.java:322)
	at org.openqa.selenium.remote.RemoteWebDriver.findElementByXPath(RemoteWebDriver.java:424)
	at org.openqa.selenium.By$ByXPath.findElement(By.java:353)
	at org.openqa.selenium.remote.RemoteWebDriver.findElement(RemoteWebDriver.java:314)
	at wrappers.GenericWrappers.scrollDown(GenericWrappers.java:651)
	at pages.StatementRequestPage.scrollDownforCreditAccountName(StatementRequestPage.java:78)
	at testcases.statementrequest.TC25ViewListOfCreditCardAccountsForCreditAccountTypeIntents.StatementRequestIntentTwoForCreditAccountType(TC25ViewListOfCreditCardAccountsForCreditAccountTypeIntents.java:61)
	at java.util.ArrayList.forEach(Unknown Source)
... Removed 31 stack frames</pre></div><a href='#' onClick='toggleBox("stack-trace736923587", this, "Click to show all stack frames", "Click to hide stack frames")'>Click to show all stack frames</a>
<div class='stack-trace' id='stack-trace736923587'><pre>org.openqa.selenium.NoSuchElementException: no such element: Unable to locate element: {&quot;method&quot;:&quot;xpath&quot;,&quot;selector&quot;:&quot;//div[@id=&apos;mxCPTTitle&apos;][contains(text(),&apos;Ultimate Card&apos;)]&quot;}
  (Session info: chrome=80.0.3987.149)
  (Driver info: chromedriver=2.36.540470 (e522d04694c7ebea4ba8821272dbef4f9b818c91),platform=Windows NT 6.3.9600 x86_64) (WARNING: The server did not provide any stacktrace information)
Command duration or timeout: 0 milliseconds
For documentation on this error, please visit: http://seleniumhq.org/exceptions/no_such_element.html
Build info: version: &apos;3.14.0&apos;, revision: &apos;aacccce0&apos;, time: &apos;2018-08-02T20:19:58.91Z&apos;
System info: host: &apos;LENOVO-PC&apos;, ip: &apos;192.168.0.114&apos;, os.name: &apos;Windows 8.1&apos;, os.arch: &apos;amd64&apos;, os.version: &apos;6.3&apos;, java.version: &apos;1.8.0_241&apos;
Driver info: org.openqa.selenium.chrome.ChromeDriver
Capabilities {acceptInsecureCerts: false, acceptSslCerts: false, applicationCacheEnabled: false, browserConnectionEnabled: false, browserName: chrome, chrome: {chromedriverVersion: 2.36.540470 (e522d04694c7eb..., userDataDir: C:\Users\SRENIV~1\AppData\L...}, cssSelectorsEnabled: true, databaseEnabled: false, handlesAlerts: true, hasTouchScreen: false, javascriptEnabled: true, locationContextEnabled: true, mobileEmulationEnabled: false, nativeEvents: true, networkConnectionEnabled: false, pageLoadStrategy: normal, platform: XP, platformName: XP, rotatable: false, setWindowRect: true, takesHeapSnapshot: true, takesScreenshot: true, unexpectedAlertBehaviour: , unhandledPromptBehavior: , version: 80.0.3987.149, webStorageEnabled: true}
Session ID: cd2ec778215ef631ecea62b14d7bae7a
*** Element info: {Using=xpath, value=//div[@id=&apos;mxCPTTitle&apos;][contains(text(),&apos;Ultimate Card&apos;)]}
	at sun.reflect.NativeConstructorAccessorImpl.newInstance0(Native Method)
	at sun.reflect.NativeConstructorAccessorImpl.newInstance(Unknown Source)
	at sun.reflect.DelegatingConstructorAccessorImpl.newInstance(Unknown Source)
	at java.lang.reflect.Constructor.newInstance(Unknown Source)
	at org.openqa.selenium.remote.ErrorHandler.createThrowable(ErrorHandler.java:214)
	at org.openqa.selenium.remote.ErrorHandler.throwIfResponseFailed(ErrorHandler.java:166)
	at org.openqa.selenium.remote.http.JsonHttpResponseCodec.reconstructValue(JsonHttpResponseCodec.java:40)
	at org.openqa.selenium.remote.http.AbstractHttpResponseCodec.decode(AbstractHttpResponseCodec.java:80)
	at org.openqa.selenium.remote.http.AbstractHttpResponseCodec.decode(AbstractHttpResponseCodec.java:44)
	at org.openqa.selenium.remote.HttpCommandExecutor.execute(HttpCommandExecutor.java:158)
	at org.openqa.selenium.remote.service.DriverCommandExecutor.execute(DriverCommandExecutor.java:83)
	at org.openqa.selenium.remote.RemoteWebDriver.execute(RemoteWebDriver.java:548)
	at org.openqa.selenium.remote.RemoteWebDriver.findElement(RemoteWebDriver.java:322)
	at org.openqa.selenium.remote.RemoteWebDriver.findElementByXPath(RemoteWebDriver.java:424)
	at org.openqa.selenium.By$ByXPath.findElement(By.java:353)
	at org.openqa.selenium.remote.RemoteWebDriver.findElement(RemoteWebDriver.java:314)
	at wrappers.GenericWrappers.scrollDown(GenericWrappers.java:651)
	at pages.StatementRequestPage.scrollDownforCreditAccountName(StatementRequestPage.java:78)
	at testcases.statementrequest.TC25ViewListOfCreditCardAccountsForCreditAccountTypeIntents.StatementRequestIntentTwoForCreditAccountType(TC25ViewListOfCreditCardAccountsForCreditAccountTypeIntents.java:61)
	at sun.reflect.NativeMethodAccessorImpl.invoke0(Native Method)
	at sun.reflect.NativeMethodAccessorImpl.invoke(Unknown Source)
	at sun.reflect.DelegatingMethodAccessorImpl.invoke(Unknown Source)
	at java.lang.reflect.Method.invoke(Unknown Source)
	at org.testng.internal.MethodInvocationHelper.invokeMethod(MethodInvocationHelper.java:134)
	at org.testng.internal.TestInvoker.invokeMethod(TestInvoker.java:597)
	at org.testng.internal.TestInvoker.invokeTestMethod(TestInvoker.java:173)
	at org.testng.internal.MethodRunner.runInSequence(MethodRunner.java:46)
	at org.testng.internal.TestInvoker$MethodInvocationAgent.invoke(TestInvoker.java:816)
	at org.testng.internal.TestInvoker.invokeTestMethods(TestInvoker.java:146)
	at org.testng.internal.TestMethodWorker.invokeTestMethods(TestMethodWorker.java:146)
	at org.testng.internal.TestMethodWorker.run(TestMethodWorker.java:128)
	at java.util.ArrayList.forEach(Unknown Source)
	at org.testng.TestRunner.privateRun(TestRunner.java:766)
	at org.testng.TestRunner.run(TestRunner.java:587)
	at org.testng.SuiteRunner.runTest(SuiteRunner.java:384)
	at org.testng.SuiteRunner.runSequentially(SuiteRunner.java:378)
	at org.testng.SuiteRunner.privateRun(SuiteRunner.java:337)
	at org.testng.SuiteRunner.run(SuiteRunner.java:286)
	at org.testng.SuiteRunnerWorker.runSuite(SuiteRunnerWorker.java:53)
	at org.testng.SuiteRunnerWorker.run(SuiteRunnerWorker.java:96)
	at org.testng.TestNG.runSuitesSequentially(TestNG.java:1187)
	at org.testng.TestNG.runSuitesLocally(TestNG.java:1109)
	at org.testng.TestNG.runSuites(TestNG.java:1039)
	at org.testng.TestNG.run(TestNG.java:1007)
	at org.testng.remote.AbstractRemoteTestNG.run(AbstractRemoteTestNG.java:115)
	at org.testng.remote.RemoteTestNG.initAndRun(RemoteTestNG.java:251)
	at org.testng.remote.RemoteTestNG.main(RemoteTestNG.java:77)
</pre></div></td>
<td>30</td>
<td>testcases.statementrequest.TC25ViewListOfCreditCardAccountsForCreditAccountTypeIntents@306279ee</td></tr>
<tr>
<td title='testcases.statementrequest.TC06StatementRequestSelectTheListOfAccounts.StatementRequestSelectPlatinumRewardAccount()'><b>StatementRequestSelectPlatinumRewardAccount</b><br>Test class: testcases.statementrequest.TC06StatementRequestSelectTheListOfAccounts</td>
<td><div><pre>java.lang.RuntimeException: FAILED
	at utils.Reporter.reportStep(Reporter.java:29)
	at wrappers.GenericWrappers.verifyTextByXpath(GenericWrappers.java:474)
	at pages.StatementRequestPage.VerifyAccount(StatementRequestPage.java:99)
	at testcases.statementrequest.TC06StatementRequestSelectTheListOfAccounts.StatementRequestSelectPlatinumRewardAccount(TC06StatementRequestSelectTheListOfAccounts.java:63)
	at java.util.ArrayList.forEach(Unknown Source)
... Removed 27 stack frames</pre></div><a href='#' onClick='toggleBox("stack-trace1577643304", this, "Click to show all stack frames", "Click to hide stack frames")'>Click to show all stack frames</a>
<div class='stack-trace' id='stack-trace1577643304'><pre>java.lang.RuntimeException: FAILED
	at utils.Reporter.reportStep(Reporter.java:29)
	at wrappers.GenericWrappers.verifyTextByXpath(GenericWrappers.java:474)
	at pages.StatementRequestPage.VerifyAccount(StatementRequestPage.java:99)
	at testcases.statementrequest.TC06StatementRequestSelectTheListOfAccounts.StatementRequestSelectPlatinumRewardAccount(TC06StatementRequestSelectTheListOfAccounts.java:63)
	at sun.reflect.NativeMethodAccessorImpl.invoke0(Native Method)
	at sun.reflect.NativeMethodAccessorImpl.invoke(Unknown Source)
	at sun.reflect.DelegatingMethodAccessorImpl.invoke(Unknown Source)
	at java.lang.reflect.Method.invoke(Unknown Source)
	at org.testng.internal.MethodInvocationHelper.invokeMethod(MethodInvocationHelper.java:134)
	at org.testng.internal.TestInvoker.invokeMethod(TestInvoker.java:597)
	at org.testng.internal.TestInvoker.invokeTestMethod(TestInvoker.java:173)
	at org.testng.internal.MethodRunner.runInSequence(MethodRunner.java:46)
	at org.testng.internal.TestInvoker$MethodInvocationAgent.invoke(TestInvoker.java:816)
	at org.testng.internal.TestInvoker.invokeTestMethods(TestInvoker.java:146)
	at org.testng.internal.TestMethodWorker.invokeTestMethods(TestMethodWorker.java:146)
	at org.testng.internal.TestMethodWorker.run(TestMethodWorker.java:128)
	at java.util.ArrayList.forEach(Unknown Source)
	at org.testng.TestRunner.privateRun(TestRunner.java:766)
	at org.testng.TestRunner.run(TestRunner.java:587)
	at org.testng.SuiteRunner.runTest(SuiteRunner.java:384)
	at org.testng.SuiteRunner.runSequentially(SuiteRunner.java:378)
	at org.testng.SuiteRunner.privateRun(SuiteRunner.java:337)
	at org.testng.SuiteRunner.run(SuiteRunner.java:286)
	at org.testng.SuiteRunnerWorker.runSuite(SuiteRunnerWorker.java:53)
	at org.testng.SuiteRunnerWorker.run(SuiteRunnerWorker.java:96)
	at org.testng.TestNG.runSuitesSequentially(TestNG.java:1187)
	at org.testng.TestNG.runSuitesLocally(TestNG.java:1109)
	at org.testng.TestNG.runSuites(TestNG.java:1039)
	at org.testng.TestNG.run(TestNG.java:1007)
	at org.testng.remote.AbstractRemoteTestNG.run(AbstractRemoteTestNG.java:115)
	at org.testng.remote.RemoteTestNG.initAndRun(RemoteTestNG.java:251)
	at org.testng.remote.RemoteTestNG.main(RemoteTestNG.java:77)
</pre></div></td>
<td>37</td>
<td>testcases.statementrequest.TC06StatementRequestSelectTheListOfAccounts@eb21112</td></tr>
<tr>
<td title='testcases.statementrequest.TC44BotResponseForSameCardNumberEndingIntentGivenTwice.StatementRequestTwoForCardNumberEndingIntentTwice()'><b>StatementRequestTwoForCardNumberEndingIntentTwice</b><br>Test class: testcases.statementrequest.TC44BotResponseForSameCardNumberEndingIntentGivenTwice</td>
<td><div><pre>java.lang.RuntimeException: FAILED
	at utils.Reporter.reportStep(Reporter.java:29)
	at wrappers.GenericWrappers.verifyTextByXpath(GenericWrappers.java:474)
	at pages.StatementRequestPage.verifyResponseTwoForSameCardNumberEndingIntentAgain(StatementRequestPage.java:174)
	at testcases.statementrequest.TC44BotResponseForSameCardNumberEndingIntentGivenTwice.StatementRequestTwoForCardNumberEndingIntentTwice(TC44BotResponseForSameCardNumberEndingIntentGivenTwice.java:61)
	at java.util.ArrayList.forEach(Unknown Source)
... Removed 27 stack frames</pre></div><a href='#' onClick='toggleBox("stack-trace154013935", this, "Click to show all stack frames", "Click to hide stack frames")'>Click to show all stack frames</a>
<div class='stack-trace' id='stack-trace154013935'><pre>java.lang.RuntimeException: FAILED
	at utils.Reporter.reportStep(Reporter.java:29)
	at wrappers.GenericWrappers.verifyTextByXpath(GenericWrappers.java:474)
	at pages.StatementRequestPage.verifyResponseTwoForSameCardNumberEndingIntentAgain(StatementRequestPage.java:174)
	at testcases.statementrequest.TC44BotResponseForSameCardNumberEndingIntentGivenTwice.StatementRequestTwoForCardNumberEndingIntentTwice(TC44BotResponseForSameCardNumberEndingIntentGivenTwice.java:61)
	at sun.reflect.NativeMethodAccessorImpl.invoke0(Native Method)
	at sun.reflect.NativeMethodAccessorImpl.invoke(Unknown Source)
	at sun.reflect.DelegatingMethodAccessorImpl.invoke(Unknown Source)
	at java.lang.reflect.Method.invoke(Unknown Source)
	at org.testng.internal.MethodInvocationHelper.invokeMethod(MethodInvocationHelper.java:134)
	at org.testng.internal.TestInvoker.invokeMethod(TestInvoker.java:597)
	at org.testng.internal.TestInvoker.invokeTestMethod(TestInvoker.java:173)
	at org.testng.internal.MethodRunner.runInSequence(MethodRunner.java:46)
	at org.testng.internal.TestInvoker$MethodInvocationAgent.invoke(TestInvoker.java:816)
	at org.testng.internal.TestInvoker.invokeTestMethods(TestInvoker.java:146)
	at org.testng.internal.TestMethodWorker.invokeTestMethods(TestMethodWorker.java:146)
	at org.testng.internal.TestMethodWorker.run(TestMethodWorker.java:128)
	at java.util.ArrayList.forEach(Unknown Source)
	at org.testng.TestRunner.privateRun(TestRunner.java:766)
	at org.testng.TestRunner.run(TestRunner.java:587)
	at org.testng.SuiteRunner.runTest(SuiteRunner.java:384)
	at org.testng.SuiteRunner.runSequentially(SuiteRunner.java:378)
	at org.testng.SuiteRunner.privateRun(SuiteRunner.java:337)
	at org.testng.SuiteRunner.run(SuiteRunner.java:286)
	at org.testng.SuiteRunnerWorker.runSuite(SuiteRunnerWorker.java:53)
	at org.testng.SuiteRunnerWorker.run(SuiteRunnerWorker.java:96)
	at org.testng.TestNG.runSuitesSequentially(TestNG.java:1187)
	at org.testng.TestNG.runSuitesLocally(TestNG.java:1109)
	at org.testng.TestNG.runSuites(TestNG.java:1039)
	at org.testng.TestNG.run(TestNG.java:1007)
	at org.testng.remote.AbstractRemoteTestNG.run(AbstractRemoteTestNG.java:115)
	at org.testng.remote.RemoteTestNG.initAndRun(RemoteTestNG.java:251)
	at org.testng.remote.RemoteTestNG.main(RemoteTestNG.java:77)
</pre></div></td>
<td>39</td>
<td>testcases.statementrequest.TC44BotResponseForSameCardNumberEndingIntentGivenTwice@5c18298f</td></tr>
<tr>
<td title='testcases.statementrequest.TC05StatementRequestDisplaysListOfAllAccounts.StatementRequestViewAccountUsingIntentFive()'><b>StatementRequestViewAccountUsingIntentFive</b><br>Test class: testcases.statementrequest.TC05StatementRequestDisplaysListOfAllAccounts</td>
<td><div><pre>java.lang.RuntimeException: FAILED
	at utils.Reporter.reportStep(Reporter.java:29)
	at wrappers.GenericWrappers.verifyTextByXpath(GenericWrappers.java:474)
	at pages.StatementRequestPage.VerifyAccount(StatementRequestPage.java:99)
	at testcases.statementrequest.TC05StatementRequestDisplaysListOfAllAccounts.StatementRequestViewAccountUsingIntentFive(TC05StatementRequestDisplaysListOfAllAccounts.java:133)
	at java.util.ArrayList.forEach(Unknown Source)
... Removed 27 stack frames</pre></div><a href='#' onClick='toggleBox("stack-trace1817408103", this, "Click to show all stack frames", "Click to hide stack frames")'>Click to show all stack frames</a>
<div class='stack-trace' id='stack-trace1817408103'><pre>java.lang.RuntimeException: FAILED
	at utils.Reporter.reportStep(Reporter.java:29)
	at wrappers.GenericWrappers.verifyTextByXpath(GenericWrappers.java:474)
	at pages.StatementRequestPage.VerifyAccount(StatementRequestPage.java:99)
	at testcases.statementrequest.TC05StatementRequestDisplaysListOfAllAccounts.StatementRequestViewAccountUsingIntentFive(TC05StatementRequestDisplaysListOfAllAccounts.java:133)
	at sun.reflect.NativeMethodAccessorImpl.invoke0(Native Method)
	at sun.reflect.NativeMethodAccessorImpl.invoke(Unknown Source)
	at sun.reflect.DelegatingMethodAccessorImpl.invoke(Unknown Source)
	at java.lang.reflect.Method.invoke(Unknown Source)
	at org.testng.internal.MethodInvocationHelper.invokeMethod(MethodInvocationHelper.java:134)
	at org.testng.internal.TestInvoker.invokeMethod(TestInvoker.java:597)
	at org.testng.internal.TestInvoker.invokeTestMethod(TestInvoker.java:173)
	at org.testng.internal.MethodRunner.runInSequence(MethodRunner.java:46)
	at org.testng.internal.TestInvoker$MethodInvocationAgent.invoke(TestInvoker.java:816)
	at org.testng.internal.TestInvoker.invokeTestMethods(TestInvoker.java:146)
	at org.testng.internal.TestMethodWorker.invokeTestMethods(TestMethodWorker.java:146)
	at org.testng.internal.TestMethodWorker.run(TestMethodWorker.java:128)
	at java.util.ArrayList.forEach(Unknown Source)
	at org.testng.TestRunner.privateRun(TestRunner.java:766)
	at org.testng.TestRunner.run(TestRunner.java:587)
	at org.testng.SuiteRunner.runTest(SuiteRunner.java:384)
	at org.testng.SuiteRunner.runSequentially(SuiteRunner.java:378)
	at org.testng.SuiteRunner.privateRun(SuiteRunner.java:337)
	at org.testng.SuiteRunner.run(SuiteRunner.java:286)
	at org.testng.SuiteRunnerWorker.runSuite(SuiteRunnerWorker.java:53)
	at org.testng.SuiteRunnerWorker.run(SuiteRunnerWorker.java:96)
	at org.testng.TestNG.runSuitesSequentially(TestNG.java:1187)
	at org.testng.TestNG.runSuitesLocally(TestNG.java:1109)
	at org.testng.TestNG.runSuites(TestNG.java:1039)
	at org.testng.TestNG.run(TestNG.java:1007)
	at org.testng.remote.AbstractRemoteTestNG.run(AbstractRemoteTestNG.java:115)
	at org.testng.remote.RemoteTestNG.initAndRun(RemoteTestNG.java:251)
	at org.testng.remote.RemoteTestNG.main(RemoteTestNG.java:77)
</pre></div></td>
<td>42</td>
<td>testcases.statementrequest.TC05StatementRequestDisplaysListOfAllAccounts@43a0cee9</td></tr>
<tr>
<td title='testcases.statementrequest.TC05StatementRequestDisplaysListOfAllAccounts.StatementRequestViewAccountUsingIntentFour()'><b>StatementRequestViewAccountUsingIntentFour</b><br>Test class: testcases.statementrequest.TC05StatementRequestDisplaysListOfAllAccounts</td>
<td><div><pre>java.lang.RuntimeException: FAILED
	at utils.Reporter.reportStep(Reporter.java:29)
	at wrappers.GenericWrappers.verifyTextByXpath(GenericWrappers.java:474)
	at pages.StatementRequestPage.VerifyAccount(StatementRequestPage.java:99)
	at testcases.statementrequest.TC05StatementRequestDisplaysListOfAllAccounts.StatementRequestViewAccountUsingIntentFour(TC05StatementRequestDisplaysListOfAllAccounts.java:111)
	at java.util.ArrayList.forEach(Unknown Source)
... Removed 27 stack frames</pre></div><a href='#' onClick='toggleBox("stack-trace1897978534", this, "Click to show all stack frames", "Click to hide stack frames")'>Click to show all stack frames</a>
<div class='stack-trace' id='stack-trace1897978534'><pre>java.lang.RuntimeException: FAILED
	at utils.Reporter.reportStep(Reporter.java:29)
	at wrappers.GenericWrappers.verifyTextByXpath(GenericWrappers.java:474)
	at pages.StatementRequestPage.VerifyAccount(StatementRequestPage.java:99)
	at testcases.statementrequest.TC05StatementRequestDisplaysListOfAllAccounts.StatementRequestViewAccountUsingIntentFour(TC05StatementRequestDisplaysListOfAllAccounts.java:111)
	at sun.reflect.NativeMethodAccessorImpl.invoke0(Native Method)
	at sun.reflect.NativeMethodAccessorImpl.invoke(Unknown Source)
	at sun.reflect.DelegatingMethodAccessorImpl.invoke(Unknown Source)
	at java.lang.reflect.Method.invoke(Unknown Source)
	at org.testng.internal.MethodInvocationHelper.invokeMethod(MethodInvocationHelper.java:134)
	at org.testng.internal.TestInvoker.invokeMethod(TestInvoker.java:597)
	at org.testng.internal.TestInvoker.invokeTestMethod(TestInvoker.java:173)
	at org.testng.internal.MethodRunner.runInSequence(MethodRunner.java:46)
	at org.testng.internal.TestInvoker$MethodInvocationAgent.invoke(TestInvoker.java:816)
	at org.testng.internal.TestInvoker.invokeTestMethods(TestInvoker.java:146)
	at org.testng.internal.TestMethodWorker.invokeTestMethods(TestMethodWorker.java:146)
	at org.testng.internal.TestMethodWorker.run(TestMethodWorker.java:128)
	at java.util.ArrayList.forEach(Unknown Source)
	at org.testng.TestRunner.privateRun(TestRunner.java:766)
	at org.testng.TestRunner.run(TestRunner.java:587)
	at org.testng.SuiteRunner.runTest(SuiteRunner.java:384)
	at org.testng.SuiteRunner.runSequentially(SuiteRunner.java:378)
	at org.testng.SuiteRunner.privateRun(SuiteRunner.java:337)
	at org.testng.SuiteRunner.run(SuiteRunner.java:286)
	at org.testng.SuiteRunnerWorker.runSuite(SuiteRunnerWorker.java:53)
	at org.testng.SuiteRunnerWorker.run(SuiteRunnerWorker.java:96)
	at org.testng.TestNG.runSuitesSequentially(TestNG.java:1187)
	at org.testng.TestNG.runSuitesLocally(TestNG.java:1109)
	at org.testng.TestNG.runSuites(TestNG.java:1039)
	at org.testng.TestNG.run(TestNG.java:1007)
	at org.testng.remote.AbstractRemoteTestNG.run(AbstractRemoteTestNG.java:115)
	at org.testng.remote.RemoteTestNG.initAndRun(RemoteTestNG.java:251)
	at org.testng.remote.RemoteTestNG.main(RemoteTestNG.java:77)
</pre></div></td>
<td>36</td>
<td>testcases.statementrequest.TC05StatementRequestDisplaysListOfAllAccounts@43a0cee9</td></tr>
<tr>
<td title='testcases.statementrequest.TC05StatementRequestDisplaysListOfAllAccounts.StatementRequestViewAccountUsingIntentOne()'><b>StatementRequestViewAccountUsingIntentOne</b><br>Test class: testcases.statementrequest.TC05StatementRequestDisplaysListOfAllAccounts</td>
<td><div><pre>java.lang.RuntimeException: FAILED
	at utils.Reporter.reportStep(Reporter.java:29)
	at wrappers.GenericWrappers.verifyTextByXpath(GenericWrappers.java:474)
	at pages.StatementRequestPage.VerifyAccount(StatementRequestPage.java:99)
	at testcases.statementrequest.TC05StatementRequestDisplaysListOfAllAccounts.StatementRequestViewAccountUsingIntentOne(TC05StatementRequestDisplaysListOfAllAccounts.java:45)
	at java.util.ArrayList.forEach(Unknown Source)
... Removed 27 stack frames</pre></div><a href='#' onClick='toggleBox("stack-trace269414108", this, "Click to show all stack frames", "Click to hide stack frames")'>Click to show all stack frames</a>
<div class='stack-trace' id='stack-trace269414108'><pre>java.lang.RuntimeException: FAILED
	at utils.Reporter.reportStep(Reporter.java:29)
	at wrappers.GenericWrappers.verifyTextByXpath(GenericWrappers.java:474)
	at pages.StatementRequestPage.VerifyAccount(StatementRequestPage.java:99)
	at testcases.statementrequest.TC05StatementRequestDisplaysListOfAllAccounts.StatementRequestViewAccountUsingIntentOne(TC05StatementRequestDisplaysListOfAllAccounts.java:45)
	at sun.reflect.NativeMethodAccessorImpl.invoke0(Native Method)
	at sun.reflect.NativeMethodAccessorImpl.invoke(Unknown Source)
	at sun.reflect.DelegatingMethodAccessorImpl.invoke(Unknown Source)
	at java.lang.reflect.Method.invoke(Unknown Source)
	at org.testng.internal.MethodInvocationHelper.invokeMethod(MethodInvocationHelper.java:134)
	at org.testng.internal.TestInvoker.invokeMethod(TestInvoker.java:597)
	at org.testng.internal.TestInvoker.invokeTestMethod(TestInvoker.java:173)
	at org.testng.internal.MethodRunner.runInSequence(MethodRunner.java:46)
	at org.testng.internal.TestInvoker$MethodInvocationAgent.invoke(TestInvoker.java:816)
	at org.testng.internal.TestInvoker.invokeTestMethods(TestInvoker.java:146)
	at org.testng.internal.TestMethodWorker.invokeTestMethods(TestMethodWorker.java:146)
	at org.testng.internal.TestMethodWorker.run(TestMethodWorker.java:128)
	at java.util.ArrayList.forEach(Unknown Source)
	at org.testng.TestRunner.privateRun(TestRunner.java:766)
	at org.testng.TestRunner.run(TestRunner.java:587)
	at org.testng.SuiteRunner.runTest(SuiteRunner.java:384)
	at org.testng.SuiteRunner.runSequentially(SuiteRunner.java:378)
	at org.testng.SuiteRunner.privateRun(SuiteRunner.java:337)
	at org.testng.SuiteRunner.run(SuiteRunner.java:286)
	at org.testng.SuiteRunnerWorker.runSuite(SuiteRunnerWorker.java:53)
	at org.testng.SuiteRunnerWorker.run(SuiteRunnerWorker.java:96)
	at org.testng.TestNG.runSuitesSequentially(TestNG.java:1187)
	at org.testng.TestNG.runSuitesLocally(TestNG.java:1109)
	at org.testng.TestNG.runSuites(TestNG.java:1039)
	at org.testng.TestNG.run(TestNG.java:1007)
	at org.testng.remote.AbstractRemoteTestNG.run(AbstractRemoteTestNG.java:115)
	at org.testng.remote.RemoteTestNG.initAndRun(RemoteTestNG.java:251)
	at org.testng.remote.RemoteTestNG.main(RemoteTestNG.java:77)
</pre></div></td>
<td>40</td>
<td>testcases.statementrequest.TC05StatementRequestDisplaysListOfAllAccounts@43a0cee9</td></tr>
<tr>
<td title='testcases.statementrequest.TC05StatementRequestDisplaysListOfAllAccounts.StatementRequestViewAccountUsingIntentSix()'><b>StatementRequestViewAccountUsingIntentSix</b><br>Test class: testcases.statementrequest.TC05StatementRequestDisplaysListOfAllAccounts</td>
<td><div><pre>java.lang.RuntimeException: FAILED
	at utils.Reporter.reportStep(Reporter.java:29)
	at wrappers.GenericWrappers.verifyTextByXpath(GenericWrappers.java:474)
	at pages.StatementRequestPage.VerifyAccount(StatementRequestPage.java:99)
	at testcases.statementrequest.TC05StatementRequestDisplaysListOfAllAccounts.StatementRequestViewAccountUsingIntentSix(TC05StatementRequestDisplaysListOfAllAccounts.java:155)
	at java.util.ArrayList.forEach(Unknown Source)
... Removed 27 stack frames</pre></div><a href='#' onClick='toggleBox("stack-trace1284098442", this, "Click to show all stack frames", "Click to hide stack frames")'>Click to show all stack frames</a>
<div class='stack-trace' id='stack-trace1284098442'><pre>java.lang.RuntimeException: FAILED
	at utils.Reporter.reportStep(Reporter.java:29)
	at wrappers.GenericWrappers.verifyTextByXpath(GenericWrappers.java:474)
	at pages.StatementRequestPage.VerifyAccount(StatementRequestPage.java:99)
	at testcases.statementrequest.TC05StatementRequestDisplaysListOfAllAccounts.StatementRequestViewAccountUsingIntentSix(TC05StatementRequestDisplaysListOfAllAccounts.java:155)
	at sun.reflect.NativeMethodAccessorImpl.invoke0(Native Method)
	at sun.reflect.NativeMethodAccessorImpl.invoke(Unknown Source)
	at sun.reflect.DelegatingMethodAccessorImpl.invoke(Unknown Source)
	at java.lang.reflect.Method.invoke(Unknown Source)
	at org.testng.internal.MethodInvocationHelper.invokeMethod(MethodInvocationHelper.java:134)
	at org.testng.internal.TestInvoker.invokeMethod(TestInvoker.java:597)
	at org.testng.internal.TestInvoker.invokeTestMethod(TestInvoker.java:173)
	at org.testng.internal.MethodRunner.runInSequence(MethodRunner.java:46)
	at org.testng.internal.TestInvoker$MethodInvocationAgent.invoke(TestInvoker.java:816)
	at org.testng.internal.TestInvoker.invokeTestMethods(TestInvoker.java:146)
	at org.testng.internal.TestMethodWorker.invokeTestMethods(TestMethodWorker.java:146)
	at org.testng.internal.TestMethodWorker.run(TestMethodWorker.java:128)
	at java.util.ArrayList.forEach(Unknown Source)
	at org.testng.TestRunner.privateRun(TestRunner.java:766)
	at org.testng.TestRunner.run(TestRunner.java:587)
	at org.testng.SuiteRunner.runTest(SuiteRunner.java:384)
	at org.testng.SuiteRunner.runSequentially(SuiteRunner.java:378)
	at org.testng.SuiteRunner.privateRun(SuiteRunner.java:337)
	at org.testng.SuiteRunner.run(SuiteRunner.java:286)
	at org.testng.SuiteRunnerWorker.runSuite(SuiteRunnerWorker.java:53)
	at org.testng.SuiteRunnerWorker.run(SuiteRunnerWorker.java:96)
	at org.testng.TestNG.runSuitesSequentially(TestNG.java:1187)
	at org.testng.TestNG.runSuitesLocally(TestNG.java:1109)
	at org.testng.TestNG.runSuites(TestNG.java:1039)
	at org.testng.TestNG.run(TestNG.java:1007)
	at org.testng.remote.AbstractRemoteTestNG.run(AbstractRemoteTestNG.java:115)
	at org.testng.remote.RemoteTestNG.initAndRun(RemoteTestNG.java:251)
	at org.testng.remote.RemoteTestNG.main(RemoteTestNG.java:77)
</pre></div></td>
<td>38</td>
<td>testcases.statementrequest.TC05StatementRequestDisplaysListOfAllAccounts@43a0cee9</td></tr>
<tr>
<td title='testcases.statementrequest.TC05StatementRequestDisplaysListOfAllAccounts.StatementRequestViewAccountUsingIntentThree()'><b>StatementRequestViewAccountUsingIntentThree</b><br>Test class: testcases.statementrequest.TC05StatementRequestDisplaysListOfAllAccounts</td>
<td><div><pre>java.lang.RuntimeException: FAILED
	at utils.Reporter.reportStep(Reporter.java:29)
	at wrappers.GenericWrappers.verifyTextByXpath(GenericWrappers.java:474)
	at pages.StatementRequestPage.VerifyAccount(StatementRequestPage.java:99)
	at testcases.statementrequest.TC05StatementRequestDisplaysListOfAllAccounts.StatementRequestViewAccountUsingIntentThree(TC05StatementRequestDisplaysListOfAllAccounts.java:89)
	at java.util.ArrayList.forEach(Unknown Source)
... Removed 27 stack frames</pre></div><a href='#' onClick='toggleBox("stack-trace1866665640", this, "Click to show all stack frames", "Click to hide stack frames")'>Click to show all stack frames</a>
<div class='stack-trace' id='stack-trace1866665640'><pre>java.lang.RuntimeException: FAILED
	at utils.Reporter.reportStep(Reporter.java:29)
	at wrappers.GenericWrappers.verifyTextByXpath(GenericWrappers.java:474)
	at pages.StatementRequestPage.VerifyAccount(StatementRequestPage.java:99)
	at testcases.statementrequest.TC05StatementRequestDisplaysListOfAllAccounts.StatementRequestViewAccountUsingIntentThree(TC05StatementRequestDisplaysListOfAllAccounts.java:89)
	at sun.reflect.NativeMethodAccessorImpl.invoke0(Native Method)
	at sun.reflect.NativeMethodAccessorImpl.invoke(Unknown Source)
	at sun.reflect.DelegatingMethodAccessorImpl.invoke(Unknown Source)
	at java.lang.reflect.Method.invoke(Unknown Source)
	at org.testng.internal.MethodInvocationHelper.invokeMethod(MethodInvocationHelper.java:134)
	at org.testng.internal.TestInvoker.invokeMethod(TestInvoker.java:597)
	at org.testng.internal.TestInvoker.invokeTestMethod(TestInvoker.java:173)
	at org.testng.internal.MethodRunner.runInSequence(MethodRunner.java:46)
	at org.testng.internal.TestInvoker$MethodInvocationAgent.invoke(TestInvoker.java:816)
	at org.testng.internal.TestInvoker.invokeTestMethods(TestInvoker.java:146)
	at org.testng.internal.TestMethodWorker.invokeTestMethods(TestMethodWorker.java:146)
	at org.testng.internal.TestMethodWorker.run(TestMethodWorker.java:128)
	at java.util.ArrayList.forEach(Unknown Source)
	at org.testng.TestRunner.privateRun(TestRunner.java:766)
	at org.testng.TestRunner.run(TestRunner.java:587)
	at org.testng.SuiteRunner.runTest(SuiteRunner.java:384)
	at org.testng.SuiteRunner.runSequentially(SuiteRunner.java:378)
	at org.testng.SuiteRunner.privateRun(SuiteRunner.java:337)
	at org.testng.SuiteRunner.run(SuiteRunner.java:286)
	at org.testng.SuiteRunnerWorker.runSuite(SuiteRunnerWorker.java:53)
	at org.testng.SuiteRunnerWorker.run(SuiteRunnerWorker.java:96)
	at org.testng.TestNG.runSuitesSequentially(TestNG.java:1187)
	at org.testng.TestNG.runSuitesLocally(TestNG.java:1109)
	at org.testng.TestNG.runSuites(TestNG.java:1039)
	at org.testng.TestNG.run(TestNG.java:1007)
	at org.testng.remote.AbstractRemoteTestNG.run(AbstractRemoteTestNG.java:115)
	at org.testng.remote.RemoteTestNG.initAndRun(RemoteTestNG.java:251)
	at org.testng.remote.RemoteTestNG.main(RemoteTestNG.java:77)
</pre></div></td>
<td>37</td>
<td>testcases.statementrequest.TC05StatementRequestDisplaysListOfAllAccounts@43a0cee9</td></tr>
<tr>
<td title='testcases.statementrequest.TC05StatementRequestDisplaysListOfAllAccounts.StatementRequestViewAccountUsingIntentTwo()'><b>StatementRequestViewAccountUsingIntentTwo</b><br>Test class: testcases.statementrequest.TC05StatementRequestDisplaysListOfAllAccounts</td>
<td><div><pre>java.lang.RuntimeException: FAILED
	at utils.Reporter.reportStep(Reporter.java:29)
	at wrappers.GenericWrappers.verifyTextByXpath(GenericWrappers.java:474)
	at pages.StatementRequestPage.VerifyAccount(StatementRequestPage.java:99)
	at testcases.statementrequest.TC05StatementRequestDisplaysListOfAllAccounts.StatementRequestViewAccountUsingIntentTwo(TC05StatementRequestDisplaysListOfAllAccounts.java:67)
	at java.util.ArrayList.forEach(Unknown Source)
... Removed 27 stack frames</pre></div><a href='#' onClick='toggleBox("stack-trace1752069395", this, "Click to show all stack frames", "Click to hide stack frames")'>Click to show all stack frames</a>
<div class='stack-trace' id='stack-trace1752069395'><pre>java.lang.RuntimeException: FAILED
	at utils.Reporter.reportStep(Reporter.java:29)
	at wrappers.GenericWrappers.verifyTextByXpath(GenericWrappers.java:474)
	at pages.StatementRequestPage.VerifyAccount(StatementRequestPage.java:99)
	at testcases.statementrequest.TC05StatementRequestDisplaysListOfAllAccounts.StatementRequestViewAccountUsingIntentTwo(TC05StatementRequestDisplaysListOfAllAccounts.java:67)
	at sun.reflect.NativeMethodAccessorImpl.invoke0(Native Method)
	at sun.reflect.NativeMethodAccessorImpl.invoke(Unknown Source)
	at sun.reflect.DelegatingMethodAccessorImpl.invoke(Unknown Source)
	at java.lang.reflect.Method.invoke(Unknown Source)
	at org.testng.internal.MethodInvocationHelper.invokeMethod(MethodInvocationHelper.java:134)
	at org.testng.internal.TestInvoker.invokeMethod(TestInvoker.java:597)
	at org.testng.internal.TestInvoker.invokeTestMethod(TestInvoker.java:173)
	at org.testng.internal.MethodRunner.runInSequence(MethodRunner.java:46)
	at org.testng.internal.TestInvoker$MethodInvocationAgent.invoke(TestInvoker.java:816)
	at org.testng.internal.TestInvoker.invokeTestMethods(TestInvoker.java:146)
	at org.testng.internal.TestMethodWorker.invokeTestMethods(TestMethodWorker.java:146)
	at org.testng.internal.TestMethodWorker.run(TestMethodWorker.java:128)
	at java.util.ArrayList.forEach(Unknown Source)
	at org.testng.TestRunner.privateRun(TestRunner.java:766)
	at org.testng.TestRunner.run(TestRunner.java:587)
	at org.testng.SuiteRunner.runTest(SuiteRunner.java:384)
	at org.testng.SuiteRunner.runSequentially(SuiteRunner.java:378)
	at org.testng.SuiteRunner.privateRun(SuiteRunner.java:337)
	at org.testng.SuiteRunner.run(SuiteRunner.java:286)
	at org.testng.SuiteRunnerWorker.runSuite(SuiteRunnerWorker.java:53)
	at org.testng.SuiteRunnerWorker.run(SuiteRunnerWorker.java:96)
	at org.testng.TestNG.runSuitesSequentially(TestNG.java:1187)
	at org.testng.TestNG.runSuitesLocally(TestNG.java:1109)
	at org.testng.TestNG.runSuites(TestNG.java:1039)
	at org.testng.TestNG.run(TestNG.java:1007)
	at org.testng.remote.AbstractRemoteTestNG.run(AbstractRemoteTestNG.java:115)
	at org.testng.remote.RemoteTestNG.initAndRun(RemoteTestNG.java:251)
	at org.testng.remote.RemoteTestNG.main(RemoteTestNG.java:77)
</pre></div></td>
<td>37</td>
<td>testcases.statementrequest.TC05StatementRequestDisplaysListOfAllAccounts@43a0cee9</td></tr>
<tr>
<td title='testcases.statementrequest.TC15VerifyAnythingElseStatementInDownloadResponse.VerifyAnythingElseStatementInDownloadResponseForPlatinumRewardsAccount()'><b>VerifyAnythingElseStatementInDownloadResponseForPlatinumRewardsAccount</b><br>Test class: testcases.statementrequest.TC15VerifyAnythingElseStatementInDownloadResponse</td>
<td><div><pre>java.lang.RuntimeException: FAILED
	at utils.Reporter.reportStep(Reporter.java:29)
	at wrappers.GenericWrappers.verifyTextByXpath(GenericWrappers.java:474)
	at pages.StatementRequestPage.VerifyAccount(StatementRequestPage.java:99)
	at testcases.statementrequest.TC15VerifyAnythingElseStatementInDownloadResponse.VerifyAnythingElseStatementInDownloadResponseForPlatinumRewardsAccount(TC15VerifyAnythingElseStatementInDownloadResponse.java:66)
	at java.util.ArrayList.forEach(Unknown Source)
... Removed 27 stack frames</pre></div><a href='#' onClick='toggleBox("stack-trace990683601", this, "Click to show all stack frames", "Click to hide stack frames")'>Click to show all stack frames</a>
<div class='stack-trace' id='stack-trace990683601'><pre>java.lang.RuntimeException: FAILED
	at utils.Reporter.reportStep(Reporter.java:29)
	at wrappers.GenericWrappers.verifyTextByXpath(GenericWrappers.java:474)
	at pages.StatementRequestPage.VerifyAccount(StatementRequestPage.java:99)
	at testcases.statementrequest.TC15VerifyAnythingElseStatementInDownloadResponse.VerifyAnythingElseStatementInDownloadResponseForPlatinumRewardsAccount(TC15VerifyAnythingElseStatementInDownloadResponse.java:66)
	at sun.reflect.NativeMethodAccessorImpl.invoke0(Native Method)
	at sun.reflect.NativeMethodAccessorImpl.invoke(Unknown Source)
	at sun.reflect.DelegatingMethodAccessorImpl.invoke(Unknown Source)
	at java.lang.reflect.Method.invoke(Unknown Source)
	at org.testng.internal.MethodInvocationHelper.invokeMethod(MethodInvocationHelper.java:134)
	at org.testng.internal.TestInvoker.invokeMethod(TestInvoker.java:597)
	at org.testng.internal.TestInvoker.invokeTestMethod(TestInvoker.java:173)
	at org.testng.internal.MethodRunner.runInSequence(MethodRunner.java:46)
	at org.testng.internal.TestInvoker$MethodInvocationAgent.invoke(TestInvoker.java:816)
	at org.testng.internal.TestInvoker.invokeTestMethods(TestInvoker.java:146)
	at org.testng.internal.TestMethodWorker.invokeTestMethods(TestMethodWorker.java:146)
	at org.testng.internal.TestMethodWorker.run(TestMethodWorker.java:128)
	at java.util.ArrayList.forEach(Unknown Source)
	at org.testng.TestRunner.privateRun(TestRunner.java:766)
	at org.testng.TestRunner.run(TestRunner.java:587)
	at org.testng.SuiteRunner.runTest(SuiteRunner.java:384)
	at org.testng.SuiteRunner.runSequentially(SuiteRunner.java:378)
	at org.testng.SuiteRunner.privateRun(SuiteRunner.java:337)
	at org.testng.SuiteRunner.run(SuiteRunner.java:286)
	at org.testng.SuiteRunnerWorker.runSuite(SuiteRunnerWorker.java:53)
	at org.testng.SuiteRunnerWorker.run(SuiteRunnerWorker.java:96)
	at org.testng.TestNG.runSuitesSequentially(TestNG.java:1187)
	at org.testng.TestNG.runSuitesLocally(TestNG.java:1109)
	at org.testng.TestNG.runSuites(TestNG.java:1039)
	at org.testng.TestNG.run(TestNG.java:1007)
	at org.testng.remote.AbstractRemoteTestNG.run(AbstractRemoteTestNG.java:115)
	at org.testng.remote.RemoteTestNG.initAndRun(RemoteTestNG.java:251)
	at org.testng.remote.RemoteTestNG.main(RemoteTestNG.java:77)
</pre></div></td>
<td>34</td>
<td>testcases.statementrequest.TC15VerifyAnythingElseStatementInDownloadResponse@4d1b0d2a</td></tr>
<tr>
<td title='testcases.statementrequest.TC10DownloadStatementForTheSelectedMonth.downloadStatementForPlatinumRewardsAccount()'><b>downloadStatementForPlatinumRewardsAccount</b><br>Test class: testcases.statementrequest.TC10DownloadStatementForTheSelectedMonth</td>
<td><div><pre>java.lang.RuntimeException: FAILED
	at utils.Reporter.reportStep(Reporter.java:29)
	at wrappers.GenericWrappers.verifyTextByXpath(GenericWrappers.java:474)
	at pages.StatementRequestPage.VerifyAccount(StatementRequestPage.java:99)
	at testcases.statementrequest.TC10DownloadStatementForTheSelectedMonth.downloadStatementForPlatinumRewardsAccount(TC10DownloadStatementForTheSelectedMonth.java:66)
	at java.util.ArrayList.forEach(Unknown Source)
... Removed 27 stack frames</pre></div><a href='#' onClick='toggleBox("stack-trace337158092", this, "Click to show all stack frames", "Click to hide stack frames")'>Click to show all stack frames</a>
<div class='stack-trace' id='stack-trace337158092'><pre>java.lang.RuntimeException: FAILED
	at utils.Reporter.reportStep(Reporter.java:29)
	at wrappers.GenericWrappers.verifyTextByXpath(GenericWrappers.java:474)
	at pages.StatementRequestPage.VerifyAccount(StatementRequestPage.java:99)
	at testcases.statementrequest.TC10DownloadStatementForTheSelectedMonth.downloadStatementForPlatinumRewardsAccount(TC10DownloadStatementForTheSelectedMonth.java:66)
	at sun.reflect.NativeMethodAccessorImpl.invoke0(Native Method)
	at sun.reflect.NativeMethodAccessorImpl.invoke(Unknown Source)
	at sun.reflect.DelegatingMethodAccessorImpl.invoke(Unknown Source)
	at java.lang.reflect.Method.invoke(Unknown Source)
	at org.testng.internal.MethodInvocationHelper.invokeMethod(MethodInvocationHelper.java:134)
	at org.testng.internal.TestInvoker.invokeMethod(TestInvoker.java:597)
	at org.testng.internal.TestInvoker.invokeTestMethod(TestInvoker.java:173)
	at org.testng.internal.MethodRunner.runInSequence(MethodRunner.java:46)
	at org.testng.internal.TestInvoker$MethodInvocationAgent.invoke(TestInvoker.java:816)
	at org.testng.internal.TestInvoker.invokeTestMethods(TestInvoker.java:146)
	at org.testng.internal.TestMethodWorker.invokeTestMethods(TestMethodWorker.java:146)
	at org.testng.internal.TestMethodWorker.run(TestMethodWorker.java:128)
	at java.util.ArrayList.forEach(Unknown Source)
	at org.testng.TestRunner.privateRun(TestRunner.java:766)
	at org.testng.TestRunner.run(TestRunner.java:587)
	at org.testng.SuiteRunner.runTest(SuiteRunner.java:384)
	at org.testng.SuiteRunner.runSequentially(SuiteRunner.java:378)
	at org.testng.SuiteRunner.privateRun(SuiteRunner.java:337)
	at org.testng.SuiteRunner.run(SuiteRunner.java:286)
	at org.testng.SuiteRunnerWorker.runSuite(SuiteRunnerWorker.java:53)
	at org.testng.SuiteRunnerWorker.run(SuiteRunnerWorker.java:96)
	at org.testng.TestNG.runSuitesSequentially(TestNG.java:1187)
	at org.testng.TestNG.runSuitesLocally(TestNG.java:1109)
	at org.testng.TestNG.runSuites(TestNG.java:1039)
	at org.testng.TestNG.run(TestNG.java:1007)
	at org.testng.remote.AbstractRemoteTestNG.run(AbstractRemoteTestNG.java:115)
	at org.testng.remote.RemoteTestNG.initAndRun(RemoteTestNG.java:251)
	at org.testng.remote.RemoteTestNG.main(RemoteTestNG.java:77)
</pre></div></td>
<td>34</td>
<td>testcases.statementrequest.TC10DownloadStatementForTheSelectedMonth@6eceb130</td></tr>
<tr>
<td title='testcases.statementrequest.TC09ViewTheStatementDownloadResponseForTheMonth.viewDownloadTextForPlatinumRewardsAccount()'><b>viewDownloadTextForPlatinumRewardsAccount</b><br>Test class: testcases.statementrequest.TC09ViewTheStatementDownloadResponseForTheMonth</td>
<td><div><pre>java.lang.RuntimeException: FAILED
	at utils.Reporter.reportStep(Reporter.java:29)
	at wrappers.GenericWrappers.verifyTextByXpath(GenericWrappers.java:474)
	at pages.StatementRequestPage.VerifyAccount(StatementRequestPage.java:99)
	at testcases.statementrequest.TC09ViewTheStatementDownloadResponseForTheMonth.viewDownloadTextForPlatinumRewardsAccount(TC09ViewTheStatementDownloadResponseForTheMonth.java:65)
	at java.util.ArrayList.forEach(Unknown Source)
... Removed 27 stack frames</pre></div><a href='#' onClick='toggleBox("stack-trace1390711970", this, "Click to show all stack frames", "Click to hide stack frames")'>Click to show all stack frames</a>
<div class='stack-trace' id='stack-trace1390711970'><pre>java.lang.RuntimeException: FAILED
	at utils.Reporter.reportStep(Reporter.java:29)
	at wrappers.GenericWrappers.verifyTextByXpath(GenericWrappers.java:474)
	at pages.StatementRequestPage.VerifyAccount(StatementRequestPage.java:99)
	at testcases.statementrequest.TC09ViewTheStatementDownloadResponseForTheMonth.viewDownloadTextForPlatinumRewardsAccount(TC09ViewTheStatementDownloadResponseForTheMonth.java:65)
	at sun.reflect.NativeMethodAccessorImpl.invoke0(Native Method)
	at sun.reflect.NativeMethodAccessorImpl.invoke(Unknown Source)
	at sun.reflect.DelegatingMethodAccessorImpl.invoke(Unknown Source)
	at java.lang.reflect.Method.invoke(Unknown Source)
	at org.testng.internal.MethodInvocationHelper.invokeMethod(MethodInvocationHelper.java:134)
	at org.testng.internal.TestInvoker.invokeMethod(TestInvoker.java:597)
	at org.testng.internal.TestInvoker.invokeTestMethod(TestInvoker.java:173)
	at org.testng.internal.MethodRunner.runInSequence(MethodRunner.java:46)
	at org.testng.internal.TestInvoker$MethodInvocationAgent.invoke(TestInvoker.java:816)
	at org.testng.internal.TestInvoker.invokeTestMethods(TestInvoker.java:146)
	at org.testng.internal.TestMethodWorker.invokeTestMethods(TestMethodWorker.java:146)
	at org.testng.internal.TestMethodWorker.run(TestMethodWorker.java:128)
	at java.util.ArrayList.forEach(Unknown Source)
	at org.testng.TestRunner.privateRun(TestRunner.java:766)
	at org.testng.TestRunner.run(TestRunner.java:587)
	at org.testng.SuiteRunner.runTest(SuiteRunner.java:384)
	at org.testng.SuiteRunner.runSequentially(SuiteRunner.java:378)
	at org.testng.SuiteRunner.privateRun(SuiteRunner.java:337)
	at org.testng.SuiteRunner.run(SuiteRunner.java:286)
	at org.testng.SuiteRunnerWorker.runSuite(SuiteRunnerWorker.java:53)
	at org.testng.SuiteRunnerWorker.run(SuiteRunnerWorker.java:96)
	at org.testng.TestNG.runSuitesSequentially(TestNG.java:1187)
	at org.testng.TestNG.runSuitesLocally(TestNG.java:1109)
	at org.testng.TestNG.runSuites(TestNG.java:1039)
	at org.testng.TestNG.run(TestNG.java:1007)
	at org.testng.remote.AbstractRemoteTestNG.run(AbstractRemoteTestNG.java:115)
	at org.testng.remote.RemoteTestNG.initAndRun(RemoteTestNG.java:251)
	at org.testng.remote.RemoteTestNG.main(RemoteTestNG.java:77)
</pre></div></td>
<td>34</td>
<td>testcases.statementrequest.TC09ViewTheStatementDownloadResponseForTheMonth@706a04ae</td></tr>
</table><p>
<table width='100%' border='1' class='invocation-passed'>
<tr><td colspan='4' align='center'><b>PASSED TESTS</b></td></tr>
<tr><td><b>Test method</b></td>
<td width="30%"><b>Exception</b></td>
<td width="10%"><b>Time (seconds)</b></td>
<td><b>Instance</b></td>
</tr>
<tr>
<td title='testcases.statementrequest.TC13VerifyWrongMonthSelectedResponseFromBot.BotResponseForWrongMonth()'><b>BotResponseForWrongMonth</b><br>Test class: testcases.statementrequest.TC13VerifyWrongMonthSelectedResponseFromBot</td>
<td></td>
<td>40</td>
<td>testcases.statementrequest.TC13VerifyWrongMonthSelectedResponseFromBot@47db50c5</td></tr>
<tr>
<td title='testcases.statementrequest.TC07StatementRequestforOnlyLast6Months.RegularCurrentAccountStatementForLast6Months()'><b>RegularCurrentAccountStatementForLast6Months</b><br>Test class: testcases.statementrequest.TC07StatementRequestforOnlyLast6Months</td>
<td></td>
<td>31</td>
<td>testcases.statementrequest.TC07StatementRequestforOnlyLast6Months@2eda0940</td></tr>
<tr>
<td title='testcases.statementrequest.TC08StatementRequestSelectionOfMonthsFromList.SelectMonthForRegularCurrentAccount()'><b>SelectMonthForRegularCurrentAccount</b><br>Test class: testcases.statementrequest.TC08StatementRequestSelectionOfMonthsFromList</td>
<td></td>
<td>34</td>
<td>testcases.statementrequest.TC08StatementRequestSelectionOfMonthsFromList@3578436e</td></tr>
<tr>
<td title='testcases.statementrequest.TC08StatementRequestSelectionOfMonthsFromList.SelectMonthForSuperValueAccount()'><b>SelectMonthForSuperValueAccount</b><br>Test class: testcases.statementrequest.TC08StatementRequestSelectionOfMonthsFromList</td>
<td></td>
<td>34</td>
<td>testcases.statementrequest.TC08StatementRequestSelectionOfMonthsFromList@3578436e</td></tr>
<tr>
<td title='testcases.statementrequest.TC08StatementRequestSelectionOfMonthsFromList.SelectMonthForUltimateCardAccount()'><b>SelectMonthForUltimateCardAccount</b><br>Test class: testcases.statementrequest.TC08StatementRequestSelectionOfMonthsFromList</td>
<td></td>
<td>35</td>
<td>testcases.statementrequest.TC08StatementRequestSelectionOfMonthsFromList@3578436e</td></tr>
<tr>
<td title='testcases.statementrequest.TC08StatementRequestSelectionOfMonthsFromList.SelectMonthForaXcessPlusAccount()'><b>SelectMonthForaXcessPlusAccount</b><br>Test class: testcases.statementrequest.TC08StatementRequestSelectionOfMonthsFromList</td>
<td></td>
<td>34</td>
<td>testcases.statementrequest.TC08StatementRequestSelectionOfMonthsFromList@3578436e</td></tr>
<tr>
<td title='testcases.statementrequest.TC39ResponseOfStatementRequestForAccountNumberGivenTwice.StatementRequestForAccountNumberGivenTwice()'><b>StatementRequestForAccountNumberGivenTwice</b><br>Test class: testcases.statementrequest.TC39ResponseOfStatementRequestForAccountNumberGivenTwice</td>
<td></td>
<td>38</td>
<td>testcases.statementrequest.TC39ResponseOfStatementRequestForAccountNumberGivenTwice@16f7c8c1</td></tr>
<tr>
<td title='testcases.statementrequest.TC34ResponseOfStatementRequestForAccountTypeAndAccountNumberGivenTwice.StatementRequestForAccountTypeAndAccountNumberGivenTwice()'><b>StatementRequestForAccountTypeAndAccountNumberGivenTwice</b><br>Test class: testcases.statementrequest.TC34ResponseOfStatementRequestForAccountTypeAndAccountNumberGivenTwice</td>
<td></td>
<td>36</td>
<td>testcases.statementrequest.TC34ResponseOfStatementRequestForAccountTypeAndAccountNumberGivenTwice@2641e737</td></tr>
<tr>
<td title='testcases.statementrequest.TC40StatementRequestForCardNumberEndingSupportedIntents.StatementRequestForCardNumberEndingIntentOne()'><b>StatementRequestForCardNumberEndingIntentOne</b><br>Test class: testcases.statementrequest.TC40StatementRequestForCardNumberEndingSupportedIntents</td>
<td></td>
<td>35</td>
<td>testcases.statementrequest.TC40StatementRequestForCardNumberEndingSupportedIntents@2f0a87b3</td></tr>
<tr>
<td title='testcases.statementrequest.TC43StatementRequestDownloadForCardNumberNotAvailable.StatementRequestForCardNumberEndingNotAvailableOne()'><b>StatementRequestForCardNumberEndingNotAvailableOne</b><br>Test class: testcases.statementrequest.TC43StatementRequestDownloadForCardNumberNotAvailable</td>
<td></td>
<td>30</td>
<td>testcases.statementrequest.TC43StatementRequestDownloadForCardNumberNotAvailable@27d415d9</td></tr>
<tr>
<td title='testcases.statementrequest.TC43StatementRequestDownloadForCardNumberNotAvailable.StatementRequestForCardNumberEndingNotAvailableTwo()'><b>StatementRequestForCardNumberEndingNotAvailableTwo</b><br>Test class: testcases.statementrequest.TC43StatementRequestDownloadForCardNumberNotAvailable</td>
<td></td>
<td>29</td>
<td>testcases.statementrequest.TC43StatementRequestDownloadForCardNumberNotAvailable@27d415d9</td></tr>
<tr>
<td title='testcases.statementrequest.TC36StatementRequestForCorrectAccountNumberEnding.StatementRequestForCorrectAccountNumberEnding()'><b>StatementRequestForCorrectAccountNumberEnding</b><br>Test class: testcases.statementrequest.TC36StatementRequestForCorrectAccountNumberEnding</td>
<td></td>
<td>34</td>
<td>testcases.statementrequest.TC36StatementRequestForCorrectAccountNumberEnding@704921a5</td></tr>
<tr>
<td title='testcases.statementrequest.TC30StatementRequestForCorrectAccountTypeWithAccountNumberEnding.StatementRequestForCorrectAccountTypeAndAccountNumberEnding()'><b>StatementRequestForCorrectAccountTypeAndAccountNumberEnding</b><br>Test class: testcases.statementrequest.TC30StatementRequestForCorrectAccountTypeWithAccountNumberEnding</td>
<td></td>
<td>32</td>
<td>testcases.statementrequest.TC30StatementRequestForCorrectAccountTypeWithAccountNumberEnding@4cf4d528</td></tr>
<tr>
<td title='testcases.statementrequest.TC32StatementRequestForCorrectAccountTypeAndDifferentAccountTypesAccountNumber.StatementRequestForCorrectAccountTypeAndDifferentAccountTypesAccountNumber()'><b>StatementRequestForCorrectAccountTypeAndDifferentAccountTypesAccountNumber</b><br>Test class: testcases.statementrequest.TC32StatementRequestForCorrectAccountTypeAndDifferentAccountTypesAccountNumber</td>
<td></td>
<td>30</td>
<td>testcases.statementrequest.TC32StatementRequestForCorrectAccountTypeAndDifferentAccountTypesAccountNumber@548ad73b</td></tr>
<tr>
<td title='testcases.statementrequest.TC31StatementRequestForCorrectAccountTypeWithInvalidAccountNumberEnding.StatementRequestForCorrectAccountTypeAndInvalidAccountNumberEnding()'><b>StatementRequestForCorrectAccountTypeAndInvalidAccountNumberEnding</b><br>Test class: testcases.statementrequest.TC31StatementRequestForCorrectAccountTypeWithInvalidAccountNumberEnding</td>
<td></td>
<td>30</td>
<td>testcases.statementrequest.TC31StatementRequestForCorrectAccountTypeWithInvalidAccountNumberEnding@77846d2c</td></tr>
<tr>
<td title='testcases.statementrequest.TC46StatementRequestForCorrectAccountType.StatementRequestForCorrectAccountTypeEnding()'><b>StatementRequestForCorrectAccountTypeEnding</b><br>Test class: testcases.statementrequest.TC46StatementRequestForCorrectAccountType</td>
<td></td>
<td>31</td>
<td>testcases.statementrequest.TC46StatementRequestForCorrectAccountType@5579bb86</td></tr>
<tr>
<td title='testcases.statementrequest.TC41StatementRequestDownloadForCorrectCardNumberEnding.StatementRequestForCorrectCardNumberEndingOne()'><b>StatementRequestForCorrectCardNumberEndingOne</b><br>Test class: testcases.statementrequest.TC41StatementRequestDownloadForCorrectCardNumberEnding</td>
<td></td>
<td>33</td>
<td>testcases.statementrequest.TC41StatementRequestDownloadForCorrectCardNumberEnding@319b92f3</td></tr>
<tr>
<td title='testcases.statementrequest.TC42StatementRequestDownloadForIncorrectCardNumberEnding.StatementRequestForIncorrectCardNumberEndingOne()'><b>StatementRequestForIncorrectCardNumberEndingOne</b><br>Test class: testcases.statementrequest.TC42StatementRequestDownloadForIncorrectCardNumberEnding</td>
<td></td>
<td>30</td>
<td>testcases.statementrequest.TC42StatementRequestDownloadForIncorrectCardNumberEnding@fcd6521</td></tr>
<tr>
<td title='testcases.statementrequest.TC42StatementRequestDownloadForIncorrectCardNumberEnding.StatementRequestForIncorrectCardNumberEndingTwo()'><b>StatementRequestForIncorrectCardNumberEndingTwo</b><br>Test class: testcases.statementrequest.TC42StatementRequestDownloadForIncorrectCardNumberEnding</td>
<td></td>
<td>33</td>
<td>testcases.statementrequest.TC42StatementRequestDownloadForIncorrectCardNumberEnding@fcd6521</td></tr>
<tr>
<td title='testcases.statementrequest.TC37StatementRequestResponseForInvalidAccountNumberEnding.StatementRequestForInvalidAccountNumberEnding()'><b>StatementRequestForInvalidAccountNumberEnding</b><br>Test class: testcases.statementrequest.TC37StatementRequestResponseForInvalidAccountNumberEnding</td>
<td></td>
<td>31</td>
<td>testcases.statementrequest.TC37StatementRequestResponseForInvalidAccountNumberEnding@df27fae</td></tr>
<tr>
<td title='testcases.statementrequest.TC02SRIconCheckAfterLogin.StatementRequestIconCheckAfterLogin()'><b>StatementRequestIconCheckAfterLogin</b><br>Test class: testcases.statementrequest.TC02SRIconCheckAfterLogin</td>
<td></td>
<td>24</td>
<td>testcases.statementrequest.TC02SRIconCheckAfterLogin@10dba097</td></tr>
<tr>
<td title='testcases.statementrequest.TC01SRIconCheckWithoutLogin.StatementRequestIconCheckWithoutLogin()'><b>StatementRequestIconCheckWithoutLogin</b><br>Test class: testcases.statementrequest.TC01SRIconCheckWithoutLogin</td>
<td></td>
<td>11</td>
<td>testcases.statementrequest.TC01SRIconCheckWithoutLogin@401e7803</td></tr>
<tr>
<td title='testcases.statementrequest.TC03SRIconDisplay.StatementRequestIconDisplay()'><b>StatementRequestIconDisplay</b><br>Test class: testcases.statementrequest.TC03SRIconDisplay</td>
<td></td>
<td>11</td>
<td>testcases.statementrequest.TC03SRIconDisplay@1786f9d5</td></tr>
<tr>
<td title='testcases.statementrequest.TC17StatementRequestSupportedIntentsForAccountName.StatementRequestIntentFourForAccountName()'><b>StatementRequestIntentFourForAccountName</b><br>Test class: testcases.statementrequest.TC17StatementRequestSupportedIntentsForAccountName</td>
<td></td>
<td>32</td>
<td>testcases.statementrequest.TC17StatementRequestSupportedIntentsForAccountName@954b04f</td></tr>
<tr>
<td title='testcases.statementrequest.TC29StatementRequestForAccountTypeWithAccountNumberSupportedIntent.StatementRequestIntentFourForAccountTypeWithAccountNumberEnding()'><b>StatementRequestIntentFourForAccountTypeWithAccountNumberEnding</b><br>Test class: testcases.statementrequest.TC29StatementRequestForAccountTypeWithAccountNumberSupportedIntent</td>
<td></td>
<td>33</td>
<td>testcases.statementrequest.TC29StatementRequestForAccountTypeWithAccountNumberSupportedIntent@545997b1</td></tr>
<tr>
<td title='testcases.statementrequest.TC17StatementRequestSupportedIntentsForAccountName.StatementRequestIntentOneForAccountName()'><b>StatementRequestIntentOneForAccountName</b><br>Test class: testcases.statementrequest.TC17StatementRequestSupportedIntentsForAccountName</td>
<td></td>
<td>32</td>
<td>testcases.statementrequest.TC17StatementRequestSupportedIntentsForAccountName@954b04f</td></tr>
<tr>
<td title='testcases.statementrequest.TC35StatementRequestByAccountNumberEndingSupportedIntents.StatementRequestIntentOneForAccountNumberEnding()'><b>StatementRequestIntentOneForAccountNumberEnding</b><br>Test class: testcases.statementrequest.TC35StatementRequestByAccountNumberEndingSupportedIntents</td>
<td></td>
<td>33</td>
<td>testcases.statementrequest.TC35StatementRequestByAccountNumberEndingSupportedIntents@727803de</td></tr>
<tr>
<td title='testcases.statementrequest.TC22StatementRequestSupportedIntentsForAccountType.StatementRequestIntentOneForAccountType()'><b>StatementRequestIntentOneForAccountType</b><br>Test class: testcases.statementrequest.TC22StatementRequestSupportedIntentsForAccountType</td>
<td></td>
<td>35</td>
<td>testcases.statementrequest.TC22StatementRequestSupportedIntentsForAccountType@646007f4</td></tr>
<tr>
<td title='testcases.statementrequest.TC45StatementRequestForAccountTypeSupportedIntent.StatementRequestIntentOneForAccountTypeEnding()'><b>StatementRequestIntentOneForAccountTypeEnding</b><br>Test class: testcases.statementrequest.TC45StatementRequestForAccountTypeSupportedIntent</td>
<td></td>
<td>29</td>
<td>testcases.statementrequest.TC45StatementRequestForAccountTypeSupportedIntent@31f924f5</td></tr>
<tr>
<td title='testcases.statementrequest.TC29StatementRequestForAccountTypeWithAccountNumberSupportedIntent.StatementRequestIntentOneForAccountTypeWithAccountNumberEnding()'><b>StatementRequestIntentOneForAccountTypeWithAccountNumberEnding</b><br>Test class: testcases.statementrequest.TC29StatementRequestForAccountTypeWithAccountNumberSupportedIntent</td>
<td></td>
<td>33</td>
<td>testcases.statementrequest.TC29StatementRequestForAccountTypeWithAccountNumberSupportedIntent@545997b1</td></tr>
<tr>
<td title='testcases.statementrequest.TC19StatementRequestForCheckingAccounttType.StatementRequestIntentOneForCheckingAccountType()'><b>StatementRequestIntentOneForCheckingAccountType</b><br>Test class: testcases.statementrequest.TC19StatementRequestForCheckingAccounttType</td>
<td></td>
<td>33</td>
<td>testcases.statementrequest.TC19StatementRequestForCheckingAccounttType@710726a3</td></tr>
<tr>
<td title='testcases.statementrequest.TC24ViewListOfCurrentAccountsForCurrentAccountTypeIntents.StatementRequestIntentOneForCheckingAccountType()'><b>StatementRequestIntentOneForCheckingAccountType</b><br>Test class: testcases.statementrequest.TC24ViewListOfCurrentAccountsForCurrentAccountTypeIntents</td>
<td></td>
<td>28</td>
<td>testcases.statementrequest.TC24ViewListOfCurrentAccountsForCurrentAccountTypeIntents@78186a70</td></tr>
<tr>
<td title='testcases.statementrequest.TC18StatementRequestForSavingAccountType.StatementRequestIntentOneForSavingAccountType()'><b>StatementRequestIntentOneForSavingAccountType</b><br>Test class: testcases.statementrequest.TC18StatementRequestForSavingAccountType</td>
<td></td>
<td>33</td>
<td>testcases.statementrequest.TC18StatementRequestForSavingAccountType@149494d8</td></tr>
<tr>
<td title='testcases.statementrequest.TC17StatementRequestSupportedIntentsForAccountName.StatementRequestIntentThreeForAccountName()'><b>StatementRequestIntentThreeForAccountName</b><br>Test class: testcases.statementrequest.TC17StatementRequestSupportedIntentsForAccountName</td>
<td></td>
<td>32</td>
<td>testcases.statementrequest.TC17StatementRequestSupportedIntentsForAccountName@954b04f</td></tr>
<tr>
<td title='testcases.statementrequest.TC40StatementRequestForCardNumberEndingSupportedIntents.StatementRequestIntentThreeForAccountName()'><b>StatementRequestIntentThreeForAccountName</b><br>Test class: testcases.statementrequest.TC40StatementRequestForCardNumberEndingSupportedIntents</td>
<td></td>
<td>35</td>
<td>testcases.statementrequest.TC40StatementRequestForCardNumberEndingSupportedIntents@2f0a87b3</td></tr>
<tr>
<td title='testcases.statementrequest.TC35StatementRequestByAccountNumberEndingSupportedIntents.StatementRequestIntentThreeForAccountNumberEnding()'><b>StatementRequestIntentThreeForAccountNumberEnding</b><br>Test class: testcases.statementrequest.TC35StatementRequestByAccountNumberEndingSupportedIntents</td>
<td></td>
<td>32</td>
<td>testcases.statementrequest.TC35StatementRequestByAccountNumberEndingSupportedIntents@727803de</td></tr>
<tr>
<td title='testcases.statementrequest.TC22StatementRequestSupportedIntentsForAccountType.StatementRequestIntentThreeForAccountType()'><b>StatementRequestIntentThreeForAccountType</b><br>Test class: testcases.statementrequest.TC22StatementRequestSupportedIntentsForAccountType</td>
<td></td>
<td>32</td>
<td>testcases.statementrequest.TC22StatementRequestSupportedIntentsForAccountType@646007f4</td></tr>
<tr>
<td title='testcases.statementrequest.TC45StatementRequestForAccountTypeSupportedIntent.StatementRequestIntentThreeForAccountTypeEnding()'><b>StatementRequestIntentThreeForAccountTypeEnding</b><br>Test class: testcases.statementrequest.TC45StatementRequestForAccountTypeSupportedIntent</td>
<td></td>
<td>32</td>
<td>testcases.statementrequest.TC45StatementRequestForAccountTypeSupportedIntent@31f924f5</td></tr>
<tr>
<td title='testcases.statementrequest.TC29StatementRequestForAccountTypeWithAccountNumberSupportedIntent.StatementRequestIntentThreeForAccountTypeWithAccountNumberEnding()'><b>StatementRequestIntentThreeForAccountTypeWithAccountNumberEnding</b><br>Test class: testcases.statementrequest.TC29StatementRequestForAccountTypeWithAccountNumberSupportedIntent</td>
<td></td>
<td>33</td>
<td>testcases.statementrequest.TC29StatementRequestForAccountTypeWithAccountNumberSupportedIntent@545997b1</td></tr>
<tr>
<td title='testcases.statementrequest.TC18StatementRequestForSavingAccountType.StatementRequestIntentThreeForSavingAccountType()'><b>StatementRequestIntentThreeForSavingAccountType</b><br>Test class: testcases.statementrequest.TC18StatementRequestForSavingAccountType</td>
<td></td>
<td>36</td>
<td>testcases.statementrequest.TC18StatementRequestForSavingAccountType@149494d8</td></tr>
<tr>
<td title='testcases.statementrequest.TC35StatementRequestByAccountNumberEndingSupportedIntents.StatementRequestIntentTwoForAccountNumberEnding()'><b>StatementRequestIntentTwoForAccountNumberEnding</b><br>Test class: testcases.statementrequest.TC35StatementRequestByAccountNumberEndingSupportedIntents</td>
<td></td>
<td>31</td>
<td>testcases.statementrequest.TC35StatementRequestByAccountNumberEndingSupportedIntents@727803de</td></tr>
<tr>
<td title='testcases.statementrequest.TC22StatementRequestSupportedIntentsForAccountType.StatementRequestIntentTwoForAccountType()'><b>StatementRequestIntentTwoForAccountType</b><br>Test class: testcases.statementrequest.TC22StatementRequestSupportedIntentsForAccountType</td>
<td></td>
<td>32</td>
<td>testcases.statementrequest.TC22StatementRequestSupportedIntentsForAccountType@646007f4</td></tr>
<tr>
<td title='testcases.statementrequest.TC45StatementRequestForAccountTypeSupportedIntent.StatementRequestIntentTwoForAccountTypeEnding()'><b>StatementRequestIntentTwoForAccountTypeEnding</b><br>Test class: testcases.statementrequest.TC45StatementRequestForAccountTypeSupportedIntent</td>
<td></td>
<td>34</td>
<td>testcases.statementrequest.TC45StatementRequestForAccountTypeSupportedIntent@31f924f5</td></tr>
<tr>
<td title='testcases.statementrequest.TC29StatementRequestForAccountTypeWithAccountNumberSupportedIntent.StatementRequestIntentTwoForAccountTypeWithAccountNumberEnding()'><b>StatementRequestIntentTwoForAccountTypeWithAccountNumberEnding</b><br>Test class: testcases.statementrequest.TC29StatementRequestForAccountTypeWithAccountNumberSupportedIntent</td>
<td></td>
<td>34</td>
<td>testcases.statementrequest.TC29StatementRequestForAccountTypeWithAccountNumberSupportedIntent@545997b1</td></tr>
<tr>
<td title='testcases.statementrequest.TC19StatementRequestForCheckingAccounttType.StatementRequestIntentTwoForCheckingAccountType()'><b>StatementRequestIntentTwoForCheckingAccountType</b><br>Test class: testcases.statementrequest.TC19StatementRequestForCheckingAccounttType</td>
<td></td>
<td>33</td>
<td>testcases.statementrequest.TC19StatementRequestForCheckingAccounttType@710726a3</td></tr>
<tr>
<td title='testcases.statementrequest.TC24ViewListOfCurrentAccountsForCurrentAccountTypeIntents.StatementRequestIntentTwoForCheckingAccountType()'><b>StatementRequestIntentTwoForCheckingAccountType</b><br>Test class: testcases.statementrequest.TC24ViewListOfCurrentAccountsForCurrentAccountTypeIntents</td>
<td></td>
<td>28</td>
<td>testcases.statementrequest.TC24ViewListOfCurrentAccountsForCurrentAccountTypeIntents@78186a70</td></tr>
<tr>
<td title='testcases.statementrequest.TC18StatementRequestForSavingAccountType.StatementRequestIntentTwoForSavingAccountType()'><b>StatementRequestIntentTwoForSavingAccountType</b><br>Test class: testcases.statementrequest.TC18StatementRequestForSavingAccountType</td>
<td></td>
<td>32</td>
<td>testcases.statementrequest.TC18StatementRequestForSavingAccountType@149494d8</td></tr>
<tr>
<td title='testcases.statementrequest.TC38StatementRequestOfAccountNumberWhichIsNotAvailable.StatementRequestOfAccountNumberWhichIsNotAvailable()'><b>StatementRequestOfAccountNumberWhichIsNotAvailable</b><br>Test class: testcases.statementrequest.TC38StatementRequestOfAccountNumberWhichIsNotAvailable</td>
<td></td>
<td>31</td>
<td>testcases.statementrequest.TC38StatementRequestOfAccountNumberWhichIsNotAvailable@24a35978</td></tr>
<tr>
<td title='testcases.statementrequest.TC33StatementRequestOfAccountTypeAndAccountNumberForUserNotHavingAccountType.StatementRequestOfAccountTypeAndAccountNumberForUserNotHavingAccountType()'><b>StatementRequestOfAccountTypeAndAccountNumberForUserNotHavingAccountType</b><br>Test class: testcases.statementrequest.TC33StatementRequestOfAccountTypeAndAccountNumberForUserNotHavingAccountType</td>
<td></td>
<td>29</td>
<td>testcases.statementrequest.TC33StatementRequestOfAccountTypeAndAccountNumberForUserNotHavingAccountType@4c762604</td></tr>
<tr>
<td title='testcases.statementrequest.TC44BotResponseForSameCardNumberEndingIntentGivenTwice.StatementRequestOneForCardNumberEndingIntentTwice()'><b>StatementRequestOneForCardNumberEndingIntentTwice</b><br>Test class: testcases.statementrequest.TC44BotResponseForSameCardNumberEndingIntentGivenTwice</td>
<td></td>
<td>35</td>
<td>testcases.statementrequest.TC44BotResponseForSameCardNumberEndingIntentGivenTwice@5c18298f</td></tr>
<tr>
<td title='testcases.statementrequest.TC06StatementRequestSelectTheListOfAccounts.StatementRequestSelectRegularCurrentAccount()'><b>StatementRequestSelectRegularCurrentAccount</b><br>Test class: testcases.statementrequest.TC06StatementRequestSelectTheListOfAccounts</td>
<td></td>
<td>31</td>
<td>testcases.statementrequest.TC06StatementRequestSelectTheListOfAccounts@eb21112</td></tr>
<tr>
<td title='testcases.statementrequest.TC06StatementRequestSelectTheListOfAccounts.StatementRequestSelectSuperValueAccount()'><b>StatementRequestSelectSuperValueAccount</b><br>Test class: testcases.statementrequest.TC06StatementRequestSelectTheListOfAccounts</td>
<td></td>
<td>32</td>
<td>testcases.statementrequest.TC06StatementRequestSelectTheListOfAccounts@eb21112</td></tr>
<tr>
<td title='testcases.statementrequest.TC06StatementRequestSelectTheListOfAccounts.StatementRequestSelectUltimateCardAccount()'><b>StatementRequestSelectUltimateCardAccount</b><br>Test class: testcases.statementrequest.TC06StatementRequestSelectTheListOfAccounts</td>
<td></td>
<td>34</td>
<td>testcases.statementrequest.TC06StatementRequestSelectTheListOfAccounts@eb21112</td></tr>
<tr>
<td title='testcases.statementrequest.TC06StatementRequestSelectTheListOfAccounts.StatementRequestSelectaXcessPlusAccount()'><b>StatementRequestSelectaXcessPlusAccount</b><br>Test class: testcases.statementrequest.TC06StatementRequestSelectTheListOfAccounts</td>
<td></td>
<td>32</td>
<td>testcases.statementrequest.TC06StatementRequestSelectTheListOfAccounts@eb21112</td></tr>
<tr>
<td title='testcases.statementrequest.TC04StatementRequestSupportedIntents.StatementRequestVerifyIntentFive()'><b>StatementRequestVerifyIntentFive</b><br>Test class: testcases.statementrequest.TC04StatementRequestSupportedIntents</td>
<td></td>
<td>27</td>
<td>testcases.statementrequest.TC04StatementRequestSupportedIntents@704d6e83</td></tr>
<tr>
<td title='testcases.statementrequest.TC04StatementRequestSupportedIntents.StatementRequestVerifyIntentFour()'><b>StatementRequestVerifyIntentFour</b><br>Test class: testcases.statementrequest.TC04StatementRequestSupportedIntents</td>
<td></td>
<td>27</td>
<td>testcases.statementrequest.TC04StatementRequestSupportedIntents@704d6e83</td></tr>
<tr>
<td title='testcases.statementrequest.TC04StatementRequestSupportedIntents.StatementRequestVerifyIntentOne()'><b>StatementRequestVerifyIntentOne</b><br>Test class: testcases.statementrequest.TC04StatementRequestSupportedIntents</td>
<td></td>
<td>28</td>
<td>testcases.statementrequest.TC04StatementRequestSupportedIntents@704d6e83</td></tr>
<tr>
<td title='testcases.statementrequest.TC04StatementRequestSupportedIntents.StatementRequestVerifyIntentSix()'><b>StatementRequestVerifyIntentSix</b><br>Test class: testcases.statementrequest.TC04StatementRequestSupportedIntents</td>
<td></td>
<td>29</td>
<td>testcases.statementrequest.TC04StatementRequestSupportedIntents@704d6e83</td></tr>
<tr>
<td title='testcases.statementrequest.TC04StatementRequestSupportedIntents.StatementRequestVerifyIntentThree()'><b>StatementRequestVerifyIntentThree</b><br>Test class: testcases.statementrequest.TC04StatementRequestSupportedIntents</td>
<td></td>
<td>29</td>
<td>testcases.statementrequest.TC04StatementRequestSupportedIntents@704d6e83</td></tr>
<tr>
<td title='testcases.statementrequest.TC04StatementRequestSupportedIntents.StatementRequestVerifyIntentTwo()'><b>StatementRequestVerifyIntentTwo</b><br>Test class: testcases.statementrequest.TC04StatementRequestSupportedIntents</td>
<td></td>
<td>28</td>
<td>testcases.statementrequest.TC04StatementRequestSupportedIntents@704d6e83</td></tr>
<tr>
<td title='testcases.statementrequest.TC07StatementRequestforOnlyLast6Months.SuperValueAccountStatementForLast6Months()'><b>SuperValueAccountStatementForLast6Months</b><br>Test class: testcases.statementrequest.TC07StatementRequestforOnlyLast6Months</td>
<td></td>
<td>31</td>
<td>testcases.statementrequest.TC07StatementRequestforOnlyLast6Months@2eda0940</td></tr>
<tr>
<td title='testcases.statementrequest.TC07StatementRequestforOnlyLast6Months.UltimateCardAccountStatementForLast6Months()'><b>UltimateCardAccountStatementForLast6Months</b><br>Test class: testcases.statementrequest.TC07StatementRequestforOnlyLast6Months</td>
<td></td>
<td>31</td>
<td>testcases.statementrequest.TC07StatementRequestforOnlyLast6Months@2eda0940</td></tr>
<tr>
<td title='testcases.statementrequest.TC15VerifyAnythingElseStatementInDownloadResponse.VerifyAnythingElseStatementInDownloadResponseForRegularCurrentAccount()'><b>VerifyAnythingElseStatementInDownloadResponseForRegularCurrentAccount</b><br>Test class: testcases.statementrequest.TC15VerifyAnythingElseStatementInDownloadResponse</td>
<td></td>
<td>38</td>
<td>testcases.statementrequest.TC15VerifyAnythingElseStatementInDownloadResponse@4d1b0d2a</td></tr>
<tr>
<td title='testcases.statementrequest.TC15VerifyAnythingElseStatementInDownloadResponse.VerifyAnythingElseStatementInDownloadResponseForSuperValueAccount()'><b>VerifyAnythingElseStatementInDownloadResponseForSuperValueAccount</b><br>Test class: testcases.statementrequest.TC15VerifyAnythingElseStatementInDownloadResponse</td>
<td></td>
<td>38</td>
<td>testcases.statementrequest.TC15VerifyAnythingElseStatementInDownloadResponse@4d1b0d2a</td></tr>
<tr>
<td title='testcases.statementrequest.TC15VerifyAnythingElseStatementInDownloadResponse.VerifyAnythingElseStatementInDownloadResponseForUltimateAccount()'><b>VerifyAnythingElseStatementInDownloadResponseForUltimateAccount</b><br>Test class: testcases.statementrequest.TC15VerifyAnythingElseStatementInDownloadResponse</td>
<td></td>
<td>39</td>
<td>testcases.statementrequest.TC15VerifyAnythingElseStatementInDownloadResponse@4d1b0d2a</td></tr>
<tr>
<td title='testcases.statementrequest.TC15VerifyAnythingElseStatementInDownloadResponse.VerifyAnythingElseStatementInDownloadResponseForaXcessPlusAccount()'><b>VerifyAnythingElseStatementInDownloadResponseForaXcessPlusAccount</b><br>Test class: testcases.statementrequest.TC15VerifyAnythingElseStatementInDownloadResponse</td>
<td></td>
<td>37</td>
<td>testcases.statementrequest.TC15VerifyAnythingElseStatementInDownloadResponse@4d1b0d2a</td></tr>
<tr>
<td title='testcases.statementrequest.TC14Verify2InvalidAttemptsForWrongMonth.VerifyResponseFor2InvalidMonth()'><b>VerifyResponseFor2InvalidMonth</b><br>Test class: testcases.statementrequest.TC14Verify2InvalidAttemptsForWrongMonth</td>
<td></td>
<td>49</td>
<td>testcases.statementrequest.TC14Verify2InvalidAttemptsForWrongMonth@5c072e3f</td></tr>
<tr>
<td title='testcases.statementrequest.TC23ViewListOfSavingsAccountForSavingsAccountTypeIntents.ViewSavingsAccountForSavingAccountTypeIntentOne()'><b>ViewSavingsAccountForSavingAccountTypeIntentOne</b><br>Test class: testcases.statementrequest.TC23ViewListOfSavingsAccountForSavingsAccountTypeIntents</td>
<td></td>
<td>31</td>
<td>testcases.statementrequest.TC23ViewListOfSavingsAccountForSavingsAccountTypeIntents@481a15ff</td></tr>
<tr>
<td title='testcases.statementrequest.TC23ViewListOfSavingsAccountForSavingsAccountTypeIntents.ViewSavingsAccountForSavingAccountTypeIntentTwo()'><b>ViewSavingsAccountForSavingAccountTypeIntentTwo</b><br>Test class: testcases.statementrequest.TC23ViewListOfSavingsAccountForSavingsAccountTypeIntents</td>
<td></td>
<td>31</td>
<td>testcases.statementrequest.TC23ViewListOfSavingsAccountForSavingsAccountTypeIntents@481a15ff</td></tr>
<tr>
<td title='testcases.statementrequest.TC07StatementRequestforOnlyLast6Months.aXcessPlusAccountStatementForLast6Months()'><b>aXcessPlusAccountStatementForLast6Months</b><br>Test class: testcases.statementrequest.TC07StatementRequestforOnlyLast6Months</td>
<td></td>
<td>31</td>
<td>testcases.statementrequest.TC07StatementRequestforOnlyLast6Months@2eda0940</td></tr>
<tr>
<td title='testcases.statementrequest.TC10DownloadStatementForTheSelectedMonth.downloadStatementForRegularCurrentAccount()'><b>downloadStatementForRegularCurrentAccount</b><br>Test class: testcases.statementrequest.TC10DownloadStatementForTheSelectedMonth</td>
<td></td>
<td>39</td>
<td>testcases.statementrequest.TC10DownloadStatementForTheSelectedMonth@6eceb130</td></tr>
<tr>
<td title='testcases.statementrequest.TC10DownloadStatementForTheSelectedMonth.downloadStatementForSuperValueAccount()'><b>downloadStatementForSuperValueAccount</b><br>Test class: testcases.statementrequest.TC10DownloadStatementForTheSelectedMonth</td>
<td></td>
<td>39</td>
<td>testcases.statementrequest.TC10DownloadStatementForTheSelectedMonth@6eceb130</td></tr>
<tr>
<td title='testcases.statementrequest.TC10DownloadStatementForTheSelectedMonth.downloadStatementForUltimateCardAccount()'><b>downloadStatementForUltimateCardAccount</b><br>Test class: testcases.statementrequest.TC10DownloadStatementForTheSelectedMonth</td>
<td></td>
<td>40</td>
<td>testcases.statementrequest.TC10DownloadStatementForTheSelectedMonth@6eceb130</td></tr>
<tr>
<td title='testcases.statementrequest.TC10DownloadStatementForTheSelectedMonth.downloadStatementForXcessPlusAccount()'><b>downloadStatementForXcessPlusAccount</b><br>Test class: testcases.statementrequest.TC10DownloadStatementForTheSelectedMonth</td>
<td></td>
<td>39</td>
<td>testcases.statementrequest.TC10DownloadStatementForTheSelectedMonth@6eceb130</td></tr>
<tr>
<td title='testcases.statementrequest.TC09ViewTheStatementDownloadResponseForTheMonth.viewDownloadTextForRegularCurrentAccount()'><b>viewDownloadTextForRegularCurrentAccount</b><br>Test class: testcases.statementrequest.TC09ViewTheStatementDownloadResponseForTheMonth</td>
<td></td>
<td>35</td>
<td>testcases.statementrequest.TC09ViewTheStatementDownloadResponseForTheMonth@706a04ae</td></tr>
<tr>
<td title='testcases.statementrequest.TC09ViewTheStatementDownloadResponseForTheMonth.viewDownloadTextForSuperValueAccount()'><b>viewDownloadTextForSuperValueAccount</b><br>Test class: testcases.statementrequest.TC09ViewTheStatementDownloadResponseForTheMonth</td>
<td></td>
<td>36</td>
<td>testcases.statementrequest.TC09ViewTheStatementDownloadResponseForTheMonth@706a04ae</td></tr>
<tr>
<td title='testcases.statementrequest.TC09ViewTheStatementDownloadResponseForTheMonth.viewDownloadTextForUltimateCardAccount()'><b>viewDownloadTextForUltimateCardAccount</b><br>Test class: testcases.statementrequest.TC09ViewTheStatementDownloadResponseForTheMonth</td>
<td></td>
<td>36</td>
<td>testcases.statementrequest.TC09ViewTheStatementDownloadResponseForTheMonth@706a04ae</td></tr>
<tr>
<td title='testcases.statementrequest.TC09ViewTheStatementDownloadResponseForTheMonth.viewDownloadTextForaXcessPlusAccount()'><b>viewDownloadTextForaXcessPlusAccount</b><br>Test class: testcases.statementrequest.TC09ViewTheStatementDownloadResponseForTheMonth</td>
<td></td>
<td>38</td>
<td>testcases.statementrequest.TC09ViewTheStatementDownloadResponseForTheMonth@706a04ae</td></tr>
</table><p>
</body>
</html>