<html>
<head>
<title>TestNG:  Vikram</title>
<link href="../testng.css" rel="stylesheet" type="text/css" />
<link href="../my-testng.css" rel="stylesheet" type="text/css" />

<style type="text/css">
.log { display: none;} 
.stack-trace { display: none;} 
</style>
<script type="text/javascript">
<!--
function flip(e) {
  current = e.style.display;
  if (current == 'block') {
    e.style.display = 'none';
    return 0;
  }
  else {
    e.style.display = 'block';
    return 1;
  }
}

function toggleBox(szDivId, elem, msg1, msg2)
{
  var res = -1;  if (document.getElementById) {
    res = flip(document.getElementById(szDivId));
  }
  else if (document.all) {
    // this is the way old msie versions work
    res = flip(document.all[szDivId]);
  }
  if(elem) {
    if(res == 0) elem.innerHTML = msg1; else elem.innerHTML = msg2;
  }

}

function toggleAllBoxes() {
  if (document.getElementsByTagName) {
    d = document.getElementsByTagName('div');
    for (i = 0; i < d.length; i++) {
      if (d[i].className == 'log') {
        flip(d[i]);
      }
    }
  }
}

// -->
</script>

</head>
<body>
<h2 align='center'>Vikram</h2><table border='1' align="center">
<tr>
<td>Tests passed/Failed/Skipped:</td><td>94/16/0</td>
</tr><tr>
<td>Started on:</td><td>Tue May 05 19:00:43 IST 2020</td>
</tr>
<tr><td>Total time:</td><td>5078 seconds (5078943 ms)</td>
</tr><tr>
<td>Included groups:</td><td></td>
</tr><tr>
<td>Excluded groups:</td><td></td>
</tr>
</table><p/>
<small><i>(Hover the method name to see the test class name)</i></small><p/>
<table width='100%' border='1' class='invocation-failed'>
<tr><td colspan='4' align='center'><b>FAILED TESTS</b></td></tr>
<tr><td><b>Test method</b></td>
<td width="30%"><b>Exception</b></td>
<td width="10%"><b>Time (seconds)</b></td>
<td><b>Instance</b></td>
</tr>
<tr>
<td title='testcases.statementrequest.TC12VerifyTwoInvalidAttemptsResponseForWrongAccount.BotResponseFor2InvalidWrongAccount()'><b>BotResponseFor2InvalidWrongAccount</b><br>Test class: testcases.statementrequest.TC12VerifyTwoInvalidAttemptsResponseForWrongAccount</td>
<td><div><pre>org.openqa.selenium.NoSuchElementException: no such element: Unable to locate element: {&quot;method&quot;:&quot;xpath&quot;,&quot;selector&quot;:&quot;//img[@alt=&apos;Statement Request&apos;]&quot;}
  (Session info: headless chrome=81.0.4044.129)
  (Driver info: chromedriver=2.36.540470 (e522d04694c7ebea4ba8821272dbef4f9b818c91),platform=Windows NT 6.3.9600 x86_64) (WARNING: The server did not provide any stacktrace information)
Command duration or timeout: 0 milliseconds
For documentation on this error, please visit: http://seleniumhq.org/exceptions/no_such_element.html
Build info: version: &apos;3.14.0&apos;, revision: &apos;aacccce0&apos;, time: &apos;2018-08-02T20:19:58.91Z&apos;
System info: host: &apos;LENOVO-PC&apos;, ip: &apos;192.168.0.114&apos;, os.name: &apos;Windows 8.1&apos;, os.arch: &apos;amd64&apos;, os.version: &apos;6.3&apos;, java.version: &apos;1.8.0_251&apos;
Driver info: org.openqa.selenium.chrome.ChromeDriver
Capabilities {acceptInsecureCerts: false, acceptSslCerts: false, applicationCacheEnabled: false, browserConnectionEnabled: false, browserName: chrome, chrome: {chromedriverVersion: 2.36.540470 (e522d04694c7eb..., userDataDir: C:\Users\SRENIV~1\AppData\L...}, cssSelectorsEnabled: true, databaseEnabled: false, handlesAlerts: true, hasTouchScreen: false, javascriptEnabled: true, locationContextEnabled: true, mobileEmulationEnabled: false, nativeEvents: true, networkConnectionEnabled: false, pageLoadStrategy: normal, platform: XP, platformName: XP, rotatable: false, setWindowRect: true, takesHeapSnapshot: true, takesScreenshot: true, unexpectedAlertBehaviour: , unhandledPromptBehavior: , version: 81.0.4044.129, webStorageEnabled: true}
Session ID: 33c35be7810e4ff30028304fa16953d4
*** Element info: {Using=xpath, value=//img[@alt=&apos;Statement Request&apos;]}
	at org.openqa.selenium.remote.ErrorHandler.createThrowable(ErrorHandler.java:214)
	at org.openqa.selenium.remote.ErrorHandler.throwIfResponseFailed(ErrorHandler.java:166)
	at org.openqa.selenium.remote.http.JsonHttpResponseCodec.reconstructValue(JsonHttpResponseCodec.java:40)
	at org.openqa.selenium.remote.http.AbstractHttpResponseCodec.decode(AbstractHttpResponseCodec.java:80)
	at org.openqa.selenium.remote.http.AbstractHttpResponseCodec.decode(AbstractHttpResponseCodec.java:44)
	at org.openqa.selenium.remote.HttpCommandExecutor.execute(HttpCommandExecutor.java:158)
	at org.openqa.selenium.remote.service.DriverCommandExecutor.execute(DriverCommandExecutor.java:83)
	at org.openqa.selenium.remote.RemoteWebDriver.execute(RemoteWebDriver.java:548)
	at org.openqa.selenium.remote.RemoteWebDriver.findElement(RemoteWebDriver.java:322)
	at org.openqa.selenium.remote.RemoteWebDriver.findElementByXPath(RemoteWebDriver.java:424)
	at org.openqa.selenium.By$ByXPath.findElement(By.java:353)
	at org.openqa.selenium.remote.RemoteWebDriver.findElement(RemoteWebDriver.java:314)
	at wrappers.GenericWrappers.scrollDown(GenericWrappers.java:652)
	at pages.StatementRequestPage.scrollDownforSRIcon(StatementRequestPage.java:30)
	at testcases.statementrequest.TC12VerifyTwoInvalidAttemptsResponseForWrongAccount.BotResponseFor2InvalidWrongAccount(TC12VerifyTwoInvalidAttemptsResponseForWrongAccount.java:35)
	at java.util.ArrayList.forEach(Unknown Source)
... Removed 31 stack frames</pre></div><a href='#' onClick='toggleBox("stack-trace182111900", this, "Click to show all stack frames", "Click to hide stack frames")'>Click to show all stack frames</a>
<div class='stack-trace' id='stack-trace182111900'><pre>org.openqa.selenium.NoSuchElementException: no such element: Unable to locate element: {&quot;method&quot;:&quot;xpath&quot;,&quot;selector&quot;:&quot;//img[@alt=&apos;Statement Request&apos;]&quot;}
  (Session info: headless chrome=81.0.4044.129)
  (Driver info: chromedriver=2.36.540470 (e522d04694c7ebea4ba8821272dbef4f9b818c91),platform=Windows NT 6.3.9600 x86_64) (WARNING: The server did not provide any stacktrace information)
Command duration or timeout: 0 milliseconds
For documentation on this error, please visit: http://seleniumhq.org/exceptions/no_such_element.html
Build info: version: &apos;3.14.0&apos;, revision: &apos;aacccce0&apos;, time: &apos;2018-08-02T20:19:58.91Z&apos;
System info: host: &apos;LENOVO-PC&apos;, ip: &apos;192.168.0.114&apos;, os.name: &apos;Windows 8.1&apos;, os.arch: &apos;amd64&apos;, os.version: &apos;6.3&apos;, java.version: &apos;1.8.0_251&apos;
Driver info: org.openqa.selenium.chrome.ChromeDriver
Capabilities {acceptInsecureCerts: false, acceptSslCerts: false, applicationCacheEnabled: false, browserConnectionEnabled: false, browserName: chrome, chrome: {chromedriverVersion: 2.36.540470 (e522d04694c7eb..., userDataDir: C:\Users\SRENIV~1\AppData\L...}, cssSelectorsEnabled: true, databaseEnabled: false, handlesAlerts: true, hasTouchScreen: false, javascriptEnabled: true, locationContextEnabled: true, mobileEmulationEnabled: false, nativeEvents: true, networkConnectionEnabled: false, pageLoadStrategy: normal, platform: XP, platformName: XP, rotatable: false, setWindowRect: true, takesHeapSnapshot: true, takesScreenshot: true, unexpectedAlertBehaviour: , unhandledPromptBehavior: , version: 81.0.4044.129, webStorageEnabled: true}
Session ID: 33c35be7810e4ff30028304fa16953d4
*** Element info: {Using=xpath, value=//img[@alt=&apos;Statement Request&apos;]}
	at sun.reflect.NativeConstructorAccessorImpl.newInstance0(Native Method)
	at sun.reflect.NativeConstructorAccessorImpl.newInstance(Unknown Source)
	at sun.reflect.DelegatingConstructorAccessorImpl.newInstance(Unknown Source)
	at java.lang.reflect.Constructor.newInstance(Unknown Source)
	at org.openqa.selenium.remote.ErrorHandler.createThrowable(ErrorHandler.java:214)
	at org.openqa.selenium.remote.ErrorHandler.throwIfResponseFailed(ErrorHandler.java:166)
	at org.openqa.selenium.remote.http.JsonHttpResponseCodec.reconstructValue(JsonHttpResponseCodec.java:40)
	at org.openqa.selenium.remote.http.AbstractHttpResponseCodec.decode(AbstractHttpResponseCodec.java:80)
	at org.openqa.selenium.remote.http.AbstractHttpResponseCodec.decode(AbstractHttpResponseCodec.java:44)
	at org.openqa.selenium.remote.HttpCommandExecutor.execute(HttpCommandExecutor.java:158)
	at org.openqa.selenium.remote.service.DriverCommandExecutor.execute(DriverCommandExecutor.java:83)
	at org.openqa.selenium.remote.RemoteWebDriver.execute(RemoteWebDriver.java:548)
	at org.openqa.selenium.remote.RemoteWebDriver.findElement(RemoteWebDriver.java:322)
	at org.openqa.selenium.remote.RemoteWebDriver.findElementByXPath(RemoteWebDriver.java:424)
	at org.openqa.selenium.By$ByXPath.findElement(By.java:353)
	at org.openqa.selenium.remote.RemoteWebDriver.findElement(RemoteWebDriver.java:314)
	at wrappers.GenericWrappers.scrollDown(GenericWrappers.java:652)
	at pages.StatementRequestPage.scrollDownforSRIcon(StatementRequestPage.java:30)
	at testcases.statementrequest.TC12VerifyTwoInvalidAttemptsResponseForWrongAccount.BotResponseFor2InvalidWrongAccount(TC12VerifyTwoInvalidAttemptsResponseForWrongAccount.java:35)
	at sun.reflect.NativeMethodAccessorImpl.invoke0(Native Method)
	at sun.reflect.NativeMethodAccessorImpl.invoke(Unknown Source)
	at sun.reflect.DelegatingMethodAccessorImpl.invoke(Unknown Source)
	at java.lang.reflect.Method.invoke(Unknown Source)
	at org.testng.internal.MethodInvocationHelper.invokeMethod(MethodInvocationHelper.java:134)
	at org.testng.internal.TestInvoker.invokeMethod(TestInvoker.java:597)
	at org.testng.internal.TestInvoker.invokeTestMethod(TestInvoker.java:173)
	at org.testng.internal.MethodRunner.runInSequence(MethodRunner.java:46)
	at org.testng.internal.TestInvoker$MethodInvocationAgent.invoke(TestInvoker.java:816)
	at org.testng.internal.TestInvoker.invokeTestMethods(TestInvoker.java:146)
	at org.testng.internal.TestMethodWorker.invokeTestMethods(TestMethodWorker.java:146)
	at org.testng.internal.TestMethodWorker.run(TestMethodWorker.java:128)
	at java.util.ArrayList.forEach(Unknown Source)
	at org.testng.TestRunner.privateRun(TestRunner.java:766)
	at org.testng.TestRunner.run(TestRunner.java:587)
	at org.testng.SuiteRunner.runTest(SuiteRunner.java:384)
	at org.testng.SuiteRunner.runSequentially(SuiteRunner.java:378)
	at org.testng.SuiteRunner.privateRun(SuiteRunner.java:337)
	at org.testng.SuiteRunner.run(SuiteRunner.java:286)
	at org.testng.SuiteRunnerWorker.runSuite(SuiteRunnerWorker.java:53)
	at org.testng.SuiteRunnerWorker.run(SuiteRunnerWorker.java:96)
	at org.testng.TestNG.runSuitesSequentially(TestNG.java:1187)
	at org.testng.TestNG.runSuitesLocally(TestNG.java:1109)
	at org.testng.TestNG.runSuites(TestNG.java:1039)
	at org.testng.TestNG.run(TestNG.java:1007)
	at org.testng.remote.AbstractRemoteTestNG.run(AbstractRemoteTestNG.java:115)
	at org.testng.remote.RemoteTestNG.initAndRun(RemoteTestNG.java:251)
	at org.testng.remote.RemoteTestNG.main(RemoteTestNG.java:77)
</pre></div></td>
<td>10</td>
<td>testcases.statementrequest.TC12VerifyTwoInvalidAttemptsResponseForWrongAccount@545997b1</td></tr>
<tr>
<td title='testcases.statementrequest.TC54StatementRequestByCorrectMonthTwice.ResponseForCorrectMonthTwice()'><b>ResponseForCorrectMonthTwice</b><br>Test class: testcases.statementrequest.TC54StatementRequestByCorrectMonthTwice</td>
<td><div><pre>org.openqa.selenium.NoSuchElementException: no such element: Unable to locate element: {&quot;method&quot;:&quot;xpath&quot;,&quot;selector&quot;:&quot;//img[@alt=&apos;Statement Request&apos;]&quot;}
  (Session info: headless chrome=81.0.4044.129)
  (Driver info: chromedriver=2.36.540470 (e522d04694c7ebea4ba8821272dbef4f9b818c91),platform=Windows NT 6.3.9600 x86_64) (WARNING: The server did not provide any stacktrace information)
Command duration or timeout: 0 milliseconds
For documentation on this error, please visit: http://seleniumhq.org/exceptions/no_such_element.html
Build info: version: &apos;3.14.0&apos;, revision: &apos;aacccce0&apos;, time: &apos;2018-08-02T20:19:58.91Z&apos;
System info: host: &apos;LENOVO-PC&apos;, ip: &apos;192.168.0.114&apos;, os.name: &apos;Windows 8.1&apos;, os.arch: &apos;amd64&apos;, os.version: &apos;6.3&apos;, java.version: &apos;1.8.0_251&apos;
Driver info: org.openqa.selenium.chrome.ChromeDriver
Capabilities {acceptInsecureCerts: false, acceptSslCerts: false, applicationCacheEnabled: false, browserConnectionEnabled: false, browserName: chrome, chrome: {chromedriverVersion: 2.36.540470 (e522d04694c7eb..., userDataDir: C:\Users\SRENIV~1\AppData\L...}, cssSelectorsEnabled: true, databaseEnabled: false, handlesAlerts: true, hasTouchScreen: false, javascriptEnabled: true, locationContextEnabled: true, mobileEmulationEnabled: false, nativeEvents: true, networkConnectionEnabled: false, pageLoadStrategy: normal, platform: XP, platformName: XP, rotatable: false, setWindowRect: true, takesHeapSnapshot: true, takesScreenshot: true, unexpectedAlertBehaviour: , unhandledPromptBehavior: , version: 81.0.4044.129, webStorageEnabled: true}
Session ID: 670f854b98f01e56e99265ab1dd8867d
*** Element info: {Using=xpath, value=//img[@alt=&apos;Statement Request&apos;]}
	at org.openqa.selenium.remote.ErrorHandler.createThrowable(ErrorHandler.java:214)
	at org.openqa.selenium.remote.ErrorHandler.throwIfResponseFailed(ErrorHandler.java:166)
	at org.openqa.selenium.remote.http.JsonHttpResponseCodec.reconstructValue(JsonHttpResponseCodec.java:40)
	at org.openqa.selenium.remote.http.AbstractHttpResponseCodec.decode(AbstractHttpResponseCodec.java:80)
	at org.openqa.selenium.remote.http.AbstractHttpResponseCodec.decode(AbstractHttpResponseCodec.java:44)
	at org.openqa.selenium.remote.HttpCommandExecutor.execute(HttpCommandExecutor.java:158)
	at org.openqa.selenium.remote.service.DriverCommandExecutor.execute(DriverCommandExecutor.java:83)
	at org.openqa.selenium.remote.RemoteWebDriver.execute(RemoteWebDriver.java:548)
	at org.openqa.selenium.remote.RemoteWebDriver.findElement(RemoteWebDriver.java:322)
	at org.openqa.selenium.remote.RemoteWebDriver.findElementByXPath(RemoteWebDriver.java:424)
	at org.openqa.selenium.By$ByXPath.findElement(By.java:353)
	at org.openqa.selenium.remote.RemoteWebDriver.findElement(RemoteWebDriver.java:314)
	at wrappers.GenericWrappers.scrollDown(GenericWrappers.java:652)
	at pages.StatementRequestPage.scrollDownforSRIcon(StatementRequestPage.java:30)
	at testcases.statementrequest.TC54StatementRequestByCorrectMonthTwice.ResponseForCorrectMonthTwice(TC54StatementRequestByCorrectMonthTwice.java:35)
	at java.util.ArrayList.forEach(Unknown Source)
... Removed 31 stack frames</pre></div><a href='#' onClick='toggleBox("stack-trace1094411519", this, "Click to show all stack frames", "Click to hide stack frames")'>Click to show all stack frames</a>
<div class='stack-trace' id='stack-trace1094411519'><pre>org.openqa.selenium.NoSuchElementException: no such element: Unable to locate element: {&quot;method&quot;:&quot;xpath&quot;,&quot;selector&quot;:&quot;//img[@alt=&apos;Statement Request&apos;]&quot;}
  (Session info: headless chrome=81.0.4044.129)
  (Driver info: chromedriver=2.36.540470 (e522d04694c7ebea4ba8821272dbef4f9b818c91),platform=Windows NT 6.3.9600 x86_64) (WARNING: The server did not provide any stacktrace information)
Command duration or timeout: 0 milliseconds
For documentation on this error, please visit: http://seleniumhq.org/exceptions/no_such_element.html
Build info: version: &apos;3.14.0&apos;, revision: &apos;aacccce0&apos;, time: &apos;2018-08-02T20:19:58.91Z&apos;
System info: host: &apos;LENOVO-PC&apos;, ip: &apos;192.168.0.114&apos;, os.name: &apos;Windows 8.1&apos;, os.arch: &apos;amd64&apos;, os.version: &apos;6.3&apos;, java.version: &apos;1.8.0_251&apos;
Driver info: org.openqa.selenium.chrome.ChromeDriver
Capabilities {acceptInsecureCerts: false, acceptSslCerts: false, applicationCacheEnabled: false, browserConnectionEnabled: false, browserName: chrome, chrome: {chromedriverVersion: 2.36.540470 (e522d04694c7eb..., userDataDir: C:\Users\SRENIV~1\AppData\L...}, cssSelectorsEnabled: true, databaseEnabled: false, handlesAlerts: true, hasTouchScreen: false, javascriptEnabled: true, locationContextEnabled: true, mobileEmulationEnabled: false, nativeEvents: true, networkConnectionEnabled: false, pageLoadStrategy: normal, platform: XP, platformName: XP, rotatable: false, setWindowRect: true, takesHeapSnapshot: true, takesScreenshot: true, unexpectedAlertBehaviour: , unhandledPromptBehavior: , version: 81.0.4044.129, webStorageEnabled: true}
Session ID: 670f854b98f01e56e99265ab1dd8867d
*** Element info: {Using=xpath, value=//img[@alt=&apos;Statement Request&apos;]}
	at sun.reflect.NativeConstructorAccessorImpl.newInstance0(Native Method)
	at sun.reflect.NativeConstructorAccessorImpl.newInstance(Unknown Source)
	at sun.reflect.DelegatingConstructorAccessorImpl.newInstance(Unknown Source)
	at java.lang.reflect.Constructor.newInstance(Unknown Source)
	at org.openqa.selenium.remote.ErrorHandler.createThrowable(ErrorHandler.java:214)
	at org.openqa.selenium.remote.ErrorHandler.throwIfResponseFailed(ErrorHandler.java:166)
	at org.openqa.selenium.remote.http.JsonHttpResponseCodec.reconstructValue(JsonHttpResponseCodec.java:40)
	at org.openqa.selenium.remote.http.AbstractHttpResponseCodec.decode(AbstractHttpResponseCodec.java:80)
	at org.openqa.selenium.remote.http.AbstractHttpResponseCodec.decode(AbstractHttpResponseCodec.java:44)
	at org.openqa.selenium.remote.HttpCommandExecutor.execute(HttpCommandExecutor.java:158)
	at org.openqa.selenium.remote.service.DriverCommandExecutor.execute(DriverCommandExecutor.java:83)
	at org.openqa.selenium.remote.RemoteWebDriver.execute(RemoteWebDriver.java:548)
	at org.openqa.selenium.remote.RemoteWebDriver.findElement(RemoteWebDriver.java:322)
	at org.openqa.selenium.remote.RemoteWebDriver.findElementByXPath(RemoteWebDriver.java:424)
	at org.openqa.selenium.By$ByXPath.findElement(By.java:353)
	at org.openqa.selenium.remote.RemoteWebDriver.findElement(RemoteWebDriver.java:314)
	at wrappers.GenericWrappers.scrollDown(GenericWrappers.java:652)
	at pages.StatementRequestPage.scrollDownforSRIcon(StatementRequestPage.java:30)
	at testcases.statementrequest.TC54StatementRequestByCorrectMonthTwice.ResponseForCorrectMonthTwice(TC54StatementRequestByCorrectMonthTwice.java:35)
	at sun.reflect.NativeMethodAccessorImpl.invoke0(Native Method)
	at sun.reflect.NativeMethodAccessorImpl.invoke(Unknown Source)
	at sun.reflect.DelegatingMethodAccessorImpl.invoke(Unknown Source)
	at java.lang.reflect.Method.invoke(Unknown Source)
	at org.testng.internal.MethodInvocationHelper.invokeMethod(MethodInvocationHelper.java:134)
	at org.testng.internal.TestInvoker.invokeMethod(TestInvoker.java:597)
	at org.testng.internal.TestInvoker.invokeTestMethod(TestInvoker.java:173)
	at org.testng.internal.MethodRunner.runInSequence(MethodRunner.java:46)
	at org.testng.internal.TestInvoker$MethodInvocationAgent.invoke(TestInvoker.java:816)
	at org.testng.internal.TestInvoker.invokeTestMethods(TestInvoker.java:146)
	at org.testng.internal.TestMethodWorker.invokeTestMethods(TestMethodWorker.java:146)
	at org.testng.internal.TestMethodWorker.run(TestMethodWorker.java:128)
	at java.util.ArrayList.forEach(Unknown Source)
	at org.testng.TestRunner.privateRun(TestRunner.java:766)
	at org.testng.TestRunner.run(TestRunner.java:587)
	at org.testng.SuiteRunner.runTest(SuiteRunner.java:384)
	at org.testng.SuiteRunner.runSequentially(SuiteRunner.java:378)
	at org.testng.SuiteRunner.privateRun(SuiteRunner.java:337)
	at org.testng.SuiteRunner.run(SuiteRunner.java:286)
	at org.testng.SuiteRunnerWorker.runSuite(SuiteRunnerWorker.java:53)
	at org.testng.SuiteRunnerWorker.run(SuiteRunnerWorker.java:96)
	at org.testng.TestNG.runSuitesSequentially(TestNG.java:1187)
	at org.testng.TestNG.runSuitesLocally(TestNG.java:1109)
	at org.testng.TestNG.runSuites(TestNG.java:1039)
	at org.testng.TestNG.run(TestNG.java:1007)
	at org.testng.remote.AbstractRemoteTestNG.run(AbstractRemoteTestNG.java:115)
	at org.testng.remote.RemoteTestNG.initAndRun(RemoteTestNG.java:251)
	at org.testng.remote.RemoteTestNG.main(RemoteTestNG.java:77)
</pre></div></td>
<td>10</td>
<td>testcases.statementrequest.TC54StatementRequestByCorrectMonthTwice@35a50a4c</td></tr>
<tr>
<td title='testcases.statementrequest.TC51ValidationResponseForMonthBefore6Months.ResponseForMonthGivenBefore6Months()'><b>ResponseForMonthGivenBefore6Months</b><br>Test class: testcases.statementrequest.TC51ValidationResponseForMonthBefore6Months</td>
<td><div><pre>java.lang.RuntimeException: FAILED
	at utils.Reporter.reportStep(Reporter.java:29)
	at wrappers.GenericWrappers.verifyTextByXpath(GenericWrappers.java:475)
	at pages.StatementRequestPage.verifyWrongMonthText(StatementRequestPage.java:191)
	at testcases.statementrequest.TC51ValidationResponseForMonthBefore6Months.ResponseForMonthGivenBefore6Months(TC51ValidationResponseForMonthBefore6Months.java:42)
	at java.util.ArrayList.forEach(Unknown Source)
... Removed 27 stack frames</pre></div><a href='#' onClick='toggleBox("stack-trace2054951561", this, "Click to show all stack frames", "Click to hide stack frames")'>Click to show all stack frames</a>
<div class='stack-trace' id='stack-trace2054951561'><pre>java.lang.RuntimeException: FAILED
	at utils.Reporter.reportStep(Reporter.java:29)
	at wrappers.GenericWrappers.verifyTextByXpath(GenericWrappers.java:475)
	at pages.StatementRequestPage.verifyWrongMonthText(StatementRequestPage.java:191)
	at testcases.statementrequest.TC51ValidationResponseForMonthBefore6Months.ResponseForMonthGivenBefore6Months(TC51ValidationResponseForMonthBefore6Months.java:42)
	at sun.reflect.NativeMethodAccessorImpl.invoke0(Native Method)
	at sun.reflect.NativeMethodAccessorImpl.invoke(Unknown Source)
	at sun.reflect.DelegatingMethodAccessorImpl.invoke(Unknown Source)
	at java.lang.reflect.Method.invoke(Unknown Source)
	at org.testng.internal.MethodInvocationHelper.invokeMethod(MethodInvocationHelper.java:134)
	at org.testng.internal.TestInvoker.invokeMethod(TestInvoker.java:597)
	at org.testng.internal.TestInvoker.invokeTestMethod(TestInvoker.java:173)
	at org.testng.internal.MethodRunner.runInSequence(MethodRunner.java:46)
	at org.testng.internal.TestInvoker$MethodInvocationAgent.invoke(TestInvoker.java:816)
	at org.testng.internal.TestInvoker.invokeTestMethods(TestInvoker.java:146)
	at org.testng.internal.TestMethodWorker.invokeTestMethods(TestMethodWorker.java:146)
	at org.testng.internal.TestMethodWorker.run(TestMethodWorker.java:128)
	at java.util.ArrayList.forEach(Unknown Source)
	at org.testng.TestRunner.privateRun(TestRunner.java:766)
	at org.testng.TestRunner.run(TestRunner.java:587)
	at org.testng.SuiteRunner.runTest(SuiteRunner.java:384)
	at org.testng.SuiteRunner.runSequentially(SuiteRunner.java:378)
	at org.testng.SuiteRunner.privateRun(SuiteRunner.java:337)
	at org.testng.SuiteRunner.run(SuiteRunner.java:286)
	at org.testng.SuiteRunnerWorker.runSuite(SuiteRunnerWorker.java:53)
	at org.testng.SuiteRunnerWorker.run(SuiteRunnerWorker.java:96)
	at org.testng.TestNG.runSuitesSequentially(TestNG.java:1187)
	at org.testng.TestNG.runSuitesLocally(TestNG.java:1109)
	at org.testng.TestNG.runSuites(TestNG.java:1039)
	at org.testng.TestNG.run(TestNG.java:1007)
	at org.testng.remote.AbstractRemoteTestNG.run(AbstractRemoteTestNG.java:115)
	at org.testng.remote.RemoteTestNG.initAndRun(RemoteTestNG.java:251)
	at org.testng.remote.RemoteTestNG.main(RemoteTestNG.java:77)
</pre></div></td>
<td>38</td>
<td>testcases.statementrequest.TC51ValidationResponseForMonthBefore6Months@68ceda24</td></tr>
<tr>
<td title='testcases.statementrequest.TC53ValidationResponseForWrongMonth.ResponseForWrongMonth()'><b>ResponseForWrongMonth</b><br>Test class: testcases.statementrequest.TC53ValidationResponseForWrongMonth</td>
<td><div><pre>org.openqa.selenium.NoSuchElementException: no such element: Unable to locate element: {&quot;method&quot;:&quot;xpath&quot;,&quot;selector&quot;:&quot;//img[@alt=&apos;Statement Request&apos;]&quot;}
  (Session info: headless chrome=81.0.4044.129)
  (Driver info: chromedriver=2.36.540470 (e522d04694c7ebea4ba8821272dbef4f9b818c91),platform=Windows NT 6.3.9600 x86_64) (WARNING: The server did not provide any stacktrace information)
Command duration or timeout: 0 milliseconds
For documentation on this error, please visit: http://seleniumhq.org/exceptions/no_such_element.html
Build info: version: &apos;3.14.0&apos;, revision: &apos;aacccce0&apos;, time: &apos;2018-08-02T20:19:58.91Z&apos;
System info: host: &apos;LENOVO-PC&apos;, ip: &apos;192.168.0.114&apos;, os.name: &apos;Windows 8.1&apos;, os.arch: &apos;amd64&apos;, os.version: &apos;6.3&apos;, java.version: &apos;1.8.0_251&apos;
Driver info: org.openqa.selenium.chrome.ChromeDriver
Capabilities {acceptInsecureCerts: false, acceptSslCerts: false, applicationCacheEnabled: false, browserConnectionEnabled: false, browserName: chrome, chrome: {chromedriverVersion: 2.36.540470 (e522d04694c7eb..., userDataDir: C:\Users\SRENIV~1\AppData\L...}, cssSelectorsEnabled: true, databaseEnabled: false, handlesAlerts: true, hasTouchScreen: false, javascriptEnabled: true, locationContextEnabled: true, mobileEmulationEnabled: false, nativeEvents: true, networkConnectionEnabled: false, pageLoadStrategy: normal, platform: XP, platformName: XP, rotatable: false, setWindowRect: true, takesHeapSnapshot: true, takesScreenshot: true, unexpectedAlertBehaviour: , unhandledPromptBehavior: , version: 81.0.4044.129, webStorageEnabled: true}
Session ID: f8aeedb45b2cc62810ed5266145f20d6
*** Element info: {Using=xpath, value=//img[@alt=&apos;Statement Request&apos;]}
	at org.openqa.selenium.remote.ErrorHandler.createThrowable(ErrorHandler.java:214)
	at org.openqa.selenium.remote.ErrorHandler.throwIfResponseFailed(ErrorHandler.java:166)
	at org.openqa.selenium.remote.http.JsonHttpResponseCodec.reconstructValue(JsonHttpResponseCodec.java:40)
	at org.openqa.selenium.remote.http.AbstractHttpResponseCodec.decode(AbstractHttpResponseCodec.java:80)
	at org.openqa.selenium.remote.http.AbstractHttpResponseCodec.decode(AbstractHttpResponseCodec.java:44)
	at org.openqa.selenium.remote.HttpCommandExecutor.execute(HttpCommandExecutor.java:158)
	at org.openqa.selenium.remote.service.DriverCommandExecutor.execute(DriverCommandExecutor.java:83)
	at org.openqa.selenium.remote.RemoteWebDriver.execute(RemoteWebDriver.java:548)
	at org.openqa.selenium.remote.RemoteWebDriver.findElement(RemoteWebDriver.java:322)
	at org.openqa.selenium.remote.RemoteWebDriver.findElementByXPath(RemoteWebDriver.java:424)
	at org.openqa.selenium.By$ByXPath.findElement(By.java:353)
	at org.openqa.selenium.remote.RemoteWebDriver.findElement(RemoteWebDriver.java:314)
	at wrappers.GenericWrappers.scrollDown(GenericWrappers.java:652)
	at pages.StatementRequestPage.scrollDownforSRIcon(StatementRequestPage.java:30)
	at testcases.statementrequest.TC53ValidationResponseForWrongMonth.ResponseForWrongMonth(TC53ValidationResponseForWrongMonth.java:35)
	at java.util.ArrayList.forEach(Unknown Source)
... Removed 31 stack frames</pre></div><a href='#' onClick='toggleBox("stack-trace1909758934", this, "Click to show all stack frames", "Click to hide stack frames")'>Click to show all stack frames</a>
<div class='stack-trace' id='stack-trace1909758934'><pre>org.openqa.selenium.NoSuchElementException: no such element: Unable to locate element: {&quot;method&quot;:&quot;xpath&quot;,&quot;selector&quot;:&quot;//img[@alt=&apos;Statement Request&apos;]&quot;}
  (Session info: headless chrome=81.0.4044.129)
  (Driver info: chromedriver=2.36.540470 (e522d04694c7ebea4ba8821272dbef4f9b818c91),platform=Windows NT 6.3.9600 x86_64) (WARNING: The server did not provide any stacktrace information)
Command duration or timeout: 0 milliseconds
For documentation on this error, please visit: http://seleniumhq.org/exceptions/no_such_element.html
Build info: version: &apos;3.14.0&apos;, revision: &apos;aacccce0&apos;, time: &apos;2018-08-02T20:19:58.91Z&apos;
System info: host: &apos;LENOVO-PC&apos;, ip: &apos;192.168.0.114&apos;, os.name: &apos;Windows 8.1&apos;, os.arch: &apos;amd64&apos;, os.version: &apos;6.3&apos;, java.version: &apos;1.8.0_251&apos;
Driver info: org.openqa.selenium.chrome.ChromeDriver
Capabilities {acceptInsecureCerts: false, acceptSslCerts: false, applicationCacheEnabled: false, browserConnectionEnabled: false, browserName: chrome, chrome: {chromedriverVersion: 2.36.540470 (e522d04694c7eb..., userDataDir: C:\Users\SRENIV~1\AppData\L...}, cssSelectorsEnabled: true, databaseEnabled: false, handlesAlerts: true, hasTouchScreen: false, javascriptEnabled: true, locationContextEnabled: true, mobileEmulationEnabled: false, nativeEvents: true, networkConnectionEnabled: false, pageLoadStrategy: normal, platform: XP, platformName: XP, rotatable: false, setWindowRect: true, takesHeapSnapshot: true, takesScreenshot: true, unexpectedAlertBehaviour: , unhandledPromptBehavior: , version: 81.0.4044.129, webStorageEnabled: true}
Session ID: f8aeedb45b2cc62810ed5266145f20d6
*** Element info: {Using=xpath, value=//img[@alt=&apos;Statement Request&apos;]}
	at sun.reflect.NativeConstructorAccessorImpl.newInstance0(Native Method)
	at sun.reflect.NativeConstructorAccessorImpl.newInstance(Unknown Source)
	at sun.reflect.DelegatingConstructorAccessorImpl.newInstance(Unknown Source)
	at java.lang.reflect.Constructor.newInstance(Unknown Source)
	at org.openqa.selenium.remote.ErrorHandler.createThrowable(ErrorHandler.java:214)
	at org.openqa.selenium.remote.ErrorHandler.throwIfResponseFailed(ErrorHandler.java:166)
	at org.openqa.selenium.remote.http.JsonHttpResponseCodec.reconstructValue(JsonHttpResponseCodec.java:40)
	at org.openqa.selenium.remote.http.AbstractHttpResponseCodec.decode(AbstractHttpResponseCodec.java:80)
	at org.openqa.selenium.remote.http.AbstractHttpResponseCodec.decode(AbstractHttpResponseCodec.java:44)
	at org.openqa.selenium.remote.HttpCommandExecutor.execute(HttpCommandExecutor.java:158)
	at org.openqa.selenium.remote.service.DriverCommandExecutor.execute(DriverCommandExecutor.java:83)
	at org.openqa.selenium.remote.RemoteWebDriver.execute(RemoteWebDriver.java:548)
	at org.openqa.selenium.remote.RemoteWebDriver.findElement(RemoteWebDriver.java:322)
	at org.openqa.selenium.remote.RemoteWebDriver.findElementByXPath(RemoteWebDriver.java:424)
	at org.openqa.selenium.By$ByXPath.findElement(By.java:353)
	at org.openqa.selenium.remote.RemoteWebDriver.findElement(RemoteWebDriver.java:314)
	at wrappers.GenericWrappers.scrollDown(GenericWrappers.java:652)
	at pages.StatementRequestPage.scrollDownforSRIcon(StatementRequestPage.java:30)
	at testcases.statementrequest.TC53ValidationResponseForWrongMonth.ResponseForWrongMonth(TC53ValidationResponseForWrongMonth.java:35)
	at sun.reflect.NativeMethodAccessorImpl.invoke0(Native Method)
	at sun.reflect.NativeMethodAccessorImpl.invoke(Unknown Source)
	at sun.reflect.DelegatingMethodAccessorImpl.invoke(Unknown Source)
	at java.lang.reflect.Method.invoke(Unknown Source)
	at org.testng.internal.MethodInvocationHelper.invokeMethod(MethodInvocationHelper.java:134)
	at org.testng.internal.TestInvoker.invokeMethod(TestInvoker.java:597)
	at org.testng.internal.TestInvoker.invokeTestMethod(TestInvoker.java:173)
	at org.testng.internal.MethodRunner.runInSequence(MethodRunner.java:46)
	at org.testng.internal.TestInvoker$MethodInvocationAgent.invoke(TestInvoker.java:816)
	at org.testng.internal.TestInvoker.invokeTestMethods(TestInvoker.java:146)
	at org.testng.internal.TestMethodWorker.invokeTestMethods(TestMethodWorker.java:146)
	at org.testng.internal.TestMethodWorker.run(TestMethodWorker.java:128)
	at java.util.ArrayList.forEach(Unknown Source)
	at org.testng.TestRunner.privateRun(TestRunner.java:766)
	at org.testng.TestRunner.run(TestRunner.java:587)
	at org.testng.SuiteRunner.runTest(SuiteRunner.java:384)
	at org.testng.SuiteRunner.runSequentially(SuiteRunner.java:378)
	at org.testng.SuiteRunner.privateRun(SuiteRunner.java:337)
	at org.testng.SuiteRunner.run(SuiteRunner.java:286)
	at org.testng.SuiteRunnerWorker.runSuite(SuiteRunnerWorker.java:53)
	at org.testng.SuiteRunnerWorker.run(SuiteRunnerWorker.java:96)
	at org.testng.TestNG.runSuitesSequentially(TestNG.java:1187)
	at org.testng.TestNG.runSuitesLocally(TestNG.java:1109)
	at org.testng.TestNG.runSuites(TestNG.java:1039)
	at org.testng.TestNG.run(TestNG.java:1007)
	at org.testng.remote.AbstractRemoteTestNG.run(AbstractRemoteTestNG.java:115)
	at org.testng.remote.RemoteTestNG.initAndRun(RemoteTestNG.java:251)
	at org.testng.remote.RemoteTestNG.main(RemoteTestNG.java:77)
</pre></div></td>
<td>10</td>
<td>testcases.statementrequest.TC53ValidationResponseForWrongMonth@281e3708</td></tr>
<tr>
<td title='testcases.statementrequest.TC34ResponseOfStatementRequestForAccountTypeAndAccountNumberGivenTwice.StatementRequestForAccountTypeAndAccountNumberGivenTwice()'><b>StatementRequestForAccountTypeAndAccountNumberGivenTwice</b><br>Test class: testcases.statementrequest.TC34ResponseOfStatementRequestForAccountTypeAndAccountNumberGivenTwice</td>
<td><div><pre>org.openqa.selenium.NoSuchElementException: no such element: Unable to locate element: {&quot;method&quot;:&quot;xpath&quot;,&quot;selector&quot;:&quot;//img[@alt=&apos;Statement Request&apos;]&quot;}
  (Session info: headless chrome=81.0.4044.129)
  (Driver info: chromedriver=2.36.540470 (e522d04694c7ebea4ba8821272dbef4f9b818c91),platform=Windows NT 6.3.9600 x86_64) (WARNING: The server did not provide any stacktrace information)
Command duration or timeout: 0 milliseconds
For documentation on this error, please visit: http://seleniumhq.org/exceptions/no_such_element.html
Build info: version: &apos;3.14.0&apos;, revision: &apos;aacccce0&apos;, time: &apos;2018-08-02T20:19:58.91Z&apos;
System info: host: &apos;LENOVO-PC&apos;, ip: &apos;192.168.0.114&apos;, os.name: &apos;Windows 8.1&apos;, os.arch: &apos;amd64&apos;, os.version: &apos;6.3&apos;, java.version: &apos;1.8.0_251&apos;
Driver info: org.openqa.selenium.chrome.ChromeDriver
Capabilities {acceptInsecureCerts: false, acceptSslCerts: false, applicationCacheEnabled: false, browserConnectionEnabled: false, browserName: chrome, chrome: {chromedriverVersion: 2.36.540470 (e522d04694c7eb..., userDataDir: C:\Users\SRENIV~1\AppData\L...}, cssSelectorsEnabled: true, databaseEnabled: false, handlesAlerts: true, hasTouchScreen: false, javascriptEnabled: true, locationContextEnabled: true, mobileEmulationEnabled: false, nativeEvents: true, networkConnectionEnabled: false, pageLoadStrategy: normal, platform: XP, platformName: XP, rotatable: false, setWindowRect: true, takesHeapSnapshot: true, takesScreenshot: true, unexpectedAlertBehaviour: , unhandledPromptBehavior: , version: 81.0.4044.129, webStorageEnabled: true}
Session ID: 10fb827cda75309b7be4a9d7b792e2e8
*** Element info: {Using=xpath, value=//img[@alt=&apos;Statement Request&apos;]}
	at org.openqa.selenium.remote.ErrorHandler.createThrowable(ErrorHandler.java:214)
	at org.openqa.selenium.remote.ErrorHandler.throwIfResponseFailed(ErrorHandler.java:166)
	at org.openqa.selenium.remote.http.JsonHttpResponseCodec.reconstructValue(JsonHttpResponseCodec.java:40)
	at org.openqa.selenium.remote.http.AbstractHttpResponseCodec.decode(AbstractHttpResponseCodec.java:80)
	at org.openqa.selenium.remote.http.AbstractHttpResponseCodec.decode(AbstractHttpResponseCodec.java:44)
	at org.openqa.selenium.remote.HttpCommandExecutor.execute(HttpCommandExecutor.java:158)
	at org.openqa.selenium.remote.service.DriverCommandExecutor.execute(DriverCommandExecutor.java:83)
	at org.openqa.selenium.remote.RemoteWebDriver.execute(RemoteWebDriver.java:548)
	at org.openqa.selenium.remote.RemoteWebDriver.findElement(RemoteWebDriver.java:322)
	at org.openqa.selenium.remote.RemoteWebDriver.findElementByXPath(RemoteWebDriver.java:424)
	at org.openqa.selenium.By$ByXPath.findElement(By.java:353)
	at org.openqa.selenium.remote.RemoteWebDriver.findElement(RemoteWebDriver.java:314)
	at wrappers.GenericWrappers.scrollDown(GenericWrappers.java:652)
	at pages.StatementRequestPage.scrollDownforSRIcon(StatementRequestPage.java:30)
	at testcases.statementrequest.TC34ResponseOfStatementRequestForAccountTypeAndAccountNumberGivenTwice.StatementRequestForAccountTypeAndAccountNumberGivenTwice(TC34ResponseOfStatementRequestForAccountTypeAndAccountNumberGivenTwice.java:34)
	at java.util.ArrayList.forEach(Unknown Source)
... Removed 31 stack frames</pre></div><a href='#' onClick='toggleBox("stack-trace1623277492", this, "Click to show all stack frames", "Click to hide stack frames")'>Click to show all stack frames</a>
<div class='stack-trace' id='stack-trace1623277492'><pre>org.openqa.selenium.NoSuchElementException: no such element: Unable to locate element: {&quot;method&quot;:&quot;xpath&quot;,&quot;selector&quot;:&quot;//img[@alt=&apos;Statement Request&apos;]&quot;}
  (Session info: headless chrome=81.0.4044.129)
  (Driver info: chromedriver=2.36.540470 (e522d04694c7ebea4ba8821272dbef4f9b818c91),platform=Windows NT 6.3.9600 x86_64) (WARNING: The server did not provide any stacktrace information)
Command duration or timeout: 0 milliseconds
For documentation on this error, please visit: http://seleniumhq.org/exceptions/no_such_element.html
Build info: version: &apos;3.14.0&apos;, revision: &apos;aacccce0&apos;, time: &apos;2018-08-02T20:19:58.91Z&apos;
System info: host: &apos;LENOVO-PC&apos;, ip: &apos;192.168.0.114&apos;, os.name: &apos;Windows 8.1&apos;, os.arch: &apos;amd64&apos;, os.version: &apos;6.3&apos;, java.version: &apos;1.8.0_251&apos;
Driver info: org.openqa.selenium.chrome.ChromeDriver
Capabilities {acceptInsecureCerts: false, acceptSslCerts: false, applicationCacheEnabled: false, browserConnectionEnabled: false, browserName: chrome, chrome: {chromedriverVersion: 2.36.540470 (e522d04694c7eb..., userDataDir: C:\Users\SRENIV~1\AppData\L...}, cssSelectorsEnabled: true, databaseEnabled: false, handlesAlerts: true, hasTouchScreen: false, javascriptEnabled: true, locationContextEnabled: true, mobileEmulationEnabled: false, nativeEvents: true, networkConnectionEnabled: false, pageLoadStrategy: normal, platform: XP, platformName: XP, rotatable: false, setWindowRect: true, takesHeapSnapshot: true, takesScreenshot: true, unexpectedAlertBehaviour: , unhandledPromptBehavior: , version: 81.0.4044.129, webStorageEnabled: true}
Session ID: 10fb827cda75309b7be4a9d7b792e2e8
*** Element info: {Using=xpath, value=//img[@alt=&apos;Statement Request&apos;]}
	at sun.reflect.NativeConstructorAccessorImpl.newInstance0(Native Method)
	at sun.reflect.NativeConstructorAccessorImpl.newInstance(Unknown Source)
	at sun.reflect.DelegatingConstructorAccessorImpl.newInstance(Unknown Source)
	at java.lang.reflect.Constructor.newInstance(Unknown Source)
	at org.openqa.selenium.remote.ErrorHandler.createThrowable(ErrorHandler.java:214)
	at org.openqa.selenium.remote.ErrorHandler.throwIfResponseFailed(ErrorHandler.java:166)
	at org.openqa.selenium.remote.http.JsonHttpResponseCodec.reconstructValue(JsonHttpResponseCodec.java:40)
	at org.openqa.selenium.remote.http.AbstractHttpResponseCodec.decode(AbstractHttpResponseCodec.java:80)
	at org.openqa.selenium.remote.http.AbstractHttpResponseCodec.decode(AbstractHttpResponseCodec.java:44)
	at org.openqa.selenium.remote.HttpCommandExecutor.execute(HttpCommandExecutor.java:158)
	at org.openqa.selenium.remote.service.DriverCommandExecutor.execute(DriverCommandExecutor.java:83)
	at org.openqa.selenium.remote.RemoteWebDriver.execute(RemoteWebDriver.java:548)
	at org.openqa.selenium.remote.RemoteWebDriver.findElement(RemoteWebDriver.java:322)
	at org.openqa.selenium.remote.RemoteWebDriver.findElementByXPath(RemoteWebDriver.java:424)
	at org.openqa.selenium.By$ByXPath.findElement(By.java:353)
	at org.openqa.selenium.remote.RemoteWebDriver.findElement(RemoteWebDriver.java:314)
	at wrappers.GenericWrappers.scrollDown(GenericWrappers.java:652)
	at pages.StatementRequestPage.scrollDownforSRIcon(StatementRequestPage.java:30)
	at testcases.statementrequest.TC34ResponseOfStatementRequestForAccountTypeAndAccountNumberGivenTwice.StatementRequestForAccountTypeAndAccountNumberGivenTwice(TC34ResponseOfStatementRequestForAccountTypeAndAccountNumberGivenTwice.java:34)
	at sun.reflect.NativeMethodAccessorImpl.invoke0(Native Method)
	at sun.reflect.NativeMethodAccessorImpl.invoke(Unknown Source)
	at sun.reflect.DelegatingMethodAccessorImpl.invoke(Unknown Source)
	at java.lang.reflect.Method.invoke(Unknown Source)
	at org.testng.internal.MethodInvocationHelper.invokeMethod(MethodInvocationHelper.java:134)
	at org.testng.internal.TestInvoker.invokeMethod(TestInvoker.java:597)
	at org.testng.internal.TestInvoker.invokeTestMethod(TestInvoker.java:173)
	at org.testng.internal.MethodRunner.runInSequence(MethodRunner.java:46)
	at org.testng.internal.TestInvoker$MethodInvocationAgent.invoke(TestInvoker.java:816)
	at org.testng.internal.TestInvoker.invokeTestMethods(TestInvoker.java:146)
	at org.testng.internal.TestMethodWorker.invokeTestMethods(TestMethodWorker.java:146)
	at org.testng.internal.TestMethodWorker.run(TestMethodWorker.java:128)
	at java.util.ArrayList.forEach(Unknown Source)
	at org.testng.TestRunner.privateRun(TestRunner.java:766)
	at org.testng.TestRunner.run(TestRunner.java:587)
	at org.testng.SuiteRunner.runTest(SuiteRunner.java:384)
	at org.testng.SuiteRunner.runSequentially(SuiteRunner.java:378)
	at org.testng.SuiteRunner.privateRun(SuiteRunner.java:337)
	at org.testng.SuiteRunner.run(SuiteRunner.java:286)
	at org.testng.SuiteRunnerWorker.runSuite(SuiteRunnerWorker.java:53)
	at org.testng.SuiteRunnerWorker.run(SuiteRunnerWorker.java:96)
	at org.testng.TestNG.runSuitesSequentially(TestNG.java:1187)
	at org.testng.TestNG.runSuitesLocally(TestNG.java:1109)
	at org.testng.TestNG.runSuites(TestNG.java:1039)
	at org.testng.TestNG.run(TestNG.java:1007)
	at org.testng.remote.AbstractRemoteTestNG.run(AbstractRemoteTestNG.java:115)
	at org.testng.remote.RemoteTestNG.initAndRun(RemoteTestNG.java:251)
	at org.testng.remote.RemoteTestNG.main(RemoteTestNG.java:77)
</pre></div></td>
<td>11</td>
<td>testcases.statementrequest.TC34ResponseOfStatementRequestForAccountTypeAndAccountNumberGivenTwice@5d11346a</td></tr>
<tr>
<td title='testcases.statementrequest.TC43StatementRequestDownloadForCardNumberNotAvailable.StatementRequestForCardNumberEndingNotAvailableOne()'><b>StatementRequestForCardNumberEndingNotAvailableOne</b><br>Test class: testcases.statementrequest.TC43StatementRequestDownloadForCardNumberNotAvailable</td>
<td><div><pre>java.lang.RuntimeException: FAILED
	at utils.Reporter.reportStep(Reporter.java:29)
	at wrappers.GenericWrappers.verifyTextByXpath(GenericWrappers.java:475)
	at pages.StatementRequestPage.verifyResponseForInvalidCarNumber(StatementRequestPage.java:203)
	at testcases.statementrequest.TC43StatementRequestDownloadForCardNumberNotAvailable.StatementRequestForCardNumberEndingNotAvailableOne(TC43StatementRequestDownloadForCardNumberNotAvailable.java:42)
	at java.util.ArrayList.forEach(Unknown Source)
... Removed 27 stack frames</pre></div><a href='#' onClick='toggleBox("stack-trace942769706", this, "Click to show all stack frames", "Click to hide stack frames")'>Click to show all stack frames</a>
<div class='stack-trace' id='stack-trace942769706'><pre>java.lang.RuntimeException: FAILED
	at utils.Reporter.reportStep(Reporter.java:29)
	at wrappers.GenericWrappers.verifyTextByXpath(GenericWrappers.java:475)
	at pages.StatementRequestPage.verifyResponseForInvalidCarNumber(StatementRequestPage.java:203)
	at testcases.statementrequest.TC43StatementRequestDownloadForCardNumberNotAvailable.StatementRequestForCardNumberEndingNotAvailableOne(TC43StatementRequestDownloadForCardNumberNotAvailable.java:42)
	at sun.reflect.NativeMethodAccessorImpl.invoke0(Native Method)
	at sun.reflect.NativeMethodAccessorImpl.invoke(Unknown Source)
	at sun.reflect.DelegatingMethodAccessorImpl.invoke(Unknown Source)
	at java.lang.reflect.Method.invoke(Unknown Source)
	at org.testng.internal.MethodInvocationHelper.invokeMethod(MethodInvocationHelper.java:134)
	at org.testng.internal.TestInvoker.invokeMethod(TestInvoker.java:597)
	at org.testng.internal.TestInvoker.invokeTestMethod(TestInvoker.java:173)
	at org.testng.internal.MethodRunner.runInSequence(MethodRunner.java:46)
	at org.testng.internal.TestInvoker$MethodInvocationAgent.invoke(TestInvoker.java:816)
	at org.testng.internal.TestInvoker.invokeTestMethods(TestInvoker.java:146)
	at org.testng.internal.TestMethodWorker.invokeTestMethods(TestMethodWorker.java:146)
	at org.testng.internal.TestMethodWorker.run(TestMethodWorker.java:128)
	at java.util.ArrayList.forEach(Unknown Source)
	at org.testng.TestRunner.privateRun(TestRunner.java:766)
	at org.testng.TestRunner.run(TestRunner.java:587)
	at org.testng.SuiteRunner.runTest(SuiteRunner.java:384)
	at org.testng.SuiteRunner.runSequentially(SuiteRunner.java:378)
	at org.testng.SuiteRunner.privateRun(SuiteRunner.java:337)
	at org.testng.SuiteRunner.run(SuiteRunner.java:286)
	at org.testng.SuiteRunnerWorker.runSuite(SuiteRunnerWorker.java:53)
	at org.testng.SuiteRunnerWorker.run(SuiteRunnerWorker.java:96)
	at org.testng.TestNG.runSuitesSequentially(TestNG.java:1187)
	at org.testng.TestNG.runSuitesLocally(TestNG.java:1109)
	at org.testng.TestNG.runSuites(TestNG.java:1039)
	at org.testng.TestNG.run(TestNG.java:1007)
	at org.testng.remote.AbstractRemoteTestNG.run(AbstractRemoteTestNG.java:115)
	at org.testng.remote.RemoteTestNG.initAndRun(RemoteTestNG.java:251)
	at org.testng.remote.RemoteTestNG.main(RemoteTestNG.java:77)
</pre></div></td>
<td>37</td>
<td>testcases.statementrequest.TC43StatementRequestDownloadForCardNumberNotAvailable@5123a213</td></tr>
<tr>
<td title='testcases.statementrequest.TC43StatementRequestDownloadForCardNumberNotAvailable.StatementRequestForCardNumberEndingNotAvailableTwo()'><b>StatementRequestForCardNumberEndingNotAvailableTwo</b><br>Test class: testcases.statementrequest.TC43StatementRequestDownloadForCardNumberNotAvailable</td>
<td><div><pre>java.lang.RuntimeException: FAILED
	at utils.Reporter.reportStep(Reporter.java:29)
	at wrappers.GenericWrappers.clickWrapper(GenericWrappers.java:376)
	at wrappers.GenericWrappers.clickByXpath(GenericWrappers.java:761)
	at pages.StatementRequestPage.ClickSplashLogo(StatementRequestPage.java:23)
	at testcases.statementrequest.TC43StatementRequestDownloadForCardNumberNotAvailable.StatementRequestForCardNumberEndingNotAvailableTwo(TC43StatementRequestDownloadForCardNumberNotAvailable.java:50)
	at java.util.ArrayList.forEach(Unknown Source)
... Removed 27 stack frames</pre></div><a href='#' onClick='toggleBox("stack-trace12259905", this, "Click to show all stack frames", "Click to hide stack frames")'>Click to show all stack frames</a>
<div class='stack-trace' id='stack-trace12259905'><pre>java.lang.RuntimeException: FAILED
	at utils.Reporter.reportStep(Reporter.java:29)
	at wrappers.GenericWrappers.clickWrapper(GenericWrappers.java:376)
	at wrappers.GenericWrappers.clickByXpath(GenericWrappers.java:761)
	at pages.StatementRequestPage.ClickSplashLogo(StatementRequestPage.java:23)
	at testcases.statementrequest.TC43StatementRequestDownloadForCardNumberNotAvailable.StatementRequestForCardNumberEndingNotAvailableTwo(TC43StatementRequestDownloadForCardNumberNotAvailable.java:50)
	at sun.reflect.NativeMethodAccessorImpl.invoke0(Native Method)
	at sun.reflect.NativeMethodAccessorImpl.invoke(Unknown Source)
	at sun.reflect.DelegatingMethodAccessorImpl.invoke(Unknown Source)
	at java.lang.reflect.Method.invoke(Unknown Source)
	at org.testng.internal.MethodInvocationHelper.invokeMethod(MethodInvocationHelper.java:134)
	at org.testng.internal.TestInvoker.invokeMethod(TestInvoker.java:597)
	at org.testng.internal.TestInvoker.invokeTestMethod(TestInvoker.java:173)
	at org.testng.internal.MethodRunner.runInSequence(MethodRunner.java:46)
	at org.testng.internal.TestInvoker$MethodInvocationAgent.invoke(TestInvoker.java:816)
	at org.testng.internal.TestInvoker.invokeTestMethods(TestInvoker.java:146)
	at org.testng.internal.TestMethodWorker.invokeTestMethods(TestMethodWorker.java:146)
	at org.testng.internal.TestMethodWorker.run(TestMethodWorker.java:128)
	at java.util.ArrayList.forEach(Unknown Source)
	at org.testng.TestRunner.privateRun(TestRunner.java:766)
	at org.testng.TestRunner.run(TestRunner.java:587)
	at org.testng.SuiteRunner.runTest(SuiteRunner.java:384)
	at org.testng.SuiteRunner.runSequentially(SuiteRunner.java:378)
	at org.testng.SuiteRunner.privateRun(SuiteRunner.java:337)
	at org.testng.SuiteRunner.run(SuiteRunner.java:286)
	at org.testng.SuiteRunnerWorker.runSuite(SuiteRunnerWorker.java:53)
	at org.testng.SuiteRunnerWorker.run(SuiteRunnerWorker.java:96)
	at org.testng.TestNG.runSuitesSequentially(TestNG.java:1187)
	at org.testng.TestNG.runSuitesLocally(TestNG.java:1109)
	at org.testng.TestNG.runSuites(TestNG.java:1039)
	at org.testng.TestNG.run(TestNG.java:1007)
	at org.testng.remote.AbstractRemoteTestNG.run(AbstractRemoteTestNG.java:115)
	at org.testng.remote.RemoteTestNG.initAndRun(RemoteTestNG.java:251)
	at org.testng.remote.RemoteTestNG.main(RemoteTestNG.java:77)
</pre></div></td>
<td>24</td>
<td>testcases.statementrequest.TC43StatementRequestDownloadForCardNumberNotAvailable@5123a213</td></tr>
<tr>
<td title='testcases.statementrequest.TC01SRIconCheckWithoutLogin.StatementRequestIconCheckWithoutLogin()'><b>StatementRequestIconCheckWithoutLogin</b><br>Test class: testcases.statementrequest.TC01SRIconCheckWithoutLogin</td>
<td><div><pre>java.lang.RuntimeException: FAILED
	at utils.Reporter.reportStep(Reporter.java:29)
	at wrappers.GenericWrappers.verifyTextByXpath(GenericWrappers.java:475)
	at pages.StatementRequestPage.verifyWelcomeText(StatementRequestPage.java:17)
	at testcases.statementrequest.TC01SRIconCheckWithoutLogin.StatementRequestIconCheckWithoutLogin(TC01SRIconCheckWithoutLogin.java:34)
	at java.util.ArrayList.forEach(Unknown Source)
... Removed 27 stack frames</pre></div><a href='#' onClick='toggleBox("stack-trace843710487", this, "Click to show all stack frames", "Click to hide stack frames")'>Click to show all stack frames</a>
<div class='stack-trace' id='stack-trace843710487'><pre>java.lang.RuntimeException: FAILED
	at utils.Reporter.reportStep(Reporter.java:29)
	at wrappers.GenericWrappers.verifyTextByXpath(GenericWrappers.java:475)
	at pages.StatementRequestPage.verifyWelcomeText(StatementRequestPage.java:17)
	at testcases.statementrequest.TC01SRIconCheckWithoutLogin.StatementRequestIconCheckWithoutLogin(TC01SRIconCheckWithoutLogin.java:34)
	at sun.reflect.NativeMethodAccessorImpl.invoke0(Native Method)
	at sun.reflect.NativeMethodAccessorImpl.invoke(Unknown Source)
	at sun.reflect.DelegatingMethodAccessorImpl.invoke(Unknown Source)
	at java.lang.reflect.Method.invoke(Unknown Source)
	at org.testng.internal.MethodInvocationHelper.invokeMethod(MethodInvocationHelper.java:134)
	at org.testng.internal.TestInvoker.invokeMethod(TestInvoker.java:597)
	at org.testng.internal.TestInvoker.invokeTestMethod(TestInvoker.java:173)
	at org.testng.internal.MethodRunner.runInSequence(MethodRunner.java:46)
	at org.testng.internal.TestInvoker$MethodInvocationAgent.invoke(TestInvoker.java:816)
	at org.testng.internal.TestInvoker.invokeTestMethods(TestInvoker.java:146)
	at org.testng.internal.TestMethodWorker.invokeTestMethods(TestMethodWorker.java:146)
	at org.testng.internal.TestMethodWorker.run(TestMethodWorker.java:128)
	at java.util.ArrayList.forEach(Unknown Source)
	at org.testng.TestRunner.privateRun(TestRunner.java:766)
	at org.testng.TestRunner.run(TestRunner.java:587)
	at org.testng.SuiteRunner.runTest(SuiteRunner.java:384)
	at org.testng.SuiteRunner.runSequentially(SuiteRunner.java:378)
	at org.testng.SuiteRunner.privateRun(SuiteRunner.java:337)
	at org.testng.SuiteRunner.run(SuiteRunner.java:286)
	at org.testng.SuiteRunnerWorker.runSuite(SuiteRunnerWorker.java:53)
	at org.testng.SuiteRunnerWorker.run(SuiteRunnerWorker.java:96)
	at org.testng.TestNG.runSuitesSequentially(TestNG.java:1187)
	at org.testng.TestNG.runSuitesLocally(TestNG.java:1109)
	at org.testng.TestNG.runSuites(TestNG.java:1039)
	at org.testng.TestNG.run(TestNG.java:1007)
	at org.testng.remote.AbstractRemoteTestNG.run(AbstractRemoteTestNG.java:115)
	at org.testng.remote.RemoteTestNG.initAndRun(RemoteTestNG.java:251)
	at org.testng.remote.RemoteTestNG.main(RemoteTestNG.java:77)
</pre></div></td>
<td>17</td>
<td>testcases.statementrequest.TC01SRIconCheckWithoutLogin@67b467e9</td></tr>
<tr>
<td title='testcases.statementrequest.TC49StatementRequestByMonthSupportedIntentUtterance.StatementRequestIntentOneByMonth()'><b>StatementRequestIntentOneByMonth</b><br>Test class: testcases.statementrequest.TC49StatementRequestByMonthSupportedIntentUtterance</td>
<td><div><pre>java.lang.RuntimeException: FAILED
	at utils.Reporter.reportStep(Reporter.java:29)
	at wrappers.GenericWrappers.clickWrapper(GenericWrappers.java:376)
	at wrappers.GenericWrappers.clickByXpath(GenericWrappers.java:761)
	at pages.StatementRequestPage.ClickSplashLogo(StatementRequestPage.java:23)
	at testcases.statementrequest.TC49StatementRequestByMonthSupportedIntentUtterance.StatementRequestIntentOneByMonth(TC49StatementRequestByMonthSupportedIntentUtterance.java:33)
	at java.util.ArrayList.forEach(Unknown Source)
... Removed 27 stack frames</pre></div><a href='#' onClick='toggleBox("stack-trace1761646951", this, "Click to show all stack frames", "Click to hide stack frames")'>Click to show all stack frames</a>
<div class='stack-trace' id='stack-trace1761646951'><pre>java.lang.RuntimeException: FAILED
	at utils.Reporter.reportStep(Reporter.java:29)
	at wrappers.GenericWrappers.clickWrapper(GenericWrappers.java:376)
	at wrappers.GenericWrappers.clickByXpath(GenericWrappers.java:761)
	at pages.StatementRequestPage.ClickSplashLogo(StatementRequestPage.java:23)
	at testcases.statementrequest.TC49StatementRequestByMonthSupportedIntentUtterance.StatementRequestIntentOneByMonth(TC49StatementRequestByMonthSupportedIntentUtterance.java:33)
	at sun.reflect.NativeMethodAccessorImpl.invoke0(Native Method)
	at sun.reflect.NativeMethodAccessorImpl.invoke(Unknown Source)
	at sun.reflect.DelegatingMethodAccessorImpl.invoke(Unknown Source)
	at java.lang.reflect.Method.invoke(Unknown Source)
	at org.testng.internal.MethodInvocationHelper.invokeMethod(MethodInvocationHelper.java:134)
	at org.testng.internal.TestInvoker.invokeMethod(TestInvoker.java:597)
	at org.testng.internal.TestInvoker.invokeTestMethod(TestInvoker.java:173)
	at org.testng.internal.MethodRunner.runInSequence(MethodRunner.java:46)
	at org.testng.internal.TestInvoker$MethodInvocationAgent.invoke(TestInvoker.java:816)
	at org.testng.internal.TestInvoker.invokeTestMethods(TestInvoker.java:146)
	at org.testng.internal.TestMethodWorker.invokeTestMethods(TestMethodWorker.java:146)
	at org.testng.internal.TestMethodWorker.run(TestMethodWorker.java:128)
	at java.util.ArrayList.forEach(Unknown Source)
	at org.testng.TestRunner.privateRun(TestRunner.java:766)
	at org.testng.TestRunner.run(TestRunner.java:587)
	at org.testng.SuiteRunner.runTest(SuiteRunner.java:384)
	at org.testng.SuiteRunner.runSequentially(SuiteRunner.java:378)
	at org.testng.SuiteRunner.privateRun(SuiteRunner.java:337)
	at org.testng.SuiteRunner.run(SuiteRunner.java:286)
	at org.testng.SuiteRunnerWorker.runSuite(SuiteRunnerWorker.java:53)
	at org.testng.SuiteRunnerWorker.run(SuiteRunnerWorker.java:96)
	at org.testng.TestNG.runSuitesSequentially(TestNG.java:1187)
	at org.testng.TestNG.runSuitesLocally(TestNG.java:1109)
	at org.testng.TestNG.runSuites(TestNG.java:1039)
	at org.testng.TestNG.run(TestNG.java:1007)
	at org.testng.remote.AbstractRemoteTestNG.run(AbstractRemoteTestNG.java:115)
	at org.testng.remote.RemoteTestNG.initAndRun(RemoteTestNG.java:251)
	at org.testng.remote.RemoteTestNG.main(RemoteTestNG.java:77)
</pre></div></td>
<td>24</td>
<td>testcases.statementrequest.TC49StatementRequestByMonthSupportedIntentUtterance@3b94d659</td></tr>
<tr>
<td title='testcases.statementrequest.TC33StatementRequestOfAccountTypeAndAccountNumberForUserNotHavingAccountType.StatementRequestOfAccountTypeAndAccountNumberForUserNotHavingAccountType()'><b>StatementRequestOfAccountTypeAndAccountNumberForUserNotHavingAccountType</b><br>Test class: testcases.statementrequest.TC33StatementRequestOfAccountTypeAndAccountNumberForUserNotHavingAccountType</td>
<td><div><pre>org.openqa.selenium.NoSuchElementException: no such element: Unable to locate element: {&quot;method&quot;:&quot;xpath&quot;,&quot;selector&quot;:&quot;//img[@alt=&apos;Statement Request&apos;]&quot;}
  (Session info: headless chrome=81.0.4044.129)
  (Driver info: chromedriver=2.36.540470 (e522d04694c7ebea4ba8821272dbef4f9b818c91),platform=Windows NT 6.3.9600 x86_64) (WARNING: The server did not provide any stacktrace information)
Command duration or timeout: 0 milliseconds
For documentation on this error, please visit: http://seleniumhq.org/exceptions/no_such_element.html
Build info: version: &apos;3.14.0&apos;, revision: &apos;aacccce0&apos;, time: &apos;2018-08-02T20:19:58.91Z&apos;
System info: host: &apos;LENOVO-PC&apos;, ip: &apos;192.168.0.114&apos;, os.name: &apos;Windows 8.1&apos;, os.arch: &apos;amd64&apos;, os.version: &apos;6.3&apos;, java.version: &apos;1.8.0_251&apos;
Driver info: org.openqa.selenium.chrome.ChromeDriver
Capabilities {acceptInsecureCerts: false, acceptSslCerts: false, applicationCacheEnabled: false, browserConnectionEnabled: false, browserName: chrome, chrome: {chromedriverVersion: 2.36.540470 (e522d04694c7eb..., userDataDir: C:\Users\SRENIV~1\AppData\L...}, cssSelectorsEnabled: true, databaseEnabled: false, handlesAlerts: true, hasTouchScreen: false, javascriptEnabled: true, locationContextEnabled: true, mobileEmulationEnabled: false, nativeEvents: true, networkConnectionEnabled: false, pageLoadStrategy: normal, platform: XP, platformName: XP, rotatable: false, setWindowRect: true, takesHeapSnapshot: true, takesScreenshot: true, unexpectedAlertBehaviour: , unhandledPromptBehavior: , version: 81.0.4044.129, webStorageEnabled: true}
Session ID: fa2d34de2f15e4ffab86539e63e015d7
*** Element info: {Using=xpath, value=//img[@alt=&apos;Statement Request&apos;]}
	at org.openqa.selenium.remote.ErrorHandler.createThrowable(ErrorHandler.java:214)
	at org.openqa.selenium.remote.ErrorHandler.throwIfResponseFailed(ErrorHandler.java:166)
	at org.openqa.selenium.remote.http.JsonHttpResponseCodec.reconstructValue(JsonHttpResponseCodec.java:40)
	at org.openqa.selenium.remote.http.AbstractHttpResponseCodec.decode(AbstractHttpResponseCodec.java:80)
	at org.openqa.selenium.remote.http.AbstractHttpResponseCodec.decode(AbstractHttpResponseCodec.java:44)
	at org.openqa.selenium.remote.HttpCommandExecutor.execute(HttpCommandExecutor.java:158)
	at org.openqa.selenium.remote.service.DriverCommandExecutor.execute(DriverCommandExecutor.java:83)
	at org.openqa.selenium.remote.RemoteWebDriver.execute(RemoteWebDriver.java:548)
	at org.openqa.selenium.remote.RemoteWebDriver.findElement(RemoteWebDriver.java:322)
	at org.openqa.selenium.remote.RemoteWebDriver.findElementByXPath(RemoteWebDriver.java:424)
	at org.openqa.selenium.By$ByXPath.findElement(By.java:353)
	at org.openqa.selenium.remote.RemoteWebDriver.findElement(RemoteWebDriver.java:314)
	at wrappers.GenericWrappers.scrollDown(GenericWrappers.java:652)
	at pages.StatementRequestPage.scrollDownforSRIcon(StatementRequestPage.java:30)
	at testcases.statementrequest.TC33StatementRequestOfAccountTypeAndAccountNumberForUserNotHavingAccountType.StatementRequestOfAccountTypeAndAccountNumberForUserNotHavingAccountType(TC33StatementRequestOfAccountTypeAndAccountNumberForUserNotHavingAccountType.java:34)
	at java.util.ArrayList.forEach(Unknown Source)
... Removed 31 stack frames</pre></div><a href='#' onClick='toggleBox("stack-trace705820422", this, "Click to show all stack frames", "Click to hide stack frames")'>Click to show all stack frames</a>
<div class='stack-trace' id='stack-trace705820422'><pre>org.openqa.selenium.NoSuchElementException: no such element: Unable to locate element: {&quot;method&quot;:&quot;xpath&quot;,&quot;selector&quot;:&quot;//img[@alt=&apos;Statement Request&apos;]&quot;}
  (Session info: headless chrome=81.0.4044.129)
  (Driver info: chromedriver=2.36.540470 (e522d04694c7ebea4ba8821272dbef4f9b818c91),platform=Windows NT 6.3.9600 x86_64) (WARNING: The server did not provide any stacktrace information)
Command duration or timeout: 0 milliseconds
For documentation on this error, please visit: http://seleniumhq.org/exceptions/no_such_element.html
Build info: version: &apos;3.14.0&apos;, revision: &apos;aacccce0&apos;, time: &apos;2018-08-02T20:19:58.91Z&apos;
System info: host: &apos;LENOVO-PC&apos;, ip: &apos;192.168.0.114&apos;, os.name: &apos;Windows 8.1&apos;, os.arch: &apos;amd64&apos;, os.version: &apos;6.3&apos;, java.version: &apos;1.8.0_251&apos;
Driver info: org.openqa.selenium.chrome.ChromeDriver
Capabilities {acceptInsecureCerts: false, acceptSslCerts: false, applicationCacheEnabled: false, browserConnectionEnabled: false, browserName: chrome, chrome: {chromedriverVersion: 2.36.540470 (e522d04694c7eb..., userDataDir: C:\Users\SRENIV~1\AppData\L...}, cssSelectorsEnabled: true, databaseEnabled: false, handlesAlerts: true, hasTouchScreen: false, javascriptEnabled: true, locationContextEnabled: true, mobileEmulationEnabled: false, nativeEvents: true, networkConnectionEnabled: false, pageLoadStrategy: normal, platform: XP, platformName: XP, rotatable: false, setWindowRect: true, takesHeapSnapshot: true, takesScreenshot: true, unexpectedAlertBehaviour: , unhandledPromptBehavior: , version: 81.0.4044.129, webStorageEnabled: true}
Session ID: fa2d34de2f15e4ffab86539e63e015d7
*** Element info: {Using=xpath, value=//img[@alt=&apos;Statement Request&apos;]}
	at sun.reflect.NativeConstructorAccessorImpl.newInstance0(Native Method)
	at sun.reflect.NativeConstructorAccessorImpl.newInstance(Unknown Source)
	at sun.reflect.DelegatingConstructorAccessorImpl.newInstance(Unknown Source)
	at java.lang.reflect.Constructor.newInstance(Unknown Source)
	at org.openqa.selenium.remote.ErrorHandler.createThrowable(ErrorHandler.java:214)
	at org.openqa.selenium.remote.ErrorHandler.throwIfResponseFailed(ErrorHandler.java:166)
	at org.openqa.selenium.remote.http.JsonHttpResponseCodec.reconstructValue(JsonHttpResponseCodec.java:40)
	at org.openqa.selenium.remote.http.AbstractHttpResponseCodec.decode(AbstractHttpResponseCodec.java:80)
	at org.openqa.selenium.remote.http.AbstractHttpResponseCodec.decode(AbstractHttpResponseCodec.java:44)
	at org.openqa.selenium.remote.HttpCommandExecutor.execute(HttpCommandExecutor.java:158)
	at org.openqa.selenium.remote.service.DriverCommandExecutor.execute(DriverCommandExecutor.java:83)
	at org.openqa.selenium.remote.RemoteWebDriver.execute(RemoteWebDriver.java:548)
	at org.openqa.selenium.remote.RemoteWebDriver.findElement(RemoteWebDriver.java:322)
	at org.openqa.selenium.remote.RemoteWebDriver.findElementByXPath(RemoteWebDriver.java:424)
	at org.openqa.selenium.By$ByXPath.findElement(By.java:353)
	at org.openqa.selenium.remote.RemoteWebDriver.findElement(RemoteWebDriver.java:314)
	at wrappers.GenericWrappers.scrollDown(GenericWrappers.java:652)
	at pages.StatementRequestPage.scrollDownforSRIcon(StatementRequestPage.java:30)
	at testcases.statementrequest.TC33StatementRequestOfAccountTypeAndAccountNumberForUserNotHavingAccountType.StatementRequestOfAccountTypeAndAccountNumberForUserNotHavingAccountType(TC33StatementRequestOfAccountTypeAndAccountNumberForUserNotHavingAccountType.java:34)
	at sun.reflect.NativeMethodAccessorImpl.invoke0(Native Method)
	at sun.reflect.NativeMethodAccessorImpl.invoke(Unknown Source)
	at sun.reflect.DelegatingMethodAccessorImpl.invoke(Unknown Source)
	at java.lang.reflect.Method.invoke(Unknown Source)
	at org.testng.internal.MethodInvocationHelper.invokeMethod(MethodInvocationHelper.java:134)
	at org.testng.internal.TestInvoker.invokeMethod(TestInvoker.java:597)
	at org.testng.internal.TestInvoker.invokeTestMethod(TestInvoker.java:173)
	at org.testng.internal.MethodRunner.runInSequence(MethodRunner.java:46)
	at org.testng.internal.TestInvoker$MethodInvocationAgent.invoke(TestInvoker.java:816)
	at org.testng.internal.TestInvoker.invokeTestMethods(TestInvoker.java:146)
	at org.testng.internal.TestMethodWorker.invokeTestMethods(TestMethodWorker.java:146)
	at org.testng.internal.TestMethodWorker.run(TestMethodWorker.java:128)
	at java.util.ArrayList.forEach(Unknown Source)
	at org.testng.TestRunner.privateRun(TestRunner.java:766)
	at org.testng.TestRunner.run(TestRunner.java:587)
	at org.testng.SuiteRunner.runTest(SuiteRunner.java:384)
	at org.testng.SuiteRunner.runSequentially(SuiteRunner.java:378)
	at org.testng.SuiteRunner.privateRun(SuiteRunner.java:337)
	at org.testng.SuiteRunner.run(SuiteRunner.java:286)
	at org.testng.SuiteRunnerWorker.runSuite(SuiteRunnerWorker.java:53)
	at org.testng.SuiteRunnerWorker.run(SuiteRunnerWorker.java:96)
	at org.testng.TestNG.runSuitesSequentially(TestNG.java:1187)
	at org.testng.TestNG.runSuitesLocally(TestNG.java:1109)
	at org.testng.TestNG.runSuites(TestNG.java:1039)
	at org.testng.TestNG.run(TestNG.java:1007)
	at org.testng.remote.AbstractRemoteTestNG.run(AbstractRemoteTestNG.java:115)
	at org.testng.remote.RemoteTestNG.initAndRun(RemoteTestNG.java:251)
	at org.testng.remote.RemoteTestNG.main(RemoteTestNG.java:77)
</pre></div></td>
<td>11</td>
<td>testcases.statementrequest.TC33StatementRequestOfAccountTypeAndAccountNumberForUserNotHavingAccountType@2fd66ad3</td></tr>
<tr>
<td title='testcases.statementrequest.TC44BotResponseForSameCardNumberEndingIntentGivenTwice.StatementRequestOneForCardNumberEndingIntentTwice()'><b>StatementRequestOneForCardNumberEndingIntentTwice</b><br>Test class: testcases.statementrequest.TC44BotResponseForSameCardNumberEndingIntentGivenTwice</td>
<td><div><pre>org.openqa.selenium.NoSuchElementException: no such element: Unable to locate element: {&quot;method&quot;:&quot;xpath&quot;,&quot;selector&quot;:&quot;//img[@alt=&apos;Statement Request&apos;]&quot;}
  (Session info: headless chrome=81.0.4044.129)
  (Driver info: chromedriver=2.36.540470 (e522d04694c7ebea4ba8821272dbef4f9b818c91),platform=Windows NT 6.3.9600 x86_64) (WARNING: The server did not provide any stacktrace information)
Command duration or timeout: 0 milliseconds
For documentation on this error, please visit: http://seleniumhq.org/exceptions/no_such_element.html
Build info: version: &apos;3.14.0&apos;, revision: &apos;aacccce0&apos;, time: &apos;2018-08-02T20:19:58.91Z&apos;
System info: host: &apos;LENOVO-PC&apos;, ip: &apos;192.168.0.114&apos;, os.name: &apos;Windows 8.1&apos;, os.arch: &apos;amd64&apos;, os.version: &apos;6.3&apos;, java.version: &apos;1.8.0_251&apos;
Driver info: org.openqa.selenium.chrome.ChromeDriver
Capabilities {acceptInsecureCerts: false, acceptSslCerts: false, applicationCacheEnabled: false, browserConnectionEnabled: false, browserName: chrome, chrome: {chromedriverVersion: 2.36.540470 (e522d04694c7eb..., userDataDir: C:\Users\SRENIV~1\AppData\L...}, cssSelectorsEnabled: true, databaseEnabled: false, handlesAlerts: true, hasTouchScreen: false, javascriptEnabled: true, locationContextEnabled: true, mobileEmulationEnabled: false, nativeEvents: true, networkConnectionEnabled: false, pageLoadStrategy: normal, platform: XP, platformName: XP, rotatable: false, setWindowRect: true, takesHeapSnapshot: true, takesScreenshot: true, unexpectedAlertBehaviour: , unhandledPromptBehavior: , version: 81.0.4044.129, webStorageEnabled: true}
Session ID: cbe60c6f65ae9b41bedfe5c1b607e168
*** Element info: {Using=xpath, value=//img[@alt=&apos;Statement Request&apos;]}
	at org.openqa.selenium.remote.ErrorHandler.createThrowable(ErrorHandler.java:214)
	at org.openqa.selenium.remote.ErrorHandler.throwIfResponseFailed(ErrorHandler.java:166)
	at org.openqa.selenium.remote.http.JsonHttpResponseCodec.reconstructValue(JsonHttpResponseCodec.java:40)
	at org.openqa.selenium.remote.http.AbstractHttpResponseCodec.decode(AbstractHttpResponseCodec.java:80)
	at org.openqa.selenium.remote.http.AbstractHttpResponseCodec.decode(AbstractHttpResponseCodec.java:44)
	at org.openqa.selenium.remote.HttpCommandExecutor.execute(HttpCommandExecutor.java:158)
	at org.openqa.selenium.remote.service.DriverCommandExecutor.execute(DriverCommandExecutor.java:83)
	at org.openqa.selenium.remote.RemoteWebDriver.execute(RemoteWebDriver.java:548)
	at org.openqa.selenium.remote.RemoteWebDriver.findElement(RemoteWebDriver.java:322)
	at org.openqa.selenium.remote.RemoteWebDriver.findElementByXPath(RemoteWebDriver.java:424)
	at org.openqa.selenium.By$ByXPath.findElement(By.java:353)
	at org.openqa.selenium.remote.RemoteWebDriver.findElement(RemoteWebDriver.java:314)
	at wrappers.GenericWrappers.scrollDown(GenericWrappers.java:652)
	at pages.StatementRequestPage.scrollDownforSRIcon(StatementRequestPage.java:30)
	at testcases.statementrequest.TC44BotResponseForSameCardNumberEndingIntentGivenTwice.StatementRequestOneForCardNumberEndingIntentTwice(TC44BotResponseForSameCardNumberEndingIntentGivenTwice.java:35)
	at java.util.ArrayList.forEach(Unknown Source)
... Removed 31 stack frames</pre></div><a href='#' onClick='toggleBox("stack-trace129453937", this, "Click to show all stack frames", "Click to hide stack frames")'>Click to show all stack frames</a>
<div class='stack-trace' id='stack-trace129453937'><pre>org.openqa.selenium.NoSuchElementException: no such element: Unable to locate element: {&quot;method&quot;:&quot;xpath&quot;,&quot;selector&quot;:&quot;//img[@alt=&apos;Statement Request&apos;]&quot;}
  (Session info: headless chrome=81.0.4044.129)
  (Driver info: chromedriver=2.36.540470 (e522d04694c7ebea4ba8821272dbef4f9b818c91),platform=Windows NT 6.3.9600 x86_64) (WARNING: The server did not provide any stacktrace information)
Command duration or timeout: 0 milliseconds
For documentation on this error, please visit: http://seleniumhq.org/exceptions/no_such_element.html
Build info: version: &apos;3.14.0&apos;, revision: &apos;aacccce0&apos;, time: &apos;2018-08-02T20:19:58.91Z&apos;
System info: host: &apos;LENOVO-PC&apos;, ip: &apos;192.168.0.114&apos;, os.name: &apos;Windows 8.1&apos;, os.arch: &apos;amd64&apos;, os.version: &apos;6.3&apos;, java.version: &apos;1.8.0_251&apos;
Driver info: org.openqa.selenium.chrome.ChromeDriver
Capabilities {acceptInsecureCerts: false, acceptSslCerts: false, applicationCacheEnabled: false, browserConnectionEnabled: false, browserName: chrome, chrome: {chromedriverVersion: 2.36.540470 (e522d04694c7eb..., userDataDir: C:\Users\SRENIV~1\AppData\L...}, cssSelectorsEnabled: true, databaseEnabled: false, handlesAlerts: true, hasTouchScreen: false, javascriptEnabled: true, locationContextEnabled: true, mobileEmulationEnabled: false, nativeEvents: true, networkConnectionEnabled: false, pageLoadStrategy: normal, platform: XP, platformName: XP, rotatable: false, setWindowRect: true, takesHeapSnapshot: true, takesScreenshot: true, unexpectedAlertBehaviour: , unhandledPromptBehavior: , version: 81.0.4044.129, webStorageEnabled: true}
Session ID: cbe60c6f65ae9b41bedfe5c1b607e168
*** Element info: {Using=xpath, value=//img[@alt=&apos;Statement Request&apos;]}
	at sun.reflect.NativeConstructorAccessorImpl.newInstance0(Native Method)
	at sun.reflect.NativeConstructorAccessorImpl.newInstance(Unknown Source)
	at sun.reflect.DelegatingConstructorAccessorImpl.newInstance(Unknown Source)
	at java.lang.reflect.Constructor.newInstance(Unknown Source)
	at org.openqa.selenium.remote.ErrorHandler.createThrowable(ErrorHandler.java:214)
	at org.openqa.selenium.remote.ErrorHandler.throwIfResponseFailed(ErrorHandler.java:166)
	at org.openqa.selenium.remote.http.JsonHttpResponseCodec.reconstructValue(JsonHttpResponseCodec.java:40)
	at org.openqa.selenium.remote.http.AbstractHttpResponseCodec.decode(AbstractHttpResponseCodec.java:80)
	at org.openqa.selenium.remote.http.AbstractHttpResponseCodec.decode(AbstractHttpResponseCodec.java:44)
	at org.openqa.selenium.remote.HttpCommandExecutor.execute(HttpCommandExecutor.java:158)
	at org.openqa.selenium.remote.service.DriverCommandExecutor.execute(DriverCommandExecutor.java:83)
	at org.openqa.selenium.remote.RemoteWebDriver.execute(RemoteWebDriver.java:548)
	at org.openqa.selenium.remote.RemoteWebDriver.findElement(RemoteWebDriver.java:322)
	at org.openqa.selenium.remote.RemoteWebDriver.findElementByXPath(RemoteWebDriver.java:424)
	at org.openqa.selenium.By$ByXPath.findElement(By.java:353)
	at org.openqa.selenium.remote.RemoteWebDriver.findElement(RemoteWebDriver.java:314)
	at wrappers.GenericWrappers.scrollDown(GenericWrappers.java:652)
	at pages.StatementRequestPage.scrollDownforSRIcon(StatementRequestPage.java:30)
	at testcases.statementrequest.TC44BotResponseForSameCardNumberEndingIntentGivenTwice.StatementRequestOneForCardNumberEndingIntentTwice(TC44BotResponseForSameCardNumberEndingIntentGivenTwice.java:35)
	at sun.reflect.NativeMethodAccessorImpl.invoke0(Native Method)
	at sun.reflect.NativeMethodAccessorImpl.invoke(Unknown Source)
	at sun.reflect.DelegatingMethodAccessorImpl.invoke(Unknown Source)
	at java.lang.reflect.Method.invoke(Unknown Source)
	at org.testng.internal.MethodInvocationHelper.invokeMethod(MethodInvocationHelper.java:134)
	at org.testng.internal.TestInvoker.invokeMethod(TestInvoker.java:597)
	at org.testng.internal.TestInvoker.invokeTestMethod(TestInvoker.java:173)
	at org.testng.internal.MethodRunner.runInSequence(MethodRunner.java:46)
	at org.testng.internal.TestInvoker$MethodInvocationAgent.invoke(TestInvoker.java:816)
	at org.testng.internal.TestInvoker.invokeTestMethods(TestInvoker.java:146)
	at org.testng.internal.TestMethodWorker.invokeTestMethods(TestMethodWorker.java:146)
	at org.testng.internal.TestMethodWorker.run(TestMethodWorker.java:128)
	at java.util.ArrayList.forEach(Unknown Source)
	at org.testng.TestRunner.privateRun(TestRunner.java:766)
	at org.testng.TestRunner.run(TestRunner.java:587)
	at org.testng.SuiteRunner.runTest(SuiteRunner.java:384)
	at org.testng.SuiteRunner.runSequentially(SuiteRunner.java:378)
	at org.testng.SuiteRunner.privateRun(SuiteRunner.java:337)
	at org.testng.SuiteRunner.run(SuiteRunner.java:286)
	at org.testng.SuiteRunnerWorker.runSuite(SuiteRunnerWorker.java:53)
	at org.testng.SuiteRunnerWorker.run(SuiteRunnerWorker.java:96)
	at org.testng.TestNG.runSuitesSequentially(TestNG.java:1187)
	at org.testng.TestNG.runSuitesLocally(TestNG.java:1109)
	at org.testng.TestNG.runSuites(TestNG.java:1039)
	at org.testng.TestNG.run(TestNG.java:1007)
	at org.testng.remote.AbstractRemoteTestNG.run(AbstractRemoteTestNG.java:115)
	at org.testng.remote.RemoteTestNG.initAndRun(RemoteTestNG.java:251)
	at org.testng.remote.RemoteTestNG.main(RemoteTestNG.java:77)
</pre></div></td>
<td>10</td>
<td>testcases.statementrequest.TC44BotResponseForSameCardNumberEndingIntentGivenTwice@52525845</td></tr>
<tr>
<td title='testcases.statementrequest.TC44BotResponseForSameCardNumberEndingIntentGivenTwice.StatementRequestTwoForCardNumberEndingIntentTwice()'><b>StatementRequestTwoForCardNumberEndingIntentTwice</b><br>Test class: testcases.statementrequest.TC44BotResponseForSameCardNumberEndingIntentGivenTwice</td>
<td><div><pre>org.openqa.selenium.NoSuchElementException: no such element: Unable to locate element: {&quot;method&quot;:&quot;xpath&quot;,&quot;selector&quot;:&quot;//img[@alt=&apos;Statement Request&apos;]&quot;}
  (Session info: headless chrome=81.0.4044.129)
  (Driver info: chromedriver=2.36.540470 (e522d04694c7ebea4ba8821272dbef4f9b818c91),platform=Windows NT 6.3.9600 x86_64) (WARNING: The server did not provide any stacktrace information)
Command duration or timeout: 0 milliseconds
For documentation on this error, please visit: http://seleniumhq.org/exceptions/no_such_element.html
Build info: version: &apos;3.14.0&apos;, revision: &apos;aacccce0&apos;, time: &apos;2018-08-02T20:19:58.91Z&apos;
System info: host: &apos;LENOVO-PC&apos;, ip: &apos;192.168.0.114&apos;, os.name: &apos;Windows 8.1&apos;, os.arch: &apos;amd64&apos;, os.version: &apos;6.3&apos;, java.version: &apos;1.8.0_251&apos;
Driver info: org.openqa.selenium.chrome.ChromeDriver
Capabilities {acceptInsecureCerts: false, acceptSslCerts: false, applicationCacheEnabled: false, browserConnectionEnabled: false, browserName: chrome, chrome: {chromedriverVersion: 2.36.540470 (e522d04694c7eb..., userDataDir: C:\Users\SRENIV~1\AppData\L...}, cssSelectorsEnabled: true, databaseEnabled: false, handlesAlerts: true, hasTouchScreen: false, javascriptEnabled: true, locationContextEnabled: true, mobileEmulationEnabled: false, nativeEvents: true, networkConnectionEnabled: false, pageLoadStrategy: normal, platform: XP, platformName: XP, rotatable: false, setWindowRect: true, takesHeapSnapshot: true, takesScreenshot: true, unexpectedAlertBehaviour: , unhandledPromptBehavior: , version: 81.0.4044.129, webStorageEnabled: true}
Session ID: 3539de05d6040920cd3a11af23397f05
*** Element info: {Using=xpath, value=//img[@alt=&apos;Statement Request&apos;]}
	at org.openqa.selenium.remote.ErrorHandler.createThrowable(ErrorHandler.java:214)
	at org.openqa.selenium.remote.ErrorHandler.throwIfResponseFailed(ErrorHandler.java:166)
	at org.openqa.selenium.remote.http.JsonHttpResponseCodec.reconstructValue(JsonHttpResponseCodec.java:40)
	at org.openqa.selenium.remote.http.AbstractHttpResponseCodec.decode(AbstractHttpResponseCodec.java:80)
	at org.openqa.selenium.remote.http.AbstractHttpResponseCodec.decode(AbstractHttpResponseCodec.java:44)
	at org.openqa.selenium.remote.HttpCommandExecutor.execute(HttpCommandExecutor.java:158)
	at org.openqa.selenium.remote.service.DriverCommandExecutor.execute(DriverCommandExecutor.java:83)
	at org.openqa.selenium.remote.RemoteWebDriver.execute(RemoteWebDriver.java:548)
	at org.openqa.selenium.remote.RemoteWebDriver.findElement(RemoteWebDriver.java:322)
	at org.openqa.selenium.remote.RemoteWebDriver.findElementByXPath(RemoteWebDriver.java:424)
	at org.openqa.selenium.By$ByXPath.findElement(By.java:353)
	at org.openqa.selenium.remote.RemoteWebDriver.findElement(RemoteWebDriver.java:314)
	at wrappers.GenericWrappers.scrollDown(GenericWrappers.java:652)
	at pages.StatementRequestPage.scrollDownforSRIcon(StatementRequestPage.java:30)
	at testcases.statementrequest.TC44BotResponseForSameCardNumberEndingIntentGivenTwice.StatementRequestTwoForCardNumberEndingIntentTwice(TC44BotResponseForSameCardNumberEndingIntentGivenTwice.java:53)
	at java.util.ArrayList.forEach(Unknown Source)
... Removed 31 stack frames</pre></div><a href='#' onClick='toggleBox("stack-trace776132434", this, "Click to show all stack frames", "Click to hide stack frames")'>Click to show all stack frames</a>
<div class='stack-trace' id='stack-trace776132434'><pre>org.openqa.selenium.NoSuchElementException: no such element: Unable to locate element: {&quot;method&quot;:&quot;xpath&quot;,&quot;selector&quot;:&quot;//img[@alt=&apos;Statement Request&apos;]&quot;}
  (Session info: headless chrome=81.0.4044.129)
  (Driver info: chromedriver=2.36.540470 (e522d04694c7ebea4ba8821272dbef4f9b818c91),platform=Windows NT 6.3.9600 x86_64) (WARNING: The server did not provide any stacktrace information)
Command duration or timeout: 0 milliseconds
For documentation on this error, please visit: http://seleniumhq.org/exceptions/no_such_element.html
Build info: version: &apos;3.14.0&apos;, revision: &apos;aacccce0&apos;, time: &apos;2018-08-02T20:19:58.91Z&apos;
System info: host: &apos;LENOVO-PC&apos;, ip: &apos;192.168.0.114&apos;, os.name: &apos;Windows 8.1&apos;, os.arch: &apos;amd64&apos;, os.version: &apos;6.3&apos;, java.version: &apos;1.8.0_251&apos;
Driver info: org.openqa.selenium.chrome.ChromeDriver
Capabilities {acceptInsecureCerts: false, acceptSslCerts: false, applicationCacheEnabled: false, browserConnectionEnabled: false, browserName: chrome, chrome: {chromedriverVersion: 2.36.540470 (e522d04694c7eb..., userDataDir: C:\Users\SRENIV~1\AppData\L...}, cssSelectorsEnabled: true, databaseEnabled: false, handlesAlerts: true, hasTouchScreen: false, javascriptEnabled: true, locationContextEnabled: true, mobileEmulationEnabled: false, nativeEvents: true, networkConnectionEnabled: false, pageLoadStrategy: normal, platform: XP, platformName: XP, rotatable: false, setWindowRect: true, takesHeapSnapshot: true, takesScreenshot: true, unexpectedAlertBehaviour: , unhandledPromptBehavior: , version: 81.0.4044.129, webStorageEnabled: true}
Session ID: 3539de05d6040920cd3a11af23397f05
*** Element info: {Using=xpath, value=//img[@alt=&apos;Statement Request&apos;]}
	at sun.reflect.NativeConstructorAccessorImpl.newInstance0(Native Method)
	at sun.reflect.NativeConstructorAccessorImpl.newInstance(Unknown Source)
	at sun.reflect.DelegatingConstructorAccessorImpl.newInstance(Unknown Source)
	at java.lang.reflect.Constructor.newInstance(Unknown Source)
	at org.openqa.selenium.remote.ErrorHandler.createThrowable(ErrorHandler.java:214)
	at org.openqa.selenium.remote.ErrorHandler.throwIfResponseFailed(ErrorHandler.java:166)
	at org.openqa.selenium.remote.http.JsonHttpResponseCodec.reconstructValue(JsonHttpResponseCodec.java:40)
	at org.openqa.selenium.remote.http.AbstractHttpResponseCodec.decode(AbstractHttpResponseCodec.java:80)
	at org.openqa.selenium.remote.http.AbstractHttpResponseCodec.decode(AbstractHttpResponseCodec.java:44)
	at org.openqa.selenium.remote.HttpCommandExecutor.execute(HttpCommandExecutor.java:158)
	at org.openqa.selenium.remote.service.DriverCommandExecutor.execute(DriverCommandExecutor.java:83)
	at org.openqa.selenium.remote.RemoteWebDriver.execute(RemoteWebDriver.java:548)
	at org.openqa.selenium.remote.RemoteWebDriver.findElement(RemoteWebDriver.java:322)
	at org.openqa.selenium.remote.RemoteWebDriver.findElementByXPath(RemoteWebDriver.java:424)
	at org.openqa.selenium.By$ByXPath.findElement(By.java:353)
	at org.openqa.selenium.remote.RemoteWebDriver.findElement(RemoteWebDriver.java:314)
	at wrappers.GenericWrappers.scrollDown(GenericWrappers.java:652)
	at pages.StatementRequestPage.scrollDownforSRIcon(StatementRequestPage.java:30)
	at testcases.statementrequest.TC44BotResponseForSameCardNumberEndingIntentGivenTwice.StatementRequestTwoForCardNumberEndingIntentTwice(TC44BotResponseForSameCardNumberEndingIntentGivenTwice.java:53)
	at sun.reflect.NativeMethodAccessorImpl.invoke0(Native Method)
	at sun.reflect.NativeMethodAccessorImpl.invoke(Unknown Source)
	at sun.reflect.DelegatingMethodAccessorImpl.invoke(Unknown Source)
	at java.lang.reflect.Method.invoke(Unknown Source)
	at org.testng.internal.MethodInvocationHelper.invokeMethod(MethodInvocationHelper.java:134)
	at org.testng.internal.TestInvoker.invokeMethod(TestInvoker.java:597)
	at org.testng.internal.TestInvoker.invokeTestMethod(TestInvoker.java:173)
	at org.testng.internal.MethodRunner.runInSequence(MethodRunner.java:46)
	at org.testng.internal.TestInvoker$MethodInvocationAgent.invoke(TestInvoker.java:816)
	at org.testng.internal.TestInvoker.invokeTestMethods(TestInvoker.java:146)
	at org.testng.internal.TestMethodWorker.invokeTestMethods(TestMethodWorker.java:146)
	at org.testng.internal.TestMethodWorker.run(TestMethodWorker.java:128)
	at java.util.ArrayList.forEach(Unknown Source)
	at org.testng.TestRunner.privateRun(TestRunner.java:766)
	at org.testng.TestRunner.run(TestRunner.java:587)
	at org.testng.SuiteRunner.runTest(SuiteRunner.java:384)
	at org.testng.SuiteRunner.runSequentially(SuiteRunner.java:378)
	at org.testng.SuiteRunner.privateRun(SuiteRunner.java:337)
	at org.testng.SuiteRunner.run(SuiteRunner.java:286)
	at org.testng.SuiteRunnerWorker.runSuite(SuiteRunnerWorker.java:53)
	at org.testng.SuiteRunnerWorker.run(SuiteRunnerWorker.java:96)
	at org.testng.TestNG.runSuitesSequentially(TestNG.java:1187)
	at org.testng.TestNG.runSuitesLocally(TestNG.java:1109)
	at org.testng.TestNG.runSuites(TestNG.java:1039)
	at org.testng.TestNG.run(TestNG.java:1007)
	at org.testng.remote.AbstractRemoteTestNG.run(AbstractRemoteTestNG.java:115)
	at org.testng.remote.RemoteTestNG.initAndRun(RemoteTestNG.java:251)
	at org.testng.remote.RemoteTestNG.main(RemoteTestNG.java:77)
</pre></div></td>
<td>10</td>
<td>testcases.statementrequest.TC44BotResponseForSameCardNumberEndingIntentGivenTwice@52525845</td></tr>
<tr>
<td title='testcases.statementrequest.TC16VerifyNoAccountAvailableResponseForAccountSelection.VerifyNoAccountAvailableForAccountSelectionOne()'><b>VerifyNoAccountAvailableForAccountSelectionOne</b><br>Test class: testcases.statementrequest.TC16VerifyNoAccountAvailableResponseForAccountSelection</td>
<td><div><pre>java.lang.RuntimeException: FAILED
	at utils.Reporter.reportStep(Reporter.java:29)
	at wrappers.GenericWrappers.verifyTextByXpath(GenericWrappers.java:475)
	at pages.StatementRequestPage.verifyNoAccountResponse(StatementRequestPage.java:155)
	at testcases.statementrequest.TC16VerifyNoAccountAvailableResponseForAccountSelection.VerifyNoAccountAvailableForAccountSelectionOne(TC16VerifyNoAccountAvailableResponseForAccountSelection.java:42)
	at java.util.ArrayList.forEach(Unknown Source)
... Removed 27 stack frames</pre></div><a href='#' onClick='toggleBox("stack-trace960194692", this, "Click to show all stack frames", "Click to hide stack frames")'>Click to show all stack frames</a>
<div class='stack-trace' id='stack-trace960194692'><pre>java.lang.RuntimeException: FAILED
	at utils.Reporter.reportStep(Reporter.java:29)
	at wrappers.GenericWrappers.verifyTextByXpath(GenericWrappers.java:475)
	at pages.StatementRequestPage.verifyNoAccountResponse(StatementRequestPage.java:155)
	at testcases.statementrequest.TC16VerifyNoAccountAvailableResponseForAccountSelection.VerifyNoAccountAvailableForAccountSelectionOne(TC16VerifyNoAccountAvailableResponseForAccountSelection.java:42)
	at sun.reflect.NativeMethodAccessorImpl.invoke0(Native Method)
	at sun.reflect.NativeMethodAccessorImpl.invoke(Unknown Source)
	at sun.reflect.DelegatingMethodAccessorImpl.invoke(Unknown Source)
	at java.lang.reflect.Method.invoke(Unknown Source)
	at org.testng.internal.MethodInvocationHelper.invokeMethod(MethodInvocationHelper.java:134)
	at org.testng.internal.TestInvoker.invokeMethod(TestInvoker.java:597)
	at org.testng.internal.TestInvoker.invokeTestMethod(TestInvoker.java:173)
	at org.testng.internal.MethodRunner.runInSequence(MethodRunner.java:46)
	at org.testng.internal.TestInvoker$MethodInvocationAgent.invoke(TestInvoker.java:816)
	at org.testng.internal.TestInvoker.invokeTestMethods(TestInvoker.java:146)
	at org.testng.internal.TestMethodWorker.invokeTestMethods(TestMethodWorker.java:146)
	at org.testng.internal.TestMethodWorker.run(TestMethodWorker.java:128)
	at java.util.ArrayList.forEach(Unknown Source)
	at org.testng.TestRunner.privateRun(TestRunner.java:766)
	at org.testng.TestRunner.run(TestRunner.java:587)
	at org.testng.SuiteRunner.runTest(SuiteRunner.java:384)
	at org.testng.SuiteRunner.runSequentially(SuiteRunner.java:378)
	at org.testng.SuiteRunner.privateRun(SuiteRunner.java:337)
	at org.testng.SuiteRunner.run(SuiteRunner.java:286)
	at org.testng.SuiteRunnerWorker.runSuite(SuiteRunnerWorker.java:53)
	at org.testng.SuiteRunnerWorker.run(SuiteRunnerWorker.java:96)
	at org.testng.TestNG.runSuitesSequentially(TestNG.java:1187)
	at org.testng.TestNG.runSuitesLocally(TestNG.java:1109)
	at org.testng.TestNG.runSuites(TestNG.java:1039)
	at org.testng.TestNG.run(TestNG.java:1007)
	at org.testng.remote.AbstractRemoteTestNG.run(AbstractRemoteTestNG.java:115)
	at org.testng.remote.RemoteTestNG.initAndRun(RemoteTestNG.java:251)
	at org.testng.remote.RemoteTestNG.main(RemoteTestNG.java:77)
</pre></div></td>
<td>34</td>
<td>testcases.statementrequest.TC16VerifyNoAccountAvailableResponseForAccountSelection@4c762604</td></tr>
<tr>
<td title='testcases.statementrequest.TC21VerifyNoAccountAvailableResponseForCheckingAccount.VerifyNoAccountAvailableForNoCheckingAccountUser()'><b>VerifyNoAccountAvailableForNoCheckingAccountUser</b><br>Test class: testcases.statementrequest.TC21VerifyNoAccountAvailableResponseForCheckingAccount</td>
<td><div><pre>java.lang.RuntimeException: FAILED
	at utils.Reporter.reportStep(Reporter.java:29)
	at wrappers.GenericWrappers.verifyTextByXpath(GenericWrappers.java:475)
	at pages.StatementRequestPage.verifySelectAccountForWrongAccountCases(StatementRequestPage.java:149)
	at testcases.statementrequest.TC21VerifyNoAccountAvailableResponseForCheckingAccount.VerifyNoAccountAvailableForNoCheckingAccountUser(TC21VerifyNoAccountAvailableResponseForCheckingAccount.java:44)
	at java.util.ArrayList.forEach(Unknown Source)
... Removed 27 stack frames</pre></div><a href='#' onClick='toggleBox("stack-trace1535484264", this, "Click to show all stack frames", "Click to hide stack frames")'>Click to show all stack frames</a>
<div class='stack-trace' id='stack-trace1535484264'><pre>java.lang.RuntimeException: FAILED
	at utils.Reporter.reportStep(Reporter.java:29)
	at wrappers.GenericWrappers.verifyTextByXpath(GenericWrappers.java:475)
	at pages.StatementRequestPage.verifySelectAccountForWrongAccountCases(StatementRequestPage.java:149)
	at testcases.statementrequest.TC21VerifyNoAccountAvailableResponseForCheckingAccount.VerifyNoAccountAvailableForNoCheckingAccountUser(TC21VerifyNoAccountAvailableResponseForCheckingAccount.java:44)
	at sun.reflect.NativeMethodAccessorImpl.invoke0(Native Method)
	at sun.reflect.NativeMethodAccessorImpl.invoke(Unknown Source)
	at sun.reflect.DelegatingMethodAccessorImpl.invoke(Unknown Source)
	at java.lang.reflect.Method.invoke(Unknown Source)
	at org.testng.internal.MethodInvocationHelper.invokeMethod(MethodInvocationHelper.java:134)
	at org.testng.internal.TestInvoker.invokeMethod(TestInvoker.java:597)
	at org.testng.internal.TestInvoker.invokeTestMethod(TestInvoker.java:173)
	at org.testng.internal.MethodRunner.runInSequence(MethodRunner.java:46)
	at org.testng.internal.TestInvoker$MethodInvocationAgent.invoke(TestInvoker.java:816)
	at org.testng.internal.TestInvoker.invokeTestMethods(TestInvoker.java:146)
	at org.testng.internal.TestMethodWorker.invokeTestMethods(TestMethodWorker.java:146)
	at org.testng.internal.TestMethodWorker.run(TestMethodWorker.java:128)
	at java.util.ArrayList.forEach(Unknown Source)
	at org.testng.TestRunner.privateRun(TestRunner.java:766)
	at org.testng.TestRunner.run(TestRunner.java:587)
	at org.testng.SuiteRunner.runTest(SuiteRunner.java:384)
	at org.testng.SuiteRunner.runSequentially(SuiteRunner.java:378)
	at org.testng.SuiteRunner.privateRun(SuiteRunner.java:337)
	at org.testng.SuiteRunner.run(SuiteRunner.java:286)
	at org.testng.SuiteRunnerWorker.runSuite(SuiteRunnerWorker.java:53)
	at org.testng.SuiteRunnerWorker.run(SuiteRunnerWorker.java:96)
	at org.testng.TestNG.runSuitesSequentially(TestNG.java:1187)
	at org.testng.TestNG.runSuitesLocally(TestNG.java:1109)
	at org.testng.TestNG.runSuites(TestNG.java:1039)
	at org.testng.TestNG.run(TestNG.java:1007)
	at org.testng.remote.AbstractRemoteTestNG.run(AbstractRemoteTestNG.java:115)
	at org.testng.remote.RemoteTestNG.initAndRun(RemoteTestNG.java:251)
	at org.testng.remote.RemoteTestNG.main(RemoteTestNG.java:77)
</pre></div></td>
<td>41</td>
<td>testcases.statementrequest.TC21VerifyNoAccountAvailableResponseForCheckingAccount@24a35978</td></tr>
<tr>
<td title='testcases.statementrequest.TC27VerifyNoAccountAvailableResponseForUsersNotHavingCheckingAccount.VerifyNoAccountAvailableForNoCheckingAccountUser()'><b>VerifyNoAccountAvailableForNoCheckingAccountUser</b><br>Test class: testcases.statementrequest.TC27VerifyNoAccountAvailableResponseForUsersNotHavingCheckingAccount</td>
<td><div><pre>java.lang.RuntimeException: FAILED
	at utils.Reporter.reportStep(Reporter.java:29)
	at wrappers.GenericWrappers.verifyTextByXpath(GenericWrappers.java:475)
	at pages.StatementRequestPage.verifyNoAccountResponse(StatementRequestPage.java:155)
	at testcases.statementrequest.TC27VerifyNoAccountAvailableResponseForUsersNotHavingCheckingAccount.VerifyNoAccountAvailableForNoCheckingAccountUser(TC27VerifyNoAccountAvailableResponseForUsersNotHavingCheckingAccount.java:43)
	at java.util.ArrayList.forEach(Unknown Source)
... Removed 27 stack frames</pre></div><a href='#' onClick='toggleBox("stack-trace1311074762", this, "Click to show all stack frames", "Click to hide stack frames")'>Click to show all stack frames</a>
<div class='stack-trace' id='stack-trace1311074762'><pre>java.lang.RuntimeException: FAILED
	at utils.Reporter.reportStep(Reporter.java:29)
	at wrappers.GenericWrappers.verifyTextByXpath(GenericWrappers.java:475)
	at pages.StatementRequestPage.verifyNoAccountResponse(StatementRequestPage.java:155)
	at testcases.statementrequest.TC27VerifyNoAccountAvailableResponseForUsersNotHavingCheckingAccount.VerifyNoAccountAvailableForNoCheckingAccountUser(TC27VerifyNoAccountAvailableResponseForUsersNotHavingCheckingAccount.java:43)
	at sun.reflect.NativeMethodAccessorImpl.invoke0(Native Method)
	at sun.reflect.NativeMethodAccessorImpl.invoke(Unknown Source)
	at sun.reflect.DelegatingMethodAccessorImpl.invoke(Unknown Source)
	at java.lang.reflect.Method.invoke(Unknown Source)
	at org.testng.internal.MethodInvocationHelper.invokeMethod(MethodInvocationHelper.java:134)
	at org.testng.internal.TestInvoker.invokeMethod(TestInvoker.java:597)
	at org.testng.internal.TestInvoker.invokeTestMethod(TestInvoker.java:173)
	at org.testng.internal.MethodRunner.runInSequence(MethodRunner.java:46)
	at org.testng.internal.TestInvoker$MethodInvocationAgent.invoke(TestInvoker.java:816)
	at org.testng.internal.TestInvoker.invokeTestMethods(TestInvoker.java:146)
	at org.testng.internal.TestMethodWorker.invokeTestMethods(TestMethodWorker.java:146)
	at org.testng.internal.TestMethodWorker.run(TestMethodWorker.java:128)
	at java.util.ArrayList.forEach(Unknown Source)
	at org.testng.TestRunner.privateRun(TestRunner.java:766)
	at org.testng.TestRunner.run(TestRunner.java:587)
	at org.testng.SuiteRunner.runTest(SuiteRunner.java:384)
	at org.testng.SuiteRunner.runSequentially(SuiteRunner.java:378)
	at org.testng.SuiteRunner.privateRun(SuiteRunner.java:337)
	at org.testng.SuiteRunner.run(SuiteRunner.java:286)
	at org.testng.SuiteRunnerWorker.runSuite(SuiteRunnerWorker.java:53)
	at org.testng.SuiteRunnerWorker.run(SuiteRunnerWorker.java:96)
	at org.testng.TestNG.runSuitesSequentially(TestNG.java:1187)
	at org.testng.TestNG.runSuitesLocally(TestNG.java:1109)
	at org.testng.TestNG.runSuites(TestNG.java:1039)
	at org.testng.TestNG.run(TestNG.java:1007)
	at org.testng.remote.AbstractRemoteTestNG.run(AbstractRemoteTestNG.java:115)
	at org.testng.remote.RemoteTestNG.initAndRun(RemoteTestNG.java:251)
	at org.testng.remote.RemoteTestNG.main(RemoteTestNG.java:77)
</pre></div></td>
<td>33</td>
<td>testcases.statementrequest.TC27VerifyNoAccountAvailableResponseForUsersNotHavingCheckingAccount@5c18298f</td></tr>
<tr>
<td title='testcases.statementrequest.TC20VerifyNoAccountAvailableResponseForSavingsAccount.VerifyNoAccountAvailableForNoSavingsAccountUser()'><b>VerifyNoAccountAvailableForNoSavingsAccountUser</b><br>Test class: testcases.statementrequest.TC20VerifyNoAccountAvailableResponseForSavingsAccount</td>
<td><div><pre>java.lang.RuntimeException: FAILED
	at utils.Reporter.reportStep(Reporter.java:29)
	at wrappers.GenericWrappers.verifyTextByXpath(GenericWrappers.java:475)
	at pages.StatementRequestPage.verifyNoSavingsAccountResponse(StatementRequestPage.java:161)
	at testcases.statementrequest.TC20VerifyNoAccountAvailableResponseForSavingsAccount.VerifyNoAccountAvailableForNoSavingsAccountUser(TC20VerifyNoAccountAvailableResponseForSavingsAccount.java:42)
	at java.util.ArrayList.forEach(Unknown Source)
... Removed 27 stack frames</pre></div><a href='#' onClick='toggleBox("stack-trace673899557", this, "Click to show all stack frames", "Click to hide stack frames")'>Click to show all stack frames</a>
<div class='stack-trace' id='stack-trace673899557'><pre>java.lang.RuntimeException: FAILED
	at utils.Reporter.reportStep(Reporter.java:29)
	at wrappers.GenericWrappers.verifyTextByXpath(GenericWrappers.java:475)
	at pages.StatementRequestPage.verifyNoSavingsAccountResponse(StatementRequestPage.java:161)
	at testcases.statementrequest.TC20VerifyNoAccountAvailableResponseForSavingsAccount.VerifyNoAccountAvailableForNoSavingsAccountUser(TC20VerifyNoAccountAvailableResponseForSavingsAccount.java:42)
	at sun.reflect.NativeMethodAccessorImpl.invoke0(Native Method)
	at sun.reflect.NativeMethodAccessorImpl.invoke(Unknown Source)
	at sun.reflect.DelegatingMethodAccessorImpl.invoke(Unknown Source)
	at java.lang.reflect.Method.invoke(Unknown Source)
	at org.testng.internal.MethodInvocationHelper.invokeMethod(MethodInvocationHelper.java:134)
	at org.testng.internal.TestInvoker.invokeMethod(TestInvoker.java:597)
	at org.testng.internal.TestInvoker.invokeTestMethod(TestInvoker.java:173)
	at org.testng.internal.MethodRunner.runInSequence(MethodRunner.java:46)
	at org.testng.internal.TestInvoker$MethodInvocationAgent.invoke(TestInvoker.java:816)
	at org.testng.internal.TestInvoker.invokeTestMethods(TestInvoker.java:146)
	at org.testng.internal.TestMethodWorker.invokeTestMethods(TestMethodWorker.java:146)
	at org.testng.internal.TestMethodWorker.run(TestMethodWorker.java:128)
	at java.util.ArrayList.forEach(Unknown Source)
	at org.testng.TestRunner.privateRun(TestRunner.java:766)
	at org.testng.TestRunner.run(TestRunner.java:587)
	at org.testng.SuiteRunner.runTest(SuiteRunner.java:384)
	at org.testng.SuiteRunner.runSequentially(SuiteRunner.java:378)
	at org.testng.SuiteRunner.privateRun(SuiteRunner.java:337)
	at org.testng.SuiteRunner.run(SuiteRunner.java:286)
	at org.testng.SuiteRunnerWorker.runSuite(SuiteRunnerWorker.java:53)
	at org.testng.SuiteRunnerWorker.run(SuiteRunnerWorker.java:96)
	at org.testng.TestNG.runSuitesSequentially(TestNG.java:1187)
	at org.testng.TestNG.runSuitesLocally(TestNG.java:1109)
	at org.testng.TestNG.runSuites(TestNG.java:1039)
	at org.testng.TestNG.run(TestNG.java:1007)
	at org.testng.remote.AbstractRemoteTestNG.run(AbstractRemoteTestNG.java:115)
	at org.testng.remote.RemoteTestNG.initAndRun(RemoteTestNG.java:251)
	at org.testng.remote.RemoteTestNG.main(RemoteTestNG.java:77)
</pre></div></td>
<td>35</td>
<td>testcases.statementrequest.TC20VerifyNoAccountAvailableResponseForSavingsAccount@df27fae</td></tr>
</table><p>
<table width='100%' border='1' class='invocation-passed'>
<tr><td colspan='4' align='center'><b>PASSED TESTS</b></td></tr>
<tr><td><b>Test method</b></td>
<td width="30%"><b>Exception</b></td>
<td width="10%"><b>Time (seconds)</b></td>
<td><b>Instance</b></td>
</tr>
<tr>
<td title='testcases.statementrequest.TC11VerifyWrongAccountSelectedResponseFromBot.BotResponseForWrongAccount()'><b>BotResponseForWrongAccount</b><br>Test class: testcases.statementrequest.TC11VerifyWrongAccountSelectedResponseFromBot</td>
<td></td>
<td>47</td>
<td>testcases.statementrequest.TC11VerifyWrongAccountSelectedResponseFromBot@306279ee</td></tr>
<tr>
<td title='testcases.statementrequest.TC13VerifyWrongMonthSelectedResponseFromBot.BotResponseForWrongMonth()'><b>BotResponseForWrongMonth</b><br>Test class: testcases.statementrequest.TC13VerifyWrongMonthSelectedResponseFromBot</td>
<td></td>
<td>57</td>
<td>testcases.statementrequest.TC13VerifyWrongMonthSelectedResponseFromBot@4cf4d528</td></tr>
<tr>
<td title='testcases.statementrequest.TC07StatementRequestforOnlyLast6Months.PlatinumRewardsAccountStatementForLast6Months()'><b>PlatinumRewardsAccountStatementForLast6Months</b><br>Test class: testcases.statementrequest.TC07StatementRequestforOnlyLast6Months</td>
<td></td>
<td>41</td>
<td>testcases.statementrequest.TC07StatementRequestforOnlyLast6Months@710726a3</td></tr>
<tr>
<td title='testcases.statementrequest.TC07StatementRequestforOnlyLast6Months.RegularCurrentAccountStatementForLast6Months()'><b>RegularCurrentAccountStatementForLast6Months</b><br>Test class: testcases.statementrequest.TC07StatementRequestforOnlyLast6Months</td>
<td></td>
<td>41</td>
<td>testcases.statementrequest.TC07StatementRequestforOnlyLast6Months@710726a3</td></tr>
<tr>
<td title='testcases.statementrequest.TC08StatementRequestSelectionOfMonthsFromList.SelectMonthForPlatinumRewardsAccount()'><b>SelectMonthForPlatinumRewardsAccount</b><br>Test class: testcases.statementrequest.TC08StatementRequestSelectionOfMonthsFromList</td>
<td></td>
<td>43</td>
<td>testcases.statementrequest.TC08StatementRequestSelectionOfMonthsFromList@646007f4</td></tr>
<tr>
<td title='testcases.statementrequest.TC08StatementRequestSelectionOfMonthsFromList.SelectMonthForRegularCurrentAccount()'><b>SelectMonthForRegularCurrentAccount</b><br>Test class: testcases.statementrequest.TC08StatementRequestSelectionOfMonthsFromList</td>
<td></td>
<td>43</td>
<td>testcases.statementrequest.TC08StatementRequestSelectionOfMonthsFromList@646007f4</td></tr>
<tr>
<td title='testcases.statementrequest.TC08StatementRequestSelectionOfMonthsFromList.SelectMonthForSuperValueAccount()'><b>SelectMonthForSuperValueAccount</b><br>Test class: testcases.statementrequest.TC08StatementRequestSelectionOfMonthsFromList</td>
<td></td>
<td>43</td>
<td>testcases.statementrequest.TC08StatementRequestSelectionOfMonthsFromList@646007f4</td></tr>
<tr>
<td title='testcases.statementrequest.TC08StatementRequestSelectionOfMonthsFromList.SelectMonthForUltimateCardAccount()'><b>SelectMonthForUltimateCardAccount</b><br>Test class: testcases.statementrequest.TC08StatementRequestSelectionOfMonthsFromList</td>
<td></td>
<td>43</td>
<td>testcases.statementrequest.TC08StatementRequestSelectionOfMonthsFromList@646007f4</td></tr>
<tr>
<td title='testcases.statementrequest.TC08StatementRequestSelectionOfMonthsFromList.SelectMonthForaXcessPlusAccount()'><b>SelectMonthForaXcessPlusAccount</b><br>Test class: testcases.statementrequest.TC08StatementRequestSelectionOfMonthsFromList</td>
<td></td>
<td>43</td>
<td>testcases.statementrequest.TC08StatementRequestSelectionOfMonthsFromList@646007f4</td></tr>
<tr>
<td title='testcases.statementrequest.TC50StatementRequestByCorrectMonth.StatementRequestByCorrectMonth()'><b>StatementRequestByCorrectMonth</b><br>Test class: testcases.statementrequest.TC50StatementRequestByCorrectMonth</td>
<td></td>
<td>38</td>
<td>testcases.statementrequest.TC50StatementRequestByCorrectMonth@24b1d79b</td></tr>
<tr>
<td title='testcases.statementrequest.TC39ResponseOfStatementRequestForAccountNumberGivenTwice.StatementRequestForAccountNumberGivenTwice()'><b>StatementRequestForAccountNumberGivenTwice</b><br>Test class: testcases.statementrequest.TC39ResponseOfStatementRequestForAccountNumberGivenTwice</td>
<td></td>
<td>45</td>
<td>testcases.statementrequest.TC39ResponseOfStatementRequestForAccountNumberGivenTwice@10d59286</td></tr>
<tr>
<td title='testcases.statementrequest.TC40StatementRequestForCardNumberEndingSupportedIntents.StatementRequestForCardNumberEndingIntentOne()'><b>StatementRequestForCardNumberEndingIntentOne</b><br>Test class: testcases.statementrequest.TC40StatementRequestForCardNumberEndingSupportedIntents</td>
<td></td>
<td>38</td>
<td>testcases.statementrequest.TC40StatementRequestForCardNumberEndingSupportedIntents@fe18270</td></tr>
<tr>
<td title='testcases.statementrequest.TC36StatementRequestForCorrectAccountNumberEnding.StatementRequestForCorrectAccountNumberEnding()'><b>StatementRequestForCorrectAccountNumberEnding</b><br>Test class: testcases.statementrequest.TC36StatementRequestForCorrectAccountNumberEnding</td>
<td></td>
<td>38</td>
<td>testcases.statementrequest.TC36StatementRequestForCorrectAccountNumberEnding@17211155</td></tr>
<tr>
<td title='testcases.statementrequest.TC30StatementRequestForCorrectAccountTypeWithAccountNumberEnding.StatementRequestForCorrectAccountTypeAndAccountNumberEnding()'><b>StatementRequestForCorrectAccountTypeAndAccountNumberEnding</b><br>Test class: testcases.statementrequest.TC30StatementRequestForCorrectAccountTypeWithAccountNumberEnding</td>
<td></td>
<td>39</td>
<td>testcases.statementrequest.TC30StatementRequestForCorrectAccountTypeWithAccountNumberEnding@5204062d</td></tr>
<tr>
<td title='testcases.statementrequest.TC32StatementRequestForCorrectAccountTypeAndDifferentAccountTypesAccountNumber.StatementRequestForCorrectAccountTypeAndDifferentAccountTypesAccountNumber()'><b>StatementRequestForCorrectAccountTypeAndDifferentAccountTypesAccountNumber</b><br>Test class: testcases.statementrequest.TC32StatementRequestForCorrectAccountTypeAndDifferentAccountTypesAccountNumber</td>
<td></td>
<td>37</td>
<td>testcases.statementrequest.TC32StatementRequestForCorrectAccountTypeAndDifferentAccountTypesAccountNumber@376b4233</td></tr>
<tr>
<td title='testcases.statementrequest.TC31StatementRequestForCorrectAccountTypeWithInvalidAccountNumberEnding.StatementRequestForCorrectAccountTypeAndInvalidAccountNumberEnding()'><b>StatementRequestForCorrectAccountTypeAndInvalidAccountNumberEnding</b><br>Test class: testcases.statementrequest.TC31StatementRequestForCorrectAccountTypeWithInvalidAccountNumberEnding</td>
<td></td>
<td>36</td>
<td>testcases.statementrequest.TC31StatementRequestForCorrectAccountTypeWithInvalidAccountNumberEnding@4fcd19b3</td></tr>
<tr>
<td title='testcases.statementrequest.TC41StatementRequestDownloadForCorrectCardNumberEnding.StatementRequestForCorrectCardNumberEndingOne()'><b>StatementRequestForCorrectCardNumberEndingOne</b><br>Test class: testcases.statementrequest.TC41StatementRequestDownloadForCorrectCardNumberEnding</td>
<td></td>
<td>39</td>
<td>testcases.statementrequest.TC41StatementRequestDownloadForCorrectCardNumberEnding@6fb0d3ed</td></tr>
<tr>
<td title='testcases.statementrequest.TC41StatementRequestDownloadForCorrectCardNumberEnding.StatementRequestForCorrectCardNumberEndingTwo()'><b>StatementRequestForCorrectCardNumberEndingTwo</b><br>Test class: testcases.statementrequest.TC41StatementRequestDownloadForCorrectCardNumberEnding</td>
<td></td>
<td>39</td>
<td>testcases.statementrequest.TC41StatementRequestDownloadForCorrectCardNumberEnding@6fb0d3ed</td></tr>
<tr>
<td title='testcases.statementrequest.TC42StatementRequestDownloadForIncorrectCardNumberEnding.StatementRequestForIncorrectCardNumberEndingOne()'><b>StatementRequestForIncorrectCardNumberEndingOne</b><br>Test class: testcases.statementrequest.TC42StatementRequestDownloadForIncorrectCardNumberEnding</td>
<td></td>
<td>36</td>
<td>testcases.statementrequest.TC42StatementRequestDownloadForIncorrectCardNumberEnding@6dde5c8c</td></tr>
<tr>
<td title='testcases.statementrequest.TC42StatementRequestDownloadForIncorrectCardNumberEnding.StatementRequestForIncorrectCardNumberEndingTwo()'><b>StatementRequestForIncorrectCardNumberEndingTwo</b><br>Test class: testcases.statementrequest.TC42StatementRequestDownloadForIncorrectCardNumberEnding</td>
<td></td>
<td>36</td>
<td>testcases.statementrequest.TC42StatementRequestDownloadForIncorrectCardNumberEnding@6dde5c8c</td></tr>
<tr>
<td title='testcases.statementrequest.TC37StatementRequestResponseForInvalidAccountNumberEnding.StatementRequestForInvalidAccountNumberEnding()'><b>StatementRequestForInvalidAccountNumberEnding</b><br>Test class: testcases.statementrequest.TC37StatementRequestResponseForInvalidAccountNumberEnding</td>
<td></td>
<td>36</td>
<td>testcases.statementrequest.TC37StatementRequestResponseForInvalidAccountNumberEnding@b3d7190</td></tr>
<tr>
<td title='testcases.statementrequest.TC02SRIconCheckAfterLogin.StatementRequestIconCheckAfterLogin()'><b>StatementRequestIconCheckAfterLogin</b><br>Test class: testcases.statementrequest.TC02SRIconCheckAfterLogin</td>
<td></td>
<td>30</td>
<td>testcases.statementrequest.TC02SRIconCheckAfterLogin@47db50c5</td></tr>
<tr>
<td title='testcases.statementrequest.TC03SRIconDisplay.StatementRequestIconDisplay()'><b>StatementRequestIconDisplay</b><br>Test class: testcases.statementrequest.TC03SRIconDisplay</td>
<td></td>
<td>13</td>
<td>testcases.statementrequest.TC03SRIconDisplay@5c072e3f</td></tr>
<tr>
<td title='testcases.statementrequest.TC17StatementRequestSupportedIntentsForAccountName.StatementRequestIntentFourForAccountName()'><b>StatementRequestIntentFourForAccountName</b><br>Test class: testcases.statementrequest.TC17StatementRequestSupportedIntentsForAccountName</td>
<td></td>
<td>39</td>
<td>testcases.statementrequest.TC17StatementRequestSupportedIntentsForAccountName@2641e737</td></tr>
<tr>
<td title='testcases.statementrequest.TC22StatementRequestSupportedIntentsForAccountType.StatementRequestIntentFourForAccountType()'><b>StatementRequestIntentFourForAccountType</b><br>Test class: testcases.statementrequest.TC22StatementRequestSupportedIntentsForAccountType</td>
<td></td>
<td>40</td>
<td>testcases.statementrequest.TC22StatementRequestSupportedIntentsForAccountType@16f7c8c1</td></tr>
<tr>
<td title='testcases.statementrequest.TC29StatementRequestForAccountTypeWithAccountNumberSupportedIntent.StatementRequestIntentFourForAccountTypeWithAccountNumberEnding()'><b>StatementRequestIntentFourForAccountTypeWithAccountNumberEnding</b><br>Test class: testcases.statementrequest.TC29StatementRequestForAccountTypeWithAccountNumberSupportedIntent</td>
<td></td>
<td>38</td>
<td>testcases.statementrequest.TC29StatementRequestForAccountTypeWithAccountNumberSupportedIntent@5579bb86</td></tr>
<tr>
<td title='testcases.statementrequest.TC17StatementRequestSupportedIntentsForAccountName.StatementRequestIntentOneForAccountName()'><b>StatementRequestIntentOneForAccountName</b><br>Test class: testcases.statementrequest.TC17StatementRequestSupportedIntentsForAccountName</td>
<td></td>
<td>39</td>
<td>testcases.statementrequest.TC17StatementRequestSupportedIntentsForAccountName@2641e737</td></tr>
<tr>
<td title='testcases.statementrequest.TC35StatementRequestByAccountNumberEndingSupportedIntents.StatementRequestIntentOneForAccountNumberEnding()'><b>StatementRequestIntentOneForAccountNumberEnding</b><br>Test class: testcases.statementrequest.TC35StatementRequestByAccountNumberEndingSupportedIntents</td>
<td></td>
<td>42</td>
<td>testcases.statementrequest.TC35StatementRequestByAccountNumberEndingSupportedIntents@7a36aefa</td></tr>
<tr>
<td title='testcases.statementrequest.TC22StatementRequestSupportedIntentsForAccountType.StatementRequestIntentOneForAccountType()'><b>StatementRequestIntentOneForAccountType</b><br>Test class: testcases.statementrequest.TC22StatementRequestSupportedIntentsForAccountType</td>
<td></td>
<td>43</td>
<td>testcases.statementrequest.TC22StatementRequestSupportedIntentsForAccountType@16f7c8c1</td></tr>
<tr>
<td title='testcases.statementrequest.TC29StatementRequestForAccountTypeWithAccountNumberSupportedIntent.StatementRequestIntentOneForAccountTypeWithAccountNumberEnding()'><b>StatementRequestIntentOneForAccountTypeWithAccountNumberEnding</b><br>Test class: testcases.statementrequest.TC29StatementRequestForAccountTypeWithAccountNumberSupportedIntent</td>
<td></td>
<td>39</td>
<td>testcases.statementrequest.TC29StatementRequestForAccountTypeWithAccountNumberSupportedIntent@5579bb86</td></tr>
<tr>
<td title='testcases.statementrequest.TC19StatementRequestForCheckingAccounttType.StatementRequestIntentOneForCheckingAccountType()'><b>StatementRequestIntentOneForCheckingAccountType</b><br>Test class: testcases.statementrequest.TC19StatementRequestForCheckingAccounttType</td>
<td></td>
<td>39</td>
<td>testcases.statementrequest.TC19StatementRequestForCheckingAccounttType@704921a5</td></tr>
<tr>
<td title='testcases.statementrequest.TC24ViewListOfCurrentAccountsForCurrentAccountTypeIntents.StatementRequestIntentOneForCheckingAccountType()'><b>StatementRequestIntentOneForCheckingAccountType</b><br>Test class: testcases.statementrequest.TC24ViewListOfCurrentAccountsForCurrentAccountTypeIntents</td>
<td></td>
<td>34</td>
<td>testcases.statementrequest.TC24ViewListOfCurrentAccountsForCurrentAccountTypeIntents@319b92f3</td></tr>
<tr>
<td title='testcases.statementrequest.TC25ViewListOfCreditCardAccountsForCreditAccountTypeIntents.StatementRequestIntentOneForCreditAccountType()'><b>StatementRequestIntentOneForCreditAccountType</b><br>Test class: testcases.statementrequest.TC25ViewListOfCreditCardAccountsForCreditAccountTypeIntents</td>
<td></td>
<td>42</td>
<td>testcases.statementrequest.TC25ViewListOfCreditCardAccountsForCreditAccountTypeIntents@fcd6521</td></tr>
<tr>
<td title='testcases.statementrequest.TC18StatementRequestForSavingAccountType.StatementRequestIntentOneForSavingAccountType()'><b>StatementRequestIntentOneForSavingAccountType</b><br>Test class: testcases.statementrequest.TC18StatementRequestForSavingAccountType</td>
<td></td>
<td>39</td>
<td>testcases.statementrequest.TC18StatementRequestForSavingAccountType@727803de</td></tr>
<tr>
<td title='testcases.statementrequest.TC49StatementRequestByMonthSupportedIntentUtterance.StatementRequestIntentThreeByMonth()'><b>StatementRequestIntentThreeByMonth</b><br>Test class: testcases.statementrequest.TC49StatementRequestByMonthSupportedIntentUtterance</td>
<td></td>
<td>39</td>
<td>testcases.statementrequest.TC49StatementRequestByMonthSupportedIntentUtterance@3b94d659</td></tr>
<tr>
<td title='testcases.statementrequest.TC17StatementRequestSupportedIntentsForAccountName.StatementRequestIntentThreeForAccountName()'><b>StatementRequestIntentThreeForAccountName</b><br>Test class: testcases.statementrequest.TC17StatementRequestSupportedIntentsForAccountName</td>
<td></td>
<td>40</td>
<td>testcases.statementrequest.TC17StatementRequestSupportedIntentsForAccountName@2641e737</td></tr>
<tr>
<td title='testcases.statementrequest.TC40StatementRequestForCardNumberEndingSupportedIntents.StatementRequestIntentThreeForAccountName()'><b>StatementRequestIntentThreeForAccountName</b><br>Test class: testcases.statementrequest.TC40StatementRequestForCardNumberEndingSupportedIntents</td>
<td></td>
<td>38</td>
<td>testcases.statementrequest.TC40StatementRequestForCardNumberEndingSupportedIntents@fe18270</td></tr>
<tr>
<td title='testcases.statementrequest.TC35StatementRequestByAccountNumberEndingSupportedIntents.StatementRequestIntentThreeForAccountNumberEnding()'><b>StatementRequestIntentThreeForAccountNumberEnding</b><br>Test class: testcases.statementrequest.TC35StatementRequestByAccountNumberEndingSupportedIntents</td>
<td></td>
<td>38</td>
<td>testcases.statementrequest.TC35StatementRequestByAccountNumberEndingSupportedIntents@7a36aefa</td></tr>
<tr>
<td title='testcases.statementrequest.TC22StatementRequestSupportedIntentsForAccountType.StatementRequestIntentThreeForAccountType()'><b>StatementRequestIntentThreeForAccountType</b><br>Test class: testcases.statementrequest.TC22StatementRequestSupportedIntentsForAccountType</td>
<td></td>
<td>39</td>
<td>testcases.statementrequest.TC22StatementRequestSupportedIntentsForAccountType@16f7c8c1</td></tr>
<tr>
<td title='testcases.statementrequest.TC29StatementRequestForAccountTypeWithAccountNumberSupportedIntent.StatementRequestIntentThreeForAccountTypeWithAccountNumberEnding()'><b>StatementRequestIntentThreeForAccountTypeWithAccountNumberEnding</b><br>Test class: testcases.statementrequest.TC29StatementRequestForAccountTypeWithAccountNumberSupportedIntent</td>
<td></td>
<td>38</td>
<td>testcases.statementrequest.TC29StatementRequestForAccountTypeWithAccountNumberSupportedIntent@5579bb86</td></tr>
<tr>
<td title='testcases.statementrequest.TC18StatementRequestForSavingAccountType.StatementRequestIntentThreeForSavingAccountType()'><b>StatementRequestIntentThreeForSavingAccountType</b><br>Test class: testcases.statementrequest.TC18StatementRequestForSavingAccountType</td>
<td></td>
<td>42</td>
<td>testcases.statementrequest.TC18StatementRequestForSavingAccountType@727803de</td></tr>
<tr>
<td title='testcases.statementrequest.TC49StatementRequestByMonthSupportedIntentUtterance.StatementRequestIntentTwoByMonth()'><b>StatementRequestIntentTwoByMonth</b><br>Test class: testcases.statementrequest.TC49StatementRequestByMonthSupportedIntentUtterance</td>
<td></td>
<td>39</td>
<td>testcases.statementrequest.TC49StatementRequestByMonthSupportedIntentUtterance@3b94d659</td></tr>
<tr>
<td title='testcases.statementrequest.TC17StatementRequestSupportedIntentsForAccountName.StatementRequestIntentTwoForAccountName()'><b>StatementRequestIntentTwoForAccountName</b><br>Test class: testcases.statementrequest.TC17StatementRequestSupportedIntentsForAccountName</td>
<td></td>
<td>38</td>
<td>testcases.statementrequest.TC17StatementRequestSupportedIntentsForAccountName@2641e737</td></tr>
<tr>
<td title='testcases.statementrequest.TC40StatementRequestForCardNumberEndingSupportedIntents.StatementRequestIntentTwoForAccountName()'><b>StatementRequestIntentTwoForAccountName</b><br>Test class: testcases.statementrequest.TC40StatementRequestForCardNumberEndingSupportedIntents</td>
<td></td>
<td>38</td>
<td>testcases.statementrequest.TC40StatementRequestForCardNumberEndingSupportedIntents@fe18270</td></tr>
<tr>
<td title='testcases.statementrequest.TC35StatementRequestByAccountNumberEndingSupportedIntents.StatementRequestIntentTwoForAccountNumberEnding()'><b>StatementRequestIntentTwoForAccountNumberEnding</b><br>Test class: testcases.statementrequest.TC35StatementRequestByAccountNumberEndingSupportedIntents</td>
<td></td>
<td>39</td>
<td>testcases.statementrequest.TC35StatementRequestByAccountNumberEndingSupportedIntents@7a36aefa</td></tr>
<tr>
<td title='testcases.statementrequest.TC22StatementRequestSupportedIntentsForAccountType.StatementRequestIntentTwoForAccountType()'><b>StatementRequestIntentTwoForAccountType</b><br>Test class: testcases.statementrequest.TC22StatementRequestSupportedIntentsForAccountType</td>
<td></td>
<td>39</td>
<td>testcases.statementrequest.TC22StatementRequestSupportedIntentsForAccountType@16f7c8c1</td></tr>
<tr>
<td title='testcases.statementrequest.TC29StatementRequestForAccountTypeWithAccountNumberSupportedIntent.StatementRequestIntentTwoForAccountTypeWithAccountNumberEnding()'><b>StatementRequestIntentTwoForAccountTypeWithAccountNumberEnding</b><br>Test class: testcases.statementrequest.TC29StatementRequestForAccountTypeWithAccountNumberSupportedIntent</td>
<td></td>
<td>39</td>
<td>testcases.statementrequest.TC29StatementRequestForAccountTypeWithAccountNumberSupportedIntent@5579bb86</td></tr>
<tr>
<td title='testcases.statementrequest.TC19StatementRequestForCheckingAccounttType.StatementRequestIntentTwoForCheckingAccountType()'><b>StatementRequestIntentTwoForCheckingAccountType</b><br>Test class: testcases.statementrequest.TC19StatementRequestForCheckingAccounttType</td>
<td></td>
<td>39</td>
<td>testcases.statementrequest.TC19StatementRequestForCheckingAccounttType@704921a5</td></tr>
<tr>
<td title='testcases.statementrequest.TC24ViewListOfCurrentAccountsForCurrentAccountTypeIntents.StatementRequestIntentTwoForCheckingAccountType()'><b>StatementRequestIntentTwoForCheckingAccountType</b><br>Test class: testcases.statementrequest.TC24ViewListOfCurrentAccountsForCurrentAccountTypeIntents</td>
<td></td>
<td>33</td>
<td>testcases.statementrequest.TC24ViewListOfCurrentAccountsForCurrentAccountTypeIntents@319b92f3</td></tr>
<tr>
<td title='testcases.statementrequest.TC25ViewListOfCreditCardAccountsForCreditAccountTypeIntents.StatementRequestIntentTwoForCreditAccountType()'><b>StatementRequestIntentTwoForCreditAccountType</b><br>Test class: testcases.statementrequest.TC25ViewListOfCreditCardAccountsForCreditAccountTypeIntents</td>
<td></td>
<td>42</td>
<td>testcases.statementrequest.TC25ViewListOfCreditCardAccountsForCreditAccountTypeIntents@fcd6521</td></tr>
<tr>
<td title='testcases.statementrequest.TC18StatementRequestForSavingAccountType.StatementRequestIntentTwoForSavingAccountType()'><b>StatementRequestIntentTwoForSavingAccountType</b><br>Test class: testcases.statementrequest.TC18StatementRequestForSavingAccountType</td>
<td></td>
<td>39</td>
<td>testcases.statementrequest.TC18StatementRequestForSavingAccountType@727803de</td></tr>
<tr>
<td title='testcases.statementrequest.TC38StatementRequestOfAccountNumberWhichIsNotAvailable.StatementRequestOfAccountNumberWhichIsNotAvailable()'><b>StatementRequestOfAccountNumberWhichIsNotAvailable</b><br>Test class: testcases.statementrequest.TC38StatementRequestOfAccountNumberWhichIsNotAvailable</td>
<td></td>
<td>38</td>
<td>testcases.statementrequest.TC38StatementRequestOfAccountNumberWhichIsNotAvailable@5fdba6f9</td></tr>
<tr>
<td title='testcases.statementrequest.TC06StatementRequestSelectTheListOfAccounts.StatementRequestSelectPlatinumRewardAccount()'><b>StatementRequestSelectPlatinumRewardAccount</b><br>Test class: testcases.statementrequest.TC06StatementRequestSelectTheListOfAccounts</td>
<td></td>
<td>40</td>
<td>testcases.statementrequest.TC06StatementRequestSelectTheListOfAccounts@149494d8</td></tr>
<tr>
<td title='testcases.statementrequest.TC06StatementRequestSelectTheListOfAccounts.StatementRequestSelectRegularCurrentAccount()'><b>StatementRequestSelectRegularCurrentAccount</b><br>Test class: testcases.statementrequest.TC06StatementRequestSelectTheListOfAccounts</td>
<td></td>
<td>40</td>
<td>testcases.statementrequest.TC06StatementRequestSelectTheListOfAccounts@149494d8</td></tr>
<tr>
<td title='testcases.statementrequest.TC06StatementRequestSelectTheListOfAccounts.StatementRequestSelectSuperValueAccount()'><b>StatementRequestSelectSuperValueAccount</b><br>Test class: testcases.statementrequest.TC06StatementRequestSelectTheListOfAccounts</td>
<td></td>
<td>41</td>
<td>testcases.statementrequest.TC06StatementRequestSelectTheListOfAccounts@149494d8</td></tr>
<tr>
<td title='testcases.statementrequest.TC06StatementRequestSelectTheListOfAccounts.StatementRequestSelectUltimateCardAccount()'><b>StatementRequestSelectUltimateCardAccount</b><br>Test class: testcases.statementrequest.TC06StatementRequestSelectTheListOfAccounts</td>
<td></td>
<td>41</td>
<td>testcases.statementrequest.TC06StatementRequestSelectTheListOfAccounts@149494d8</td></tr>
<tr>
<td title='testcases.statementrequest.TC06StatementRequestSelectTheListOfAccounts.StatementRequestSelectaXcessPlusAccount()'><b>StatementRequestSelectaXcessPlusAccount</b><br>Test class: testcases.statementrequest.TC06StatementRequestSelectTheListOfAccounts</td>
<td></td>
<td>41</td>
<td>testcases.statementrequest.TC06StatementRequestSelectTheListOfAccounts@149494d8</td></tr>
<tr>
<td title='testcases.statementrequest.TC04StatementRequestSupportedIntents.StatementRequestVerifyIntentFive()'><b>StatementRequestVerifyIntentFive</b><br>Test class: testcases.statementrequest.TC04StatementRequestSupportedIntents</td>
<td></td>
<td>35</td>
<td>testcases.statementrequest.TC04StatementRequestSupportedIntents@4d1b0d2a</td></tr>
<tr>
<td title='testcases.statementrequest.TC04StatementRequestSupportedIntents.StatementRequestVerifyIntentFour()'><b>StatementRequestVerifyIntentFour</b><br>Test class: testcases.statementrequest.TC04StatementRequestSupportedIntents</td>
<td></td>
<td>34</td>
<td>testcases.statementrequest.TC04StatementRequestSupportedIntents@4d1b0d2a</td></tr>
<tr>
<td title='testcases.statementrequest.TC04StatementRequestSupportedIntents.StatementRequestVerifyIntentOne()'><b>StatementRequestVerifyIntentOne</b><br>Test class: testcases.statementrequest.TC04StatementRequestSupportedIntents</td>
<td></td>
<td>38</td>
<td>testcases.statementrequest.TC04StatementRequestSupportedIntents@4d1b0d2a</td></tr>
<tr>
<td title='testcases.statementrequest.TC04StatementRequestSupportedIntents.StatementRequestVerifyIntentSix()'><b>StatementRequestVerifyIntentSix</b><br>Test class: testcases.statementrequest.TC04StatementRequestSupportedIntents</td>
<td></td>
<td>33</td>
<td>testcases.statementrequest.TC04StatementRequestSupportedIntents@4d1b0d2a</td></tr>
<tr>
<td title='testcases.statementrequest.TC04StatementRequestSupportedIntents.StatementRequestVerifyIntentThree()'><b>StatementRequestVerifyIntentThree</b><br>Test class: testcases.statementrequest.TC04StatementRequestSupportedIntents</td>
<td></td>
<td>34</td>
<td>testcases.statementrequest.TC04StatementRequestSupportedIntents@4d1b0d2a</td></tr>
<tr>
<td title='testcases.statementrequest.TC04StatementRequestSupportedIntents.StatementRequestVerifyIntentTwo()'><b>StatementRequestVerifyIntentTwo</b><br>Test class: testcases.statementrequest.TC04StatementRequestSupportedIntents</td>
<td></td>
<td>34</td>
<td>testcases.statementrequest.TC04StatementRequestSupportedIntents@4d1b0d2a</td></tr>
<tr>
<td title='testcases.statementrequest.TC05StatementRequestDisplaysListOfAllAccounts.StatementRequestViewAccountUsingIntentFive()'><b>StatementRequestViewAccountUsingIntentFive</b><br>Test class: testcases.statementrequest.TC05StatementRequestDisplaysListOfAllAccounts</td>
<td></td>
<td>54</td>
<td>testcases.statementrequest.TC05StatementRequestDisplaysListOfAllAccounts@954b04f</td></tr>
<tr>
<td title='testcases.statementrequest.TC05StatementRequestDisplaysListOfAllAccounts.StatementRequestViewAccountUsingIntentFour()'><b>StatementRequestViewAccountUsingIntentFour</b><br>Test class: testcases.statementrequest.TC05StatementRequestDisplaysListOfAllAccounts</td>
<td></td>
<td>53</td>
<td>testcases.statementrequest.TC05StatementRequestDisplaysListOfAllAccounts@954b04f</td></tr>
<tr>
<td title='testcases.statementrequest.TC05StatementRequestDisplaysListOfAllAccounts.StatementRequestViewAccountUsingIntentOne()'><b>StatementRequestViewAccountUsingIntentOne</b><br>Test class: testcases.statementrequest.TC05StatementRequestDisplaysListOfAllAccounts</td>
<td></td>
<td>52</td>
<td>testcases.statementrequest.TC05StatementRequestDisplaysListOfAllAccounts@954b04f</td></tr>
<tr>
<td title='testcases.statementrequest.TC05StatementRequestDisplaysListOfAllAccounts.StatementRequestViewAccountUsingIntentSix()'><b>StatementRequestViewAccountUsingIntentSix</b><br>Test class: testcases.statementrequest.TC05StatementRequestDisplaysListOfAllAccounts</td>
<td></td>
<td>52</td>
<td>testcases.statementrequest.TC05StatementRequestDisplaysListOfAllAccounts@954b04f</td></tr>
<tr>
<td title='testcases.statementrequest.TC05StatementRequestDisplaysListOfAllAccounts.StatementRequestViewAccountUsingIntentThree()'><b>StatementRequestViewAccountUsingIntentThree</b><br>Test class: testcases.statementrequest.TC05StatementRequestDisplaysListOfAllAccounts</td>
<td></td>
<td>53</td>
<td>testcases.statementrequest.TC05StatementRequestDisplaysListOfAllAccounts@954b04f</td></tr>
<tr>
<td title='testcases.statementrequest.TC05StatementRequestDisplaysListOfAllAccounts.StatementRequestViewAccountUsingIntentTwo()'><b>StatementRequestViewAccountUsingIntentTwo</b><br>Test class: testcases.statementrequest.TC05StatementRequestDisplaysListOfAllAccounts</td>
<td></td>
<td>54</td>
<td>testcases.statementrequest.TC05StatementRequestDisplaysListOfAllAccounts@954b04f</td></tr>
<tr>
<td title='testcases.statementrequest.TC07StatementRequestforOnlyLast6Months.SuperValueAccountStatementForLast6Months()'><b>SuperValueAccountStatementForLast6Months</b><br>Test class: testcases.statementrequest.TC07StatementRequestforOnlyLast6Months</td>
<td></td>
<td>40</td>
<td>testcases.statementrequest.TC07StatementRequestforOnlyLast6Months@710726a3</td></tr>
<tr>
<td title='testcases.statementrequest.TC07StatementRequestforOnlyLast6Months.UltimateCardAccountStatementForLast6Months()'><b>UltimateCardAccountStatementForLast6Months</b><br>Test class: testcases.statementrequest.TC07StatementRequestforOnlyLast6Months</td>
<td></td>
<td>40</td>
<td>testcases.statementrequest.TC07StatementRequestforOnlyLast6Months@710726a3</td></tr>
<tr>
<td title='testcases.statementrequest.TC15VerifyAnythingElseStatementInDownloadResponse.VerifyAnythingElseStatementInDownloadResponseForPlatinumRewardsAccount()'><b>VerifyAnythingElseStatementInDownloadResponseForPlatinumRewardsAccount</b><br>Test class: testcases.statementrequest.TC15VerifyAnythingElseStatementInDownloadResponse</td>
<td></td>
<td>52</td>
<td>testcases.statementrequest.TC15VerifyAnythingElseStatementInDownloadResponse@548ad73b</td></tr>
<tr>
<td title='testcases.statementrequest.TC15VerifyAnythingElseStatementInDownloadResponse.VerifyAnythingElseStatementInDownloadResponseForRegularCurrentAccount()'><b>VerifyAnythingElseStatementInDownloadResponseForRegularCurrentAccount</b><br>Test class: testcases.statementrequest.TC15VerifyAnythingElseStatementInDownloadResponse</td>
<td></td>
<td>51</td>
<td>testcases.statementrequest.TC15VerifyAnythingElseStatementInDownloadResponse@548ad73b</td></tr>
<tr>
<td title='testcases.statementrequest.TC15VerifyAnythingElseStatementInDownloadResponse.VerifyAnythingElseStatementInDownloadResponseForSuperValueAccount()'><b>VerifyAnythingElseStatementInDownloadResponseForSuperValueAccount</b><br>Test class: testcases.statementrequest.TC15VerifyAnythingElseStatementInDownloadResponse</td>
<td></td>
<td>50</td>
<td>testcases.statementrequest.TC15VerifyAnythingElseStatementInDownloadResponse@548ad73b</td></tr>
<tr>
<td title='testcases.statementrequest.TC15VerifyAnythingElseStatementInDownloadResponse.VerifyAnythingElseStatementInDownloadResponseForUltimateAccount()'><b>VerifyAnythingElseStatementInDownloadResponseForUltimateAccount</b><br>Test class: testcases.statementrequest.TC15VerifyAnythingElseStatementInDownloadResponse</td>
<td></td>
<td>52</td>
<td>testcases.statementrequest.TC15VerifyAnythingElseStatementInDownloadResponse@548ad73b</td></tr>
<tr>
<td title='testcases.statementrequest.TC15VerifyAnythingElseStatementInDownloadResponse.VerifyAnythingElseStatementInDownloadResponseForaXcessPlusAccount()'><b>VerifyAnythingElseStatementInDownloadResponseForaXcessPlusAccount</b><br>Test class: testcases.statementrequest.TC15VerifyAnythingElseStatementInDownloadResponse</td>
<td></td>
<td>50</td>
<td>testcases.statementrequest.TC15VerifyAnythingElseStatementInDownloadResponse@548ad73b</td></tr>
<tr>
<td title='testcases.statementrequest.TC16VerifyNoAccountAvailableResponseForAccountSelection.VerifyNoAccountAvailableForAccountSelectionThree()'><b>VerifyNoAccountAvailableForAccountSelectionThree</b><br>Test class: testcases.statementrequest.TC16VerifyNoAccountAvailableResponseForAccountSelection</td>
<td></td>
<td>37</td>
<td>testcases.statementrequest.TC16VerifyNoAccountAvailableResponseForAccountSelection@4c762604</td></tr>
<tr>
<td title='testcases.statementrequest.TC16VerifyNoAccountAvailableResponseForAccountSelection.VerifyNoAccountAvailableForAccountSelectionTwo()'><b>VerifyNoAccountAvailableForAccountSelectionTwo</b><br>Test class: testcases.statementrequest.TC16VerifyNoAccountAvailableResponseForAccountSelection</td>
<td></td>
<td>38</td>
<td>testcases.statementrequest.TC16VerifyNoAccountAvailableResponseForAccountSelection@4c762604</td></tr>
<tr>
<td title='testcases.statementrequest.TC28VerifyNoAccountAvailableResponseForUsersNotHavingCurrentAccount.VerifyNoAccountAvailableForNoCurrentAccountUser()'><b>VerifyNoAccountAvailableForNoCurrentAccountUser</b><br>Test class: testcases.statementrequest.TC28VerifyNoAccountAvailableResponseForUsersNotHavingCurrentAccount</td>
<td></td>
<td>36</td>
<td>testcases.statementrequest.TC28VerifyNoAccountAvailableResponseForUsersNotHavingCurrentAccount@31f924f5</td></tr>
<tr>
<td title='testcases.statementrequest.TC26VerifyNoAccountAvailableResponseForUsersNotHavingSavingsAccount.VerifyNoAccountAvailableForNoSavingsAccountUser()'><b>VerifyNoAccountAvailableForNoSavingsAccountUser</b><br>Test class: testcases.statementrequest.TC26VerifyNoAccountAvailableResponseForUsersNotHavingSavingsAccount</td>
<td></td>
<td>37</td>
<td>testcases.statementrequest.TC26VerifyNoAccountAvailableResponseForUsersNotHavingSavingsAccount@27d415d9</td></tr>
<tr>
<td title='testcases.statementrequest.TC14Verify2InvalidAttemptsForWrongMonth.VerifyResponseFor2InvalidMonth()'><b>VerifyResponseFor2InvalidMonth</b><br>Test class: testcases.statementrequest.TC14Verify2InvalidAttemptsForWrongMonth</td>
<td></td>
<td>72</td>
<td>testcases.statementrequest.TC14Verify2InvalidAttemptsForWrongMonth@77846d2c</td></tr>
<tr>
<td title='testcases.statementrequest.TC23ViewListOfSavingsAccountForSavingsAccountTypeIntents.ViewSavingsAccountForSavingAccountTypeIntentOne()'><b>ViewSavingsAccountForSavingAccountTypeIntentOne</b><br>Test class: testcases.statementrequest.TC23ViewListOfSavingsAccountForSavingsAccountTypeIntents</td>
<td></td>
<td>41</td>
<td>testcases.statementrequest.TC23ViewListOfSavingsAccountForSavingsAccountTypeIntents@2f0a87b3</td></tr>
<tr>
<td title='testcases.statementrequest.TC23ViewListOfSavingsAccountForSavingsAccountTypeIntents.ViewSavingsAccountForSavingAccountTypeIntentTwo()'><b>ViewSavingsAccountForSavingAccountTypeIntentTwo</b><br>Test class: testcases.statementrequest.TC23ViewListOfSavingsAccountForSavingsAccountTypeIntents</td>
<td></td>
<td>42</td>
<td>testcases.statementrequest.TC23ViewListOfSavingsAccountForSavingsAccountTypeIntents@2f0a87b3</td></tr>
<tr>
<td title='testcases.statementrequest.TC07StatementRequestforOnlyLast6Months.aXcessPlusAccountStatementForLast6Months()'><b>aXcessPlusAccountStatementForLast6Months</b><br>Test class: testcases.statementrequest.TC07StatementRequestforOnlyLast6Months</td>
<td></td>
<td>41</td>
<td>testcases.statementrequest.TC07StatementRequestforOnlyLast6Months@710726a3</td></tr>
<tr>
<td title='testcases.statementrequest.TC10DownloadStatementForTheSelectedMonth.downloadStatementForPlatinumRewardsAccount()'><b>downloadStatementForPlatinumRewardsAccount</b><br>Test class: testcases.statementrequest.TC10DownloadStatementForTheSelectedMonth</td>
<td></td>
<td>49</td>
<td>testcases.statementrequest.TC10DownloadStatementForTheSelectedMonth@78186a70</td></tr>
<tr>
<td title='testcases.statementrequest.TC10DownloadStatementForTheSelectedMonth.downloadStatementForRegularCurrentAccount()'><b>downloadStatementForRegularCurrentAccount</b><br>Test class: testcases.statementrequest.TC10DownloadStatementForTheSelectedMonth</td>
<td></td>
<td>50</td>
<td>testcases.statementrequest.TC10DownloadStatementForTheSelectedMonth@78186a70</td></tr>
<tr>
<td title='testcases.statementrequest.TC10DownloadStatementForTheSelectedMonth.downloadStatementForSuperValueAccount()'><b>downloadStatementForSuperValueAccount</b><br>Test class: testcases.statementrequest.TC10DownloadStatementForTheSelectedMonth</td>
<td></td>
<td>49</td>
<td>testcases.statementrequest.TC10DownloadStatementForTheSelectedMonth@78186a70</td></tr>
<tr>
<td title='testcases.statementrequest.TC10DownloadStatementForTheSelectedMonth.downloadStatementForUltimateCardAccount()'><b>downloadStatementForUltimateCardAccount</b><br>Test class: testcases.statementrequest.TC10DownloadStatementForTheSelectedMonth</td>
<td></td>
<td>49</td>
<td>testcases.statementrequest.TC10DownloadStatementForTheSelectedMonth@78186a70</td></tr>
<tr>
<td title='testcases.statementrequest.TC10DownloadStatementForTheSelectedMonth.downloadStatementForXcessPlusAccount()'><b>downloadStatementForXcessPlusAccount</b><br>Test class: testcases.statementrequest.TC10DownloadStatementForTheSelectedMonth</td>
<td></td>
<td>49</td>
<td>testcases.statementrequest.TC10DownloadStatementForTheSelectedMonth@78186a70</td></tr>
<tr>
<td title='testcases.statementrequest.TC09ViewTheStatementDownloadResponseForTheMonth.viewDownloadTextForPlatinumRewardsAccount()'><b>viewDownloadTextForPlatinumRewardsAccount</b><br>Test class: testcases.statementrequest.TC09ViewTheStatementDownloadResponseForTheMonth</td>
<td></td>
<td>46</td>
<td>testcases.statementrequest.TC09ViewTheStatementDownloadResponseForTheMonth@481a15ff</td></tr>
<tr>
<td title='testcases.statementrequest.TC09ViewTheStatementDownloadResponseForTheMonth.viewDownloadTextForRegularCurrentAccount()'><b>viewDownloadTextForRegularCurrentAccount</b><br>Test class: testcases.statementrequest.TC09ViewTheStatementDownloadResponseForTheMonth</td>
<td></td>
<td>46</td>
<td>testcases.statementrequest.TC09ViewTheStatementDownloadResponseForTheMonth@481a15ff</td></tr>
<tr>
<td title='testcases.statementrequest.TC09ViewTheStatementDownloadResponseForTheMonth.viewDownloadTextForSuperValueAccount()'><b>viewDownloadTextForSuperValueAccount</b><br>Test class: testcases.statementrequest.TC09ViewTheStatementDownloadResponseForTheMonth</td>
<td></td>
<td>48</td>
<td>testcases.statementrequest.TC09ViewTheStatementDownloadResponseForTheMonth@481a15ff</td></tr>
<tr>
<td title='testcases.statementrequest.TC09ViewTheStatementDownloadResponseForTheMonth.viewDownloadTextForUltimateCardAccount()'><b>viewDownloadTextForUltimateCardAccount</b><br>Test class: testcases.statementrequest.TC09ViewTheStatementDownloadResponseForTheMonth</td>
<td></td>
<td>46</td>
<td>testcases.statementrequest.TC09ViewTheStatementDownloadResponseForTheMonth@481a15ff</td></tr>
<tr>
<td title='testcases.statementrequest.TC09ViewTheStatementDownloadResponseForTheMonth.viewDownloadTextForaXcessPlusAccount()'><b>viewDownloadTextForaXcessPlusAccount</b><br>Test class: testcases.statementrequest.TC09ViewTheStatementDownloadResponseForTheMonth</td>
<td></td>
<td>47</td>
<td>testcases.statementrequest.TC09ViewTheStatementDownloadResponseForTheMonth@481a15ff</td></tr>
</table><p>
</body>
</html>