<?xml version="1.0" encoding="UTF-8"?>
<!-- Generated by org.testng.reporters.JUnitXMLReporter -->
<testsuite hostname="vairamuthu" ignored="0" name="Test19" tests="2" failures="1" timestamp="20 Feb 2019 11:05:03 GMT" time="146.938" errors="0">
  <testcase name="DBP16042" time="97.763" classname="testcases.DBP16042andDBP16044"/>
  <testcase name="DBP16044" time="39.499" classname="testcases.DBP16042andDBP16044">
    <failure type="java.lang.RuntimeException" message="FAILED">
      <![CDATA[java.lang.RuntimeException: FAILED
at utils.Reporter.reportStep(Reporter.java:29)
at wrappers.GenericWrappers.clickWrapper(GenericWrappers.java:361)
at wrappers.GenericWrappers.clickByXpath(GenericWrappers.java:733)
at pages.OrganizationPage.btnApprove(OrganizationPage.java:601)
at testcases.DBP16042andDBP16044.DBP16044(DBP16042andDBP16044.java:80)
... Removed 25 stack frames]]>
    </failure>
  </testcase> <!-- DBP16044 -->
</testsuite> <!-- Test19 -->
