<?xml version="1.0" encoding="UTF-8"?>
<!-- Generated by org.testng.reporters.JUnitXMLReporter -->
<testsuite hostname="vairamuthu" ignored="0" name="Test20" tests="2" failures="1" timestamp="20 Feb 2019 11:07:30 GMT" time="147.515" errors="0">
  <testcase name="DBP16045Maker" time="98.471" classname="testcases.DBP16045"/>
  <testcase name="DBP16045CheckerApproval" time="38.939" classname="testcases.DBP16045">
    <failure type="java.lang.RuntimeException" message="FAILED">
      <![CDATA[java.lang.RuntimeException: FAILED
at utils.Reporter.reportStep(Reporter.java:29)
at wrappers.GenericWrappers.clickWrapper(GenericWrappers.java:361)
at wrappers.GenericWrappers.clickByXpath(GenericWrappers.java:733)
at pages.OrganizationPage.btnApprove(OrganizationPage.java:601)
at testcases.DBP16045.DBP16045CheckerApproval(DBP16045.java:80)
... Removed 25 stack frames]]>
    </failure>
  </testcase> <!-- DBP16045CheckerApproval -->
</testsuite> <!-- Test20 -->
